12-01T15:44:19.995-0500",,"fe80::766c:53d1:4937:4cff
::ffff:10.6.6.5",2,,,,,20,1,44,december,19,sunday,2024,0,,,,,,,"wrk-colby.Ecorp.local",,"WRK-COLBY",240588,"endpoint_services_processes ms-sysmon-dns windows_event_signature",,,,,,,,"WRK-COLBY",,,240588,main,1,,,,,,,,,,,,,,,,,,,"mmc.exe","{fc7e85d2-c967-674c-c0da-000000002400}",,,,"mmc.exe",,,,"<_='://../////'><><_='--'_='{----}'/><></><></><><","WRK-COLBY",1,,,,,,,,,0,,,,,,,,,,informational,4,"DNSEvent (DNS query)",22,"XmlWinEventLog:Microsoft-Windows-Sysmon/Operational",XmlWinEventLog,"wrk-colby",,"wrk-colby.Ecorp.local",,,,,,,,,,"dns
network
resolution
track_event_signatures",,"dns
network
resolution
track_event_signatures",667,644,,,,,,,tcolby,,"'S-1-5-18'",,"Microsoft Sysmon"
,,,"Microsoft-Windows-Sysmon/Operational",,,"Microsoft Corporation","wrk-colby.Ecorp.local",,,,"Task Scheduler COM API",,,,,,,,"Microsoft-Windows-Sysmon/Operational",7,"<Data Name='RuleName'>technique_id=T1053,technique_name=Scheduled Task</Data><Data Name='UtcTime'>2024-12-01 20:42:26.494</Data><Data Name='ProcessGuid'>{fc7e85d2-ca30-674c-fddc-000000002400}</Data><Data Name='ProcessId'>7552</Data><Data Name='Image'>C:\Program Files (x86)\Microsoft\EdgeUpdate\MicrosoftEdgeUpdate.exe</Data><Data Name='ImageLoaded'>C:\Windows\SysWOW64\taskschd.dll</Data><Data Name='FileVersion'>10.0.19041.3636 (WinBuild.160101.0800)</Data><Data Name='Description'>Task Scheduler COM API</Data><Data Name='Product'>Microsoft® Windows® Operating System</Data><Data Name='Company'>Microsoft Corporation</Data><Data Name='OriginalFileName'>taskschd.dll</Data><Data Name='Hashes'>SHA1=C94CEC3A6F102EF38EB1D913D61A03B2100983FE,MD5=FF11E73B7D8A3A0822E95DD68DA10B13,SHA256=0F15534DC00A65E980CAA2E11F5D5251518D528F2F28165E9881B598BF64BDD1,IMPHASH=59BF7D0FAD0B5B7F706EA9250167BD5B</Data><Data Name='Signed'>true</Data><Data Name='Signature'>Microsoft Windows</Data><Data Name='SignatureStatus'>Valid</Data><Data Name='User'>NT AUTHORITY\SYSTEM</Data>","Image loaded",7,240587,,"10.0.19041.3636 (WinBuild.160101.0800)",,,"'{5770385f-c22a-43e0-bf4c-06f5698ffbd9}'","SHA1=C94CEC3A6F102EF38EB1D913D61A03B2100983FE,MD5=FF11E73B7D8A3A0822E95DD68DA10B13,SHA256=0F15534DC00A65E980CAA2E11F5D5251518D528F2F28165E9881B598BF64BDD1,IMPHASH=59BF7D0FAD0B5B7F706EA9250167BD5B",59BF7D0FAD0B5B7F706EA9250167BD5B,"C:\Program Files (x86)\Microsoft\EdgeUpdate\MicrosoftEdgeUpdate.exe","C:\Windows\SysWOW64\taskschd.dll",,,,,0x8000000000000000,4,,,FF11E73B7D8A3A0822E95DD68DA10B13,"'Microsoft-Windows-Sysmon'",0,"taskschd.dll",,,,,,,"{fc7e85d2-ca30-674c-fddc-000000002400}","'3144'",7552,"Microsoft® Windows® Operating System",,,,,240587,240587,,"technique_id=T1053,technique_name=Scheduled Task",C94CEC3A6F102EF38EB1D913D61A03B2100983FE,0F15534DC00A65E980CAA2E11F5D5251518D528F2F28165E9881B598BF64BDD1,"S-1-5-18","Microsoft Windows",Valid,true,,,,,,,,,,,,"'2024-12-01T20:42:26.5007418Z'","<Provider Name='Microsoft-Windows-Sysmon' Guid='{5770385f-c22a-43e0-bf4c-06f5698ffbd9}'/><EventID>7</EventID><Version>3</Version><Level>4</Level><Task>7</Task><Opcode>0</Opcode><Keywords>0x8000000000000000</Keywords><TimeCreated SystemTime='2024-12-01T20:42:26.5007418Z'/><EventRecordID>240587</EventRecordID><Correlation/><Execution ProcessID='3144' ThreadID='4460'/><Channel>Microsoft-Windows-Sysmon/Operational</Channel><Computer>wrk-colby.Ecorp.local</Computer><Security UserID='S-1-5-18'/>",,,,,,,7,,"'4460'","2024-12-01T20:42:26.5007418Z","NT AUTHORITY\SYSTEM","'S-1-5-18'","2024-12-01 20:42:26.494",3,"<Event xmlns='http://schemas.microsoft.com/win/2004/08/events/event'><System><Provider Name='Microsoft-Windows-Sysmon' Guid='{5770385f-c22a-43e0-bf4c-06f5698ffbd9}'/><EventID>7</EventID><Version>3</Version><Level>4</Level><Task>7</Task><Opcode>0</Opcode><Keywords>0x8000000000000000</Keywords><TimeCreated SystemTime='2024-12-01T20:42:26.5007418Z'/><EventRecordID>240587</EventRecordID><Correlation/><Execution ProcessID='3144' ThreadID='4460'/><Channel>Microsoft-Windows-Sysmon/Operational</Channel><Computer>wrk-colby.Ecorp.local</Computer><Security UserID='S-1-5-18'/></System><EventData><Data Name='RuleName'>technique_id=T1053,technique_name=Scheduled Task</Data><Data Name='UtcTime'>2024-12-01 20:42:26.494</Data><Data Name='ProcessGuid'>{fc7e85d2-ca30-674c-fddc-000000002400}</Data><Data Name='ProcessId'>7552</Data><Data Name='Image'>C:\Program Files (x86)\Microsoft\EdgeUpdate\MicrosoftEdgeUpdate.exe</Data><Data Name='ImageLoaded'>C:\Windows\SysWOW64\taskschd.dll</Data><Data Name='FileVersion'>10.0.19041.3636 (WinBuild.160101.0800)</Data><Data Name='Description'>Task Scheduler COM API</Data><Data Name='Product'>Microsoft® Windows® Operating System</Data><Data Name='Company'>Microsoft Corporation</Data><Data Name='OriginalFileName'>taskschd.dll</Data><Data Name='Hashes'>SHA1=C94CEC3A6F102EF38EB1D913D61A03B2100983FE,MD5=FF11E73B7D8A3A0822E95DD68DA10B13,SHA256=0F15534DC00A65E980CAA2E11F5D5251518D528F2F28165E9881B598BF64BDD1,IMPHASH=59BF7D0FAD0B5B7F706EA9250167BD5B</Data><Data Name='Signed'>true</Data><Data Name='Signature'>Microsoft Windows</Data><Data Name='SignatureStatus'>Valid</Data><Data Name='User'>NT AUTHORITY\SYSTEM</Data></EventData></Event>","2024-12-01T15:42:26.494-0500",success,,,,,,,20,1,42,december,26,sunday,2024,0,,"wrk-colby.Ecorp.local",,,,,"wrk-colby.Ecorp.local",,"WRK-COLBY",240587,"endpoint_services_processes ms-sysmon-process windows_event_signature",,,,,,,,"WRK-COLBY",,,240587,main,1,"taskschd.dll","C:\Windows\SysWOW64\taskschd.dll",,,,,,"taskschd.dll","Microsoft Windows",,,,,,,,,,"MicrosoftEdgeUpdate.exe","{fc7e85d2-ca30-674c-fddc-000000002400}","SHA1=C94CEC3A6F102EF38EB1D913D61A03B2100983FE,MD5=FF11E73B7D8A3A0822E95DD68DA10B13,SHA256=0F15534DC00A65E980CAA2E11F5D5251518D528F2F28165E9881B598BF64BDD1,IMPHASH=59BF7D0FAD0B5B7F706EA9250167BD5B",7552,,"MicrosoftEdgeUpdate.exe","C:\Program Files (x86)\Microsoft\EdgeUpdate\MicrosoftEdgeUpdate.exe",,,"<_='://../////'><><_='--'_='{----}'/><></><></><><",,,,,,,,,,,,,,,true,true,,,,,informational,4,"Image loaded",7,"XmlWinEventLog:Microsoft-Windows-Sysmon/Operational",XmlWinEventLog,"wrk-colby",,,,,,,,,,,,"process
report
track_event_signatures",,"process
report
track_event_signatures",712,689,,,,,,,SYSTEM,,"'S-1-5-18'",,"Microsoft Sysmon"
,,,"Microsoft-Windows-Sysmon/Operational",,,,"wrk-colby.Ecorp.local",,,,,,,,,,,,"Microsoft-Windows-Sysmon/Operational",22,"<Data Name='RuleName'>-</Data><Data Name='UtcTime'>2024-12-01 20:39:27.680</Data><Data Name='ProcessGuid'>{fc7e85d2-c967-674c-c0da-000000002400}</Data><Data Name='ProcessId'>8388</Data><Data Name='QueryName'>WRK-COLBY</Data><Data Name='QueryStatus'>0</Data><Data Name='QueryResults'>fe80::766c:53d1:4937:4cff;::ffff:10.6.6.5;</Data><Data Name='Image'>C:\Windows\System32\mmc.exe</Data><Data Name='User'>ECORP\tcolby</Data>","DNSEvent (DNS query)",22,240586,,,,,"'{5770385f-c22a-43e0-bf4c-06f5698ffbd9}'",,,"C:\Windows\System32\mmc.exe",,,,,,0x8000000000000000,4,,,,"'Microsoft-Windows-Sysmon'",0,,,,,,,,"{fc7e85d2-c967-674c-c0da-000000002400}","'3144'",8388,,,"WRK-COLBY","fe80::766c:53d1:4937:4cff;::ffff:10.6.6.5;",0,240586,240586,,"-",,,"S-1-5-18",,,,,,,,,,,,,,,"'2024-12-01T20:39:29.5319703Z'","<Provider Name='Microsoft-Windows-Sysmon' Guid='{5770385f-c22a-43e0-bf4c-06f5698ffbd9}'/><EventID>22</EventID><Version>5</Version><Level>4</Level><Task>22</Task><Opcode>0</Opcode><Keywords>0x8000000000000000</Keywords><TimeCreated SystemTime='2024-12-01T20:39:29.5319703Z'/><EventRecordID>240586</EventRecordID><Correlation/><Execution ProcessID='3144' ThreadID='4476'/><Channel>Microsoft-Windows-Sysmon/Operational</Channel><Computer>wrk-colby.Ecorp.local</Computer><Security UserID='S-1-5-18'/>",,,,,,,22,,"'4476'","2024-12-01T20:39:29.5319703Z","ECORP\tcolby","'S-1-5-18'","2024-12-01 20:39:27.680",5,"<Event xmlns='http://schemas.microsoft.com/win/2004/08/events/event'><System><Provider Name='Microsoft-Windows-Sysmon' Guid='{5770385f-c22a-43e0-bf4c-06f5698ffbd9}'/><EventID>22</EventID><Version>5</Version><Level>4</Level><Task>22</Task><Opcode>0</Opcode><Keywords>0x8000000000000000</Keywords><TimeCreated SystemTime='2024-12-01T20:39:29.5319703Z'/><EventRecordID>240586</EventRecordID><Correlation/><Execution ProcessID='3144' ThreadID='4476'/><Channel>Microsoft-Windows-Sysmon/Operational</Channel><Computer>wrk-colby.Ecorp.local</Computer><Security UserID='S-1-5-18'/></System><EventData><Data Name='RuleName'>-</Data><Data Name='UtcTime'>2024-12-01 20:39:27.680</Data><Data Name='ProcessGuid'>{fc7e85d2-c967-674c-c0da-000000002400}</Data><Data Name='ProcessId'>8388</Data><Data Name='QueryName'>WRK-COLBY</Data><Data Name='QueryStatus'>0</Data><Data Name='QueryResults'>fe80::766c:53d1:4937:4cff;::ffff:10.6.6.5;</Data><Data Name='Image'>C:\Windows\System32\mmc.exe</Data><Data Name='User'>ECORP\tcolby</Data></EventData></Event>","2024-12-01T15:39:27.680-0500",,"fe80::766c:53d1:4937:4cff
::ffff:10.6.6.5",2,,,,,20,1,39,december,27,sunday,2024,0,,,,,,,"wrk-colby.Ecorp.local",,"WRK-COLBY",240586,"endpoint_services_processes ms-sysmon-dns windows_event_signature",,,,,,,,"WRK-COLBY",,,240586,main,1,,,,,,,,,,,,,,,,,,,"mmc.exe","{fc7e85d2-c967-674c-c0da-000000002400}",,,,"mmc.exe",,,,"<_='://../////'><><_='--'_='{----}'/><></><></><><","WRK-COLBY",1,,,,,,,,,0,,,,,,,,,,informational,4,"DNSEvent (DNS query)",22,"XmlWinEventLog:Microsoft-Windows-Sysmon/Operational",XmlWinEventLog,"wrk-colby",,"wrk-colby.Ecorp.local",,,,,,,,,,"dns
network
resolution
track_event_signatures",,"dns
network
resolution
track_event_signatures",667,644,,,,,,,tcolby,,"'S-1-5-18'",,"Microsoft Sysmon"
,,,"Microsoft-Windows-Sysmon/Operational",,,,"wrk-colby.Ecorp.local",,,,,,,,,,,,"Microsoft-Windows-Sysmon/Operational",22,"<Data Name='RuleName'>-</Data><Data Name='UtcTime'>2024-12-01 20:39:27.664</Data><Data Name='ProcessGuid'>{fc7e85d2-c967-674c-c0da-000000002400}</Data><Data Name='ProcessId'>8388</Data><Data Name='QueryName'>Ecorp-DC.Ecorp.local</Data><Data Name='QueryStatus'>0</Data><Data Name='QueryResults'>::ffff:10.6.6.3;</Data><Data Name='Image'>C:\Windows\System32\mmc.exe</Data><Data Name='User'>ECORP\tcolby</Data>","DNSEvent (DNS query)",22,240583,,,,,"'{5770385f-c22a-43e0-bf4c-06f5698ffbd9}'",,,"C:\Windows\System32\mmc.exe",,,,,,0x8000000000000000,4,,,,"'Microsoft-Windows-Sysmon'",0,,,,,,,,"{fc7e85d2-c967-674c-c0da-000000002400}","'3144'",8388,,,"Ecorp-DC.Ecorp.local","::ffff:10.6.6.3;",0,240583,240583,,"-",,,"S-1-5-18",,,,,,,,,,,,,,,"'2024-12-01T20:39:28.5330925Z'","<Provider Name='Microsoft-Windows-Sysmon' Guid='{5770385f-c22a-43e0-bf4c-06f5698ffbd9}'/><EventID>22</EventID><Version>5</Version><Level>4</Level><Task>22</Task><Opcode>0</Opcode><Keywords>0x8000000000000000</Keywords><TimeCreated SystemTime='2024-12-01T20:39:28.5330925Z'/><EventRecordID>240583</EventRecordID><Correlation/><Execution ProcessID='3144' ThreadID='4476'/><Channel>Microsoft-Windows-Sysmon/Operational</Channel><Computer>wrk-colby.Ecorp.local</Computer><Security UserID='S-1-5-18'/>",,,,,,,22,,"'4476'","2024-12-01T20:39:28.5330925Z","ECORP\tcolby","'S-1-5-18'","2024-12-01 20:39:27.664",5,"<Event xmlns='http://schemas.microsoft.com/win/2004/08/events/event'><System><Provider Name='Microsoft-Windows-Sysmon' Guid='{5770385f-c22a-43e0-bf4c-06f5698ffbd9}'/><EventID>22</EventID><Version>5</Version><Level>4</Level><Task>22</Task><Opcode>0</Opcode><Keywords>0x8000000000000000</Keywords><TimeCreated SystemTime='2024-12-01T20:39:28.5330925Z'/><EventRecordID>240583</EventRecordID><Correlation/><Execution ProcessID='3144' ThreadID='4476'/><Channel>Microsoft-Windows-Sysmon/Operational</Channel><Computer>wrk-colby.Ecorp.local</Computer><Security UserID='S-1-5-18'/></System><EventData><Data Name='RuleName'>-</Data><Data Name='UtcTime'>2024-12-01 20:39:27.664</Data><Data Name='ProcessGuid'>{fc7e85d2-c967-674c-c0da-000000002400}</Data><Data Name='ProcessId'>8388</Data><Data Name='QueryName'>Ecorp-DC.Ecorp.local</Data><Data Name='QueryStatus'>0</Data><Data Name='QueryResults'>::ffff:10.6.6.3;</Data><Data Name='Image'>C:\Windows\System32\mmc.exe</Data><Data Name='User'>ECORP\tcolby</Data></EventData></Event>","2024-12-01T15:39:27.664-0500",,"::ffff:10.6.6.3",1,,,,,20,1,39,december,27,sunday,2024,0,,,,,,,"wrk-colby.Ecorp.local",,"WRK-COLBY",240583,"endpoint_services_processes ms-sysmon-dns windows_event_signature",,,,,,,,"WRK-COLBY",,,240583,main,1,,,,,,,,,,,,,,,,,,,"mmc.exe","{fc7e85d2-c967-674c-c0da-000000002400}",,,,"mmc.exe",,,,"<_='://../////'><><_='--'_='{----}'/><></><></><><","Ecorp-DC.Ecorp.local",1,,,,,,,,,0,,,,,,,,,,informational,4,"DNSEvent (DNS query)",22,"XmlWinEventLog:Microsoft-Windows-Sysmon/Operational",XmlWinEventLog,"wrk-colby",,"wrk-colby.Ecorp.local",,,,,,,,,,"dns
network
resolution
track_event_signatures",,"dns
network
resolution
track_event_signatures",667,644,,,,,,,tcolby,,"'S-1-5-18'",,"Microsoft Sysmon"
,,,"Microsoft-Windows-Sysmon/Operational",,,,"wrk-colby.Ecorp.local",,,,,,,,,,,,"Microsoft-Windows-Sysmon/Operational",22,"<Data Name='RuleName'>-</Data><Data Name='UtcTime'>2024-12-01 20:39:27.562</Data><Data Name='ProcessGuid'>{fc7e85d2-7d4f-674c-0c00-000000002400}</Data><Data Name='ProcessId'>660</Data><Data Name='QueryName'>_ldap._tcp.Default-First-Site-Name._sites.gc._msdcs.Ecorp.local.</Data><Data Name='QueryStatus'>0</Data><Data Name='QueryResults'>type:  33 ecorp-dc.ecorp.local;10.6.6.3;</Data><Data Name='Image'>C:\Windows\System32\lsass.exe</Data><Data Name='User'>NT AUTHORITY\SYSTEM</Data>","DNSEvent (DNS query)",22,240582,,,,,"'{5770385f-c22a-43e0-bf4c-06f5698ffbd9}'",,,"C:\Windows\System32\lsass.exe",,,,,,0x8000000000000000,4,,,,"'Microsoft-Windows-Sysmon'",0,,,,,,,,"{fc7e85d2-7d4f-674c-0c00-000000002400}","'3144'",660,,,"_ldap._tcp.Default-First-Site-Name._sites.gc._msdcs.Ecorp.local.","type:  33 ecorp-dc.ecorp.local;10.6.6.3;",0,240582,240582,,"-",,,"S-1-5-18",,,,,,,,,,,,,,,"'2024-12-01T20:39:28.5330707Z'","<Provider Name='Microsoft-Windows-Sysmon' Guid='{5770385f-c22a-43e0-bf4c-06f5698ffbd9}'/><EventID>22</EventID><Version>5</Version><Level>4</Level><Task>22</Task><Opcode>0</Opcode><Keywords>0x8000000000000000</Keywords><TimeCreated SystemTime='2024-12-01T20:39:28.5330707Z'/><EventRecordID>240582</EventRecordID><Correlation/><Execution ProcessID='3144' ThreadID='4476'/><Channel>Microsoft-Windows-Sysmon/Operational</Channel><Computer>wrk-colby.Ecorp.local</Computer><Security UserID='S-1-5-18'/>",,,,,,,22,,"'4476'","2024-12-01T20:39:28.5330707Z","NT AUTHORITY\SYSTEM","'S-1-5-18'","2024-12-01 20:39:27.562",5,"<Event xmlns='http://schemas.microsoft.com/win/2004/08/events/event'><System><Provider Name='Microsoft-Windows-Sysmon' Guid='{5770385f-c22a-43e0-bf4c-06f5698ffbd9}'/><EventID>22</EventID><Version>5</Version><Level>4</Level><Task>22</Task><Opcode>0</Opcode><Keywords>0x8000000000000000</Keywords><TimeCreated SystemTime='2024-12-01T20:39:28.5330707Z'/><EventRecordID>240582</EventRecordID><Correlation/><Execution ProcessID='3144' ThreadID='4476'/><Channel>Microsoft-Windows-Sysmon/Operational</Channel><Computer>wrk-colby.Ecorp.local</Computer><Security UserID='S-1-5-18'/></System><EventData><Data Name='RuleName'>-</Data><Data Name='UtcTime'>2024-12-01 20:39:27.562</Data><Data Name='ProcessGuid'>{fc7e85d2-7d4f-674c-0c00-000000002400}</Data><Data Name='ProcessId'>660</Data><Data Name='QueryName'>_ldap._tcp.Default-First-Site-Name._sites.gc._msdcs.Ecorp.local.</Data><Data Name='QueryStatus'>0</Data><Data Name='QueryResults'>type:  33 ecorp-dc.ecorp.local;10.6.6.3;</Data><Data Name='Image'>C:\Windows\System32\lsass.exe</Data><Data Name='User'>NT AUTHORITY\SYSTEM</Data></EventData></Event>","2024-12-01T15:39:27.562-0500",,"ecorp-dc.ecorp.local
10.6.6.3",2,,,,,20,1,39,december,27,sunday,2024,0,,,,,,,"wrk-colby.Ecorp.local",,"WRK-COLBY",240582,"endpoint_services_processes ms-sysmon-dns windows_event_signature",,,,,,,,"WRK-COLBY",,,240582,main,1,,,,,,,,,,,,,,,,,,,"lsass.exe","{fc7e85d2-7d4f-674c-0c00-000000002400}",,,,"lsass.exe",,,,"<_='://../////'><><_='--'_='{----}'/><></><></><><","_ldap._tcp.Default-First-Site-Name._sites.gc._msdcs.Ecorp.local.",1,SRV,33,,,,,,,0,,,,,,,,,,informational,4,"DNSEvent (DNS query)",22,"XmlWinEventLog:Microsoft-Windows-Sysmon/Operational",XmlWinEventLog,"wrk-colby",,"wrk-colby.Ecorp.local",,,,,,,,,,"dns
network
resolution
track_event_signatures",,"dns
network
resolution
track_event_signatures",667,644,,,,,,,SYSTEM,,"'S-1-5-18'",,"Microsoft Sysmon"
,,,"Microsoft-Windows-Sysmon/Operational",,,,"wrk-colby.Ecorp.local",,,,,,,,,,,,"Microsoft-Windows-Sysmon/Operational",22,"<Data Name='RuleName'>-</Data><Data Name='UtcTime'>2024-12-01 20:39:27.561</Data><Data Name='ProcessGuid'>{fc7e85d2-c967-674c-c0da-000000002400}</Data><Data Name='ProcessId'>8388</Data><Data Name='QueryName'>wrk-colby.Ecorp.local</Data><Data Name='QueryStatus'>0</Data><Data Name='QueryResults'>fe80::766c:53d1:4937:4cff;::ffff:10.6.6.5;</Data><Data Name='Image'>C:\Windows\System32\mmc.exe</Data><Data Name='User'>ECORP\tcolby</Data>","DNSEvent (DNS query)",22,240581,,,,,"'{5770385f-c22a-43e0-bf4c-06f5698ffbd9}'",,,"C:\Windows\System32\mmc.exe",,,,,,0x8000000000000000,4,,,,"'Microsoft-Windows-Sysmon'",0,,,,,,,,"{fc7e85d2-c967-674c-c0da-000000002400}","'3144'",8388,,,"wrk-colby.Ecorp.local","fe80::766c:53d1:4937:4cff;::ffff:10.6.6.5;",0,240581,240581,,"-",,,"S-1-5-18",,,,,,,,,,,,,,,"'2024-12-01T20:39:28.5330461Z'","<Provider Name='Microsoft-Windows-Sysmon' Guid='{5770385f-c22a-43e0-bf4c-06f5698ffbd9}'/><EventID>22</EventID><Version>5</Version><Level>4</Level><Task>22</Task><Opcode>0</Opcode><Keywords>0x8000000000000000</Keywords><TimeCreated SystemTime='2024-12-01T20:39:28.5330461Z'/><EventRecordID>240581</EventRecordID><Correlation/><Execution ProcessID='3144' ThreadID='4476'/><Channel>Microsoft-Windows-Sysmon/Operational</Channel><Computer>wrk-colby.Ecorp.local</Computer><Security UserID='S-1-5-18'/>",,,,,,,22,,"'4476'","2024-12-01T20:39:28.5330461Z","ECORP\tcolby","'S-1-5-18'","2024-12-01 20:39:27.561",5,"<Event xmlns='http://schemas.microsoft.com/win/2004/08/events/event'><System><Provider Name='Microsoft-Windows-Sysmon' Guid='{5770385f-c22a-43e0-bf4c-06f5698ffbd9}'/><EventID>22</EventID><Version>5</Version><Level>4</Level><Task>22</Task><Opcode>0</Opcode><Keywords>0x8000000000000000</Keywords><TimeCreated SystemTime='2024-12-01T20:39:28.5330461Z'/><EventRecordID>240581</EventRecordID><Correlation/><Execution ProcessID='3144' ThreadID='4476'/><Channel>Microsoft-Windows-Sysmon/Operational</Channel><Computer>wrk-colby.Ecorp.local</Computer><Security UserID='S-1-5-18'/></System><EventData><Data Name='RuleName'>-</Data><Data Name='UtcTime'>2024-12-01 20:39:27.561</Data><Data Name='ProcessGuid'>{fc7e85d2-c967-674c-c0da-000000002400}</Data><Data Name='ProcessId'>8388</Data><Data Name='QueryName'>wrk-colby.Ecorp.local</Data><Data Name='QueryStatus'>0</Data><Data Name='QueryResults'>fe80::766c:53d1:4937:4cff;::ffff:10.6.6.5;</Data><Data Name='Image'>C:\Windows\System32\mmc.exe</Data><Data Name='User'>ECORP\tcolby</Data></EventData></Event>","2024-12-01T15:39:27.561-0500",,"fe80::766c:53d1:4937:4cff
::ffff:10.6.6.5",2,,,,,20,1,39,december,27,sunday,2024,0,,,,,,,"wrk-colby.Ecorp.local",,"WRK-COLBY",240581,"endpoint_services_processes ms-sysmon-dns windows_event_signature",,,,,,,,"WRK-COLBY",,,240581,main,1,,,,,,,,,,,,,,,,,,,"mmc.exe","{fc7e85d2-c967-674c-c0da-000000002400}",,,,"mmc.exe",,,,"<_='://../////'><><_='--'_='{----}'/><></><></><><","wrk-colby.Ecorp.local",1,,,,,,,,,0,,,,,,,,,,informational,4,"DNSEvent (DNS query)",22,"XmlWinEventLog:Microsoft-Windows-Sysmon/Operational",XmlWinEventLog,"wrk-colby",,"wrk-colby.Ecorp.local",,,,,,,,,,"dns
network
resolution
track_event_signatures",,"dns
network
resolution
track_event_signatures",667,644,,,,,,,tcolby,,"'S-1-5-18'",,"Microsoft Sysmon"
,,,"Microsoft-Windows-Sysmon/Operational",,,,"wrk-colby.Ecorp.local",,,,,,,,,,,,"Microsoft-Windows-Sysmon/Operational",22,"<Data Name='RuleName'>-</Data><Data Name='UtcTime'>2024-12-01 20:39:27.559</Data><Data Name='ProcessGuid'>{fc7e85d2-c967-674c-c0da-000000002400}</Data><Data Name='ProcessId'>8388</Data><Data Name='QueryName'>WRK-COLBY</Data><Data Name='QueryStatus'>0</Data><Data Name='QueryResults'>fe80::766c:53d1:4937:4cff;::ffff:10.6.6.5;</Data><Data Name='Image'>C:\Windows\system32\mmc.exe</Data><Data Name='User'>ECORP\tcolby</Data>","DNSEvent (DNS query)",22,240580,,,,,"'{5770385f-c22a-43e0-bf4c-06f5698ffbd9}'",,,"C:\Windows\system32\mmc.exe",,,,,,0x8000000000000000,4,,,,"'Microsoft-Windows-Sysmon'",0,,,,,,,,"{fc7e85d2-c967-674c-c0da-000000002400}","'3144'",8388,,,"WRK-COLBY","fe80::766c:53d1:4937:4cff;::ffff:10.6.6.5;",0,240580,240580,,"-",,,"S-1-5-18",,,,,,,,,,,,,,,"'2024-12-01T20:39:28.5330088Z'","<Provider Name='Microsoft-Windows-Sysmon' Guid='{5770385f-c22a-43e0-bf4c-06f5698ffbd9}'/><EventID>22</EventID><Version>5</Version><Level>4</Level><Task>22</Task><Opcode>0</Opcode><Keywords>0x8000000000000000</Keywords><TimeCreated SystemTime='2024-12-01T20:39:28.5330088Z'/><EventRecordID>240580</EventRecordID><Correlation/><Execution ProcessID='3144' ThreadID='4476'/><Channel>Microsoft-Windows-Sysmon/Operational</Channel><Computer>wrk-colby.Ecorp.local</Computer><Security UserID='S-1-5-18'/>",,,,,,,22,,"'4476'","2024-12-01T20:39:28.5330088Z","ECORP\tcolby","'S-1-5-18'","2024-12-01 20:39:27.559",5,"<Event xmlns='http://schemas.microsoft.com/win/2004/08/events/event'><System><Provider Name='Microsoft-Windows-Sysmon' Guid='{5770385f-c22a-43e0-bf4c-06f5698ffbd9}'/><EventID>22</EventID><Version>5</Version><Level>4</Level><Task>22</Task><Opcode>0</Opcode><Keywords>0x8000000000000000</Keywords><TimeCreated SystemTime='2024-12-01T20:39:28.5330088Z'/><EventRecordID>240580</EventRecordID><Correlation/><Execution ProcessID='3144' ThreadID='4476'/><Channel>Microsoft-Windows-Sysmon/Operational</Channel><Computer>wrk-colby.Ecorp.local</Computer><Security UserID='S-1-5-18'/></System><EventData><Data Name='RuleName'>-</Data><Data Name='UtcTime'>2024-12-01 20:39:27.559</Data><Data Name='ProcessGuid'>{fc7e85d2-c967-674c-c0da-000000002400}</Data><Data Name='ProcessId'>8388</Data><Data Name='QueryName'>WRK-COLBY</Data><Data Name='QueryStatus'>0</Data><Data Name='QueryResults'>fe80::766c:53d1:4937:4cff;::ffff:10.6.6.5;</Data><Data Name='Image'>C:\Windows\system32\mmc.exe</Data><Data Name='User'>ECORP\tcolby</Data></EventData></Event>","2024-12-01T15:39:27.559-0500",,"fe80::766c:53d1:4937:4cff
::ffff:10.6.6.5",2,,,,,20,1,39,december,27,sunday,2024,0,,,,,,,"wrk-colby.Ecorp.local",,"WRK-COLBY",240580,"endpoint_services_processes ms-sysmon-dns windows_event_signature",,,,,,,,"WRK-COLBY",,,240580,main,1,,,,,,,,,,,,,,,,,,,"mmc.exe","{fc7e85d2-c967-674c-c0da-000000002400}",,,,"mmc.exe",,,,"<_='://../////'><><_='--'_='{----}'/><></><></><><","WRK-COLBY",1,,,,,,,,,0,,,,,,,,,,informational,4,"DNSEvent (DNS query)",22,"XmlWinEventLog:Microsoft-Windows-Sysmon/Operational",XmlWinEventLog,"wrk-colby",,"wrk-colby.Ecorp.local",,,,,,,,,,"dns
network
resolution
track_event_signatures",,"dns
network
resolution
track_event_signatures",667,644,,,,,,,tcolby,,"'S-1-5-18'",,"Microsoft Sysmon"
,,,"Microsoft-Windows-Sysmon/Operational",,,,"wrk-colby.Ecorp.local",,,,,,"-","10.6.6.3",false,49667,"-",,"Microsoft-Windows-Sysmon/Operational",3,"<Data Name='RuleName'>technique_id=T1543.003,technique_name=Windows Service</Data><Data Name='UtcTime'>2024-12-01 20:39:27.479</Data><Data Name='ProcessGuid'>{fc7e85d2-c967-674c-c0da-000000002400}</Data><Data Name='ProcessId'>8388</Data><Data Name='Image'>C:\Windows\System32\mmc.exe</Data><Data Name='User'>ECORP\tcolby</Data><Data Name='Protocol'>tcp</Data><Data Name='Initiated'>true</Data><Data Name='SourceIsIpv6'>false</Data><Data Name='SourceIp'>10.6.6.5</Data><Data Name='SourceHostname'>-</Data><Data Name='SourcePort'>53831</Data><Data Name='SourcePortName'>-</Data><Data Name='DestinationIsIpv6'>false</Data><Data Name='DestinationIp'>10.6.6.3</Data><Data Name='DestinationHostname'>-</Data><Data Name='DestinationPort'>49667</Data><Data Name='DestinationPortName'>-</Data>","Network connection",3,240585,,,,,"'{5770385f-c22a-43e0-bf4c-06f5698ffbd9}'",,,"C:\Windows\System32\mmc.exe",,,true,,,0x8000000000000000,4,,,,"'Microsoft-Windows-Sysmon'",0,,,,,,,,"{fc7e85d2-c967-674c-c0da-000000002400}","'3144'",8388,,tcp,,,,240585,240585,,"technique_id=T1543.003,technique_name=Windows Service",,,"S-1-5-18",,,,"-",,"10.6.6.5",false,53831,"-",,,,,,"'2024-12-01T20:39:29.4705229Z'","<Provider Name='Microsoft-Windows-Sysmon' Guid='{5770385f-c22a-43e0-bf4c-06f5698ffbd9}'/><EventID>3</EventID><Version>5</Version><Level>4</Level><Task>3</Task><Opcode>0</Opcode><Keywords>0x8000000000000000</Keywords><TimeCreated SystemTime='2024-12-01T20:39:29.4705229Z'/><EventRecordID>240585</EventRecordID><Correlation/><Execution ProcessID='3144' ThreadID='4180'/><Channel>Microsoft-Windows-Sysmon/Operational</Channel><Computer>wrk-colby.Ecorp.local</Computer><Security UserID='S-1-5-18'/>",,,,,,,3,,"'4180'","2024-12-01T20:39:29.4705229Z","ECORP\tcolby","'S-1-5-18'","2024-12-01 20:39:27.479",5,"<Event xmlns='http://schemas.microsoft.com/win/2004/08/events/event'><System><Provider Name='Microsoft-Windows-Sysmon' Guid='{5770385f-c22a-43e0-bf4c-06f5698ffbd9}'/><EventID>3</EventID><Version>5</Version><Level>4</Level><Task>3</Task><Opcode>0</Opcode><Keywords>0x8000000000000000</Keywords><TimeCreated SystemTime='2024-12-01T20:39:29.4705229Z'/><EventRecordID>240585</EventRecordID><Correlation/><Execution ProcessID='3144' ThreadID='4180'/><Channel>Microsoft-Windows-Sysmon/Operational</Channel><Computer>wrk-colby.Ecorp.local</Computer><Security UserID='S-1-5-18'/></System><EventData><Data Name='RuleName'>technique_id=T1543.003,technique_name=Windows Service</Data><Data Name='UtcTime'>2024-12-01 20:39:27.479</Data><Data Name='ProcessGuid'>{fc7e85d2-c967-674c-c0da-000000002400}</Data><Data Name='ProcessId'>8388</Data><Data Name='Image'>C:\Windows\System32\mmc.exe</Data><Data Name='User'>ECORP\tcolby</Data><Data Name='Protocol'>tcp</Data><Data Name='Initiated'>true</Data><Data Name='SourceIsIpv6'>false</Data><Data Name='SourceIp'>10.6.6.5</Data><Data Name='SourceHostname'>-</Data><Data Name='SourcePort'>53831</Data><Data Name='SourcePortName'>-</Data><Data Name='DestinationIsIpv6'>false</Data><Data Name='DestinationIp'>10.6.6.3</Data><Data Name='DestinationHostname'>-</Data><Data Name='DestinationPort'>49667</Data><Data Name='DestinationPortName'>-</Data></EventData></Event>","2024-12-01T15:39:27.479-0500",allowed,,,"C:\Windows\System32\mmc.exe",,,"2024-12-01 20:39:27.479",20,1,39,december,27,sunday,2024,0,,"10.6.6.3",,"10.6.6.3",49667,outbound,"wrk-colby.Ecorp.local","10.6.6.5","WRK-COLBY",240585,"endpoint_services_processes ms-sysmon-network windows_event_signature",,,,,,,,"WRK-COLBY",,,240585,main,1,,,,,,,,,,,,,,,,,,,"mmc.exe","{fc7e85d2-c967-674c-c0da-000000002400}",,8388,,"mmc.exe",,ip,ipv4,"<_='://../////'><><_='--'_='{----}'/><></><></><><",,,,,,,,,,,,,"technique_id=T1543.003,technique_name=Windows Service",,,,,,,,informational,4,"Network connection",3,"XmlWinEventLog:Microsoft-Windows-Sysmon/Operational",XmlWinEventLog,"wrk-colby",,"10.6.6.5",,,,"10.6.6.5",,53831,established,,,"communicate
network
track_event_signatures",,"communicate
network
track_event_signatures",717,694,tcp,"tcp/49667",,,,,tcolby,,"'S-1-5-18'",,"Microsoft Sysmon"
,,,"Microsoft-Windows-Sysmon/Operational",,,,"wrk-colby.Ecorp.local",,,,,,"-","10.6.6.3",false,135,"-",,"Microsoft-Windows-Sysmon/Operational",3,"<Data Name='RuleName'>technique_id=T1543.003,technique_name=Windows Service</Data><Data Name='UtcTime'>2024-12-01 20:39:27.476</Data><Data Name='ProcessGuid'>{fc7e85d2-c967-674c-c0da-000000002400}</Data><Data Name='ProcessId'>8388</Data><Data Name='Image'>C:\Windows\System32\mmc.exe</Data><Data Name='User'>ECORP\tcolby</Data><Data Name='Protocol'>tcp</Data><Data Name='Initiated'>true</Data><Data Name='SourceIsIpv6'>false</Data><Data Name='SourceIp'>10.6.6.5</Data><Data Name='SourceHostname'>-</Data><Data Name='SourcePort'>53830</Data><Data Name='SourcePortName'>-</Data><Data Name='DestinationIsIpv6'>false</Data><Data Name='DestinationIp'>10.6.6.3</Data><Data Name='DestinationHostname'>-</Data><Data Name='DestinationPort'>135</Data><Data Name='DestinationPortName'>-</Data>","Network connection",3,240584,,,,,"'{5770385f-c22a-43e0-bf4c-06f5698ffbd9}'",,,"C:\Windows\System32\mmc.exe",,,true,,,0x8000000000000000,4,,,,"'Microsoft-Windows-Sysmon'",0,,,,,,,,"{fc7e85d2-c967-674c-c0da-000000002400}","'3144'",8388,,tcp,,,,240584,240584,,"technique_id=T1543.003,technique_name=Windows Service",,,"S-1-5-18",,,,"-",,"10.6.6.5",false,53830,"-",,,,,,"'2024-12-01T20:39:29.4705097Z'","<Provider Name='Microsoft-Windows-Sysmon' Guid='{5770385f-c22a-43e0-bf4c-06f5698ffbd9}'/><EventID>3</EventID><Version>5</Version><Level>4</Level><Task>3</Task><Opcode>0</Opcode><Keywords>0x8000000000000000</Keywords><TimeCreated SystemTime='2024-12-01T20:39:29.4705097Z'/><EventRecordID>240584</EventRecordID><Correlation/><Execution ProcessID='3144' ThreadID='4180'/><Channel>Microsoft-Windows-Sysmon/Operational</Channel><Computer>wrk-colby.Ecorp.local</Computer><Security UserID='S-1-5-18'/>",,,,,,,3,,"'4180'","2024-12-01T20:39:29.4705097Z","ECORP\tcolby","'S-1-5-18'","2024-12-01 20:39:27.476",5,"<Event xmlns='http://schemas.microsoft.com/win/2004/08/events/event'><System><Provider Name='Microsoft-Windows-Sysmon' Guid='{5770385f-c22a-43e0-bf4c-06f5698ffbd9}'/><EventID>3</EventID><Version>5</Version><Level>4</Level><Task>3</Task><Opcode>0</Opcode><Keywords>0x8000000000000000</Keywords><TimeCreated SystemTime='2024-12-01T20:39:29.4705097Z'/><EventRecordID>240584</EventRecordID><Correlation/><Execution ProcessID='3144' ThreadID='4180'/><Channel>Microsoft-Windows-Sysmon/Operational</Channel><Computer>wrk-colby.Ecorp.local</Computer><Security UserID='S-1-5-18'/></System><EventData><Data Name='RuleName'>technique_id=T1543.003,technique_name=Windows Service</Data><Data Name='UtcTime'>2024-12-01 20:39:27.476</Data><Data Name='ProcessGuid'>{fc7e85d2-c967-674c-c0da-000000002400}</Data><Data Name='ProcessId'>8388</Data><Data Name='Image'>C:\Windows\System32\mmc.exe</Data><Data Name='User'>ECORP\tcolby</Data><Data Name='Protocol'>tcp</Data><Data Name='Initiated'>true</Data><Data Name='SourceIsIpv6'>false</Data><Data Name='SourceIp'>10.6.6.5</Data><Data Name='SourceHostname'>-</Data><Data Name='SourcePort'>53830</Data><Data Name='SourcePortName'>-</Data><Data Name='DestinationIsIpv6'>false</Data><Data Name='DestinationIp'>10.6.6.3</Data><Data Name='DestinationHostname'>-</Data><Data Name='DestinationPort'>135</Data><Data Name='DestinationPortName'>-</Data></EventData></Event>","2024-12-01T15:39:27.476-0500",allowed,,,"C:\Windows\System32\mmc.exe",,,"2024-12-01 20:39:27.476",20,1,39,december,27,sunday,2024,0,,"10.6.6.3",,"10.6.6.3",135,outbound,"wrk-colby.Ecorp.local","10.6.6.5","WRK-COLBY",240584,"endpoint_services_processes ms-sysmon-network windows_event_signature",,,,,,,,"WRK-COLBY",,,240584,main,1,,,,,,,,,,,,,,,,,,,"mmc.exe","{fc7e85d2-c967-674c-c0da-000000002400}",,8388,,"mmc.exe",,ip,ipv4,"<_='://../////'><><_='--'_='{----}'/><></><></><><",,,,,,,,,,,,,"technique_id=T1543.003,technique_name=Windows Service",,,,,,,,informational,4,"Network connection",3,"XmlWinEventLog:Microsoft-Windows-Sysmon/Operational",XmlWinEventLog,"wrk-colby",,"10.6.6.5",,,,"10.6.6.5",,53830,established,,,"communicate
network
track_event_signatures",,"communicate
network
track_event_signatures",717,694,tcp,"tcp/135",,,,,tcolby,,"'S-1-5-18'",,"Microsoft Sysmon"
true,,,"Microsoft-Windows-Sysmon/Operational",,,,"wrk-colby.Ecorp.local",,,,,,,,,,,,"Microsoft-Windows-Sysmon/Operational",23,"<Data Name='RuleName'>-</Data><Data Name='UtcTime'>2024-12-01 20:39:09.239</Data><Data Name='ProcessGuid'>{fc7e85d2-7e4d-674c-0f04-000000002400}</Data><Data Name='ProcessId'>7880</Data><Data Name='User'>ECORP\tcolby</Data><Data Name='Image'>C:\Windows\SystemApps\Microsoft.Windows.Search_cw5n1h2txyewy\SearchApp.exe</Data><Data Name='TargetFilename'>C:\Users\tcolby\AppData\Local\Packages\Microsoft.Windows.Search_cw5n1h2txyewy\AC\Microsoft\Internet Explorer\DOMStore\H8JSA3V2\www.bing[1].xml</Data><Data Name='Hashes'>SHA1=77BB086294C4291335C9D44561C085C88C71F4CB,MD5=6CDBB61C5DD6E0251770EF588D7FCB7B,SHA256=FE40C4896CC21C1BA8AE3FE96F2682A0BBC0BFD8C9EB3B4D60AB14C90203F009,IMPHASH=00000000000000000000000000000000</Data><Data Name='IsExecutable'>false</Data><Data Name='Archived'>true</Data>","FileDelete (File Delete archived)",23,240579,,,,,"'{5770385f-c22a-43e0-bf4c-06f5698ffbd9}'","SHA1=77BB086294C4291335C9D44561C085C88C71F4CB,MD5=6CDBB61C5DD6E0251770EF588D7FCB7B,SHA256=FE40C4896CC21C1BA8AE3FE96F2682A0BBC0BFD8C9EB3B4D60AB14C90203F009,IMPHASH=00000000000000000000000000000000",00000000000000000000000000000000,"C:\Windows\SystemApps\Microsoft.Windows.Search_cw5n1h2txyewy\SearchApp.exe",,,,,false,0x8000000000000000,4,,,6CDBB61C5DD6E0251770EF588D7FCB7B,"'Microsoft-Windows-Sysmon'",0,,,,,,,,"{fc7e85d2-7e4d-674c-0f04-000000002400}","'3144'",7880,,,,,,240579,240579,,"-",77BB086294C4291335C9D44561C085C88C71F4CB,FE40C4896CC21C1BA8AE3FE96F2682A0BBC0BFD8C9EB3B4D60AB14C90203F009,"S-1-5-18",,,,,,,,,,,,,,,"'2024-12-01T20:39:09.2493591Z'","<Provider Name='Microsoft-Windows-Sysmon' Guid='{5770385f-c22a-43e0-bf4c-06f5698ffbd9}'/><EventID>23</EventID><Version>5</Version><Level>4</Level><Task>23</Task><Opcode>0</Opcode><Keywords>0x8000000000000000</Keywords><TimeCreated SystemTime='2024-12-01T20:39:09.2493591Z'/><EventRecordID>240579</EventRecordID><Correlation/><Execution ProcessID='3144' ThreadID='4456'/><Channel>Microsoft-Windows-Sysmon/Operational</Channel><Computer>wrk-colby.Ecorp.local</Computer><Security UserID='S-1-5-18'/>","C:\Users\tcolby\AppData\Local\Packages\Microsoft.Windows.Search_cw5n1h2txyewy\AC\Microsoft\Internet Explorer\DOMStore\H8JSA3V2\www.bing[1].xml",,,,,,23,,"'4456'","2024-12-01T20:39:09.2493591Z","ECORP\tcolby","'S-1-5-18'","2024-12-01 20:39:09.239",5,"<Event xmlns='http://schemas.microsoft.com/win/2004/08/events/event'><System><Provider Name='Microsoft-Windows-Sysmon' Guid='{5770385f-c22a-43e0-bf4c-06f5698ffbd9}'/><EventID>23</EventID><Version>5</Version><Level>4</Level><Task>23</Task><Opcode>0</Opcode><Keywords>0x8000000000000000</Keywords><TimeCreated SystemTime='2024-12-01T20:39:09.2493591Z'/><EventRecordID>240579</EventRecordID><Correlation/><Execution ProcessID='3144' ThreadID='4456'/><Channel>Microsoft-Windows-Sysmon/Operational</Channel><Computer>wrk-colby.Ecorp.local</Computer><Security UserID='S-1-5-18'/></System><EventData><Data Name='RuleName'>-</Data><Data Name='UtcTime'>2024-12-01 20:39:09.239</Data><Data Name='ProcessGuid'>{fc7e85d2-7e4d-674c-0f04-000000002400}</Data><Data Name='ProcessId'>7880</Data><Data Name='User'>ECORP\tcolby</Data><Data Name='Image'>C:\Windows\SystemApps\Microsoft.Windows.Search_cw5n1h2txyewy\SearchApp.exe</Data><Data Name='TargetFilename'>C:\Users\tcolby\AppData\Local\Packages\Microsoft.Windows.Search_cw5n1h2txyewy\AC\Microsoft\Internet Explorer\DOMStore\H8JSA3V2\www.bing[1].xml</Data><Data Name='Hashes'>SHA1=77BB086294C4291335C9D44561C085C88C71F4CB,MD5=6CDBB61C5DD6E0251770EF588D7FCB7B,SHA256=FE40C4896CC21C1BA8AE3FE96F2682A0BBC0BFD8C9EB3B4D60AB14C90203F009,IMPHASH=00000000000000000000000000000000</Data><Data Name='IsExecutable'>false</Data><Data Name='Archived'>true</Data></EventData></Event>","2024-12-01T15:39:09.239-0500",deleted,,,,,,,20,1,39,december,9,sunday,2024,0,,"wrk-colby.Ecorp.local",,,,,"wrk-colby.Ecorp.local",,"WRK-COLBY",240579,"endpoint_services_processes ms-sysmon-filemod windows_event_signature",,,"SHA1=77BB086294C4291335C9D44561C085C88C71F4CB,MD5=6CDBB61C5DD6E0251770EF588D7FCB7B,SHA256=FE40C4896CC21C1BA8AE3FE96F2682A0BBC0BFD8C9EB3B4D60AB14C90203F009,IMPHASH=00000000000000000000000000000000","2024-12-01 20:39:09.239","www.bing[1].xml","C:\Users\tcolby\AppData\Local\Packages\Microsoft.Windows.Search_cw5n1h2txyewy\AC\Microsoft\Internet Explorer\DOMStore\H8JSA3V2\www.bing[1].xml",,"WRK-COLBY",,,240579,main,1,,,,,,file,,,,,,,,,,,,,"SearchApp.exe","{fc7e85d2-7e4d-674c-0f04-000000002400}",,7880,,"SearchApp.exe","C:\Windows\SystemApps\Microsoft.Windows.Search_cw5n1h2txyewy\SearchApp.exe",,,"<_='://../////'><><_='--'_='{----}'/><></><></><><",,,,,,,,,,,,,,,,,,,,,informational,4,"FileDelete (File Delete archived)",23,"XmlWinEventLog:Microsoft-Windows-Sysmon/Operational",XmlWinEventLog,"wrk-colby",,,,,,,,,,,,"endpoint
filesystem
track_event_signatures",,"endpoint
filesystem
track_event_signatures",667,644,,,,,,,tcolby,,"'S-1-5-18'",,"Microsoft Sysmon"
true,,,"Microsoft-Windows-Sysmon/Operational",,,,"wrk-colby.Ecorp.local",,,,,,,,,,,,"Microsoft-Windows-Sysmon/Operational",23,"<Data Name='RuleName'>-</Data><Data Name='UtcTime'>2024-12-01 20:39:08.215</Data><Data Name='ProcessGuid'>{fc7e85d2-7e4d-674c-0f04-000000002400}</Data><Data Name='ProcessId'>7880</Data><Data Name='User'>ECORP\tcolby</Data><Data Name='Image'>C:\Windows\SystemApps\Microsoft.Windows.Search_cw5n1h2txyewy\SearchApp.exe</Data><Data Name='TargetFilename'>C:\Users\tcolby\AppData\Local\Packages\Microsoft.Windows.Search_cw5n1h2txyewy\AC\Microsoft\Internet Explorer\DOMStore\H8JSA3V2\www.bing[1].xml</Data><Data Name='Hashes'>SHA1=77BB086294C4291335C9D44561C085C88C71F4CB,MD5=6CDBB61C5DD6E0251770EF588D7FCB7B,SHA256=FE40C4896CC21C1BA8AE3FE96F2682A0BBC0BFD8C9EB3B4D60AB14C90203F009,IMPHASH=00000000000000000000000000000000</Data><Data Name='IsExecutable'>false</Data><Data Name='Archived'>true</Data>","FileDelete (File Delete archived)",23,240578,,,,,"'{5770385f-c22a-43e0-bf4c-06f5698ffbd9}'","SHA1=77BB086294C4291335C9D44561C085C88C71F4CB,MD5=6CDBB61C5DD6E0251770EF588D7FCB7B,SHA256=FE40C4896CC21C1BA8AE3FE96F2682A0BBC0BFD8C9EB3B4D60AB14C90203F009,IMPHASH=00000000000000000000000000000000",00000000000000000000000000000000,"C:\Windows\SystemApps\Microsoft.Windows.Search_cw5n1h2txyewy\SearchApp.exe",,,,,false,0x8000000000000000,4,,,6CDBB61C5DD6E0251770EF588D7FCB7B,"'Microsoft-Windows-Sysmon'",0,,,,,,,,"{fc7e85d2-7e4d-674c-0f04-000000002400}","'3144'",7880,,,,,,240578,240578,,"-",77BB086294C4291335C9D44561C085C88C71F4CB,FE40C4896CC21C1BA8AE3FE96F2682A0BBC0BFD8C9EB3B4D60AB14C90203F009,"S-1-5-18",,,,,,,,,,,,,,,"'2024-12-01T20:39:08.2165980Z'","<Provider Name='Microsoft-Windows-Sysmon' Guid='{5770385f-c22a-43e0-bf4c-06f5698ffbd9}'/><EventID>23</EventID><Version>5</Version><Level>4</Level><Task>23</Task><Opcode>0</Opcode><Keywords>0x8000000000000000</Keywords><TimeCreated SystemTime='2024-12-01T20:39:08.2165980Z'/><EventRecordID>240578</EventRecordID><Correlation/><Execution ProcessID='3144' ThreadID='4456'/><Channel>Microsoft-Windows-Sysmon/Operational</Channel><Computer>wrk-colby.Ecorp.local</Computer><Security UserID='S-1-5-18'/>","C:\Users\tcolby\AppData\Local\Packages\Microsoft.Windows.Search_cw5n1h2txyewy\AC\Microsoft\Internet Explorer\DOMStore\H8JSA3V2\www.bing[1].xml",,,,,,23,,"'4456'","2024-12-01T20:39:08.2165980Z","ECORP\tcolby","'S-1-5-18'","2024-12-01 20:39:08.215",5,"<Event xmlns='http://schemas.microsoft.com/win/2004/08/events/event'><System><Provider Name='Microsoft-Windows-Sysmon' Guid='{5770385f-c22a-43e0-bf4c-06f5698ffbd9}'/><EventID>23</EventID><Version>5</Version><Level>4</Level><Task>23</Task><Opcode>0</Opcode><Keywords>0x8000000000000000</Keywords><TimeCreated SystemTime='2024-12-01T20:39:08.2165980Z'/><EventRecordID>240578</EventRecordID><Correlation/><Execution ProcessID='3144' ThreadID='4456'/><Channel>Microsoft-Windows-Sysmon/Operational</Channel><Computer>wrk-colby.Ecorp.local</Computer><Security UserID='S-1-5-18'/></System><EventData><Data Name='RuleName'>-</Data><Data Name='UtcTime'>2024-12-01 20:39:08.215</Data><Data Name='ProcessGuid'>{fc7e85d2-7e4d-674c-0f04-000000002400}</Data><Data Name='ProcessId'>7880</Data><Data Name='User'>ECORP\tcolby</Data><Data Name='Image'>C:\Windows\SystemApps\Microsoft.Windows.Search_cw5n1h2txyewy\SearchApp.exe</Data><Data Name='TargetFilename'>C:\Users\tcolby\AppData\Local\Packages\Microsoft.Windows.Search_cw5n1h2txyewy\AC\Microsoft\Internet Explorer\DOMStore\H8JSA3V2\www.bing[1].xml</Data><Data Name='Hashes'>SHA1=77BB086294C4291335C9D44561C085C88C71F4CB,MD5=6CDBB61C5DD6E0251770EF588D7FCB7B,SHA256=FE40C4896CC21C1BA8AE3FE96F2682A0BBC0BFD8C9EB3B4D60AB14C90203F009,IMPHASH=00000000000000000000000000000000</Data><Data Name='IsExecutable'>false</Data><Data Name='Archived'>true</Data></EventData></Event>","2024-12-01T15:39:08.215-0500",deleted,,,,,,,20,1,39,december,8,sunday,2024,0,,"wrk-colby.Ecorp.local",,,,,"wrk-colby.Ecorp.local",,"WRK-COLBY",240578,"endpoint_services_processes ms-sysmon-filemod windows_event_signature",,,"SHA1=77BB086294C4291335C9D44561C085C88C71F4CB,MD5=6CDBB61C5DD6E0251770EF588D7FCB7B,SHA256=FE40C4896CC21C1BA8AE3FE96F2682A0BBC0BFD8C9EB3B4D60AB14C90203F009,IMPHASH=00000000000000000000000000000000","2024-12-01 20:39:08.215","www.bing[1].xml","C:\Users\tcolby\AppData\Local\Packages\Microsoft.Windows.Search_cw5n1h2txyewy\AC\Microsoft\Internet Explorer\DOMStore\H8JSA3V2\www.bing[1].xml",,"WRK-COLBY",,,240578,main,1,,,,,,file,,,,,,,,,,,,,"SearchApp.exe","{fc7e85d2-7e4d-674c-0f04-000000002400}",,7880,,"SearchApp.exe","C:\Windows\SystemApps\Microsoft.Windows.Search_cw5n1h2txyewy\SearchApp.exe",,,"<_='://../////'><><_='--'_='{----}'/><></><></><><",,,,,,,,,,,,,,,,,,,,,informational,4,"FileDelete (File Delete archived)",23,"XmlWinEventLog:Microsoft-Windows-Sysmon/Operational",XmlWinEventLog,"wrk-colby",,,,,,,,,,,,"endpoint
filesystem
track_event_signatures",,"endpoint
filesystem
track_event_signatures",667,644,,,,,,,tcolby,,"'S-1-5-18'",,"Microsoft Sysmon"
true,,,"Microsoft-Windows-Sysmon/Operational",,,,"wrk-colby.Ecorp.local",,,,,,,,,,,,"Microsoft-Windows-Sysmon/Operational",23,"<Data Name='RuleName'>-</Data><Data Name='UtcTime'>2024-12-01 20:39:08.128</Data><Data Name='ProcessGuid'>{fc7e85d2-7e4d-674c-0f04-000000002400}</Data><Data Name='ProcessId'>7880</Data><Data Name='User'>ECORP\tcolby</Data><Data Name='Image'>C:\Windows\SystemApps\Microsoft.Windows.Search_cw5n1h2txyewy\SearchApp.exe</Data><Data Name='TargetFilename'>C:\Users\tcolby\AppData\Local\Packages\Microsoft.Windows.Search_cw5n1h2txyewy\AC\Microsoft\Internet Explorer\DOMStore\H8JSA3V2\www.bing[1].xml</Data><Data Name='Hashes'>SHA1=84CA73037789F3D7743BEA2C78A3C048F018AEEA,MD5=B68A1A6D1F8657144DE8C51217C6A2AC,SHA256=45B27C888DCB78588110AD2472FE7AE9126EF1F24237CE466A2812BAAB3A6168,IMPHASH=00000000000000000000000000000000</Data><Data Name='IsExecutable'>false</Data><Data Name='Archived'>true</Data>","FileDelete (File Delete archived)",23,240577,,,,,"'{5770385f-c22a-43e0-bf4c-06f5698ffbd9}'","SHA1=84CA73037789F3D7743BEA2C78A3C048F018AEEA,MD5=B68A1A6D1F8657144DE8C51217C6A2AC,SHA256=45B27C888DCB78588110AD2472FE7AE9126EF1F24237CE466A2812BAAB3A6168,IMPHASH=00000000000000000000000000000000",00000000000000000000000000000000,"C:\Windows\SystemApps\Microsoft.Windows.Search_cw5n1h2txyewy\SearchApp.exe",,,,,false,0x8000000000000000,4,,,B68A1A6D1F8657144DE8C51217C6A2AC,"'Microsoft-Windows-Sysmon'",0,,,,,,,,"{fc7e85d2-7e4d-674c-0f04-000000002400}","'3144'",7880,,,,,,240577,240577,,"-",84CA73037789F3D7743BEA2C78A3C048F018AEEA,45B27C888DCB78588110AD2472FE7AE9126EF1F24237CE466A2812BAAB3A6168,"S-1-5-18",,,,,,,,,,,,,,,"'2024-12-01T20:39:08.1285245Z'","<Provider Name='Microsoft-Windows-Sysmon' Guid='{5770385f-c22a-43e0-bf4c-06f5698ffbd9}'/><EventID>23</EventID><Version>5</Version><Level>4</Level><Task>23</Task><Opcode>0</Opcode><Keywords>0x8000000000000000</Keywords><TimeCreated SystemTime='2024-12-01T20:39:08.1285245Z'/><EventRecordID>240577</EventRecordID><Correlation/><Execution ProcessID='3144' ThreadID='4456'/><Channel>Microsoft-Windows-Sysmon/Operational</Channel><Computer>wrk-colby.Ecorp.local</Computer><Security UserID='S-1-5-18'/>","C:\Users\tcolby\AppData\Local\Packages\Microsoft.Windows.Search_cw5n1h2txyewy\AC\Microsoft\Internet Explorer\DOMStore\H8JSA3V2\www.bing[1].xml",,,,,,23,,"'4456'","2024-12-01T20:39:08.1285245Z","ECORP\tcolby","'S-1-5-18'","2024-12-01 20:39:08.128",5,"<Event xmlns='http://schemas.microsoft.com/win/2004/08/events/event'><System><Provider Name='Microsoft-Windows-Sysmon' Guid='{5770385f-c22a-43e0-bf4c-06f5698ffbd9}'/><EventID>23</EventID><Version>5</Version><Level>4</Level><Task>23</Task><Opcode>0</Opcode><Keywords>0x8000000000000000</Keywords><TimeCreated SystemTime='2024-12-01T20:39:08.1285245Z'/><EventRecordID>240577</EventRecordID><Correlation/><Execution ProcessID='3144' ThreadID='4456'/><Channel>Microsoft-Windows-Sysmon/Operational</Channel><Computer>wrk-colby.Ecorp.local</Computer><Security UserID='S-1-5-18'/></System><EventData><Data Name='RuleName'>-</Data><Data Name='UtcTime'>2024-12-01 20:39:08.128</Data><Data Name='ProcessGuid'>{fc7e85d2-7e4d-674c-0f04-000000002400}</Data><Data Name='ProcessId'>7880</Data><Data Name='User'>ECORP\tcolby</Data><Data Name='Image'>C:\Windows\SystemApps\Microsoft.Windows.Search_cw5n1h2txyewy\SearchApp.exe</Data><Data Name='TargetFilename'>C:\Users\tcolby\AppData\Local\Packages\Microsoft.Windows.Search_cw5n1h2txyewy\AC\Microsoft\Internet Explorer\DOMStore\H8JSA3V2\www.bing[1].xml</Data><Data Name='Hashes'>SHA1=84CA73037789F3D7743BEA2C78A3C048F018AEEA,MD5=B68A1A6D1F8657144DE8C51217C6A2AC,SHA256=45B27C888DCB78588110AD2472FE7AE9126EF1F24237CE466A2812BAAB3A6168,IMPHASH=00000000000000000000000000000000</Data><Data Name='IsExecutable'>false</Data><Data Name='Archived'>true</Data></EventData></Event>","2024-