12-01T15:49:25.438-0500",deleted,,,,,,,20,1,49,december,25,sunday,2024,0,,"wrk-colby.Ecorp.local",,,,,"wrk-colby.Ecorp.local",,"WRK-COLBY",240645,"endpoint_services_processes ms-sysmon-filemod windows_event_signature",,,"SHA1=892E834C76D1998459C59402C0A2E9EE7751F454,MD5=33E460B418F25DDF1AAB76F4AD561D47,SHA256=3A1B14744A49AB7D935FA8A71B6EC78E32019492EAD07EE8B160FA15BA1A1772,IMPHASH=00000000000000000000000000000000","2024-12-01 20:49:25.438","www.bing[1].xml","C:\Users\tcolby\AppData\Local\Packages\Microsoft.Windows.Search_cw5n1h2txyewy\AC\Microsoft\Internet Explorer\DOMStore\H8JSA3V2\www.bing[1].xml",,"WRK-COLBY",,,240645,main,1,,,,,,file,,,,,,,,,,,,,"SearchApp.exe","{fc7e85d2-7e4d-674c-0f04-000000002400}",,7880,,"SearchApp.exe","C:\Windows\SystemApps\Microsoft.Windows.Search_cw5n1h2txyewy\SearchApp.exe",,,"<_='://../////'><><_='--'_='{----}'/><></><></><><",,,,,,,,,,,,,,,,,,,,,informational,4,"FileDelete (File Delete archived)",23,"XmlWinEventLog:Microsoft-Windows-Sysmon/Operational",XmlWinEventLog,"wrk-colby",,,,,,,,,,,,"endpoint
filesystem
track_event_signatures",,"endpoint
filesystem
track_event_signatures",667,644,,,,,,,tcolby,,"'S-1-5-18'",,"Microsoft Sysmon"
,,,"Microsoft-Windows-Sysmon/Operational",,,"Microsoft Corporation","wrk-colby.Ecorp.local",,,,"OLE32 Extensions for Win32",,,,,,,,"Microsoft-Windows-Sysmon/Operational",7,"<Data Name='RuleName'>-</Data><Data Name='UtcTime'>2024-12-01 20:49:22.199</Data><Data Name='ProcessGuid'>{fc7e85d2-cbcf-674c-97e1-000000002400}</Data><Data Name='ProcessId'>8084</Data><Data Name='Image'>C:\Program Files\Wireshark\Wireshark.exe</Data><Data Name='ImageLoaded'>C:\Windows\System32\urlmon.dll</Data><Data Name='FileVersion'>11.00.19041.5072 (WinBuild.160101.0800)</Data><Data Name='Description'>OLE32 Extensions for Win32</Data><Data Name='Product'>Internet Explorer</Data><Data Name='Company'>Microsoft Corporation</Data><Data Name='OriginalFileName'>UrlMon.dll</Data><Data Name='Hashes'>SHA1=1DB1F9F5C4E4A65FF74E1BA55027C756E01BC7E8,MD5=1B26A1939226185340ABCF4F112D52C5,SHA256=B5AC75AE86CAC11FE4063B271273B5E695824E2324A54C7E9A77BDE7BB6C6A88,IMPHASH=22019FF0DD6B140CC5C75C9E26641C22</Data><Data Name='Signed'>true</Data><Data Name='Signature'>Microsoft Windows</Data><Data Name='SignatureStatus'>Valid</Data><Data Name='User'>ECORP\tcolby</Data>","Image loaded",7,240644,,"11.00.19041.5072 (WinBuild.160101.0800)",,,"'{5770385f-c22a-43e0-bf4c-06f5698ffbd9}'","SHA1=1DB1F9F5C4E4A65FF74E1BA55027C756E01BC7E8,MD5=1B26A1939226185340ABCF4F112D52C5,SHA256=B5AC75AE86CAC11FE4063B271273B5E695824E2324A54C7E9A77BDE7BB6C6A88,IMPHASH=22019FF0DD6B140CC5C75C9E26641C22",22019FF0DD6B140CC5C75C9E26641C22,"C:\Program Files\Wireshark\Wireshark.exe","C:\Windows\System32\urlmon.dll",,,,,0x8000000000000000,4,,,1B26A1939226185340ABCF4F112D52C5,"'Microsoft-Windows-Sysmon'",0,"UrlMon.dll",,,,,,,"{fc7e85d2-cbcf-674c-97e1-000000002400}","'3144'",8084,"Internet Explorer",,,,,240644,240644,,"-",1DB1F9F5C4E4A65FF74E1BA55027C756E01BC7E8,B5AC75AE86CAC11FE4063B271273B5E695824E2324A54C7E9A77BDE7BB6C6A88,"S-1-5-18","Microsoft Windows",Valid,true,,,,,,,,,,,,"'2024-12-01T20:49:22.2246858Z'","<Provider Name='Microsoft-Windows-Sysmon' Guid='{5770385f-c22a-43e0-bf4c-06f5698ffbd9}'/><EventID>7</EventID><Version>3</Version><Level>4</Level><Task>7</Task><Opcode>0</Opcode><Keywords>0x8000000000000000</Keywords><TimeCreated SystemTime='2024-12-01T20:49:22.2246858Z'/><EventRecordID>240644</EventRecordID><Correlation/><Execution ProcessID='3144' ThreadID='4460'/><Channel>Microsoft-Windows-Sysmon/Operational</Channel><Computer>wrk-colby.Ecorp.local</Computer><Security UserID='S-1-5-18'/>",,,,,,,7,,"'4460'","2024-12-01T20:49:22.2246858Z","ECORP\tcolby","'S-1-5-18'","2024-12-01 20:49:22.199",3,"<Event xmlns='http://schemas.microsoft.com/win/2004/08/events/event'><System><Provider Name='Microsoft-Windows-Sysmon' Guid='{5770385f-c22a-43e0-bf4c-06f5698ffbd9}'/><EventID>7</EventID><Version>3</Version><Level>4</Level><Task>7</Task><Opcode>0</Opcode><Keywords>0x8000000000000000</Keywords><TimeCreated SystemTime='2024-12-01T20:49:22.2246858Z'/><EventRecordID>240644</EventRecordID><Correlation/><Execution ProcessID='3144' ThreadID='4460'/><Channel>Microsoft-Windows-Sysmon/Operational</Channel><Computer>wrk-colby.Ecorp.local</Computer><Security UserID='S-1-5-18'/></System><EventData><Data Name='RuleName'>-</Data><Data Name='UtcTime'>2024-12-01 20:49:22.199</Data><Data Name='ProcessGuid'>{fc7e85d2-cbcf-674c-97e1-000000002400}</Data><Data Name='ProcessId'>8084</Data><Data Name='Image'>C:\Program Files\Wireshark\Wireshark.exe</Data><Data Name='ImageLoaded'>C:\Windows\System32\urlmon.dll</Data><Data Name='FileVersion'>11.00.19041.5072 (WinBuild.160101.0800)</Data><Data Name='Description'>OLE32 Extensions for Win32</Data><Data Name='Product'>Internet Explorer</Data><Data Name='Company'>Microsoft Corporation</Data><Data Name='OriginalFileName'>UrlMon.dll</Data><Data Name='Hashes'>SHA1=1DB1F9F5C4E4A65FF74E1BA55027C756E01BC7E8,MD5=1B26A1939226185340ABCF4F112D52C5,SHA256=B5AC75AE86CAC11FE4063B271273B5E695824E2324A54C7E9A77BDE7BB6C6A88,IMPHASH=22019FF0DD6B140CC5C75C9E26641C22</Data><Data Name='Signed'>true</Data><Data Name='Signature'>Microsoft Windows</Data><Data Name='SignatureStatus'>Valid</Data><Data Name='User'>ECORP\tcolby</Data></EventData></Event>","2024-12-01T15:49:22.199-0500",success,,,,,,,20,1,49,december,22,sunday,2024,0,,"wrk-colby.Ecorp.local",,,,,"wrk-colby.Ecorp.local",,"WRK-COLBY",240644,"endpoint_services_processes ms-sysmon-process windows_event_signature",,,,,,,,"WRK-COLBY",,,240644,main,1,"urlmon.dll","C:\Windows\System32\urlmon.dll",,,,,,"UrlMon.dll","Microsoft Windows",,,,,,,,,,"Wireshark.exe","{fc7e85d2-cbcf-674c-97e1-000000002400}","SHA1=1DB1F9F5C4E4A65FF74E1BA55027C756E01BC7E8,MD5=1B26A1939226185340ABCF4F112D52C5,SHA256=B5AC75AE86CAC11FE4063B271273B5E695824E2324A54C7E9A77BDE7BB6C6A88,IMPHASH=22019FF0DD6B140CC5C75C9E26641C22",8084,,"Wireshark.exe","C:\Program Files\Wireshark\Wireshark.exe",,,"<_='://../////'><><_='--'_='{----}'/><></><></><><",,,,,,,,,,,,,,,true,true,,,,,informational,4,"Image loaded",7,"XmlWinEventLog:Microsoft-Windows-Sysmon/Operational",XmlWinEventLog,"wrk-colby",,,,,,,,,,,,"process
report
track_event_signatures",,"process
report
track_event_signatures",665,642,,,,,,,tcolby,,"'S-1-5-18'",,"Microsoft Sysmon"
,,,"Microsoft-Windows-Sysmon/Operational",,,,"wrk-colby.Ecorp.local",,,,,,,,,,,,"Microsoft-Windows-Sysmon/Operational",17,"<Data Name='RuleName'>-</Data><Data Name='EventType'>CreatePipe</Data><Data Name='UtcTime'>2024-12-01 20:49:21.893</Data><Data Name='ProcessGuid'>{fc7e85d2-cbcf-674c-97e1-000000002400}</Data><Data Name='ProcessId'>8084</Data><Data Name='PipeName'>\WiresharkWsPipe.00001f94.00000006</Data><Data Name='Image'>C:\Program Files\Wireshark\Wireshark.exe</Data><Data Name='User'>ECORP\tcolby</Data>","PipeEvent (Pipe Created)",17,240643,CreatePipe,,,,"'{5770385f-c22a-43e0-bf4c-06f5698ffbd9}'",,,"C:\Program Files\Wireshark\Wireshark.exe",,,,,,0x8000000000000000,4,,,,"'Microsoft-Windows-Sysmon'",0,,,,,,,"\WiresharkWsPipe.00001f94.00000006","{fc7e85d2-cbcf-674c-97e1-000000002400}","'3144'",8084,,,,,,240643,240643,,"-",,,"S-1-5-18",,,,,,,,,,,,,,,"'2024-12-01T20:49:21.8950619Z'","<Provider Name='Microsoft-Windows-Sysmon' Guid='{5770385f-c22a-43e0-bf4c-06f5698ffbd9}'/><EventID>17</EventID><Version>1</Version><Level>4</Level><Task>17</Task><Opcode>0</Opcode><Keywords>0x8000000000000000</Keywords><TimeCreated SystemTime='2024-12-01T20:49:21.8950619Z'/><EventRecordID>240643</EventRecordID><Correlation/><Execution ProcessID='3144' ThreadID='4456'/><Channel>Microsoft-Windows-Sysmon/Operational</Channel><Computer>wrk-colby.Ecorp.local</Computer><Security UserID='S-1-5-18'/>",,,,,,,17,,"'4456'","2024-12-01T20:49:21.8950619Z","ECORP\tcolby","'S-1-5-18'","2024-12-01 20:49:21.893",1,"<Event xmlns='http://schemas.microsoft.com/win/2004/08/events/event'><System><Provider Name='Microsoft-Windows-Sysmon' Guid='{5770385f-c22a-43e0-bf4c-06f5698ffbd9}'/><EventID>17</EventID><Version>1</Version><Level>4</Level><Task>17</Task><Opcode>0</Opcode><Keywords>0x8000000000000000</Keywords><TimeCreated SystemTime='2024-12-01T20:49:21.8950619Z'/><EventRecordID>240643</EventRecordID><Correlation/><Execution ProcessID='3144' ThreadID='4456'/><Channel>Microsoft-Windows-Sysmon/Operational</Channel><Computer>wrk-colby.Ecorp.local</Computer><Security UserID='S-1-5-18'/></System><EventData><Data Name='RuleName'>-</Data><Data Name='EventType'>CreatePipe</Data><Data Name='UtcTime'>2024-12-01 20:49:21.893</Data><Data Name='ProcessGuid'>{fc7e85d2-cbcf-674c-97e1-000000002400}</Data><Data Name='ProcessId'>8084</Data><Data Name='PipeName'>\WiresharkWsPipe.00001f94.00000006</Data><Data Name='Image'>C:\Program Files\Wireshark\Wireshark.exe</Data><Data Name='User'>ECORP\tcolby</Data></EventData></Event>","2024-12-01T15:49:21.893-0500",allowed,,,,,,,20,1,49,december,21,sunday,2024,0,,"wrk-colby.Ecorp.local",,,,,"wrk-colby.Ecorp.local",,"WRK-COLBY",240643,"endpoint_services_processes ms-sysmon-process windows_event_signature",,,,,,,,"WRK-COLBY",,,240643,main,1,,,,,,,,,"Microsoft Windows",,,,,,,"\WiresharkWsPipe.00001f94.00000006",,,"Wireshark.exe","{fc7e85d2-cbcf-674c-97e1-000000002400}",,8084,,"Wireshark.exe","C:\Program Files\Wireshark\Wireshark.exe",,,"<_='://../////'><><_='--'_='{----}'/><></><></><><",,,,,,,,,,,,,,,,,,,,,informational,4,"PipeEvent (Pipe Created)",17,"XmlWinEventLog:Microsoft-Windows-Sysmon/Operational",XmlWinEventLog,"wrk-colby",,,,,,,,,,,,"process
report
track_event_signatures",,"process
report
track_event_signatures",707,684,,,,,,,tcolby,,"'S-1-5-18'",,"Microsoft Sysmon"
,,,"Microsoft-Windows-Sysmon/Operational",,,,"wrk-colby.Ecorp.local",,,,,,,,,,,,"Microsoft-Windows-Sysmon/Operational",17,"<Data Name='RuleName'>-</Data><Data Name='EventType'>CreatePipe</Data><Data Name='UtcTime'>2024-12-01 20:49:21.893</Data><Data Name='ProcessGuid'>{fc7e85d2-cbcf-674c-97e1-000000002400}</Data><Data Name='ProcessId'>8084</Data><Data Name='PipeName'>\WiresharkWsPipe.00001f94.00000005</Data><Data Name='Image'>C:\Program Files\Wireshark\Wireshark.exe</Data><Data Name='User'>ECORP\tcolby</Data>","PipeEvent (Pipe Created)",17,240642,CreatePipe,,,,"'{5770385f-c22a-43e0-bf4c-06f5698ffbd9}'",,,"C:\Program Files\Wireshark\Wireshark.exe",,,,,,0x8000000000000000,4,,,,"'Microsoft-Windows-Sysmon'",0,,,,,,,"\WiresharkWsPipe.00001f94.00000005","{fc7e85d2-cbcf-674c-97e1-000000002400}","'3144'",8084,,,,,,240642,240642,,"-",,,"S-1-5-18",,,,,,,,,,,,,,,"'2024-12-01T20:49:21.8949963Z'","<Provider Name='Microsoft-Windows-Sysmon' Guid='{5770385f-c22a-43e0-bf4c-06f5698ffbd9}'/><EventID>17</EventID><Version>1</Version><Level>4</Level><Task>17</Task><Opcode>0</Opcode><Keywords>0x8000000000000000</Keywords><TimeCreated SystemTime='2024-12-01T20:49:21.8949963Z'/><EventRecordID>240642</EventRecordID><Correlation/><Execution ProcessID='3144' ThreadID='4456'/><Channel>Microsoft-Windows-Sysmon/Operational</Channel><Computer>wrk-colby.Ecorp.local</Computer><Security UserID='S-1-5-18'/>",,,,,,,17,,"'4456'","2024-12-01T20:49:21.8949963Z","ECORP\tcolby","'S-1-5-18'","2024-12-01 20:49:21.893",1,"<Event xmlns='http://schemas.microsoft.com/win/2004/08/events/event'><System><Provider Name='Microsoft-Windows-Sysmon' Guid='{5770385f-c22a-43e0-bf4c-06f5698ffbd9}'/><EventID>17</EventID><Version>1</Version><Level>4</Level><Task>17</Task><Opcode>0</Opcode><Keywords>0x8000000000000000</Keywords><TimeCreated SystemTime='2024-12-01T20:49:21.8949963Z'/><EventRecordID>240642</EventRecordID><Correlation/><Execution ProcessID='3144' ThreadID='4456'/><Channel>Microsoft-Windows-Sysmon/Operational</Channel><Computer>wrk-colby.Ecorp.local</Computer><Security UserID='S-1-5-18'/></System><EventData><Data Name='RuleName'>-</Data><Data Name='EventType'>CreatePipe</Data><Data Name='UtcTime'>2024-12-01 20:49:21.893</Data><Data Name='ProcessGuid'>{fc7e85d2-cbcf-674c-97e1-000000002400}</Data><Data Name='ProcessId'>8084</Data><Data Name='PipeName'>\WiresharkWsPipe.00001f94.00000005</Data><Data Name='Image'>C:\Program Files\Wireshark\Wireshark.exe</Data><Data Name='User'>ECORP\tcolby</Data></EventData></Event>","2024-12-01T15:49:21.893-0500",allowed,,,,,,,20,1,49,december,21,sunday,2024,0,,"wrk-colby.Ecorp.local",,,,,"wrk-colby.Ecorp.local",,"WRK-COLBY",240642,"endpoint_services_processes ms-sysmon-process windows_event_signature",,,,,,,,"WRK-COLBY",,,240642,main,1,,,,,,,,,"Microsoft Windows",,,,,,,"\WiresharkWsPipe.00001f94.00000005",,,"Wireshark.exe","{fc7e85d2-cbcf-674c-97e1-000000002400}",,8084,,"Wireshark.exe","C:\Program Files\Wireshark\Wireshark.exe",,,"<_='://../////'><><_='--'_='{----}'/><></><></><><",,,,,,,,,,,,,,,,,,,,,informational,4,"PipeEvent (Pipe Created)",17,"XmlWinEventLog:Microsoft-Windows-Sysmon/Operational",XmlWinEventLog,"wrk-colby",,,,,,,,,,,,"process
report
track_event_signatures",,"process
report
track_event_signatures",707,684,,,,,,,tcolby,,"'S-1-5-18'",,"Microsoft Sysmon"
,,,"Microsoft-Windows-Sysmon/Operational",,,,"wrk-colby.Ecorp.local",,,,,,,,,,,,"Microsoft-Windows-Sysmon/Operational",17,"<Data Name='RuleName'>-</Data><Data Name='EventType'>CreatePipe</Data><Data Name='UtcTime'>2024-12-01 20:49:21.801</Data><Data Name='ProcessGuid'>{fc7e85d2-cbcf-674c-97e1-000000002400}</Data><Data Name='ProcessId'>8084</Data><Data Name='PipeName'>\wireshark.8084.dummy.signal</Data><Data Name='Image'>C:\Program Files\Wireshark\Wireshark.exe</Data><Data Name='User'>ECORP\tcolby</Data>","PipeEvent (Pipe Created)",17,240641,CreatePipe,,,,"'{5770385f-c22a-43e0-bf4c-06f5698ffbd9}'",,,"C:\Program Files\Wireshark\Wireshark.exe",,,,,,0x8000000000000000,4,,,,"'Microsoft-Windows-Sysmon'",0,,,,,,,"\wireshark.8084.dummy.signal","{fc7e85d2-cbcf-674c-97e1-000000002400}","'3144'",8084,,,,,,240641,240641,,"-",,,"S-1-5-18",,,,,,,,,,,,,,,"'2024-12-01T20:49:21.8045303Z'","<Provider Name='Microsoft-Windows-Sysmon' Guid='{5770385f-c22a-43e0-bf4c-06f5698ffbd9}'/><EventID>17</EventID><Version>1</Version><Level>4</Level><Task>17</Task><Opcode>0</Opcode><Keywords>0x8000000000000000</Keywords><TimeCreated SystemTime='2024-12-01T20:49:21.8045303Z'/><EventRecordID>240641</EventRecordID><Correlation/><Execution ProcessID='3144' ThreadID='4456'/><Channel>Microsoft-Windows-Sysmon/Operational</Channel><Computer>wrk-colby.Ecorp.local</Computer><Security UserID='S-1-5-18'/>",,,,,,,17,,"'4456'","2024-12-01T20:49:21.8045303Z","ECORP\tcolby","'S-1-5-18'","2024-12-01 20:49:21.801",1,"<Event xmlns='http://schemas.microsoft.com/win/2004/08/events/event'><System><Provider Name='Microsoft-Windows-Sysmon' Guid='{5770385f-c22a-43e0-bf4c-06f5698ffbd9}'/><EventID>17</EventID><Version>1</Version><Level>4</Level><Task>17</Task><Opcode>0</Opcode><Keywords>0x8000000000000000</Keywords><TimeCreated SystemTime='2024-12-01T20:49:21.8045303Z'/><EventRecordID>240641</EventRecordID><Correlation/><Execution ProcessID='3144' ThreadID='4456'/><Channel>Microsoft-Windows-Sysmon/Operational</Channel><Computer>wrk-colby.Ecorp.local</Computer><Security UserID='S-1-5-18'/></System><EventData><Data Name='RuleName'>-</Data><Data Name='EventType'>CreatePipe</Data><Data Name='UtcTime'>2024-12-01 20:49:21.801</Data><Data Name='ProcessGuid'>{fc7e85d2-cbcf-674c-97e1-000000002400}</Data><Data Name='ProcessId'>8084</Data><Data Name='PipeName'>\wireshark.8084.dummy.signal</Data><Data Name='Image'>C:\Program Files\Wireshark\Wireshark.exe</Data><Data Name='User'>ECORP\tcolby</Data></EventData></Event>","2024-12-01T15:49:21.801-0500",allowed,,,,,,,20,1,49,december,21,sunday,2024,0,,"wrk-colby.Ecorp.local",,,,,"wrk-colby.Ecorp.local",,"WRK-COLBY",240641,"endpoint_services_processes ms-sysmon-process windows_event_signature",,,,,,,,"WRK-COLBY",,,240641,main,1,,,,,,,,,"Microsoft Windows",,,,,,,"\wireshark.8084.dummy.signal",,,"Wireshark.exe","{fc7e85d2-cbcf-674c-97e1-000000002400}",,8084,,"Wireshark.exe","C:\Program Files\Wireshark\Wireshark.exe",,,"<_='://../////'><><_='--'_='{----}'/><></><></><><",,,,,,,,,,,,,,,,,,,,,informational,4,"PipeEvent (Pipe Created)",17,"XmlWinEventLog:Microsoft-Windows-Sysmon/Operational",XmlWinEventLog,"wrk-colby",,,,,,,,,,,,"process
report
track_event_signatures",,"process
report
track_event_signatures",707,684,,,,,,,tcolby,,"'S-1-5-18'",,"Microsoft Sysmon"
,,,"Microsoft-Windows-Sysmon/Operational",,,,"wrk-colby.Ecorp.local",,,,,,,,,,,,"Microsoft-Windows-Sysmon/Operational",17,"<Data Name='RuleName'>-</Data><Data Name='EventType'>CreatePipe</Data><Data Name='UtcTime'>2024-12-01 20:49:21.743</Data><Data Name='ProcessGuid'>{fc7e85d2-cbcf-674c-97e1-000000002400}</Data><Data Name='ProcessId'>8084</Data><Data Name='PipeName'>\WiresharkWsPipe.00001f94.00000004</Data><Data Name='Image'>C:\Program Files\Wireshark\Wireshark.exe</Data><Data Name='User'>ECORP\tcolby</Data>","PipeEvent (Pipe Created)",17,240640,CreatePipe,,,,"'{5770385f-c22a-43e0-bf4c-06f5698ffbd9}'",,,"C:\Program Files\Wireshark\Wireshark.exe",,,,,,0x8000000000000000,4,,,,"'Microsoft-Windows-Sysmon'",0,,,,,,,"\WiresharkWsPipe.00001f94.00000004","{fc7e85d2-cbcf-674c-97e1-000000002400}","'3144'",8084,,,,,,240640,240640,,"-",,,"S-1-5-18",,,,,,,,,,,,,,,"'2024-12-01T20:49:21.7451386Z'","<Provider Name='Microsoft-Windows-Sysmon' Guid='{5770385f-c22a-43e0-bf4c-06f5698ffbd9}'/><EventID>17</EventID><Version>1</Version><Level>4</Level><Task>17</Task><Opcode>0</Opcode><Keywords>0x8000000000000000</Keywords><TimeCreated SystemTime='2024-12-01T20:49:21.7451386Z'/><EventRecordID>240640</EventRecordID><Correlation/><Execution ProcessID='3144' ThreadID='4456'/><Channel>Microsoft-Windows-Sysmon/Operational</Channel><Computer>wrk-colby.Ecorp.local</Computer><Security UserID='S-1-5-18'/>",,,,,,,17,,"'4456'","2024-12-01T20:49:21.7451386Z","ECORP\tcolby","'S-1-5-18'","2024-12-01 20:49:21.743",1,"<Event xmlns='http://schemas.microsoft.com/win/2004/08/events/event'><System><Provider Name='Microsoft-Windows-Sysmon' Guid='{5770385f-c22a-43e0-bf4c-06f5698ffbd9}'/><EventID>17</EventID><Version>1</Version><Level>4</Level><Task>17</Task><Opcode>0</Opcode><Keywords>0x8000000000000000</Keywords><TimeCreated SystemTime='2024-12-01T20:49:21.7451386Z'/><EventRecordID>240640</EventRecordID><Correlation/><Execution ProcessID='3144' ThreadID='4456'/><Channel>Microsoft-Windows-Sysmon/Operational</Channel><Computer>wrk-colby.Ecorp.local</Computer><Security UserID='S-1-5-18'/></System><EventData><Data Name='RuleName'>-</Data><Data Name='EventType'>CreatePipe</Data><Data Name='UtcTime'>2024-12-01 20:49:21.743</Data><Data Name='ProcessGuid'>{fc7e85d2-cbcf-674c-97e1-000000002400}</Data><Data Name='ProcessId'>8084</Data><Data Name='PipeName'>\WiresharkWsPipe.00001f94.00000004</Data><Data Name='Image'>C:\Program Files\Wireshark\Wireshark.exe</Data><Data Name='User'>ECORP\tcolby</Data></EventData></Event>","2024-12-01T15:49:21.743-0500",allowed,,,,,,,20,1,49,december,21,sunday,2024,0,,"wrk-colby.Ecorp.local",,,,,"wrk-colby.Ecorp.local",,"WRK-COLBY",240640,"endpoint_services_processes ms-sysmon-process windows_event_signature",,,,,,,,"WRK-COLBY",,,240640,main,1,,,,,,,,,"Microsoft Windows",,,,,,,"\WiresharkWsPipe.00001f94.00000004",,,"Wireshark.exe","{fc7e85d2-cbcf-674c-97e1-000000002400}",,8084,,"Wireshark.exe","C:\Program Files\Wireshark\Wireshark.exe",,,"<_='://../////'><><_='--'_='{----}'/><></><></><><",,,,,,,,,,,,,,,,,,,,,informational,4,"PipeEvent (Pipe Created)",17,"XmlWinEventLog:Microsoft-Windows-Sysmon/Operational",XmlWinEventLog,"wrk-colby",,,,,,,,,,,,"process
report
track_event_signatures",,"process
report
track_event_signatures",707,684,,,,,,,tcolby,,"'S-1-5-18'",,"Microsoft Sysmon"
,,,"Microsoft-Windows-Sysmon/Operational",,,,"wrk-colby.Ecorp.local",,,,,,,,,,,,"Microsoft-Windows-Sysmon/Operational",17,"<Data Name='RuleName'>-</Data><Data Name='EventType'>CreatePipe</Data><Data Name='UtcTime'>2024-12-01 20:49:21.743</Data><Data Name='ProcessGuid'>{fc7e85d2-cbcf-674c-97e1-000000002400}</Data><Data Name='ProcessId'>8084</Data><Data Name='PipeName'>\WiresharkWsPipe.00001f94.00000003</Data><Data Name='Image'>C:\Program Files\Wireshark\Wireshark.exe</Data><Data Name='User'>ECORP\tcolby</Data>","PipeEvent (Pipe Created)",17,240639,CreatePipe,,,,"'{5770385f-c22a-43e0-bf4c-06f5698ffbd9}'",,,"C:\Program Files\Wireshark\Wireshark.exe",,,,,,0x8000000000000000,4,,,,"'Microsoft-Windows-Sysmon'",0,,,,,,,"\WiresharkWsPipe.00001f94.00000003","{fc7e85d2-cbcf-674c-97e1-000000002400}","'3144'",8084,,,,,,240639,240639,,"-",,,"S-1-5-18",,,,,,,,,,,,,,,"'2024-12-01T20:49:21.7450934Z'","<Provider Name='Microsoft-Windows-Sysmon' Guid='{5770385f-c22a-43e0-bf4c-06f5698ffbd9}'/><EventID>17</EventID><Version>1</Version><Level>4</Level><Task>17</Task><Opcode>0</Opcode><Keywords>0x8000000000000000</Keywords><TimeCreated SystemTime='2024-12-01T20:49:21.7450934Z'/><EventRecordID>240639</EventRecordID><Correlation/><Execution ProcessID='3144' ThreadID='4456'/><Channel>Microsoft-Windows-Sysmon/Operational</Channel><Computer>wrk-colby.Ecorp.local</Computer><Security UserID='S-1-5-18'/>",,,,,,,17,,"'4456'","2024-12-01T20:49:21.7450934Z","ECORP\tcolby","'S-1-5-18'","2024-12-01 20:49:21.743",1,"<Event xmlns='http://schemas.microsoft.com/win/2004/08/events/event'><System><Provider Name='Microsoft-Windows-Sysmon' Guid='{5770385f-c22a-43e0-bf4c-06f5698ffbd9}'/><EventID>17</EventID><Version>1</Version><Level>4</Level><Task>17</Task><Opcode>0</Opcode><Keywords>0x8000000000000000</Keywords><TimeCreated SystemTime='2024-12-01T20:49:21.7450934Z'/><EventRecordID>240639</EventRecordID><Correlation/><Execution ProcessID='3144' ThreadID='4456'/><Channel>Microsoft-Windows-Sysmon/Operational</Channel><Computer>wrk-colby.Ecorp.local</Computer><Security UserID='S-1-5-18'/></System><EventData><Data Name='RuleName'>-</Data><Data Name='EventType'>CreatePipe</Data><Data Name='UtcTime'>2024-12-01 20:49:21.743</Data><Data Name='ProcessGuid'>{fc7e85d2-cbcf-674c-97e1-000000002400}</Data><Data Name='ProcessId'>8084</Data><Data Name='PipeName'>\WiresharkWsPipe.00001f94.00000003</Data><Data Name='Image'>C:\Program Files\Wireshark\Wireshark.exe</Data><Data Name='User'>ECORP\tcolby</Data></EventData></Event>","2024-12-01T15:49:21.743-0500",allowed,,,,,,,20,1,49,december,21,sunday,2024,0,,"wrk-colby.Ecorp.local",,,,,"wrk-colby.Ecorp.local",,"WRK-COLBY",240639,"endpoint_services_processes ms-sysmon-process windows_event_signature",,,,,,,,"WRK-COLBY",,,240639,main,1,,,,,,,,,"Microsoft Windows",,,,,,,"\WiresharkWsPipe.00001f94.00000003",,,"Wireshark.exe","{fc7e85d2-cbcf-674c-97e1-000000002400}",,8084,,"Wireshark.exe","C:\Program Files\Wireshark\Wireshark.exe",,,"<_='://../////'><><_='--'_='{----}'/><></><></><><",,,,,,,,,,,,,,,,,,,,,informational,4,"PipeEvent (Pipe Created)",17,"XmlWinEventLog:Microsoft-Windows-Sysmon/Operational",XmlWinEventLog,"wrk-colby",,,,,,,,,,,,"process
report
track_event_signatures",,"process
report
track_event_signatures",707,684,,,,,,,tcolby,,"'S-1-5-18'",,"Microsoft Sysmon"
,,,"Microsoft-Windows-Sysmon/Operational",,,,"wrk-colby.Ecorp.local",,,,,,,,,,,,"Microsoft-Windows-Sysmon/Operational",17,"<Data Name='RuleName'>-</Data><Data Name='EventType'>CreatePipe</Data><Data Name='UtcTime'>2024-12-01 20:49:21.616</Data><Data Name='ProcessGuid'>{fc7e85d2-cbcf-674c-97e1-000000002400}</Data><Data Name='ProcessId'>8084</Data><Data Name='PipeName'>\WiresharkWsPipe.00001f94.00000002</Data><Data Name='Image'>C:\Program Files\Wireshark\Wireshark.exe</Data><Data Name='User'>ECORP\tcolby</Data>","PipeEvent (Pipe Created)",17,240638,CreatePipe,,,,"'{5770385f-c22a-43e0-bf4c-06f5698ffbd9}'",,,"C:\Program Files\Wireshark\Wireshark.exe",,,,,,0x8000000000000000,4,,,,"'Microsoft-Windows-Sysmon'",0,,,,,,,"\WiresharkWsPipe.00001f94.00000002","{fc7e85d2-cbcf-674c-97e1-000000002400}","'3144'",8084,,,,,,240638,240638,,"-",,,"S-1-5-18",,,,,,,,,,,,,,,"'2024-12-01T20:49:21.6170523Z'","<Provider Name='Microsoft-Windows-Sysmon' Guid='{5770385f-c22a-43e0-bf4c-06f5698ffbd9}'/><EventID>17</EventID><Version>1</Version><Level>4</Level><Task>17</Task><Opcode>0</Opcode><Keywords>0x8000000000000000</Keywords><TimeCreated SystemTime='2024-12-01T20:49:21.6170523Z'/><EventRecordID>240638</EventRecordID><Correlation/><Execution ProcessID='3144' ThreadID='4456'/><Channel>Microsoft-Windows-Sysmon/Operational</Channel><Computer>wrk-colby.Ecorp.local</Computer><Security UserID='S-1-5-18'/>",,,,,,,17,,"'4456'","2024-12-01T20:49:21.6170523Z","ECORP\tcolby","'S-1-5-18'","2024-12-01 20:49:21.616",1,"<Event xmlns='http://schemas.microsoft.com/win/2004/08/events/event'><System><Provider Name='Microsoft-Windows-Sysmon' Guid='{5770385f-c22a-43e0-bf4c-06f5698ffbd9}'/><EventID>17</EventID><Version>1</Version><Level>4</Level><Task>17</Task><Opcode>0</Opcode><Keywords>0x8000000000000000</Keywords><TimeCreated SystemTime='2024-12-01T20:49:21.6170523Z'/><EventRecordID>240638</EventRecordID><Correlation/><Execution ProcessID='3144' ThreadID='4456'/><Channel>Microsoft-Windows-Sysmon/Operational</Channel><Computer>wrk-colby.Ecorp.local</Computer><Security UserID='S-1-5-18'/></System><EventData><Data Name='RuleName'>-</Data><Data Name='EventType'>CreatePipe</Data><Data Name='UtcTime'>2024-12-01 20:49:21.616</Data><Data Name='ProcessGuid'>{fc7e85d2-cbcf-674c-97e1-000000002400}</Data><Data Name='ProcessId'>8084</Data><Data Name='PipeName'>\WiresharkWsPipe.00001f94.00000002</Data><Data Name='Image'>C:\Program Files\Wireshark\Wireshark.exe</Data><Data Name='User'>ECORP\tcolby</Data></EventData></Event>","2024-12-01T15:49:21.616-0500",allowed,,,,,,,20,1,49,december,21,sunday,2024,0,,"wrk-colby.Ecorp.local",,,,,"wrk-colby.Ecorp.local",,"WRK-COLBY",240638,"endpoint_services_processes ms-sysmon-process windows_event_signature",,,,,,,,"WRK-COLBY",,,240638,main,1,,,,,,,,,"Microsoft Windows",,,,,,,"\WiresharkWsPipe.00001f94.00000002",,,"Wireshark.exe","{fc7e85d2-cbcf-674c-97e1-000000002400}",,8084,,"Wireshark.exe","C:\Program Files\Wireshark\Wireshark.exe",,,"<_='://../////'><><_='--'_='{----}'/><></><></><><",,,,,,,,,,,,,,,,,,,,,informational,4,"PipeEvent (Pipe Created)",17,"XmlWinEventLog:Microsoft-Windows-Sysmon/Operational",XmlWinEventLog,"wrk-colby",,,,,,,,,,,,"process
report
track_event_signatures",,"process
report
track_event_signatures",707,684,,,,,,,tcolby,,"'S-1-5-18'",,"Microsoft Sysmon"
,,,"Microsoft-Windows-Sysmon/Operational",,,,"wrk-colby.Ecorp.local",,,,,,,,,,,,"Microsoft-Windows-Sysmon/Operational",17,"<Data Name='RuleName'>-</Data><Data Name='EventType'>CreatePipe</Data><Data Name='UtcTime'>2024-12-01 20:49:21.616</Data><Data Name='ProcessGuid'>{fc7e85d2-cbcf-674c-97e1-000000002400}</Data><Data Name='ProcessId'>8084</Data><Data Name='PipeName'>\WiresharkWsPipe.00001f94.00000001</Data><Data Name='Image'>C:\Program Files\Wireshark\Wireshark.exe</Data><Data Name='User'>ECORP\tcolby</Data>","PipeEvent (Pipe Created)",17,240637,CreatePipe,,,,"'{5770385f-c22a-43e0-bf4c-06f5698ffbd9}'",,,"C:\Program Files\Wireshark\Wireshark.exe",,,,,,0x8000000000000000,4,,,,"'Microsoft-Windows-Sysmon'",0,,,,,,,"\WiresharkWsPipe.00001f94.00000001","{fc7e85d2-cbcf-674c-97e1-000000002400}","'3144'",8084,,,,,,240637,240637,,"-",,,"S-1-5-18",,,,,,,,,,,,,,,"'2024-12-01T20:49:21.6170031Z'","<Provider Name='Microsoft-Windows-Sysmon' Guid='{5770385f-c22a-43e0-bf4c-06f5698ffbd9}'/><EventID>17</EventID><Version>1</Version><Level>4</Level><Task>17</Task><Opcode>0</Opcode><Keywords>0x8000000000000000</Keywords><TimeCreated SystemTime='2024-12-01T20:49:21.6170031Z'/><EventRecordID>240637</EventRecordID><Correlation/><Execution ProcessID='3144' ThreadID='4456'/><Channel>Microsoft-Windows-Sysmon/Operational</Channel><Computer>wrk-colby.Ecorp.local</Computer><Security UserID='S-1-5-18'/>",,,,,,,17,,"'4456'","2024-12-01T20:49:21.6170031Z","ECORP\tcolby","'S-1-5-18'","2024-12-01 20:49:21.616",1,"<Event xmlns='http://schemas.microsoft.com/win/2004/08/events/event'><System><Provider Name='Microsoft-Windows-Sysmon' Guid='{5770385f-c22a-43e0-bf4c-06f5698ffbd9}'/><EventID>17</EventID><Version>1</Version><Level>4</Level><Task>17</Task><Opcode>0</Opcode><Keywords>0x8000000000000000</Keywords><TimeCreated SystemTime='2024-12-01T20:49:21.6170031Z'/><EventRecordID>240637</EventRecordID><Correlation/><Execution ProcessID='3144' ThreadID='4456'/><Channel>Microsoft-Windows-Sysmon/Operational</Channel><Computer>wrk-colby.Ecorp.local</Computer><Security UserID='S-1-5-18'/></System><EventData><Data Name='RuleName'>-</Data><Data Name='EventType'>CreatePipe</Data><Data Name='UtcTime'>2024-12-01 20:49:21.616</Data><Data Name='ProcessGuid'>{fc7e85d2-cbcf-674c-97e1-000000002400}</Data><Data Name='ProcessId'>8084</Data><Data Name='PipeName'>\WiresharkWsPipe.00001f94.00000001</Data><Data Name='Image'>C:\Program Files\Wireshark\Wireshark.exe</Data><Data Name='User'>ECORP\tcolby</Data></EventData></Event>","2024-12-01T15:49:21.616-0500",allowed,,,,,,,20,1,49,december,21,sunday,2024,0,,"wrk-colby.Ecorp.local",,,,,"wrk-colby.Ecorp.local",,"WRK-COLBY",240637,"endpoint_services_processes ms-sysmon-process windows_event_signature",,,,,,,,"WRK-COLBY",,,240637,main,1,,,,,,,,,"Microsoft Windows",,,,,,,"\WiresharkWsPipe.00001f94.00000001",,,"Wireshark.exe","{fc7e85d2-cbcf-674c-97e1-000000002400}",,8084,,"Wireshark.exe","C:\Program Files\Wireshark\Wireshark.exe",,,"<_='://../////'><><_='--'_='{----}'/><></><></><><",,,,,,,,,,,,,,,,,,,,,informational,4,"PipeEvent (Pipe Created)",17,"XmlWinEventLog:Microsoft-Windows-Sysmon/Operational",XmlWinEventLog,"wrk-colby",,,,,,,,,,,,"process
report
track_event_signatures",,"process
report
track_event_signatures",707,684,,,,,,,tcolby,,"'S-1-5-18'",,"Microsoft Sysmon"
true,,,"Microsoft-Windows-Sysmon/Operational",,,,"wrk-colby.Ecorp.local",,,,,,,,,,,,"Microsoft-Windows-Sysmon/Operational",23,"<Data Name='RuleName'>-</Data><Data Name='UtcTime'>2024-12-01 20:49:20.658</Data><Data Name='ProcessGuid'>{fc7e85d2-7e4d-674c-0f04-000000002400}</Data><Data Name='ProcessId'>7880</Data><Data Name='User'>ECORP\tcolby</Data><Data Name='Image'>C:\Windows\SystemApps\Microsoft.Windows.Search_cw5n1h2txyewy\SearchApp.exe</Data><Data Name='TargetFilename'>C:\Users\tcolby\AppData\Local\Packages\Microsoft.Windows.Search_cw5n1h2txyewy\AC\Microsoft\Internet Explorer\DOMStore\H8JSA3V2\www.bing[1].xml</Data><Data Name='Hashes'>SHA1=41C938BF7B0732ECE83BD83B7CC66F72F2D5606A,MD5=9C313427348C66E12DEBF03E361E0396,SHA256=24EA264B79CDF093DAFE0A2F3311165C44D9C5F729F37996C8C8E7328BEFE787,IMPHASH=00000000000000000000000000000000</Data><Data Name='IsExecutable'>false</Data><Data Name='Archived'>true</Data>","FileDelete (File Delete archived)",23,240636,,,,,"'{5770385f-c22a-43e0-bf4c-06f5698ffbd9}'","SHA1=41C938BF7B0732ECE83BD83B7CC66F72F2D5606A,MD5=9C313427348C66E12DEBF03E361E0396,SHA256=24EA264B79CDF093DAFE0A2F3311165C44D9C5F729F37996C8C8E7328BEFE787,IMPHASH=00000000000000000000000000000000",00000000000000000000000000000000,"C:\Windows\SystemApps\Microsoft.Windows.Search_cw5n1h2txyewy\SearchApp.exe",,,,,false,0x8000000000000000,4,,,9C313427348C66E12DEBF03E361E0396,"'Microsoft-Windows-Sysmon'",0,,,,,,,,"{fc7e85d2-7e4d-674c-0f04-000000002400}","'3144'",7880,,,,,,240636,240636,,"-",41C938BF7B0732ECE83BD83B7CC66F72F2D5606A,24EA264B79CDF093DAFE0A2F3311165C44D9C5F729F37996C8C8E7328BEFE787,"S-1-5-18",,,,,,,,,,,,,,,"'2024-12-01T20:49:20.6592013Z'","<Provider Name='Microsoft-Windows-Sysmon' Guid='{5770385f-c22a-43e0-bf4c-06f5698ffbd9}'/><EventID>23</EventID><Version>5</Version><Level>4</Level><Task>23</Task><Opcode>0</Opcode><Keywords>0x8000000000000000</Keywords><TimeCreated SystemTime='2024-12-01T20:49:20.6592013Z'/><EventRecordID>240636</EventRecordID><Correlation/><Execution ProcessID='3144' ThreadID='4456'/><Channel>Microsoft-Windows-Sysmon/Operational</Channel><Computer>wrk-colby.Ecorp.local</Computer><Security UserID='S-1-5-18'/>","C:\Users\tcolby\AppData\Local\Packages\Microsoft.Windows.Search_cw5n1h2txyewy\AC\Microsoft\Internet Explorer\DOMStore\H8JSA3V2\www.bing[1].xml",,,,,,23,,"'4456'","2024-12-01T20:49:20.6592013Z","ECORP\tcolby","'S-1-5-18'","2024-12-01 20:49:20.658",5,"<Event xmlns='http://schemas.microsoft.com/win/2004/08/events/event'><System><Provider Name='Microsoft-Windows-Sysmon' Guid='{5770385f-c22a-43e0-bf4c-06f5698ffbd9}'/><EventID>23</EventID><Version>5</Version><Level>4</Level><Task>23</Task><Opcode>0</Opcode><Keywords>0x8000000000000000</Keywords><TimeCreated SystemTime='2024-12-01T20:49:20.6592013Z'/><EventRecordID>240636</EventRecordID><Correlation/><Execution ProcessID='3144' ThreadID='4456'/><Channel>Microsoft-Windows-Sysmon/Operational</Channel><Computer>wrk-colby.Ecorp.local</Computer><Security UserID='S-1-5-18'/></System><EventData><Data Name='RuleName'>-</Data><Data Name='UtcTime'>2024-12-01 20:49:20.658</Data><Data Name='ProcessGuid'>{fc7e85d2-7e4d-674c-0f04-000000002400}</Data><Data Name='ProcessId'>7880</Data><Data Name='User'>ECORP\tcolby</Data><Data Name='Image'>C:\Windows\SystemApps\Microsoft.Windows.Search_cw5n1h2txyewy\SearchApp.exe</Data><Data Name='TargetFilename'>C:\Users\tcolby\AppData\Local\Packages\Microsoft.Windows.Search_cw5n1h2txyewy\AC\Microsoft\Internet Explorer\DOMStore\H8JSA3V2\www.bing[1].xml</Data><Data Name='Hashes'>SHA1=41C938BF7B0732ECE83BD83B7CC66F72F2D5606A,MD5=9C313427348C66E12DEBF03E361E0396,SHA256=24EA264B79CDF093DAFE0A2F3311165C44D9C5F729F37996C8C8E7328BEFE787,IMPHASH=00000000000000000000000000000000</Data><Data Name='IsExecutable'>false</Data><Data Name='Archived'>true</Data></EventData></Event>","2024-12-01T15:49:20.658-0500",deleted,,,,,,,20,1,49,december,20,sunday,2024,0,,"wrk-colby.Ecorp.local",,,,,"wrk-colby.Ecorp.local",,"WRK-COLBY",240636,"endpoint_services_processes ms-sysmon-filemod windows_event_signature",,,"SHA1=41C938BF7B0732ECE83BD83B7CC66F72F2D5606A,MD5=9C313427348C66E12DEBF03E361E0396,SHA256=24EA264B79CDF093DAFE0A2F3311165C44D9C5F729F37996C8C8E7328BEFE787,IMPHASH=00000000000000000000000000000000","2024-12-01 20:49:20.658","www.bing[1].xml","C:\Users\tcolby\AppData\Local\Packages\Microsoft.Windows.Search_cw5n1h2txyewy\AC\Microsoft\Internet Explorer\DOMStore\H8JSA3V2\www.bing[1].xml",,"WRK-COLBY",,,240636,main,1,,,,,,file,,,,,,,,,,,,,"SearchApp.exe","{fc7e85d2-7e4d-674c-0f04-000000002400}",,7880,,"SearchApp.exe","C:\Windows\SystemApps\Microsoft.Windows.Search_cw5n1h2txyewy\SearchApp.exe",,,"<_='://../////'><><_='--'_='{----}'/><></><></><><",,,,,,,,,,,,,,,,,,,,,informational,4,"FileDelete (File Delete archived)",23,"XmlWinEventLog:Microsoft-Windows-Sysmon/Operational",XmlWinEventLog,"wrk-colby",,,,,,,,,,,,"endpoint
filesystem
track_event_signatures",,"endpoint
filesystem
track_event_signatures",667,644,,,,,,,tcolby,,"'S-1-5-18'",,"Microsoft Sysmon"
true,,,"Microsoft-Windows-Sysmon/Operational",,,,"wrk-colby.Ecorp.local",,,,,,,,,,,,"Microsoft-Windows-Sysmon/Operational",23,"<Data Name='RuleName'>-</Data><Data Name='UtcTime'>2024-12-01 20:49:19.972</Data><Data Name='ProcessGuid'>{fc7e85d2-7e4d-674c-0f04-000000002400}</Data><Data Name='ProcessId'>7880</Data><Data Name='User'>ECORP\tcolby</Data><Data Name='Image'>C:\Windows\SystemApps\Microsoft.Windows.Search_cw5n1h2txyewy\SearchApp.exe</Data><Data Name='TargetFilename'>C:\Users\tcolby\AppData\Local\Packages\Microsoft.Windows.Search_cw5n1h2txyewy\AC\Microsoft\Internet Explorer\DOMStore\H8JSA3V2\www.bing[1].xml</Data><Data Name='Hashes'>SHA1=DD4BB9C2B57F2E9E4E8DA073333A6D034C23771C,MD5=133FBE8156F73EF571A40DDB55F4C00F,SHA256=A2F29AD8D5C5D8D16084DDFC8F0753F5C933E053B6CEA53A64FBF0AE3840BC68,IMPHASH=00000000000000000000000000000000</Data><Data Name='IsExecutable'>false</Data><Data Name='Archived'>true</Data>","FileDelete (File Delete archived)",23,240635,,,,,"'{5770385f-c22a-43e0-bf4c-06f5698ffbd9}'","SHA1=DD4BB9C2B57F2E9E4E8DA073333A6D034C23771C,MD5=133FBE8156F73EF571A40DDB55F4C00F,SHA256=A2F29AD8D5C5D8D16084DDFC8F0753F5C933E053B6CEA53A64FBF0AE3840BC68,IMPHASH=00000000000000000000000000000000",00000000000000000000000000000000,"C:\Windows\SystemApps\Microsoft.Windows.Search_cw5n1h2txyewy\SearchApp.exe",,,,,false,0x8000000000000000,4,,,133FBE8156F73EF571A40DDB55F4C00F,"'Microsoft-Windows-Sysmon'",0,,,,,,,,"{fc7e85d2-7e4d-674c-0f04-000000002400}","'3144'",7880,,,,,,240635,240635,,"-",DD4BB9C2B57F2E9E4E8DA073333A6D034C23771C,A2F29AD8D5C5D8D16084DDFC8F0753F5C933E053B6CEA53A64FBF0AE3840BC68,"S-1-5-18",,,,,,,,,,,,,,,"'2024-12-01T20:49:19.9745027Z'","<Provider Name='Microsoft-Windows-Sysmon' Guid='{5770385f-c22a-43e0-bf4c-06f5698ffbd9}'/><EventID>23</EventID><Version>5</Version><Level>4</Level><Task>23</Task><Opcode>0</Opcode><Keywords>0x8000000000000000</Keywords><TimeCreated SystemTime='2024-12-01T20:49:19.9745027Z'/><EventRecordID>240635</EventRecordID><Correlation/><Execution ProcessID='3144' ThreadID='4456'/><Channel>Microsoft-Windows-Sysmon/Operational</Channel><Computer>wrk-colby.Ecorp.local</Computer><Security UserID='S-1-5-18'/>","C:\Users\tcolby\AppData\Local\Packages\Microsoft.Windows.Search_cw5n1h2txyewy\AC\Microsoft\Internet Explorer\DOMStore\H8JSA3V2\www.bing[1].xml",,,,,,23,,"'4456'","2024-12-01T20:49:19.9745027Z","ECORP\tcolby","'S-1-5-18'","2024-12-01 20:49:19.972",5,"<Event xmlns='http://schemas.microsoft.com/win/2004/08/events/event'><System><Provider Name='Microsoft-Windows-Sysmon' Guid='{5770385f-c22a-43e0-bf4c-06f5698ffbd9}'/><EventID>23</EventID><Version>5</Version><Level>4</Level><Task>23</Task><Opcode>0</Opcode><Keywords>0x8000000000000000</Keywords><TimeCreated SystemTime='2024-12-01T20:49:19.9745027Z'/><EventRecordID>240635</EventRecordID><Correlation/><Execution ProcessID='3144' ThreadID='4456'/><Channel>Microsoft-Windows-Sysmon/Operational</Channel><Computer>wrk-colby.Ecorp.local</Computer><Security UserID='S-1-5-18'/></System><EventData><Data Name='RuleName'>-</Data><Data Name='UtcTime'>2024-12-01 20:49:19.972</Data><Data Name='ProcessGuid'>{fc7e85d2-7e4d-674c-0f04-000000002400}</Data><Data Name='ProcessId'>7880</Data><Data Name='User'>ECORP\tcolby</Data><Data Name='Image'>C:\Windows\SystemApps\Microsoft.Windows.Search_cw5n1h2txyewy\SearchApp.exe</Data><Data Name='TargetFilename'>C:\Users\tcolby\AppData\Local\Packages\Microsoft.Windows.Search_cw5n1h2txyewy\AC\Microsoft\Internet Explorer\DOMStore\H8JSA3V2\www.bing[1].xml</Data><Data Name='Hashes'>SHA1=DD4BB9C2B57F2E9E4E8DA073333A6D034C23771C,MD5=133FBE8156F73EF571A40DDB55F4C00F,SHA256=A2F29AD8D5C5D8D16084DDFC8F0753F5C933E053B6CEA53A64FBF0AE3840BC68,IMPHASH=00000000000000000000000000000000</Data><Data Name='IsExecutable'>false</Data><Data Name='Archived'>true</Data></EventData></Event>","2024-12-01T15:49:19.972-0500",deleted,,,,,,,20,1,49,december,19,sunday,2024,0,,"wrk-colby.Ecorp.local",,,,,"wrk-colby.Ecorp.local",,"WRK-COLBY",240635,"endpoint_services_processes ms-sysmon-filemod windows_event_signature",,,"SHA1=DD4BB9C2B57F2E9E4E8DA073333A6D034C23771C,MD5=133FBE8156F73EF571A40DDB55F4C00F,SHA256=A2F29AD8D5C5D8D16084DDFC8F0753F5C933E053B6CEA53A64FBF0AE3840BC68,IMPHASH=00000000000000000000000000000000","2024-12-01 20:49:19.972","www.bing[1].xml","C:\Users\tcolby\AppData\Local\Packages\Microsoft.Windows.Search_cw5n1h2txyewy\AC\Microsoft\Internet Explorer\DOMStore\H8JSA3V2\www.bing[1].xml",,"WRK-COLBY",,,240635,main,1,,,,,,file,,,,,,,,,,,,,"SearchApp.exe","{fc7e85d2-7e4d-674c-0f04-000000002400}",,7880,,"SearchApp.exe","C:\Windows\SystemApps\Microsoft.Windows.Search_cw5n1h2txyewy\SearchApp.exe",,,"<_='://../////'><><_='--'_='{----}'/><></><></><><",,,,,,,,,,,,,,,,,,,,,informational,4,"FileDelete (File Delete archived)",23,"XmlWinEventLog:Microsoft-Windows-Sysmon/Operational",XmlWinEventLog,"wrk-colby",,,,,,,,,,,,"endpoint
filesystem
track_event_signatures",,"endpoint
filesystem
track_event_signatures",667,644,,,,,,,tcolby,,"'S-1-5-18'",,"Microsoft Sysmon"
true,,,"Microsoft-Windows-Sysmon/Operational",,,,"wrk-colby.Ecorp.local",,,,,,,,,,,,"Microsoft-Windows-Sysmon/Operational",23,"<Data Name='RuleName'>-</Data><Data Name='UtcTime'>2024-12-01 20:49:19.758</Data><Data Name='ProcessGuid'>{fc7e85d2-7e4d-674c-0f04-000000002400}</Data><Data Name='ProcessId'>7880</Data><Data Name='User'>ECORP\tcolby</Data><Data Name='Image'>C:\Windows\SystemApps\Microsoft.Windows.Search_cw5n1h2txyewy\SearchApp.exe</Data><Data Name='TargetFilename'>C:\Users\tcolby\AppData\Local\Packages\Microsoft.Windows.Search_cw5n1h2txyewy\AC\Microsoft\Internet Explorer\DOMStore\H8JSA3V2\www.bing[1].xml</Data><Data Name='Hashes'>SHA1=2E14DFD6F4DE19699DC58871152616C768725EF6,MD5=B61DAD7FAE28123B5691CEFABEA89EE3,SHA256=682989485F19929AFC5FE6904862FB4A0C6AD392BC8A9AF6B26BA7AC9B0558AC,IMPHASH=00000000000000000000000000000000</Data><Data Name='IsExecutable'>false</Data><Data Name='Archived'>true</Data>","FileDelete (File Delete archived)",23,240633,,,,,"'{5770385f-c22a-43e0-bf4c-06f5698ffbd9}'","SHA1=2E14DFD6F4DE19699DC58871152616C768725EF6,MD5=B61DAD7FAE28123B5691CEFABEA89EE3,SHA256=682989485F19929AFC5FE6904862FB4A0C6AD392BC8A9AF6B26BA7AC9B0558AC,IMPHASH=00000000000000000000000000000000",00000000000000000000000000000000,"C:\Windows\SystemApps\Microsoft.Windows.Search_cw5n1h2txyewy\SearchApp.exe",,,,,false,0x8000000000000000,4,,,B61DAD7FAE28123B5691CEFABEA89EE3,"'Microsoft-Windows-Sysmon'",0,,,,,,,,"{fc7e85d2-7e4d-674c-0f04-000000002400}","'3144'",7880,,,,,,240633,240633,,"-",2E14DFD6F4DE19699DC58871152616C768725EF6,682989485F19929AFC5FE6904862FB4A0C6AD392BC8A9AF6B26BA7AC9B0558AC,"S-1-5-18",,,,,,,,,,,,,,,"'2024-12-01T20:49:19.7611896Z'","<Provider Name='Microsoft-Windows-Sysmon' Guid='{5770385f-c22a-43e0-bf4c-06f5698ffbd9}'/><EventID>23</EventID><Version>5</Version><Level>4</Level><Task>23</Task><Opcode>0</Opcode><Keywords>0x8000000000000000</Keywords><TimeCreated SystemTime='2024-12-01T20:49:19.7611896Z'/><EventRecordID>240633</EventRecordID><Correlation/><Execution ProcessID='3144' ThreadID='4456'/><Channel>Microsoft-Windows-Sysmon/Operational</Channel><Computer>wrk-colby.Ecorp.local</Computer><Security UserID='S-1-5-18'/>","C:\Users\tcolby\AppData\Local\Packages\Microsoft.Windows.Search_cw5n1h2txyewy\AC\Microsoft\Internet Explorer\DOMStore\H8JSA3V2\www.bing[1].xml",,,,,,23,,"'4456'","2024-12-01T20:49:19.7611896Z","ECORP\tcolby","'S-1-5-18'","2024-12-01 20:49:19.758",5,"<Event xmlns='http://schemas.microsoft.com/win/2004/08/events/event'><System><Provider Name='Microsoft-Windows-Sysmon' Guid='{5770385f-c22a-43e0-bf4c-06f5698ffbd9}'/><EventID>23</EventID><Version>5</Version><Level>4</Level><Task>23</Task><Opcode>0</Opcode><Keywords>0x8000000000000000</Keywords><TimeCreated SystemTime='2024-12-01T20:49:19.7611896Z'/><EventRecordID>240633</EventRecordID><Correlation/><Execution ProcessID='3144' ThreadID='4456'/><Channel>Microsoft-Windows-Sysmon/Operational</Channel><Computer>wrk-colby.Ecorp.local</Computer><Security UserID='S-1-5-18'/></System><EventData><Data Name='RuleName'>-</Data><Data Name='UtcTime'>2024-12-01 20:49:19.758</Data><Data Name='ProcessGuid'>{fc7e85d2-7e4d-674c-0f04-000000002400}</Data><Data Name='ProcessId'>7880</Data><Data Name='User'>ECORP\tcolby</Data><Data Name='Image'>C:\Windows\SystemApps\Microsoft.Windows.Search_cw5n1h2txyewy\SearchApp.exe</Data><Data Name='TargetFilename'>C:\Users\tcolby\AppData\Local\Packages\Microsoft.Windows.Search_cw5n1h2txyewy\AC\Microsoft\Internet Explorer\DOMStore\H8JSA3V2\www.bing[1].xml</Data><Data Name='Hashes'>SHA1=2E14DFD6F4DE19699DC58871152616C768725EF6,MD5=B61DAD7FAE28123B5691CEFABEA89EE3,SHA256=682989485F19929AFC5FE6904862FB4A0C6AD392BC8A9AF6B26BA7AC9B0558AC,IMPHASH=00000000000000000000000000000000</Data><Data Name='IsExecutable'>false</Data><Data Name='Archived'>true</Data></EventData></Event>","2024-12-01T15:49:19.758-0500",deleted,,,,,,,20,1,49,december,19,sunday,2024,0,,"wrk-colby.Ecorp.local",,,,,"wrk-colby.Ecorp.local",,"WRK-COLBY",240633,"endpoint_services_processes ms-sysmon-filemod windows_event_signature",,,"SHA1=2E14DFD6F4DE19699DC58871152616C768725EF6,MD5=B61DAD7FAE28123B5691CEFABEA89EE3,SHA256=682989485F19929AFC5FE6904862FB4A0C6AD392BC8A9AF6B26BA7AC9B0558AC,IMPHASH=00000000000000000000000000000000","2024-12-01 20:49:19.758","www.bing[1].xml","C:\Users\tcolby\AppData\Local\Packages\Microsoft.Windows.Search_cw5n1h2txyewy\AC\Microsoft\Internet Explorer\DOMStore\H8JSA3V2\www.bing[1].xml",,"WRK-COLBY",,,240633,main,1,,,,,,file,,,,,,,,,,,,,"SearchApp.exe","{fc7e85d2-7e4d-674c-0f04-000000002400}",,7880,,"SearchApp.exe","C:\Windows\SystemApps\Microsoft.Windows.Search_cw5n1h2txyewy\SearchApp.exe",,,"<_='://../////'><><_='--'_='{----}'/><></><></><><",,,,,,,,,,,,,,,,,,,,,informational,4,"FileDelete (File Delete archived)",23,"XmlWinEventLog:Microsoft-Windows-Sysmon/Operational",XmlWinEventLog,"wrk-colby",,,,,,,,,,,,"endpoint
filesystem
track_event_signatures",,"endpoint
filesystem
track_event_signatures",667,644,,,,,,,tcolby,,"'S-1-5-18'",,"Microsoft Sysmon"
,,,"Microsoft-Windows-Sysmon/Operational",,"""C:\Program Files\Wireshark\Wireshark.exe""","The Wireshark developer community, https://www.wireshark.org/","wrk-colby.Ecorp.local",,,"C:\Program Files\Wireshark\",Wireshark,,,,,,,,"Microsoft-Windows-Sysmon/Operational",1,"<Data Name='RuleName'>technique_id=T1204,technique_name=User Execution</Data><Data Name='UtcTime'>2024-12-01 20:49:19.757</Data><Data Name='ProcessGuid'>{fc7e85d2-cbcf-674c-97e1-000000002400}</Data><Data Name='ProcessId'>8084</Data><Data Name='Image'>C:\Program Files\Wireshark\Wireshark.exe</Data><Data Name='FileVersion'>4.4.1</Data><Data Name='Description'>Wireshark</Data><Data Name='Product'>Wireshark</Data><Data Name='Company'>The Wireshark developer community, https://www.wireshark.org/</Data><Data Name='OriginalFileName'>Wireshark.exe</Data><Data Name='CommandLine'>""C:\Program Files\Wireshark\Wireshark.exe"" </Data><Data Name='CurrentDirectory'>C:\Program Files\Wireshark\</Data><Data Name='User'>ECORP\tcolby</Data><Data Name='LogonGuid'>{fc7e85d2-7d9d-674c-aa54-180000000000}</Data><Data Name='LogonId'>0x1854aa</Data><Data Name='TerminalSessionId'>1</Data><Data Name='IntegrityLevel'>Medium</Data><Data Name='Hashes'>SHA1=CEF291A3D447BDED0EC4C6A9116CC9E58DB2E04C,MD5=CFB7AD54DE608D2E5B18EA240DD2E7B9,SHA256=7BD3CEAAB4F16B0067F0B8D56AACEEEA34DFBEDA38ABF61373A54849CAFAD8E9,IMPHASH=CCB9027149A7B54B533EDB229E1510FE</Data><Data Name='ParentProcessGuid'>{fc7e85d2-7e46-674c-ee03-000000002400}</Data><Data Name='ParentProcessId'>4676</Data><Data Name='ParentImage'>C:\Windows\explorer.exe</Data><Data Name='ParentCommandLine'>""C:\Windows\explorer.exe"" /LOADSAVEDWINDOWS</Data><Data Name='ParentUser'>ECORP\tcolby</Data>","Process creation",1,240634,,"4.4.1",,,"'{5770385f-c22a-43e0-bf4c-06f5698ffbd9}'","SHA1=CEF291A3D447BDED0EC4C6A9116CC9E58DB2E04C,MD5=CFB7AD54DE608D2E5B18EA240DD2E7B9,SHA256=7BD3CEAAB4F16B0067F0B8D56AACEEEA34DFBEDA38ABF61373A54849CAFAD8E9,IMPHASH=CCB9027149A7B54B533EDB229E1510FE",CCB9027149A7B54B533EDB229E1510FE,"C:\Program Files\Wireshark\Wireshark.exe",,,,Medium,,0x8000000000000000,4,"{fc7e85d2-7d9d-674c-aa54-180000000000}",0x1854aa,CFB7AD54DE608D2E5B18EA240DD2E7B9,"'Microsoft-Windows-Sysmon'",0,"Wireshark.exe","""C:\Windows\explorer.exe"" /LOADSAVEDWINDOWS","C:\Windows\explorer.exe","{fc7e85d2-7e46-674c-ee03-000000002400}",4676,"ECORP\tcolby",,"{fc7e85d2-cbcf-674c-97e1-000000002400}","'3144'",8084,Wireshark,,,,,240634,240634,,"technique_id=T1204,technique_name=User Execution",CEF291A3D447BDED0EC4C6A9116CC9E58DB2E04C,7BD3CEAAB4F16B0067F0B8D56AACEEEA34DFBEDA38ABF61373A54849CAFAD8E9,"S-1-5-18",,,,,,,,,,,,,,,"'2024-12-01T20:49:19.8252926Z'","<Provider Name='Microsoft-Windows-Sysmon' Guid='{5770385f-c22a-43e0-bf4c-06f5698ffbd9}'/><EventID>1</EventID><Version>5</Version><Level>4</Level><Task>1</Task><Opcode>0</Opcode><Keywords>0x8000000000000000</Keywords><TimeCreated SystemTime='2024-12-01T20:49:19.8252926Z'/><EventRecordID>240634</EventRecordID><Correlation/><Execution ProcessID='3144' ThreadID='4456'/><Channel>Microsoft-Windows-Sysmon/Operational</Channel><Computer>wrk-colby.Ecorp.local</Computer><Security UserID='S-1-5-18'/>",,,,,,,1,1,"'4456'","2024-12-01T20:49:19.8252926Z","ECORP\tcolby","'S-1-5-18'","2024-12-01 20:49:19.757",5,"<Event xmlns='http://schemas.microsoft.com/win/2004/08/events/event'><System><Provider Name='Microsoft-Windows-Sysmon' Guid='{5770385f-c22a-43e0-bf4c-06f5698ffbd9}'/><EventID>1</EventID><Version>5</Version><Level>4</Level><Task>1</Task><Opcode>0</Opcode><Keywords>0x8000000000000000</Keywords><TimeCreated SystemTime='2024-12-01T20:49:19.8252926Z'/><EventRecordID>240634</EventRecordID><Correlation/><Execution ProcessID='3144' ThreadID='4456'/><Channel>Microsoft-Windows-Sysmon/Operational</Channel><Computer>wrk-colby.Ecorp.local</Computer><Security UserID='S-1-5-18'/></System><EventData><Data Name='RuleName'>technique_id=T1204,technique_name=User Execution</Data><Data Name='UtcTime'>2024-12-01 20:49:19.757</Data><Data Name='ProcessGuid'>{fc7e85d2-cbcf-674c-97e1-000000002400}</Data><Data Name='ProcessId'>8084</Data><Data Name='Image'>C:\Program Files\Wireshark\Wireshark.exe</Data><Data Name='FileVersion'>4.4.1</Data><Data Name='Description'>Wireshark</Data><Data Name='Product'>Wireshark</Data><Data Name='Company'>The Wireshark developer community, https://www.wireshark.org/</Data><Data Name='OriginalFileName'>Wireshark.exe</Data><Data Name='CommandLine'>""C:\Program Files\Wireshark\Wireshark.exe"" </Data><Data Name='CurrentDirectory'>C:\Program Files\Wireshark\</Data><Data Name='User'>ECORP\tcolby</Data><Data Name='LogonGuid'>{fc7e85d2-7d9d-674c-aa54-180000000000}</Data><Data Name='LogonId'>0x1854aa</Data><Data Name='TerminalSessionId'>1</Data><Data Name='IntegrityLevel'>Medium</Data><Data Name='Hashes'>SHA1=CEF291A3D447BDED0EC4C6A9116CC9E58DB2E04C,MD5=CFB7AD54DE608D2E5B18EA240DD2E7B9,SHA256=7BD3CEAAB4F16B0067F0B8D56AACEEEA34DFBEDA38ABF61373A54849CAFAD8E9,IMPHASH=CCB9027149A7B54B533EDB229E1510FE</Data><Data Name='ParentProcessGuid'>{fc7e85d2-7e46-674c-ee03-000000002400}</Data><Data Name='ParentProcessId'>4676</Data><Data Name='ParentImage'>C:\Windows\explorer.exe</Data><Data Name='ParentCommandLine'>""C:\Windows\explorer.exe"" /LOADSAVEDWINDOWS</Data><Data Name='ParentUser'>ECORP\tcolby</Data></EventData></Event>","2024-