12-01T15:50:49.235-0500",allowed,,,"C:\Program Files (x86)\Microsoft\Edge\Application\msedge.exe",,,"2024-12-01 20:50:49.235",20,1,50,december,49,sunday,2024,0,,"fe80:0:0:0:3b35:d16f:100b:6c48",,"fe80:0:0:0:3b35:d16f:100b:6c48",5353,inbound,"wrk-colby.Ecorp.local","ff02:0:0:0:0:0:0:fb","WRK-COLBY",240656,"endpoint_services_processes ms-sysmon-network windows_event_signature",,,,,,,,"WRK-COLBY",,,240656,main,1,,,,,,,,,,,,,,,,,,,"msedge.exe","{fc7e85d2-c420-674c-9bcb-000000002400}",,5616,,"msedge.exe",,ip,ipv6,"<_='://../////'><><_='--'_='{----}'/><></><></><><",,,,,,,,,,,,,"technique_id=T1571,technique_name=Non-Standard Port",,,,,,,,informational,4,"Network connection",3,"XmlWinEventLog:Microsoft-Windows-Sysmon/Operational",XmlWinEventLog,"wrk-colby",,"ff02:0:0:0:0:0:0:fb",,,,"ff02:0:0:0:0:0:0:fb",,5353,established,,,"communicate
network
track_event_signatures",,"communicate
network
track_event_signatures",715,692,udp,"udp/5353",,,,,tcolby,,"'S-1-5-18'",,"Microsoft Sysmon"
,,,"Microsoft-Windows-Sysmon/Operational",,,,"wrk-colby.Ecorp.local",,,,,,"-","10.6.6.1",false,5353,"-",,"Microsoft-Windows-Sysmon/Operational",3,"<Data Name='RuleName'>technique_id=T1571,technique_name=Non-Standard Port</Data><Data Name='UtcTime'>2024-12-01 20:50:49.234</Data><Data Name='ProcessGuid'>{fc7e85d2-c420-674c-9bcb-000000002400}</Data><Data Name='ProcessId'>5616</Data><Data Name='Image'>C:\Program Files (x86)\Microsoft\Edge\Application\msedge.exe</Data><Data Name='User'>ECORP\tcolby</Data><Data Name='Protocol'>udp</Data><Data Name='Initiated'>false</Data><Data Name='SourceIsIpv6'>false</Data><Data Name='SourceIp'>224.0.0.251</Data><Data Name='SourceHostname'>-</Data><Data Name='SourcePort'>5353</Data><Data Name='SourcePortName'>-</Data><Data Name='DestinationIsIpv6'>false</Data><Data Name='DestinationIp'>10.6.6.1</Data><Data Name='DestinationHostname'>-</Data><Data Name='DestinationPort'>5353</Data><Data Name='DestinationPortName'>-</Data>","Network connection",3,240655,,,,,"'{5770385f-c22a-43e0-bf4c-06f5698ffbd9}'",,,"C:\Program Files (x86)\Microsoft\Edge\Application\msedge.exe",,,false,,,0x8000000000000000,4,,,,"'Microsoft-Windows-Sysmon'",0,,,,,,,,"{fc7e85d2-c420-674c-9bcb-000000002400}","'3144'",5616,,udp,,,,240655,240655,,"technique_id=T1571,technique_name=Non-Standard Port",,,"S-1-5-18",,,,"-",,"224.0.0.251",false,5353,"-",,,,,,"'2024-12-01T20:50:51.1755051Z'","<Provider Name='Microsoft-Windows-Sysmon' Guid='{5770385f-c22a-43e0-bf4c-06f5698ffbd9}'/><EventID>3</EventID><Version>5</Version><Level>4</Level><Task>3</Task><Opcode>0</Opcode><Keywords>0x8000000000000000</Keywords><TimeCreated SystemTime='2024-12-01T20:50:51.1755051Z'/><EventRecordID>240655</EventRecordID><Correlation/><Execution ProcessID='3144' ThreadID='4180'/><Channel>Microsoft-Windows-Sysmon/Operational</Channel><Computer>wrk-colby.Ecorp.local</Computer><Security UserID='S-1-5-18'/>",,,,,,,3,,"'4180'","2024-12-01T20:50:51.1755051Z","ECORP\tcolby","'S-1-5-18'","2024-12-01 20:50:49.234",5,"<Event xmlns='http://schemas.microsoft.com/win/2004/08/events/event'><System><Provider Name='Microsoft-Windows-Sysmon' Guid='{5770385f-c22a-43e0-bf4c-06f5698ffbd9}'/><EventID>3</EventID><Version>5</Version><Level>4</Level><Task>3</Task><Opcode>0</Opcode><Keywords>0x8000000000000000</Keywords><TimeCreated SystemTime='2024-12-01T20:50:51.1755051Z'/><EventRecordID>240655</EventRecordID><Correlation/><Execution ProcessID='3144' ThreadID='4180'/><Channel>Microsoft-Windows-Sysmon/Operational</Channel><Computer>wrk-colby.Ecorp.local</Computer><Security UserID='S-1-5-18'/></System><EventData><Data Name='RuleName'>technique_id=T1571,technique_name=Non-Standard Port</Data><Data Name='UtcTime'>2024-12-01 20:50:49.234</Data><Data Name='ProcessGuid'>{fc7e85d2-c420-674c-9bcb-000000002400}</Data><Data Name='ProcessId'>5616</Data><Data Name='Image'>C:\Program Files (x86)\Microsoft\Edge\Application\msedge.exe</Data><Data Name='User'>ECORP\tcolby</Data><Data Name='Protocol'>udp</Data><Data Name='Initiated'>false</Data><Data Name='SourceIsIpv6'>false</Data><Data Name='SourceIp'>224.0.0.251</Data><Data Name='SourceHostname'>-</Data><Data Name='SourcePort'>5353</Data><Data Name='SourcePortName'>-</Data><Data Name='DestinationIsIpv6'>false</Data><Data Name='DestinationIp'>10.6.6.1</Data><Data Name='DestinationHostname'>-</Data><Data Name='DestinationPort'>5353</Data><Data Name='DestinationPortName'>-</Data></EventData></Event>","2024-12-01T15:50:49.234-0500",allowed,,,"C:\Program Files (x86)\Microsoft\Edge\Application\msedge.exe",,,"2024-12-01 20:50:49.234",20,1,50,december,49,sunday,2024,0,,"10.6.6.1",,"10.6.6.1",5353,inbound,"wrk-colby.Ecorp.local","224.0.0.251","WRK-COLBY",240655,"endpoint_services_processes ms-sysmon-network windows_event_signature",,,,,,,,"WRK-COLBY",,,240655,main,1,,,,,,,,,,,,,,,,,,,"msedge.exe","{fc7e85d2-c420-674c-9bcb-000000002400}",,5616,,"msedge.exe",,ip,ipv4,"<_='://../////'><><_='--'_='{----}'/><></><></><><",,,,,,,,,,,,,"technique_id=T1571,technique_name=Non-Standard Port",,,,,,,,informational,4,"Network connection",3,"XmlWinEventLog:Microsoft-Windows-Sysmon/Operational",XmlWinEventLog,"wrk-colby",,"224.0.0.251",,,,"224.0.0.251",,5353,established,,,"communicate
network
track_event_signatures",,"communicate
network
track_event_signatures",715,692,udp,"udp/5353",,,,,tcolby,,"'S-1-5-18'",,"Microsoft Sysmon"
,,,"Microsoft-Windows-Sysmon/Operational",,,,"wrk-colby.Ecorp.local",,,,,,,,,,,,"Microsoft-Windows-Sysmon/Operational",22,"<Data Name='RuleName'>-</Data><Data Name='UtcTime'>2024-12-01 20:50:45.608</Data><Data Name='ProcessGuid'>{fc7e85d2-c422-674c-9ecb-000000002400}</Data><Data Name='ProcessId'>9656</Data><Data Name='QueryName'>xpaywalletcdn.azureedge.net</Data><Data Name='QueryStatus'>9002</Data><Data Name='QueryResults'>-</Data><Data Name='Image'>C:\Program Files (x86)\Microsoft\Edge\Application\msedge.exe</Data><Data Name='User'>ECORP\tcolby</Data>","DNSEvent (DNS query)",22,240654,,,,,"'{5770385f-c22a-43e0-bf4c-06f5698ffbd9}'",,,"C:\Program Files (x86)\Microsoft\Edge\Application\msedge.exe",,,,,,0x8000000000000000,4,,,,"'Microsoft-Windows-Sysmon'",0,,,,,,,,"{fc7e85d2-c422-674c-9ecb-000000002400}","'3144'",9656,,,"xpaywalletcdn.azureedge.net","-",9002,240654,240654,,"-",,,"S-1-5-18",,,,,,,,,,,,,,,"'2024-12-01T20:50:46.8779878Z'","<Provider Name='Microsoft-Windows-Sysmon' Guid='{5770385f-c22a-43e0-bf4c-06f5698ffbd9}'/><EventID>22</EventID><Version>5</Version><Level>4</Level><Task>22</Task><Opcode>0</Opcode><Keywords>0x8000000000000000</Keywords><TimeCreated SystemTime='2024-12-01T20:50:46.8779878Z'/><EventRecordID>240654</EventRecordID><Correlation/><Execution ProcessID='3144' ThreadID='4476'/><Channel>Microsoft-Windows-Sysmon/Operational</Channel><Computer>wrk-colby.Ecorp.local</Computer><Security UserID='S-1-5-18'/>",,,,,,,22,,"'4476'","2024-12-01T20:50:46.8779878Z","ECORP\tcolby","'S-1-5-18'","2024-12-01 20:50:45.608",5,"<Event xmlns='http://schemas.microsoft.com/win/2004/08/events/event'><System><Provider Name='Microsoft-Windows-Sysmon' Guid='{5770385f-c22a-43e0-bf4c-06f5698ffbd9}'/><EventID>22</EventID><Version>5</Version><Level>4</Level><Task>22</Task><Opcode>0</Opcode><Keywords>0x8000000000000000</Keywords><TimeCreated SystemTime='2024-12-01T20:50:46.8779878Z'/><EventRecordID>240654</EventRecordID><Correlation/><Execution ProcessID='3144' ThreadID='4476'/><Channel>Microsoft-Windows-Sysmon/Operational</Channel><Computer>wrk-colby.Ecorp.local</Computer><Security UserID='S-1-5-18'/></System><EventData><Data Name='RuleName'>-</Data><Data Name='UtcTime'>2024-12-01 20:50:45.608</Data><Data Name='ProcessGuid'>{fc7e85d2-c422-674c-9ecb-000000002400}</Data><Data Name='ProcessId'>9656</Data><Data Name='QueryName'>xpaywalletcdn.azureedge.net</Data><Data Name='QueryStatus'>9002</Data><Data Name='QueryResults'>-</Data><Data Name='Image'>C:\Program Files (x86)\Microsoft\Edge\Application\msedge.exe</Data><Data Name='User'>ECORP\tcolby</Data></EventData></Event>","2024-12-01T15:50:45.608-0500",,,,,,,,20,1,50,december,45,sunday,2024,0,,,,,,,"wrk-colby.Ecorp.local",,"WRK-COLBY",240654,"endpoint_services_processes ms-sysmon-dns windows_event_signature",,,,,,,,"WRK-COLBY",,,240654,main,1,,,,,,,,,,,,,,,,,,,"msedge.exe","{fc7e85d2-c422-674c-9ecb-000000002400}",,,,"msedge.exe",,,,"<_='://../////'><><_='--'_='{----}'/><></><></><><","xpaywalletcdn.azureedge.net",1,,,,,,,,,9002,,,,,,,,,,informational,4,"DNSEvent (DNS query)",22,"XmlWinEventLog:Microsoft-Windows-Sysmon/Operational",XmlWinEventLog,"wrk-colby",,"wrk-colby.Ecorp.local",,,,,,,,,,"dns
network
resolution
track_event_signatures",,"dns
network
resolution
track_event_signatures",667,644,,,,,,,tcolby,,"'S-1-5-18'",,"Microsoft Sysmon"
,,,"Microsoft-Windows-Sysmon/Operational",,,,"wrk-colby.Ecorp.local",,,,,,"-","fe80:0:0:0:766c:53d1:4937:4cff",true,5353,"-",,"Microsoft-Windows-Sysmon/Operational",3,"<Data Name='RuleName'>technique_id=T1571,technique_name=Non-Standard Port</Data><Data Name='UtcTime'>2024-12-01 20:50:29.448</Data><Data Name='ProcessGuid'>{fc7e85d2-c420-674c-9bcb-000000002400}</Data><Data Name='ProcessId'>5616</Data><Data Name='Image'>C:\Program Files (x86)\Microsoft\Edge\Application\msedge.exe</Data><Data Name='User'>ECORP\tcolby</Data><Data Name='Protocol'>udp</Data><Data Name='Initiated'>false</Data><Data Name='SourceIsIpv6'>true</Data><Data Name='SourceIp'>ff02:0:0:0:0:0:0:fb</Data><Data Name='SourceHostname'>-</Data><Data Name='SourcePort'>5353</Data><Data Name='SourcePortName'>-</Data><Data Name='DestinationIsIpv6'>true</Data><Data Name='DestinationIp'>fe80:0:0:0:766c:53d1:4937:4cff</Data><Data Name='DestinationHostname'>-</Data><Data Name='DestinationPort'>5353</Data><Data Name='DestinationPortName'>-</Data>","Network connection",3,240653,,,,,"'{5770385f-c22a-43e0-bf4c-06f5698ffbd9}'",,,"C:\Program Files (x86)\Microsoft\Edge\Application\msedge.exe",,,false,,,0x8000000000000000,4,,,,"'Microsoft-Windows-Sysmon'",0,,,,,,,,"{fc7e85d2-c420-674c-9bcb-000000002400}","'3144'",5616,,udp,,,,240653,240653,,"technique_id=T1571,technique_name=Non-Standard Port",,,"S-1-5-18",,,,"-",,"ff02:0:0:0:0:0:0:fb",true,5353,"-",,,,,,"'2024-12-01T20:50:31.9277374Z'","<Provider Name='Microsoft-Windows-Sysmon' Guid='{5770385f-c22a-43e0-bf4c-06f5698ffbd9}'/><EventID>3</EventID><Version>5</Version><Level>4</Level><Task>3</Task><Opcode>0</Opcode><Keywords>0x8000000000000000</Keywords><TimeCreated SystemTime='2024-12-01T20:50:31.9277374Z'/><EventRecordID>240653</EventRecordID><Correlation/><Execution ProcessID='3144' ThreadID='4180'/><Channel>Microsoft-Windows-Sysmon/Operational</Channel><Computer>wrk-colby.Ecorp.local</Computer><Security UserID='S-1-5-18'/>",,,,,,,3,,"'4180'","2024-12-01T20:50:31.9277374Z","ECORP\tcolby","'S-1-5-18'","2024-12-01 20:50:29.448",5,"<Event xmlns='http://schemas.microsoft.com/win/2004/08/events/event'><System><Provider Name='Microsoft-Windows-Sysmon' Guid='{5770385f-c22a-43e0-bf4c-06f5698ffbd9}'/><EventID>3</EventID><Version>5</Version><Level>4</Level><Task>3</Task><Opcode>0</Opcode><Keywords>0x8000000000000000</Keywords><TimeCreated SystemTime='2024-12-01T20:50:31.9277374Z'/><EventRecordID>240653</EventRecordID><Correlation/><Execution ProcessID='3144' ThreadID='4180'/><Channel>Microsoft-Windows-Sysmon/Operational</Channel><Computer>wrk-colby.Ecorp.local</Computer><Security UserID='S-1-5-18'/></System><EventData><Data Name='RuleName'>technique_id=T1571,technique_name=Non-Standard Port</Data><Data Name='UtcTime'>2024-12-01 20:50:29.448</Data><Data Name='ProcessGuid'>{fc7e85d2-c420-674c-9bcb-000000002400}</Data><Data Name='ProcessId'>5616</Data><Data Name='Image'>C:\Program Files (x86)\Microsoft\Edge\Application\msedge.exe</Data><Data Name='User'>ECORP\tcolby</Data><Data Name='Protocol'>udp</Data><Data Name='Initiated'>false</Data><Data Name='SourceIsIpv6'>true</Data><Data Name='SourceIp'>ff02:0:0:0:0:0:0:fb</Data><Data Name='SourceHostname'>-</Data><Data Name='SourcePort'>5353</Data><Data Name='SourcePortName'>-</Data><Data Name='DestinationIsIpv6'>true</Data><Data Name='DestinationIp'>fe80:0:0:0:766c:53d1:4937:4cff</Data><Data Name='DestinationHostname'>-</Data><Data Name='DestinationPort'>5353</Data><Data Name='DestinationPortName'>-</Data></EventData></Event>","2024-12-01T15:50:29.448-0500",allowed,,,"C:\Program Files (x86)\Microsoft\Edge\Application\msedge.exe",,,"2024-12-01 20:50:29.448",20,1,50,december,29,sunday,2024,0,,"fe80:0:0:0:766c:53d1:4937:4cff",,"fe80:0:0:0:766c:53d1:4937:4cff",5353,inbound,"wrk-colby.Ecorp.local","ff02:0:0:0:0:0:0:fb","WRK-COLBY",240653,"endpoint_services_processes ms-sysmon-network windows_event_signature",,,,,,,,"WRK-COLBY",,,240653,main,1,,,,,,,,,,,,,,,,,,,"msedge.exe","{fc7e85d2-c420-674c-9bcb-000000002400}",,5616,,"msedge.exe",,ip,ipv6,"<_='://../////'><><_='--'_='{----}'/><></><></><><",,,,,,,,,,,,,"technique_id=T1571,technique_name=Non-Standard Port",,,,,,,,informational,4,"Network connection",3,"XmlWinEventLog:Microsoft-Windows-Sysmon/Operational",XmlWinEventLog,"wrk-colby",,"ff02:0:0:0:0:0:0:fb",,,,"ff02:0:0:0:0:0:0:fb",,5353,established,,,"communicate
network
track_event_signatures",,"communicate
network
track_event_signatures",715,692,udp,"udp/5353",,,,,tcolby,,"'S-1-5-18'",,"Microsoft Sysmon"
,,,"Microsoft-Windows-Sysmon/Operational",,,,"wrk-colby.Ecorp.local",,,,,,"-","ff02:0:0:0:0:0:0:fb",true,5353,"-",,"Microsoft-Windows-Sysmon/Operational",3,"<Data Name='RuleName'>technique_id=T1571,technique_name=Non-Standard Port</Data><Data Name='UtcTime'>2024-12-01 20:50:29.448</Data><Data Name='ProcessGuid'>{fc7e85d2-c420-674c-9bcb-000000002400}</Data><Data Name='ProcessId'>5616</Data><Data Name='Image'>C:\Program Files (x86)\Microsoft\Edge\Application\msedge.exe</Data><Data Name='User'>ECORP\tcolby</Data><Data Name='Protocol'>udp</Data><Data Name='Initiated'>true</Data><Data Name='SourceIsIpv6'>true</Data><Data Name='SourceIp'>fe80:0:0:0:766c:53d1:4937:4cff</Data><Data Name='SourceHostname'>-</Data><Data Name='SourcePort'>5353</Data><Data Name='SourcePortName'>-</Data><Data Name='DestinationIsIpv6'>true</Data><Data Name='DestinationIp'>ff02:0:0:0:0:0:0:fb</Data><Data Name='DestinationHostname'>-</Data><Data Name='DestinationPort'>5353</Data><Data Name='DestinationPortName'>-</Data>","Network connection",3,240652,,,,,"'{5770385f-c22a-43e0-bf4c-06f5698ffbd9}'",,,"C:\Program Files (x86)\Microsoft\Edge\Application\msedge.exe",,,true,,,0x8000000000000000,4,,,,"'Microsoft-Windows-Sysmon'",0,,,,,,,,"{fc7e85d2-c420-674c-9bcb-000000002400}","'3144'",5616,,udp,,,,240652,240652,,"technique_id=T1571,technique_name=Non-Standard Port",,,"S-1-5-18",,,,"-",,"fe80:0:0:0:766c:53d1:4937:4cff",true,5353,"-",,,,,,"'2024-12-01T20:50:31.9277246Z'","<Provider Name='Microsoft-Windows-Sysmon' Guid='{5770385f-c22a-43e0-bf4c-06f5698ffbd9}'/><EventID>3</EventID><Version>5</Version><Level>4</Level><Task>3</Task><Opcode>0</Opcode><Keywords>0x8000000000000000</Keywords><TimeCreated SystemTime='2024-12-01T20:50:31.9277246Z'/><EventRecordID>240652</EventRecordID><Correlation/><Execution ProcessID='3144' ThreadID='4180'/><Channel>Microsoft-Windows-Sysmon/Operational</Channel><Computer>wrk-colby.Ecorp.local</Computer><Security UserID='S-1-5-18'/>",,,,,,,3,,"'4180'","2024-12-01T20:50:31.9277246Z","ECORP\tcolby","'S-1-5-18'","2024-12-01 20:50:29.448",5,"<Event xmlns='http://schemas.microsoft.com/win/2004/08/events/event'><System><Provider Name='Microsoft-Windows-Sysmon' Guid='{5770385f-c22a-43e0-bf4c-06f5698ffbd9}'/><EventID>3</EventID><Version>5</Version><Level>4</Level><Task>3</Task><Opcode>0</Opcode><Keywords>0x8000000000000000</Keywords><TimeCreated SystemTime='2024-12-01T20:50:31.9277246Z'/><EventRecordID>240652</EventRecordID><Correlation/><Execution ProcessID='3144' ThreadID='4180'/><Channel>Microsoft-Windows-Sysmon/Operational</Channel><Computer>wrk-colby.Ecorp.local</Computer><Security UserID='S-1-5-18'/></System><EventData><Data Name='RuleName'>technique_id=T1571,technique_name=Non-Standard Port</Data><Data Name='UtcTime'>2024-12-01 20:50:29.448</Data><Data Name='ProcessGuid'>{fc7e85d2-c420-674c-9bcb-000000002400}</Data><Data Name='ProcessId'>5616</Data><Data Name='Image'>C:\Program Files (x86)\Microsoft\Edge\Application\msedge.exe</Data><Data Name='User'>ECORP\tcolby</Data><Data Name='Protocol'>udp</Data><Data Name='Initiated'>true</Data><Data Name='SourceIsIpv6'>true</Data><Data Name='SourceIp'>fe80:0:0:0:766c:53d1:4937:4cff</Data><Data Name='SourceHostname'>-</Data><Data Name='SourcePort'>5353</Data><Data Name='SourcePortName'>-</Data><Data Name='DestinationIsIpv6'>true</Data><Data Name='DestinationIp'>ff02:0:0:0:0:0:0:fb</Data><Data Name='DestinationHostname'>-</Data><Data Name='DestinationPort'>5353</Data><Data Name='DestinationPortName'>-</Data></EventData></Event>","2024-12-01T15:50:29.448-0500",allowed,,,"C:\Program Files (x86)\Microsoft\Edge\Application\msedge.exe",,,"2024-12-01 20:50:29.448",20,1,50,december,29,sunday,2024,0,,"ff02:0:0:0:0:0:0:fb",,"ff02:0:0:0:0:0:0:fb",5353,outbound,"wrk-colby.Ecorp.local","fe80:0:0:0:766c:53d1:4937:4cff","WRK-COLBY",240652,"endpoint_services_processes ms-sysmon-network windows_event_signature",,,,,,,,"WRK-COLBY",,,240652,main,1,,,,,,,,,,,,,,,,,,,"msedge.exe","{fc7e85d2-c420-674c-9bcb-000000002400}",,5616,,"msedge.exe",,ip,ipv6,"<_='://../////'><><_='--'_='{----}'/><></><></><><",,,,,,,,,,,,,"technique_id=T1571,technique_name=Non-Standard Port",,,,,,,,informational,4,"Network connection",3,"XmlWinEventLog:Microsoft-Windows-Sysmon/Operational",XmlWinEventLog,"wrk-colby",,"fe80:0:0:0:766c:53d1:4937:4cff",,,,"fe80:0:0:0:766c:53d1:4937:4cff",,5353,established,,,"communicate
network
track_event_signatures",,"communicate
network
track_event_signatures",715,692,udp,"udp/5353",,,,,tcolby,,"'S-1-5-18'",,"Microsoft Sysmon"
,,,"Microsoft-Windows-Sysmon/Operational",,,,"wrk-colby.Ecorp.local",,,,,,"-","10.6.6.5",false,5353,"-",,"Microsoft-Windows-Sysmon/Operational",3,"<Data Name='RuleName'>technique_id=T1571,technique_name=Non-Standard Port</Data><Data Name='UtcTime'>2024-12-01 20:50:29.448</Data><Data Name='ProcessGuid'>{fc7e85d2-c420-674c-9bcb-000000002400}</Data><Data Name='ProcessId'>5616</Data><Data Name='Image'>C:\Program Files (x86)\Microsoft\Edge\Application\msedge.exe</Data><Data Name='User'>ECORP\tcolby</Data><Data Name='Protocol'>udp</Data><Data Name='Initiated'>false</Data><Data Name='SourceIsIpv6'>false</Data><Data Name='SourceIp'>224.0.0.251</Data><Data Name='SourceHostname'>-</Data><Data Name='SourcePort'>5353</Data><Data Name='SourcePortName'>-</Data><Data Name='DestinationIsIpv6'>false</Data><Data Name='DestinationIp'>10.6.6.5</Data><Data Name='DestinationHostname'>-</Data><Data Name='DestinationPort'>5353</Data><Data Name='DestinationPortName'>-</Data>","Network connection",3,240651,,,,,"'{5770385f-c22a-43e0-bf4c-06f5698ffbd9}'",,,"C:\Program Files (x86)\Microsoft\Edge\Application\msedge.exe",,,false,,,0x8000000000000000,4,,,,"'Microsoft-Windows-Sysmon'",0,,,,,,,,"{fc7e85d2-c420-674c-9bcb-000000002400}","'3144'",5616,,udp,,,,240651,240651,,"technique_id=T1571,technique_name=Non-Standard Port",,,"S-1-5-18",,,,"-",,"224.0.0.251",false,5353,"-",,,,,,"'2024-12-01T20:50:31.9277147Z'","<Provider Name='Microsoft-Windows-Sysmon' Guid='{5770385f-c22a-43e0-bf4c-06f5698ffbd9}'/><EventID>3</EventID><Version>5</Version><Level>4</Level><Task>3</Task><Opcode>0</Opcode><Keywords>0x8000000000000000</Keywords><TimeCreated SystemTime='2024-12-01T20:50:31.9277147Z'/><EventRecordID>240651</EventRecordID><Correlation/><Execution ProcessID='3144' ThreadID='4180'/><Channel>Microsoft-Windows-Sysmon/Operational</Channel><Computer>wrk-colby.Ecorp.local</Computer><Security UserID='S-1-5-18'/>",,,,,,,3,,"'4180'","2024-12-01T20:50:31.9277147Z","ECORP\tcolby","'S-1-5-18'","2024-12-01 20:50:29.448",5,"<Event xmlns='http://schemas.microsoft.com/win/2004/08/events/event'><System><Provider Name='Microsoft-Windows-Sysmon' Guid='{5770385f-c22a-43e0-bf4c-06f5698ffbd9}'/><EventID>3</EventID><Version>5</Version><Level>4</Level><Task>3</Task><Opcode>0</Opcode><Keywords>0x8000000000000000</Keywords><TimeCreated SystemTime='2024-12-01T20:50:31.9277147Z'/><EventRecordID>240651</EventRecordID><Correlation/><Execution ProcessID='3144' ThreadID='4180'/><Channel>Microsoft-Windows-Sysmon/Operational</Channel><Computer>wrk-colby.Ecorp.local</Computer><Security UserID='S-1-5-18'/></System><EventData><Data Name='RuleName'>technique_id=T1571,technique_name=Non-Standard Port</Data><Data Name='UtcTime'>2024-12-01 20:50:29.448</Data><Data Name='ProcessGuid'>{fc7e85d2-c420-674c-9bcb-000000002400}</Data><Data Name='ProcessId'>5616</Data><Data Name='Image'>C:\Program Files (x86)\Microsoft\Edge\Application\msedge.exe</Data><Data Name='User'>ECORP\tcolby</Data><Data Name='Protocol'>udp</Data><Data Name='Initiated'>false</Data><Data Name='SourceIsIpv6'>false</Data><Data Name='SourceIp'>224.0.0.251</Data><Data Name='SourceHostname'>-</Data><Data Name='SourcePort'>5353</Data><Data Name='SourcePortName'>-</Data><Data Name='DestinationIsIpv6'>false</Data><Data Name='DestinationIp'>10.6.6.5</Data><Data Name='DestinationHostname'>-</Data><Data Name='DestinationPort'>5353</Data><Data Name='DestinationPortName'>-</Data></EventData></Event>","2024-12-01T15:50:29.448-0500",allowed,,,"C:\Program Files (x86)\Microsoft\Edge\Application\msedge.exe",,,"2024-12-01 20:50:29.448",20,1,50,december,29,sunday,2024,0,,"10.6.6.5",,"10.6.6.5",5353,inbound,"wrk-colby.Ecorp.local","224.0.0.251","WRK-COLBY",240651,"endpoint_services_processes ms-sysmon-network windows_event_signature",,,,,,,,"WRK-COLBY",,,240651,main,1,,,,,,,,,,,,,,,,,,,"msedge.exe","{fc7e85d2-c420-674c-9bcb-000000002400}",,5616,,"msedge.exe",,ip,ipv4,"<_='://../////'><><_='--'_='{----}'/><></><></><><",,,,,,,,,,,,,"technique_id=T1571,technique_name=Non-Standard Port",,,,,,,,informational,4,"Network connection",3,"XmlWinEventLog:Microsoft-Windows-Sysmon/Operational",XmlWinEventLog,"wrk-colby",,"224.0.0.251",,,,"224.0.0.251",,5353,established,,,"communicate
network
track_event_signatures",,"communicate
network
track_event_signatures",715,692,udp,"udp/5353",,,,,tcolby,,"'S-1-5-18'",,"Microsoft Sysmon"
,,,"Microsoft-Windows-Sysmon/Operational",,,,"wrk-colby.Ecorp.local",,,,,,"-","224.0.0.251",false,5353,"-",,"Microsoft-Windows-Sysmon/Operational",3,"<Data Name='RuleName'>technique_id=T1571,technique_name=Non-Standard Port</Data><Data Name='UtcTime'>2024-12-01 20:50:29.448</Data><Data Name='ProcessGuid'>{fc7e85d2-c420-674c-9bcb-000000002400}</Data><Data Name='ProcessId'>5616</Data><Data Name='Image'>C:\Program Files (x86)\Microsoft\Edge\Application\msedge.exe</Data><Data Name='User'>ECORP\tcolby</Data><Data Name='Protocol'>udp</Data><Data Name='Initiated'>true</Data><Data Name='SourceIsIpv6'>false</Data><Data Name='SourceIp'>10.6.6.5</Data><Data Name='SourceHostname'>-</Data><Data Name='SourcePort'>5353</Data><Data Name='SourcePortName'>-</Data><Data Name='DestinationIsIpv6'>false</Data><Data Name='DestinationIp'>224.0.0.251</Data><Data Name='DestinationHostname'>-</Data><Data Name='DestinationPort'>5353</Data><Data Name='DestinationPortName'>-</Data>","Network connection",3,240650,,,,,"'{5770385f-c22a-43e0-bf4c-06f5698ffbd9}'",,,"C:\Program Files (x86)\Microsoft\Edge\Application\msedge.exe",,,true,,,0x8000000000000000,4,,,,"'Microsoft-Windows-Sysmon'",0,,,,,,,,"{fc7e85d2-c420-674c-9bcb-000000002400}","'3144'",5616,,udp,,,,240650,240650,,"technique_id=T1571,technique_name=Non-Standard Port",,,"S-1-5-18",,,,"-",,"10.6.6.5",false,5353,"-",,,,,,"'2024-12-01T20:50:31.9276717Z'","<Provider Name='Microsoft-Windows-Sysmon' Guid='{5770385f-c22a-43e0-bf4c-06f5698ffbd9}'/><EventID>3</EventID><Version>5</Version><Level>4</Level><Task>3</Task><Opcode>0</Opcode><Keywords>0x8000000000000000</Keywords><TimeCreated SystemTime='2024-12-01T20:50:31.9276717Z'/><EventRecordID>240650</EventRecordID><Correlation/><Execution ProcessID='3144' ThreadID='4180'/><Channel>Microsoft-Windows-Sysmon/Operational</Channel><Computer>wrk-colby.Ecorp.local</Computer><Security UserID='S-1-5-18'/>",,,,,,,3,,"'4180'","2024-12-01T20:50:31.9276717Z","ECORP\tcolby","'S-1-5-18'","2024-12-01 20:50:29.448",5,"<Event xmlns='http://schemas.microsoft.com/win/2004/08/events/event'><System><Provider Name='Microsoft-Windows-Sysmon' Guid='{5770385f-c22a-43e0-bf4c-06f5698ffbd9}'/><EventID>3</EventID><Version>5</Version><Level>4</Level><Task>3</Task><Opcode>0</Opcode><Keywords>0x8000000000000000</Keywords><TimeCreated SystemTime='2024-12-01T20:50:31.9276717Z'/><EventRecordID>240650</EventRecordID><Correlation/><Execution ProcessID='3144' ThreadID='4180'/><Channel>Microsoft-Windows-Sysmon/Operational</Channel><Computer>wrk-colby.Ecorp.local</Computer><Security UserID='S-1-5-18'/></System><EventData><Data Name='RuleName'>technique_id=T1571,technique_name=Non-Standard Port</Data><Data Name='UtcTime'>2024-12-01 20:50:29.448</Data><Data Name='ProcessGuid'>{fc7e85d2-c420-674c-9bcb-000000002400}</Data><Data Name='ProcessId'>5616</Data><Data Name='Image'>C:\Program Files (x86)\Microsoft\Edge\Application\msedge.exe</Data><Data Name='User'>ECORP\tcolby</Data><Data Name='Protocol'>udp</Data><Data Name='Initiated'>true</Data><Data Name='SourceIsIpv6'>false</Data><Data Name='SourceIp'>10.6.6.5</Data><Data Name='SourceHostname'>-</Data><Data Name='SourcePort'>5353</Data><Data Name='SourcePortName'>-</Data><Data Name='DestinationIsIpv6'>false</Data><Data Name='DestinationIp'>224.0.0.251</Data><Data Name='DestinationHostname'>-</Data><Data Name='DestinationPort'>5353</Data><Data Name='DestinationPortName'>-</Data></EventData></Event>","2024-12-01T15:50:29.448-0500",allowed,,,"C:\Program Files (x86)\Microsoft\Edge\Application\msedge.exe",,,"2024-12-01 20:50:29.448",20,1,50,december,29,sunday,2024,0,,"224.0.0.251",,"224.0.0.251",5353,outbound,"wrk-colby.Ecorp.local","10.6.6.5","WRK-COLBY",240650,"endpoint_services_processes ms-sysmon-network windows_event_signature",,,,,,,,"WRK-COLBY",,,240650,main,1,,,,,,,,,,,,,,,,,,,"msedge.exe","{fc7e85d2-c420-674c-9bcb-000000002400}",,5616,,"msedge.exe",,ip,ipv4,"<_='://../////'><><_='--'_='{----}'/><></><></><><",,,,,,,,,,,,,"technique_id=T1571,technique_name=Non-Standard Port",,,,,,,,informational,4,"Network connection",3,"XmlWinEventLog:Microsoft-Windows-Sysmon/Operational",XmlWinEventLog,"wrk-colby",,"10.6.6.5",,,,"10.6.6.5",,5353,established,,,"communicate
network
track_event_signatures",,"communicate
network
track_event_signatures",715,692,udp,"udp/5353",,,,,tcolby,,"'S-1-5-18'",,"Microsoft Sysmon"
,,,"Microsoft-Windows-Sysmon/Operational",,,,"wrk-colby.Ecorp.local",,,,,,,,,,,"Binary Data","Microsoft-Windows-Sysmon/Operational",13,"<Data Name='RuleName'>-</Data><Data Name='EventType'>SetValue</Data><Data Name='UtcTime'>2024-12-01 20:50:23.751</Data><Data Name='ProcessGuid'>{fc7e85d2-7e46-674c-ee03-000000002400}</Data><Data Name='ProcessId'>4676</Data><Data Name='Image'>C:\Windows\explorer.exe</Data><Data Name='TargetObject'>HKLM\System\CurrentControlSet\Services\bam\State\UserSettings\S-1-5-21-921492421-3060855610-3380895733-1106\\Device\HarddiskVolume2\Program Files (x86)\Microsoft\Edge\Application\msedge.exe</Data><Data Name='Details'>Binary Data</Data><Data Name='User'>ECORP\tcolby</Data>","RegistryEvent (Value Set)",13,240649,SetValue,,,,"'{5770385f-c22a-43e0-bf4c-06f5698ffbd9}'",,,"C:\Windows\explorer.exe",,,,,,0x8000000000000000,4,,,,"'Microsoft-Windows-Sysmon'",0,,,,,,,,"{fc7e85d2-7e46-674c-ee03-000000002400}","'3144'",4676,,,,,,240649,240649,,"-",,,"S-1-5-18",,,,,,,,,,,,,,,"'2024-12-01T20:50:23.7573027Z'","<Provider Name='Microsoft-Windows-Sysmon' Guid='{5770385f-c22a-43e0-bf4c-06f5698ffbd9}'/><EventID>13</EventID><Version>2</Version><Level>4</Level><Task>13</Task><Opcode>0</Opcode><Keywords>0x8000000000000000</Keywords><TimeCreated SystemTime='2024-12-01T20:50:23.7573027Z'/><EventRecordID>240649</EventRecordID><Correlation/><Execution ProcessID='3144' ThreadID='4456'/><Channel>Microsoft-Windows-Sysmon/Operational</Channel><Computer>wrk-colby.Ecorp.local</Computer><Security UserID='S-1-5-18'/>",,,"HKLM\System\CurrentControlSet\Services\bam\State\UserSettings\S-1-5-21-921492421-3060855610-3380895733-1106\\Device\HarddiskVolume2\Program Files (x86)\Microsoft\Edge\Application\msedge.exe",,,,13,,"'4456'","2024-12-01T20:50:23.7573027Z","ECORP\tcolby","'S-1-5-18'","2024-12-01 20:50:23.751",2,"<Event xmlns='http://schemas.microsoft.com/win/2004/08/events/event'><System><Provider Name='Microsoft-Windows-Sysmon' Guid='{5770385f-c22a-43e0-bf4c-06f5698ffbd9}'/><EventID>13</EventID><Version>2</Version><Level>4</Level><Task>13</Task><Opcode>0</Opcode><Keywords>0x8000000000000000</Keywords><TimeCreated SystemTime='2024-12-01T20:50:23.7573027Z'/><EventRecordID>240649</EventRecordID><Correlation/><Execution ProcessID='3144' ThreadID='4456'/><Channel>Microsoft-Windows-Sysmon/Operational</Channel><Computer>wrk-colby.Ecorp.local</Computer><Security UserID='S-1-5-18'/></System><EventData><Data Name='RuleName'>-</Data><Data Name='EventType'>SetValue</Data><Data Name='UtcTime'>2024-12-01 20:50:23.751</Data><Data Name='ProcessGuid'>{fc7e85d2-7e46-674c-ee03-000000002400}</Data><Data Name='ProcessId'>4676</Data><Data Name='Image'>C:\Windows\explorer.exe</Data><Data Name='TargetObject'>HKLM\System\CurrentControlSet\Services\bam\State\UserSettings\S-1-5-21-921492421-3060855610-3380895733-1106\\Device\HarddiskVolume2\Program Files (x86)\Microsoft\Edge\Application\msedge.exe</Data><Data Name='Details'>Binary Data</Data><Data Name='User'>ECORP\tcolby</Data></EventData></Event>","2024-12-01T15:50:23.751-0500",modified,,,,,,,20,1,50,december,23,sunday,2024,0,,"wrk-colby.Ecorp.local",,,,,"wrk-colby.Ecorp.local",,"WRK-COLBY",240649,"endpoint_services_processes ms-sysmon-regmod windows_event_signature",,,,,,,,"WRK-COLBY",,,240649,main,1,,,,,,registry,"HKLM\System\CurrentControlSet\Services\bam\State\UserSettings\S-1-5-21-921492421-3060855610-3380895733-1106\\Device\HarddiskVolume2\Program Files (x86)\Microsoft\Edge\Application\msedge.exe",,,,,,,,,,,,"explorer.exe","{fc7e85d2-7e46-674c-ee03-000000002400}",,4676,,"explorer.exe","C:\Windows\explorer.exe",,,"<_='://../////'><><_='--'_='{----}'/><></><></><><",,,,,"HKEY_LOCAL_MACHINE\\System","HKLM\System\CurrentControlSet\Services\bam\State\UserSettings\S-1-5-21-921492421-3060855610-3380895733-1106\\Device\HarddiskVolume2\Program Files (x86)\Microsoft\Edge\Application\msedge.exe","HKLM\System\CurrentControlSet\Services\bam\State\UserSettings\S-1-5-21-921492421-3060855610-3380895733-1106\\Device\HarddiskVolume2\Program Files (x86)\Microsoft\Edge\Application\msedge.exe","Binary Data","HKLM\System\CurrentControlSet\Services\bam\State\UserSettings\S-1-5-21-921492421-3060855610-3380895733-1106\\Device\HarddiskVolume2\Program Files (x86)\Microsoft\Edge\Application\msedge.exe",,,,,,,,,,,,informational,4,"RegistryEvent (Value Set)",13,"XmlWinEventLog:Microsoft-Windows-Sysmon/Operational",XmlWinEventLog,"wrk-colby",,,,,,,,,,success,,"endpoint
registry
track_event_signatures",,"endpoint
registry
track_event_signatures",705,682,,,,,,,tcolby,,"'S-1-5-18'",,"Microsoft Sysmon"
,,,"Microsoft-Windows-Sysmon/Operational",,,,"wrk-colby.Ecorp.local",,,,,,,,,,,,"Microsoft-Windows-Sysmon/Operational",17,"<Data Name='RuleName'>-</Data><Data Name='EventType'>CreatePipe</Data><Data Name='UtcTime'>2024-12-01 20:49:35.600</Data><Data Name='ProcessGuid'>{fc7e85d2-cbcf-674c-97e1-000000002400}</Data><Data Name='ProcessId'>8084</Data><Data Name='PipeName'>\wireshark.8084.signal</Data><Data Name='Image'>C:\Program Files\Wireshark\Wireshark.exe</Data><Data Name='User'>ECORP\tcolby</Data>","PipeEvent (Pipe Created)",17,240648,CreatePipe,,,,"'{5770385f-c22a-43e0-bf4c-06f5698ffbd9}'",,,"C:\Program Files\Wireshark\Wireshark.exe",,,,,,0x8000000000000000,4,,,,"'Microsoft-Windows-Sysmon'",0,,,,,,,"\wireshark.8084.signal","{fc7e85d2-cbcf-674c-97e1-000000002400}","'3144'",8084,,,,,,240648,240648,,"-",,,"S-1-5-18",,,,,,,,,,,,,,,"'2024-12-01T20:49:35.6010130Z'","<Provider Name='Microsoft-Windows-Sysmon' Guid='{5770385f-c22a-43e0-bf4c-06f5698ffbd9}'/><EventID>17</EventID><Version>1</Version><Level>4</Level><Task>17</Task><Opcode>0</Opcode><Keywords>0x8000000000000000</Keywords><TimeCreated SystemTime='2024-12-01T20:49:35.6010130Z'/><EventRecordID>240648</EventRecordID><Correlation/><Execution ProcessID='3144' ThreadID='4456'/><Channel>Microsoft-Windows-Sysmon/Operational</Channel><Computer>wrk-colby.Ecorp.local</Computer><Security UserID='S-1-5-18'/>",,,,,,,17,,"'4456'","2024-12-01T20:49:35.6010130Z","ECORP\tcolby","'S-1-5-18'","2024-12-01 20:49:35.600",1,"<Event xmlns='http://schemas.microsoft.com/win/2004/08/events/event'><System><Provider Name='Microsoft-Windows-Sysmon' Guid='{5770385f-c22a-43e0-bf4c-06f5698ffbd9}'/><EventID>17</EventID><Version>1</Version><Level>4</Level><Task>17</Task><Opcode>0</Opcode><Keywords>0x8000000000000000</Keywords><TimeCreated SystemTime='2024-12-01T20:49:35.6010130Z'/><EventRecordID>240648</EventRecordID><Correlation/><Execution ProcessID='3144' ThreadID='4456'/><Channel>Microsoft-Windows-Sysmon/Operational</Channel><Computer>wrk-colby.Ecorp.local</Computer><Security UserID='S-1-5-18'/></System><EventData><Data Name='RuleName'>-</Data><Data Name='EventType'>CreatePipe</Data><Data Name='UtcTime'>2024-12-01 20:49:35.600</Data><Data Name='ProcessGuid'>{fc7e85d2-cbcf-674c-97e1-000000002400}</Data><Data Name='ProcessId'>8084</Data><Data Name='PipeName'>\wireshark.8084.signal</Data><Data Name='Image'>C:\Program Files\Wireshark\Wireshark.exe</Data><Data Name='User'>ECORP\tcolby</Data></EventData></Event>","2024-12-01T15:49:35.600-0500",allowed,,,,,,,20,1,49,december,35,sunday,2024,0,,"wrk-colby.Ecorp.local",,,,,"wrk-colby.Ecorp.local",,"WRK-COLBY",240648,"endpoint_services_processes ms-sysmon-process windows_event_signature",,,,,,,,"WRK-COLBY",,,240648,main,1,,,,,,,,,"Microsoft Windows",,,,,,,"\wireshark.8084.signal",,,"Wireshark.exe","{fc7e85d2-cbcf-674c-97e1-000000002400}",,8084,,"Wireshark.exe","C:\Program Files\Wireshark\Wireshark.exe",,,"<_='://../////'><><_='--'_='{----}'/><></><></><><",,,,,,,,,,,,,,,,,,,,,informational,4,"PipeEvent (Pipe Created)",17,"XmlWinEventLog:Microsoft-Windows-Sysmon/Operational",XmlWinEventLog,"wrk-colby",,,,,,,,,,,,"process
report
track_event_signatures",,"process
report
track_event_signatures",707,684,,,,,,,tcolby,,"'S-1-5-18'",,"Microsoft Sysmon"
,,,"Microsoft-Windows-Sysmon/Operational",,,,"wrk-colby.Ecorp.local",,,,,,,,,,,,"Microsoft-Windows-Sysmon/Operational",22,"<Data Name='RuleName'>-</Data><Data Name='UtcTime'>2024-12-01 20:49:31.295</Data><Data Name='ProcessGuid'>{fc7e85d2-cbcf-674c-97e1-000000002400}</Data><Data Name='ProcessId'>8084</Data><Data Name='QueryName'>www.wireshark.org</Data><Data Name='QueryStatus'>9002</Data><Data Name='QueryResults'>-</Data><Data Name='Image'>C:\Program Files\Wireshark\Wireshark.exe</Data><Data Name='User'>ECORP\tcolby</Data>","DNSEvent (DNS query)",22,240647,,,,,"'{5770385f-c22a-43e0-bf4c-06f5698ffbd9}'",,,"C:\Program Files\Wireshark\Wireshark.exe",,,,,,0x8000000000000000,4,,,,"'Microsoft-Windows-Sysmon'",0,,,,,,,,"{fc7e85d2-cbcf-674c-97e1-000000002400}","'3144'",8084,,,"www.wireshark.org","-",9002,240647,240647,,"-",,,"S-1-5-18",,,,,,,,,,,,,,,"'2024-12-01T20:49:33.7605759Z'","<Provider Name='Microsoft-Windows-Sysmon' Guid='{5770385f-c22a-43e0-bf4c-06f5698ffbd9}'/><EventID>22</EventID><Version>5</Version><Level>4</Level><Task>22</Task><Opcode>0</Opcode><Keywords>0x8000000000000000</Keywords><TimeCreated SystemTime='2024-12-01T20:49:33.7605759Z'/><EventRecordID>240647</EventRecordID><Correlation/><Execution ProcessID='3144' ThreadID='4476'/><Channel>Microsoft-Windows-Sysmon/Operational</Channel><Computer>wrk-colby.Ecorp.local</Computer><Security UserID='S-1-5-18'/>",,,,,,,22,,"'4476'","2024-12-01T20:49:33.7605759Z","ECORP\tcolby","'S-1-5-18'","2024-12-01 20:49:31.295",5,"<Event xmlns='http://schemas.microsoft.com/win/2004/08/events/event'><System><Provider Name='Microsoft-Windows-Sysmon' Guid='{5770385f-c22a-43e0-bf4c-06f5698ffbd9}'/><EventID>22</EventID><Version>5</Version><Level>4</Level><Task>22</Task><Opcode>0</Opcode><Keywords>0x8000000000000000</Keywords><TimeCreated SystemTime='2024-12-01T20:49:33.7605759Z'/><EventRecordID>240647</EventRecordID><Correlation/><Execution ProcessID='3144' ThreadID='4476'/><Channel>Microsoft-Windows-Sysmon/Operational</Channel><Computer>wrk-colby.Ecorp.local</Computer><Security UserID='S-1-5-18'/></System><EventData><Data Name='RuleName'>-</Data><Data Name='UtcTime'>2024-12-01 20:49:31.295</Data><Data Name='ProcessGuid'>{fc7e85d2-cbcf-674c-97e1-000000002400}</Data><Data Name='ProcessId'>8084</Data><Data Name='QueryName'>www.wireshark.org</Data><Data Name='QueryStatus'>9002</Data><Data Name='QueryResults'>-</Data><Data Name='Image'>C:\Program Files\Wireshark\Wireshark.exe</Data><Data Name='User'>ECORP\tcolby</Data></EventData></Event>","2024-12-01T15:49:31.295-0500",,,,,,,,20,1,49,december,31,sunday,2024,0,,,,,,,"wrk-colby.Ecorp.local",,"WRK-COLBY",240647,"endpoint_services_processes ms-sysmon-dns windows_event_signature",,,,,,,,"WRK-COLBY",,,240647,main,1,,,,,,,,,,,,,,,,,,,"Wireshark.exe","{fc7e85d2-cbcf-674c-97e1-000000002400}",,,,"Wireshark.exe",,,,"<_='://../////'><><_='--'_='{----}'/><></><></><><","www.wireshark.org",1,,,,,,,,,9002,,,,,,,,,,informational,4,"DNSEvent (DNS query)",22,"XmlWinEventLog:Microsoft-Windows-Sysmon/Operational",XmlWinEventLog,"wrk-colby",,"wrk-colby.Ecorp.local",,,,,,,,,,"dns
network
resolution
track_event_signatures",,"dns
network
resolution
track_event_signatures",667,644,,,,,,,tcolby,,"'S-1-5-18'",,"Microsoft Sysmon"
true,,,"Microsoft-Windows-Sysmon/Operational",,,,"wrk-colby.Ecorp.local",,,,,,,,,,,,"Microsoft-Windows-Sysmon/Operational",23,"<Data Name='RuleName'>-</Data><Data Name='UtcTime'>2024-12-01 20:49:26.464</Data><Data Name='ProcessGuid'>{fc7e85d2-7e4d-674c-0f04-000000002400}</Data><Data Name='ProcessId'>7880</Data><Data Name='User'>ECORP\tcolby</Data><Data Name='Image'>C:\Windows\SystemApps\Microsoft.Windows.Search_cw5n1h2txyewy\SearchApp.exe</Data><Data Name='TargetFilename'>C:\Users\tcolby\AppData\Local\Packages\Microsoft.Windows.Search_cw5n1h2txyewy\AC\Microsoft\Internet Explorer\DOMStore\H8JSA3V2\www.bing[1].xml</Data><Data Name='Hashes'>SHA1=541135704D7F56701A4C9FF836015C757102FA26,MD5=A15A9019D72F3FAC0BE888984AF0DF5E,SHA256=F155FF65A20C67B93946E9DB3897EA11A4A3EF6B18E24BB2D669B121387F2AD5,IMPHASH=00000000000000000000000000000000</Data><Data Name='IsExecutable'>false</Data><Data Name='Archived'>true</Data>","FileDelete (File Delete archived)",23,240646,,,,,"'{5770385f-c22a-43e0-bf4c-06f5698ffbd9}'","SHA1=541135704D7F56701A4C9FF836015C757102FA26,MD5=A15A9019D72F3FAC0BE888984AF0DF5E,SHA256=F155FF65A20C67B93946E9DB3897EA11A4A3EF6B18E24BB2D669B121387F2AD5,IMPHASH=00000000000000000000000000000000",00000000000000000000000000000000,"C:\Windows\SystemApps\Microsoft.Windows.Search_cw5n1h2txyewy\SearchApp.exe",,,,,false,0x8000000000000000,4,,,A15A9019D72F3FAC0BE888984AF0DF5E,"'Microsoft-Windows-Sysmon'",0,,,,,,,,"{fc7e85d2-7e4d-674c-0f04-000000002400}","'3144'",7880,,,,,,240646,240646,,"-",541135704D7F56701A4C9FF836015C757102FA26,F155FF65A20C67B93946E9DB3897EA11A4A3EF6B18E24BB2D669B121387F2AD5,"S-1-5-18",,,,,,,,,,,,,,,"'2024-12-01T20:49:26.4951910Z'","<Provider Name='Microsoft-Windows-Sysmon' Guid='{5770385f-c22a-43e0-bf4c-06f5698ffbd9}'/><EventID>23</EventID><Version>5</Version><Level>4</Level><Task>23</Task><Opcode>0</Opcode><Keywords>0x8000000000000000</Keywords><TimeCreated SystemTime='2024-12-01T20:49:26.4951910Z'/><EventRecordID>240646</EventRecordID><Correlation/><Execution ProcessID='3144' ThreadID='4456'/><Channel>Microsoft-Windows-Sysmon/Operational</Channel><Computer>wrk-colby.Ecorp.local</Computer><Security UserID='S-1-5-18'/>","C:\Users\tcolby\AppData\Local\Packages\Microsoft.Windows.Search_cw5n1h2txyewy\AC\Microsoft\Internet Explorer\DOMStore\H8JSA3V2\www.bing[1].xml",,,,,,23,,"'4456'","2024-12-01T20:49:26.4951910Z","ECORP\tcolby","'S-1-5-18'","2024-12-01 20:49:26.464",5,"<Event xmlns='http://schemas.microsoft.com/win/2004/08/events/event'><System><Provider Name='Microsoft-Windows-Sysmon' Guid='{5770385f-c22a-43e0-bf4c-06f5698ffbd9}'/><EventID>23</EventID><Version>5</Version><Level>4</Level><Task>23</Task><Opcode>0</Opcode><Keywords>0x8000000000000000</Keywords><TimeCreated SystemTime='2024-12-01T20:49:26.4951910Z'/><EventRecordID>240646</EventRecordID><Correlation/><Execution ProcessID='3144' ThreadID='4456'/><Channel>Microsoft-Windows-Sysmon/Operational</Channel><Computer>wrk-colby.Ecorp.local</Computer><Security UserID='S-1-5-18'/></System><EventData><Data Name='RuleName'>-</Data><Data Name='UtcTime'>2024-12-01 20:49:26.464</Data><Data Name='ProcessGuid'>{fc7e85d2-7e4d-674c-0f04-000000002400}</Data><Data Name='ProcessId'>7880</Data><Data Name='User'>ECORP\tcolby</Data><Data Name='Image'>C:\Windows\SystemApps\Microsoft.Windows.Search_cw5n1h2txyewy\SearchApp.exe</Data><Data Name='TargetFilename'>C:\Users\tcolby\AppData\Local\Packages\Microsoft.Windows.Search_cw5n1h2txyewy\AC\Microsoft\Internet Explorer\DOMStore\H8JSA3V2\www.bing[1].xml</Data><Data Name='Hashes'>SHA1=541135704D7F56701A4C9FF836015C757102FA26,MD5=A15A9019D72F3FAC0BE888984AF0DF5E,SHA256=F155FF65A20C67B93946E9DB3897EA11A4A3EF6B18E24BB2D669B121387F2AD5,IMPHASH=00000000000000000000000000000000</Data><Data Name='IsExecutable'>false</Data><Data Name='Archived'>true</Data></EventData></Event>","2024-12-01T15:49:26.464-0500",deleted,,,,,,,20,1,49,december,26,sunday,2024,0,,"wrk-colby.Ecorp.local",,,,,"wrk-colby.Ecorp.local",,"WRK-COLBY",240646,"endpoint_services_processes ms-sysmon-filemod windows_event_signature",,,"SHA1=541135704D7F56701A4C9FF836015C757102FA26,MD5=A15A9019D72F3FAC0BE888984AF0DF5E,SHA256=F155FF65A20C67B93946E9DB3897EA11A4A3EF6B18E24BB2D669B121387F2AD5,IMPHASH=00000000000000000000000000000000","2024-12-01 20:49:26.464","www.bing[1].xml","C:\Users\tcolby\AppData\Local\Packages\Microsoft.Windows.Search_cw5n1h2txyewy\AC\Microsoft\Internet Explorer\DOMStore\H8JSA3V2\www.bing[1].xml",,"WRK-COLBY",,,240646,main,1,,,,,,file,,,,,,,,,,,,,"SearchApp.exe","{fc7e85d2-7e4d-674c-0f04-000000002400}",,7880,,"SearchApp.exe","C:\Windows\SystemApps\Microsoft.Windows.Search_cw5n1h2txyewy\SearchApp.exe",,,"<_='://../////'><><_='--'_='{----}'/><></><></><><",,,,,,,,,,,,,,,,,,,,,informational,4,"FileDelete (File Delete archived)",23,"XmlWinEventLog:Microsoft-Windows-Sysmon/Operational",XmlWinEventLog,"wrk-colby",,,,,,,,,,,,"endpoint
filesystem
track_event_signatures",,"endpoint
filesystem
track_event_signatures",667,644,,,,,,,tcolby,,"'S-1-5-18'",,"Microsoft Sysmon"
true,,,"Microsoft-Windows-Sysmon/Operational",,,,"wrk-colby.Ecorp.local",,,,,,,,,,,,"Microsoft-Windows-Sysmon/Operational",23,"<Data Name='RuleName'>-</Data><Data Name='UtcTime'>2024-12-01 20:49:25.438</Data><Data Name='ProcessGuid'>{fc7e85d2-7e4d-674c-0f04-000000002400}</Data><Data Name='ProcessId'>7880</Data><Data Name='User'>ECORP\tcolby</Data><Data Name='Image'>C:\Windows\SystemApps\Microsoft.Windows.Search_cw5n1h2txyewy\SearchApp.exe</Data><Data Name='TargetFilename'>C:\Users\tcolby\AppData\Local\Packages\Microsoft.Windows.Search_cw5n1h2txyewy\AC\Microsoft\Internet Explorer\DOMStore\H8JSA3V2\www.bing[1].xml</Data><Data Name='Hashes'>SHA1=892E834C76D1998459C59402C0A2E9EE7751F454,MD5=33E460B418F25DDF1AAB76F4AD561D47,SHA256=3A1B14744A49AB7D935FA8A71B6EC78E32019492EAD07EE8B160FA15BA1A1772,IMPHASH=00000000000000000000000000000000</Data><Data Name='IsExecutable'>false</Data><Data Name='Archived'>true</Data>","FileDelete (File Delete archived)",23,240645,,,,,"'{5770385f-c22a-43e0-bf4c-06f5698ffbd9}'","SHA1=892E834C76D1998459C59402C0A2E9EE7751F454,MD5=33E460B418F25DDF1AAB76F4AD561D47,SHA256=3A1B14744A49AB7D935FA8A71B6EC78E32019492EAD07EE8B160FA15BA1A1772,IMPHASH=00000000000000000000000000000000",00000000000000000000000000000000,"C:\Windows\SystemApps\Microsoft.Windows.Search_cw5n1h2txyewy\SearchApp.exe",,,,,false,0x8000000000000000,4,,,33E460B418F25DDF1AAB76F4AD561D47,"'Microsoft-Windows-Sysmon'",0,,,,,,,,"{fc7e85d2-7e4d-674c-0f04-000000002400}","'3144'",7880,,,,,,240645,240645,,"-",892E834C76D1998459C59402C0A2E9EE7751F454,3A1B14744A49AB7D935FA8A71B6EC78E32019492EAD07EE8B160FA15BA1A1772,"S-1-5-18",,,,,,,,,,,,,,,"'2024-12-01T20:49:25.4433871Z'","<Provider Name='Microsoft-Windows-Sysmon' Guid='{5770385f-c22a-43e0-bf4c-06f5698ffbd9}'/><EventID>23</EventID><Version>5</Version><Level>4</Level><Task>23</Task><Opcode>0</Opcode><Keywords>0x8000000000000000</Keywords><TimeCreated SystemTime='2024-12-01T20:49:25.4433871Z'/><EventRecordID>240645</EventRecordID><Correlation/><Execution ProcessID='3144' ThreadID='4456'/><Channel>Microsoft-Windows-Sysmon/Operational</Channel><Computer>wrk-colby.Ecorp.local</Computer><Security UserID='S-1-5-18'/>","C:\Users\tcolby\AppData\Local\Packages\Microsoft.Windows.Search_cw5n1h2txyewy\AC\Microsoft\Internet Explorer\DOMStore\H8JSA3V2\www.bing[1].xml",,,,,,23,,"'4456'","2024-12-01T20:49:25.4433871Z","ECORP\tcolby","'S-1-5-18'","2024-12-01 20:49:25.438",5,"<Event xmlns='http://schemas.microsoft.com/win/2004/08/events/event'><System><Provider Name='Microsoft-Windows-Sysmon' Guid='{5770385f-c22a-43e0-bf4c-06f5698ffbd9}'/><EventID>23</EventID><Version>5</Version><Level>4</Level><Task>23</Task><Opcode>0</Opcode><Keywords>0x8000000000000000</Keywords><TimeCreated SystemTime='2024-12-01T20:49:25.4433871Z'/><EventRecordID>240645</EventRecordID><Correlation/><Execution ProcessID='3144' ThreadID='4456'/><Channel>Microsoft-Windows-Sysmon/Operational</Channel><Computer>wrk-colby.Ecorp.local</Computer><Security UserID='S-1-5-18'/></System><EventData><Data Name='RuleName'>-</Data><Data Name='UtcTime'>2024-12-01 20:49:25.438</Data><Data Name='ProcessGuid'>{fc7e85d2-7e4d-674c-0f04-000000002400}</Data><Data Name='ProcessId'>7880</Data><Data Name='User'>ECORP\tcolby</Data><Data Name='Image'>C:\Windows\SystemApps\Microsoft.Windows.Search_cw5n1h2txyewy\SearchApp.exe</Data><Data Name='TargetFilename'>C:\Users\tcolby\AppData\Local\Packages\Microsoft.Windows.Search_cw5n1h2txyewy\AC\Microsoft\Internet Explorer\DOMStore\H8JSA3V2\www.bing[1].xml</Data><Data Name='Hashes'>SHA1=892E834C76D1998459C59402C0A2E9EE7751F454,MD5=33E460B418F25DDF1AAB76F4AD561D47,SHA256=3A1B14744A49AB7D935FA8A71B6EC78E32019492EAD07EE8B160FA15BA1A1772,IMPHASH=00000000000000000000000000000000</Data><Data Name='IsExecutable'>false</Data><Data Name='Archived'>true</Data></EventData></Event>","2024-