12-01T15:58:34.873-0500",success,,,,,,,20,1,58,december,34,sunday,2024,0,,"wrk-colby.Ecorp.local",,,,,"wrk-colby.Ecorp.local",,"WRK-COLBY",240689,"endpoint_services_processes ms-sysmon-process windows_event_signature",,,,,,,,"WRK-COLBY",,,240689,main,1,"FileSyncEvents.dll","C:\Users\tcolby\AppData\Local\Microsoft\OneDrive\24.216.1027.0003\FileSyncEvents.dll",,,,,,"FileSyncEvents.dll","Microsoft Windows",,,,,,,,,,"FileCoAuth.exe","{fc7e85d2-cdfa-674c-3de8-000000002400}","SHA1=2252E45D6EFCA618C6A2E235B404C496F33A5F6D,MD5=2505BE188325D261B90D5FEA4343F3F0,SHA256=0ED92874F8B40C5B854A0B6A69C83A9C6C26399189C91EEFD82C96ECF8101108,IMPHASH=6EA33F2A7CD55E1BD17DBF8DD63DB3E2",7884,,"FileCoAuth.exe","C:\Users\tcolby\AppData\Local\Microsoft\OneDrive\24.216.1027.0003\FileCoAuth.exe",,,"<_='://../////'><><_='--'_='{----}'/><></><></><><",,,,,,,,,,,,,,,true,true,,,,,informational,4,"Image loaded",7,"XmlWinEventLog:Microsoft-Windows-Sysmon/Operational",XmlWinEventLog,"wrk-colby",,,,,,,,,,,,"process
report
track_event_signatures",,"process
report
track_event_signatures",718,695,,,,,,,tcolby,,"'S-1-5-18'",,"Microsoft Sysmon"
,,,"Microsoft-Windows-Sysmon/Operational",,,"Microsoft Corporation","wrk-colby.Ecorp.local",,,,"Microsoft® C Runtime Library",,,,,,,,"Microsoft-Windows-Sysmon/Operational",7,"<Data Name='RuleName'>technique_id=T1574.002,technique_name=DLL Side-Loading</Data><Data Name='UtcTime'>2024-12-01 20:58:34.872</Data><Data Name='ProcessGuid'>{fc7e85d2-cdfa-674c-3de8-000000002400}</Data><Data Name='ProcessId'>7884</Data><Data Name='Image'>C:\Users\tcolby\AppData\Local\Microsoft\OneDrive\24.216.1027.0003\FileCoAuth.exe</Data><Data Name='ImageLoaded'>C:\Users\tcolby\AppData\Local\Microsoft\OneDrive\24.216.1027.0003\vcruntime140.dll</Data><Data Name='FileVersion'>14.32.31332.0</Data><Data Name='Description'>Microsoft® C Runtime Library</Data><Data Name='Product'>Microsoft® Visual Studio®</Data><Data Name='Company'>Microsoft Corporation</Data><Data Name='OriginalFileName'>vcruntime140.dll</Data><Data Name='Hashes'>SHA1=72F10D04BA4D272B98ABF26CA590BEF75AF729A9,MD5=714B4DA04C1C12EA692DF8C4218D9181,SHA256=0D3D00DA8EDB47E9A6ED6D6657312866AFE854D550067DD842C6D1EED8F01988,IMPHASH=7F07FD94E5BB907093556781CC464017</Data><Data Name='Signed'>true</Data><Data Name='Signature'>Microsoft Corporation</Data><Data Name='SignatureStatus'>Valid</Data><Data Name='User'>ECORP\tcolby</Data>","Image loaded",7,240687,,"14.32.31332.0",,,"'{5770385f-c22a-43e0-bf4c-06f5698ffbd9}'","SHA1=72F10D04BA4D272B98ABF26CA590BEF75AF729A9,MD5=714B4DA04C1C12EA692DF8C4218D9181,SHA256=0D3D00DA8EDB47E9A6ED6D6657312866AFE854D550067DD842C6D1EED8F01988,IMPHASH=7F07FD94E5BB907093556781CC464017",7F07FD94E5BB907093556781CC464017,"C:\Users\tcolby\AppData\Local\Microsoft\OneDrive\24.216.1027.0003\FileCoAuth.exe","C:\Users\tcolby\AppData\Local\Microsoft\OneDrive\24.216.1027.0003\vcruntime140.dll",,,,,0x8000000000000000,4,,,714B4DA04C1C12EA692DF8C4218D9181,"'Microsoft-Windows-Sysmon'",0,"vcruntime140.dll",,,,,,,"{fc7e85d2-cdfa-674c-3de8-000000002400}","'3144'",7884,"Microsoft® Visual Studio®",,,,,240687,240687,,"technique_id=T1574.002,technique_name=DLL Side-Loading",72F10D04BA4D272B98ABF26CA590BEF75AF729A9,0D3D00DA8EDB47E9A6ED6D6657312866AFE854D550067DD842C6D1EED8F01988,"S-1-5-18","Microsoft Corporation",Valid,true,,,,,,,,,,,,"'2024-12-01T20:58:34.9780580Z'","<Provider Name='Microsoft-Windows-Sysmon' Guid='{5770385f-c22a-43e0-bf4c-06f5698ffbd9}'/><EventID>7</EventID><Version>3</Version><Level>4</Level><Task>7</Task><Opcode>0</Opcode><Keywords>0x8000000000000000</Keywords><TimeCreated SystemTime='2024-12-01T20:58:34.9780580Z'/><EventRecordID>240687</EventRecordID><Correlation/><Execution ProcessID='3144' ThreadID='4460'/><Channel>Microsoft-Windows-Sysmon/Operational</Channel><Computer>wrk-colby.Ecorp.local</Computer><Security UserID='S-1-5-18'/>",,,,,,,7,,"'4460'","2024-12-01T20:58:34.9780580Z","ECORP\tcolby","'S-1-5-18'","2024-12-01 20:58:34.872",3,"<Event xmlns='http://schemas.microsoft.com/win/2004/08/events/event'><System><Provider Name='Microsoft-Windows-Sysmon' Guid='{5770385f-c22a-43e0-bf4c-06f5698ffbd9}'/><EventID>7</EventID><Version>3</Version><Level>4</Level><Task>7</Task><Opcode>0</Opcode><Keywords>0x8000000000000000</Keywords><TimeCreated SystemTime='2024-12-01T20:58:34.9780580Z'/><EventRecordID>240687</EventRecordID><Correlation/><Execution ProcessID='3144' ThreadID='4460'/><Channel>Microsoft-Windows-Sysmon/Operational</Channel><Computer>wrk-colby.Ecorp.local</Computer><Security UserID='S-1-5-18'/></System><EventData><Data Name='RuleName'>technique_id=T1574.002,technique_name=DLL Side-Loading</Data><Data Name='UtcTime'>2024-12-01 20:58:34.872</Data><Data Name='ProcessGuid'>{fc7e85d2-cdfa-674c-3de8-000000002400}</Data><Data Name='ProcessId'>7884</Data><Data Name='Image'>C:\Users\tcolby\AppData\Local\Microsoft\OneDrive\24.216.1027.0003\FileCoAuth.exe</Data><Data Name='ImageLoaded'>C:\Users\tcolby\AppData\Local\Microsoft\OneDrive\24.216.1027.0003\vcruntime140.dll</Data><Data Name='FileVersion'>14.32.31332.0</Data><Data Name='Description'>Microsoft® C Runtime Library</Data><Data Name='Product'>Microsoft® Visual Studio®</Data><Data Name='Company'>Microsoft Corporation</Data><Data Name='OriginalFileName'>vcruntime140.dll</Data><Data Name='Hashes'>SHA1=72F10D04BA4D272B98ABF26CA590BEF75AF729A9,MD5=714B4DA04C1C12EA692DF8C4218D9181,SHA256=0D3D00DA8EDB47E9A6ED6D6657312866AFE854D550067DD842C6D1EED8F01988,IMPHASH=7F07FD94E5BB907093556781CC464017</Data><Data Name='Signed'>true</Data><Data Name='Signature'>Microsoft Corporation</Data><Data Name='SignatureStatus'>Valid</Data><Data Name='User'>ECORP\tcolby</Data></EventData></Event>","2024-12-01T15:58:34.872-0500",success,,,,,,,20,1,58,december,34,sunday,2024,0,,"wrk-colby.Ecorp.local",,,,,"wrk-colby.Ecorp.local",,"WRK-COLBY",240687,"endpoint_services_processes ms-sysmon-process windows_event_signature",,,,,,,,"WRK-COLBY",,,240687,main,1,"vcruntime140.dll","C:\Users\tcolby\AppData\Local\Microsoft\OneDrive\24.216.1027.0003\vcruntime140.dll",,,,,,"vcruntime140.dll","Microsoft Windows",,,,,,,,,,"FileCoAuth.exe","{fc7e85d2-cdfa-674c-3de8-000000002400}","SHA1=72F10D04BA4D272B98ABF26CA590BEF75AF729A9,MD5=714B4DA04C1C12EA692DF8C4218D9181,SHA256=0D3D00DA8EDB47E9A6ED6D6657312866AFE854D550067DD842C6D1EED8F01988,IMPHASH=7F07FD94E5BB907093556781CC464017",7884,,"FileCoAuth.exe","C:\Users\tcolby\AppData\Local\Microsoft\OneDrive\24.216.1027.0003\FileCoAuth.exe",,,"<_='://../////'><><_='--'_='{----}'/><></><></><><",,,,,,,,,,,,,,,true,true,,,,,informational,4,"Image loaded",7,"XmlWinEventLog:Microsoft-Windows-Sysmon/Operational",XmlWinEventLog,"wrk-colby",,,,,,,,,,,,"process
report
track_event_signatures",,"process
report
track_event_signatures",718,695,,,,,,,tcolby,,"'S-1-5-18'",,"Microsoft Sysmon"
,,,"Microsoft-Windows-Sysmon/Operational",,,"Microsoft Corporation","wrk-colby.Ecorp.local",,,,"Microsoft® C Runtime Library",,,,,,,,"Microsoft-Windows-Sysmon/Operational",7,"<Data Name='RuleName'>technique_id=T1574.002,technique_name=DLL Side-Loading</Data><Data Name='UtcTime'>2024-12-01 20:58:34.871</Data><Data Name='ProcessGuid'>{fc7e85d2-cdfa-674c-3de8-000000002400}</Data><Data Name='ProcessId'>7884</Data><Data Name='Image'>C:\Users\tcolby\AppData\Local\Microsoft\OneDrive\24.216.1027.0003\FileCoAuth.exe</Data><Data Name='ImageLoaded'>C:\Users\tcolby\AppData\Local\Microsoft\OneDrive\24.216.1027.0003\vcruntime140_1.dll</Data><Data Name='FileVersion'>14.32.31332.0</Data><Data Name='Description'>Microsoft® C Runtime Library</Data><Data Name='Product'>Microsoft® Visual Studio®</Data><Data Name='Company'>Microsoft Corporation</Data><Data Name='OriginalFileName'>vcruntime140_1.dll</Data><Data Name='Hashes'>SHA1=E117A44E1469ADFBBF674C9AE76156EAF22FA362,MD5=B2CEAEFD078D08C6B0CD8FC0ED583524,SHA256=421AF0C6A0894E10C3BE40D405DB5C71851B32D92D11B04755E37136D0FB13F5,IMPHASH=BF380CA954CBF10D1A4CEF9EC18E46FD</Data><Data Name='Signed'>true</Data><Data Name='Signature'>Microsoft Corporation</Data><Data Name='SignatureStatus'>Valid</Data><Data Name='User'>ECORP\tcolby</Data>","Image loaded",7,240685,,"14.32.31332.0",,,"'{5770385f-c22a-43e0-bf4c-06f5698ffbd9}'","SHA1=E117A44E1469ADFBBF674C9AE76156EAF22FA362,MD5=B2CEAEFD078D08C6B0CD8FC0ED583524,SHA256=421AF0C6A0894E10C3BE40D405DB5C71851B32D92D11B04755E37136D0FB13F5,IMPHASH=BF380CA954CBF10D1A4CEF9EC18E46FD",BF380CA954CBF10D1A4CEF9EC18E46FD,"C:\Users\tcolby\AppData\Local\Microsoft\OneDrive\24.216.1027.0003\FileCoAuth.exe","C:\Users\tcolby\AppData\Local\Microsoft\OneDrive\24.216.1027.0003\vcruntime140_1.dll",,,,,0x8000000000000000,4,,,B2CEAEFD078D08C6B0CD8FC0ED583524,"'Microsoft-Windows-Sysmon'",0,"vcruntime140_1.dll",,,,,,,"{fc7e85d2-cdfa-674c-3de8-000000002400}","'3144'",7884,"Microsoft® Visual Studio®",,,,,240685,240685,,"technique_id=T1574.002,technique_name=DLL Side-Loading",E117A44E1469ADFBBF674C9AE76156EAF22FA362,421AF0C6A0894E10C3BE40D405DB5C71851B32D92D11B04755E37136D0FB13F5,"S-1-5-18","Microsoft Corporation",Valid,true,,,,,,,,,,,,"'2024-12-01T20:58:34.9705356Z'","<Provider Name='Microsoft-Windows-Sysmon' Guid='{5770385f-c22a-43e0-bf4c-06f5698ffbd9}'/><EventID>7</EventID><Version>3</Version><Level>4</Level><Task>7</Task><Opcode>0</Opcode><Keywords>0x8000000000000000</Keywords><TimeCreated SystemTime='2024-12-01T20:58:34.9705356Z'/><EventRecordID>240685</EventRecordID><Correlation/><Execution ProcessID='3144' ThreadID='4460'/><Channel>Microsoft-Windows-Sysmon/Operational</Channel><Computer>wrk-colby.Ecorp.local</Computer><Security UserID='S-1-5-18'/>",,,,,,,7,,"'4460'","2024-12-01T20:58:34.9705356Z","ECORP\tcolby","'S-1-5-18'","2024-12-01 20:58:34.871",3,"<Event xmlns='http://schemas.microsoft.com/win/2004/08/events/event'><System><Provider Name='Microsoft-Windows-Sysmon' Guid='{5770385f-c22a-43e0-bf4c-06f5698ffbd9}'/><EventID>7</EventID><Version>3</Version><Level>4</Level><Task>7</Task><Opcode>0</Opcode><Keywords>0x8000000000000000</Keywords><TimeCreated SystemTime='2024-12-01T20:58:34.9705356Z'/><EventRecordID>240685</EventRecordID><Correlation/><Execution ProcessID='3144' ThreadID='4460'/><Channel>Microsoft-Windows-Sysmon/Operational</Channel><Computer>wrk-colby.Ecorp.local</Computer><Security UserID='S-1-5-18'/></System><EventData><Data Name='RuleName'>technique_id=T1574.002,technique_name=DLL Side-Loading</Data><Data Name='UtcTime'>2024-12-01 20:58:34.871</Data><Data Name='ProcessGuid'>{fc7e85d2-cdfa-674c-3de8-000000002400}</Data><Data Name='ProcessId'>7884</Data><Data Name='Image'>C:\Users\tcolby\AppData\Local\Microsoft\OneDrive\24.216.1027.0003\FileCoAuth.exe</Data><Data Name='ImageLoaded'>C:\Users\tcolby\AppData\Local\Microsoft\OneDrive\24.216.1027.0003\vcruntime140_1.dll</Data><Data Name='FileVersion'>14.32.31332.0</Data><Data Name='Description'>Microsoft® C Runtime Library</Data><Data Name='Product'>Microsoft® Visual Studio®</Data><Data Name='Company'>Microsoft Corporation</Data><Data Name='OriginalFileName'>vcruntime140_1.dll</Data><Data Name='Hashes'>SHA1=E117A44E1469ADFBBF674C9AE76156EAF22FA362,MD5=B2CEAEFD078D08C6B0CD8FC0ED583524,SHA256=421AF0C6A0894E10C3BE40D405DB5C71851B32D92D11B04755E37136D0FB13F5,IMPHASH=BF380CA954CBF10D1A4CEF9EC18E46FD</Data><Data Name='Signed'>true</Data><Data Name='Signature'>Microsoft Corporation</Data><Data Name='SignatureStatus'>Valid</Data><Data Name='User'>ECORP\tcolby</Data></EventData></Event>","2024-12-01T15:58:34.871-0500",success,,,,,,,20,1,58,december,34,sunday,2024,0,,"wrk-colby.Ecorp.local",,,,,"wrk-colby.Ecorp.local",,"WRK-COLBY",240685,"endpoint_services_processes ms-sysmon-process windows_event_signature",,,,,,,,"WRK-COLBY",,,240685,main,1,"vcruntime140_1.dll","C:\Users\tcolby\AppData\Local\Microsoft\OneDrive\24.216.1027.0003\vcruntime140_1.dll",,,,,,"vcruntime140_1.dll","Microsoft Windows",,,,,,,,,,"FileCoAuth.exe","{fc7e85d2-cdfa-674c-3de8-000000002400}","SHA1=E117A44E1469ADFBBF674C9AE76156EAF22FA362,MD5=B2CEAEFD078D08C6B0CD8FC0ED583524,SHA256=421AF0C6A0894E10C3BE40D405DB5C71851B32D92D11B04755E37136D0FB13F5,IMPHASH=BF380CA954CBF10D1A4CEF9EC18E46FD",7884,,"FileCoAuth.exe","C:\Users\tcolby\AppData\Local\Microsoft\OneDrive\24.216.1027.0003\FileCoAuth.exe",,,"<_='://../////'><><_='--'_='{----}'/><></><></><><",,,,,,,,,,,,,,,true,true,,,,,informational,4,"Image loaded",7,"XmlWinEventLog:Microsoft-Windows-Sysmon/Operational",XmlWinEventLog,"wrk-colby",,,,,,,,,,,,"process
report
track_event_signatures",,"process
report
track_event_signatures",718,695,,,,,,,tcolby,,"'S-1-5-18'",,"Microsoft Sysmon"
,,,"Microsoft-Windows-Sysmon/Operational",,,"Microsoft Corporation","wrk-colby.Ecorp.local",,,,"P2P Session Library",,,,,,,,"Microsoft-Windows-Sysmon/Operational",7,"<Data Name='RuleName'>technique_id=T1574.002,technique_name=DLL Side-Loading</Data><Data Name='UtcTime'>2024-12-01 20:58:34.867</Data><Data Name='ProcessGuid'>{fc7e85d2-cdfa-674c-3de8-000000002400}</Data><Data Name='ProcessId'>7884</Data><Data Name='Image'>C:\Users\tcolby\AppData\Local\Microsoft\OneDrive\24.216.1027.0003\FileCoAuth.exe</Data><Data Name='ImageLoaded'>C:\Users\tcolby\AppData\Local\Microsoft\OneDrive\24.216.1027.0003\FileSyncSessions.dll</Data><Data Name='FileVersion'>24.216.1027.0003</Data><Data Name='Description'>P2P Session Library</Data><Data Name='Product'>Microsoft OneDrive</Data><Data Name='Company'>Microsoft Corporation</Data><Data Name='OriginalFileName'>FileSyncSessions.dll</Data><Data Name='Hashes'>SHA1=2063FF8174ACA4C1B7763AE58FB2528A90371ADC,MD5=84127B471EA1C25E2745520D9C5758B8,SHA256=E481204388F279EE8F87CDCD140EAAB1AEA7E88527B50268DB57B54A49F0280B,IMPHASH=6146FB411B864419D980AE65352BA576</Data><Data Name='Signed'>true</Data><Data Name='Signature'>Microsoft Corporation</Data><Data Name='SignatureStatus'>Valid</Data><Data Name='User'>ECORP\tcolby</Data>","Image loaded",7,240683,,"24.216.1027.0003",,,"'{5770385f-c22a-43e0-bf4c-06f5698ffbd9}'","SHA1=2063FF8174ACA4C1B7763AE58FB2528A90371ADC,MD5=84127B471EA1C25E2745520D9C5758B8,SHA256=E481204388F279EE8F87CDCD140EAAB1AEA7E88527B50268DB57B54A49F0280B,IMPHASH=6146FB411B864419D980AE65352BA576",6146FB411B864419D980AE65352BA576,"C:\Users\tcolby\AppData\Local\Microsoft\OneDrive\24.216.1027.0003\FileCoAuth.exe","C:\Users\tcolby\AppData\Local\Microsoft\OneDrive\24.216.1027.0003\FileSyncSessions.dll",,,,,0x8000000000000000,4,,,84127B471EA1C25E2745520D9C5758B8,"'Microsoft-Windows-Sysmon'",0,"FileSyncSessions.dll",,,,,,,"{fc7e85d2-cdfa-674c-3de8-000000002400}","'3144'",7884,"Microsoft OneDrive",,,,,240683,240683,,"technique_id=T1574.002,technique_name=DLL Side-Loading",2063FF8174ACA4C1B7763AE58FB2528A90371ADC,E481204388F279EE8F87CDCD140EAAB1AEA7E88527B50268DB57B54A49F0280B,"S-1-5-18","Microsoft Corporation",Valid,true,,,,,,,,,,,,"'2024-12-01T20:58:34.9668833Z'","<Provider Name='Microsoft-Windows-Sysmon' Guid='{5770385f-c22a-43e0-bf4c-06f5698ffbd9}'/><EventID>7</EventID><Version>3</Version><Level>4</Level><Task>7</Task><Opcode>0</Opcode><Keywords>0x8000000000000000</Keywords><TimeCreated SystemTime='2024-12-01T20:58:34.9668833Z'/><EventRecordID>240683</EventRecordID><Correlation/><Execution ProcessID='3144' ThreadID='4460'/><Channel>Microsoft-Windows-Sysmon/Operational</Channel><Computer>wrk-colby.Ecorp.local</Computer><Security UserID='S-1-5-18'/>",,,,,,,7,,"'4460'","2024-12-01T20:58:34.9668833Z","ECORP\tcolby","'S-1-5-18'","2024-12-01 20:58:34.867",3,"<Event xmlns='http://schemas.microsoft.com/win/2004/08/events/event'><System><Provider Name='Microsoft-Windows-Sysmon' Guid='{5770385f-c22a-43e0-bf4c-06f5698ffbd9}'/><EventID>7</EventID><Version>3</Version><Level>4</Level><Task>7</Task><Opcode>0</Opcode><Keywords>0x8000000000000000</Keywords><TimeCreated SystemTime='2024-12-01T20:58:34.9668833Z'/><EventRecordID>240683</EventRecordID><Correlation/><Execution ProcessID='3144' ThreadID='4460'/><Channel>Microsoft-Windows-Sysmon/Operational</Channel><Computer>wrk-colby.Ecorp.local</Computer><Security UserID='S-1-5-18'/></System><EventData><Data Name='RuleName'>technique_id=T1574.002,technique_name=DLL Side-Loading</Data><Data Name='UtcTime'>2024-12-01 20:58:34.867</Data><Data Name='ProcessGuid'>{fc7e85d2-cdfa-674c-3de8-000000002400}</Data><Data Name='ProcessId'>7884</Data><Data Name='Image'>C:\Users\tcolby\AppData\Local\Microsoft\OneDrive\24.216.1027.0003\FileCoAuth.exe</Data><Data Name='ImageLoaded'>C:\Users\tcolby\AppData\Local\Microsoft\OneDrive\24.216.1027.0003\FileSyncSessions.dll</Data><Data Name='FileVersion'>24.216.1027.0003</Data><Data Name='Description'>P2P Session Library</Data><Data Name='Product'>Microsoft OneDrive</Data><Data Name='Company'>Microsoft Corporation</Data><Data Name='OriginalFileName'>FileSyncSessions.dll</Data><Data Name='Hashes'>SHA1=2063FF8174ACA4C1B7763AE58FB2528A90371ADC,MD5=84127B471EA1C25E2745520D9C5758B8,SHA256=E481204388F279EE8F87CDCD140EAAB1AEA7E88527B50268DB57B54A49F0280B,IMPHASH=6146FB411B864419D980AE65352BA576</Data><Data Name='Signed'>true</Data><Data Name='Signature'>Microsoft Corporation</Data><Data Name='SignatureStatus'>Valid</Data><Data Name='User'>ECORP\tcolby</Data></EventData></Event>","2024-12-01T15:58:34.867-0500",success,,,,,,,20,1,58,december,34,sunday,2024,0,,"wrk-colby.Ecorp.local",,,,,"wrk-colby.Ecorp.local",,"WRK-COLBY",240683,"endpoint_services_processes ms-sysmon-process windows_event_signature",,,,,,,,"WRK-COLBY",,,240683,main,1,"FileSyncSessions.dll","C:\Users\tcolby\AppData\Local\Microsoft\OneDrive\24.216.1027.0003\FileSyncSessions.dll",,,,,,"FileSyncSessions.dll","Microsoft Windows",,,,,,,,,,"FileCoAuth.exe","{fc7e85d2-cdfa-674c-3de8-000000002400}","SHA1=2063FF8174ACA4C1B7763AE58FB2528A90371ADC,MD5=84127B471EA1C25E2745520D9C5758B8,SHA256=E481204388F279EE8F87CDCD140EAAB1AEA7E88527B50268DB57B54A49F0280B,IMPHASH=6146FB411B864419D980AE65352BA576",7884,,"FileCoAuth.exe","C:\Users\tcolby\AppData\Local\Microsoft\OneDrive\24.216.1027.0003\FileCoAuth.exe",,,"<_='://../////'><><_='--'_='{----}'/><></><></><><",,,,,,,,,,,,,,,true,true,,,,,informational,4,"Image loaded",7,"XmlWinEventLog:Microsoft-Windows-Sysmon/Operational",XmlWinEventLog,"wrk-colby",,,,,,,,,,,,"process
report
track_event_signatures",,"process
report
track_event_signatures",718,695,,,,,,,tcolby,,"'S-1-5-18'",,"Microsoft Sysmon"
,,,"Microsoft-Windows-Sysmon/Operational",,,"Microsoft Corporation","wrk-colby.Ecorp.local",,,,"Update Ring Settings",,,,,,,,"Microsoft-Windows-Sysmon/Operational",7,"<Data Name='RuleName'>technique_id=T1574.002,technique_name=DLL Side-Loading</Data><Data Name='UtcTime'>2024-12-01 20:58:34.836</Data><Data Name='ProcessGuid'>{fc7e85d2-cdfa-674c-3de8-000000002400}</Data><Data Name='ProcessId'>7884</Data><Data Name='Image'>C:\Users\tcolby\AppData\Local\Microsoft\OneDrive\24.216.1027.0003\FileCoAuth.exe</Data><Data Name='ImageLoaded'>C:\Users\tcolby\AppData\Local\Microsoft\OneDrive\24.216.1027.0003\UpdateRingSettings.dll</Data><Data Name='FileVersion'>24.216.1027.0003</Data><Data Name='Description'>Update Ring Settings</Data><Data Name='Product'>Microsoft OneDrive</Data><Data Name='Company'>Microsoft Corporation</Data><Data Name='OriginalFileName'>UpdateRingSettings.dll</Data><Data Name='Hashes'>SHA1=5196C9C0E39775B6264AB657C1EA96D9D2076942,MD5=D607700B1252FE7EF6E514241A0C2AB3,SHA256=E32A93D68C9B129D3352FFFF60380AD135ABF63ADA5143A0222079DDDBBC1E8E,IMPHASH=080A43FC46420BECF60F4CC8940C152F</Data><Data Name='Signed'>true</Data><Data Name='Signature'>Microsoft Corporation</Data><Data Name='SignatureStatus'>Valid</Data><Data Name='User'>ECORP\tcolby</Data>","Image loaded",7,240682,,"24.216.1027.0003",,,"'{5770385f-c22a-43e0-bf4c-06f5698ffbd9}'","SHA1=5196C9C0E39775B6264AB657C1EA96D9D2076942,MD5=D607700B1252FE7EF6E514241A0C2AB3,SHA256=E32A93D68C9B129D3352FFFF60380AD135ABF63ADA5143A0222079DDDBBC1E8E,IMPHASH=080A43FC46420BECF60F4CC8940C152F",080A43FC46420BECF60F4CC8940C152F,"C:\Users\tcolby\AppData\Local\Microsoft\OneDrive\24.216.1027.0003\FileCoAuth.exe","C:\Users\tcolby\AppData\Local\Microsoft\OneDrive\24.216.1027.0003\UpdateRingSettings.dll",,,,,0x8000000000000000,4,,,D607700B1252FE7EF6E514241A0C2AB3,"'Microsoft-Windows-Sysmon'",0,"UpdateRingSettings.dll",,,,,,,"{fc7e85d2-cdfa-674c-3de8-000000002400}","'3144'",7884,"Microsoft OneDrive",,,,,240682,240682,,"technique_id=T1574.002,technique_name=DLL Side-Loading",5196C9C0E39775B6264AB657C1EA96D9D2076942,E32A93D68C9B129D3352FFFF60380AD135ABF63ADA5143A0222079DDDBBC1E8E,"S-1-5-18","Microsoft Corporation",Valid,true,,,,,,,,,,,,"'2024-12-01T20:58:34.9462525Z'","<Provider Name='Microsoft-Windows-Sysmon' Guid='{5770385f-c22a-43e0-bf4c-06f5698ffbd9}'/><EventID>7</EventID><Version>3</Version><Level>4</Level><Task>7</Task><Opcode>0</Opcode><Keywords>0x8000000000000000</Keywords><TimeCreated SystemTime='2024-12-01T20:58:34.9462525Z'/><EventRecordID>240682</EventRecordID><Correlation/><Execution ProcessID='3144' ThreadID='4460'/><Channel>Microsoft-Windows-Sysmon/Operational</Channel><Computer>wrk-colby.Ecorp.local</Computer><Security UserID='S-1-5-18'/>",,,,,,,7,,"'4460'","2024-12-01T20:58:34.9462525Z","ECORP\tcolby","'S-1-5-18'","2024-12-01 20:58:34.836",3,"<Event xmlns='http://schemas.microsoft.com/win/2004/08/events/event'><System><Provider Name='Microsoft-Windows-Sysmon' Guid='{5770385f-c22a-43e0-bf4c-06f5698ffbd9}'/><EventID>7</EventID><Version>3</Version><Level>4</Level><Task>7</Task><Opcode>0</Opcode><Keywords>0x8000000000000000</Keywords><TimeCreated SystemTime='2024-12-01T20:58:34.9462525Z'/><EventRecordID>240682</EventRecordID><Correlation/><Execution ProcessID='3144' ThreadID='4460'/><Channel>Microsoft-Windows-Sysmon/Operational</Channel><Computer>wrk-colby.Ecorp.local</Computer><Security UserID='S-1-5-18'/></System><EventData><Data Name='RuleName'>technique_id=T1574.002,technique_name=DLL Side-Loading</Data><Data Name='UtcTime'>2024-12-01 20:58:34.836</Data><Data Name='ProcessGuid'>{fc7e85d2-cdfa-674c-3de8-000000002400}</Data><Data Name='ProcessId'>7884</Data><Data Name='Image'>C:\Users\tcolby\AppData\Local\Microsoft\OneDrive\24.216.1027.0003\FileCoAuth.exe</Data><Data Name='ImageLoaded'>C:\Users\tcolby\AppData\Local\Microsoft\OneDrive\24.216.1027.0003\UpdateRingSettings.dll</Data><Data Name='FileVersion'>24.216.1027.0003</Data><Data Name='Description'>Update Ring Settings</Data><Data Name='Product'>Microsoft OneDrive</Data><Data Name='Company'>Microsoft Corporation</Data><Data Name='OriginalFileName'>UpdateRingSettings.dll</Data><Data Name='Hashes'>SHA1=5196C9C0E39775B6264AB657C1EA96D9D2076942,MD5=D607700B1252FE7EF6E514241A0C2AB3,SHA256=E32A93D68C9B129D3352FFFF60380AD135ABF63ADA5143A0222079DDDBBC1E8E,IMPHASH=080A43FC46420BECF60F4CC8940C152F</Data><Data Name='Signed'>true</Data><Data Name='Signature'>Microsoft Corporation</Data><Data Name='SignatureStatus'>Valid</Data><Data Name='User'>ECORP\tcolby</Data></EventData></Event>","2024-12-01T15:58:34.836-0500",success,,,,,,,20,1,58,december,34,sunday,2024,0,,"wrk-colby.Ecorp.local",,,,,"wrk-colby.Ecorp.local",,"WRK-COLBY",240682,"endpoint_services_processes ms-sysmon-process windows_event_signature",,,,,,,,"WRK-COLBY",,,240682,main,1,"UpdateRingSettings.dll","C:\Users\tcolby\AppData\Local\Microsoft\OneDrive\24.216.1027.0003\UpdateRingSettings.dll",,,,,,"UpdateRingSettings.dll","Microsoft Windows",,,,,,,,,,"FileCoAuth.exe","{fc7e85d2-cdfa-674c-3de8-000000002400}","SHA1=5196C9C0E39775B6264AB657C1EA96D9D2076942,MD5=D607700B1252FE7EF6E514241A0C2AB3,SHA256=E32A93D68C9B129D3352FFFF60380AD135ABF63ADA5143A0222079DDDBBC1E8E,IMPHASH=080A43FC46420BECF60F4CC8940C152F",7884,,"FileCoAuth.exe","C:\Users\tcolby\AppData\Local\Microsoft\OneDrive\24.216.1027.0003\FileCoAuth.exe",,,"<_='://../////'><><_='--'_='{----}'/><></><></><><",,,,,,,,,,,,,,,true,true,,,,,informational,4,"Image loaded",7,"XmlWinEventLog:Microsoft-Windows-Sysmon/Operational",XmlWinEventLog,"wrk-colby",,,,,,,,,,,,"process
report
track_event_signatures",,"process
report
track_event_signatures",718,695,,,,,,,tcolby,,"'S-1-5-18'",,"Microsoft Sysmon"
,,,"Microsoft-Windows-Sysmon/Operational",,,"Microsoft Corporation","wrk-colby.Ecorp.local",,,,"Telemetry Library",,,,,,,,"Microsoft-Windows-Sysmon/Operational",7,"<Data Name='RuleName'>technique_id=T1574.002,technique_name=DLL Side-Loading</Data><Data Name='UtcTime'>2024-12-01 20:58:34.835</Data><Data Name='ProcessGuid'>{fc7e85d2-cdfa-674c-3de8-000000002400}</Data><Data Name='ProcessId'>7884</Data><Data Name='Image'>C:\Users\tcolby\AppData\Local\Microsoft\OneDrive\24.216.1027.0003\FileCoAuth.exe</Data><Data Name='ImageLoaded'>C:\Users\tcolby\AppData\Local\Microsoft\OneDrive\24.216.1027.0003\Telemetry.dll</Data><Data Name='FileVersion'>24.216.1027.0003</Data><Data Name='Description'>Telemetry Library</Data><Data Name='Product'>Microsoft OneDrive</Data><Data Name='Company'>Microsoft Corporation</Data><Data Name='OriginalFileName'>Telemetry.dll</Data><Data Name='Hashes'>SHA1=97BE3E2BEEFF304516B08EE22DC5BA0EC974A933,MD5=6147E4516B4CC2A81738C85A222C3624,SHA256=CD97762FDD4EFCB8BDE76E8E313F97A97A53AD76B09FDC15834833493E37BCD0,IMPHASH=AE83A80F72943228B1009465BD5E2E68</Data><Data Name='Signed'>true</Data><Data Name='Signature'>Microsoft Corporation</Data><Data Name='SignatureStatus'>Valid</Data><Data Name='User'>ECORP\tcolby</Data>","Image loaded",7,240681,,"24.216.1027.0003",,,"'{5770385f-c22a-43e0-bf4c-06f5698ffbd9}'","SHA1=97BE3E2BEEFF304516B08EE22DC5BA0EC974A933,MD5=6147E4516B4CC2A81738C85A222C3624,SHA256=CD97762FDD4EFCB8BDE76E8E313F97A97A53AD76B09FDC15834833493E37BCD0,IMPHASH=AE83A80F72943228B1009465BD5E2E68",AE83A80F72943228B1009465BD5E2E68,"C:\Users\tcolby\AppData\Local\Microsoft\OneDrive\24.216.1027.0003\FileCoAuth.exe","C:\Users\tcolby\AppData\Local\Microsoft\OneDrive\24.216.1027.0003\Telemetry.dll",,,,,0x8000000000000000,4,,,6147E4516B4CC2A81738C85A222C3624,"'Microsoft-Windows-Sysmon'",0,"Telemetry.dll",,,,,,,"{fc7e85d2-cdfa-674c-3de8-000000002400}","'3144'",7884,"Microsoft OneDrive",,,,,240681,240681,,"technique_id=T1574.002,technique_name=DLL Side-Loading",97BE3E2BEEFF304516B08EE22DC5BA0EC974A933,CD97762FDD4EFCB8BDE76E8E313F97A97A53AD76B09FDC15834833493E37BCD0,"S-1-5-18","Microsoft Corporation",Valid,true,,,,,,,,,,,,"'2024-12-01T20:58:34.9416049Z'","<Provider Name='Microsoft-Windows-Sysmon' Guid='{5770385f-c22a-43e0-bf4c-06f5698ffbd9}'/><EventID>7</EventID><Version>3</Version><Level>4</Level><Task>7</Task><Opcode>0</Opcode><Keywords>0x8000000000000000</Keywords><TimeCreated SystemTime='2024-12-01T20:58:34.9416049Z'/><EventRecordID>240681</EventRecordID><Correlation/><Execution ProcessID='3144' ThreadID='4460'/><Channel>Microsoft-Windows-Sysmon/Operational</Channel><Computer>wrk-colby.Ecorp.local</Computer><Security UserID='S-1-5-18'/>",,,,,,,7,,"'4460'","2024-12-01T20:58:34.9416049Z","ECORP\tcolby","'S-1-5-18'","2024-12-01 20:58:34.835",3,"<Event xmlns='http://schemas.microsoft.com/win/2004/08/events/event'><System><Provider Name='Microsoft-Windows-Sysmon' Guid='{5770385f-c22a-43e0-bf4c-06f5698ffbd9}'/><EventID>7</EventID><Version>3</Version><Level>4</Level><Task>7</Task><Opcode>0</Opcode><Keywords>0x8000000000000000</Keywords><TimeCreated SystemTime='2024-12-01T20:58:34.9416049Z'/><EventRecordID>240681</EventRecordID><Correlation/><Execution ProcessID='3144' ThreadID='4460'/><Channel>Microsoft-Windows-Sysmon/Operational</Channel><Computer>wrk-colby.Ecorp.local</Computer><Security UserID='S-1-5-18'/></System><EventData><Data Name='RuleName'>technique_id=T1574.002,technique_name=DLL Side-Loading</Data><Data Name='UtcTime'>2024-12-01 20:58:34.835</Data><Data Name='ProcessGuid'>{fc7e85d2-cdfa-674c-3de8-000000002400}</Data><Data Name='ProcessId'>7884</Data><Data Name='Image'>C:\Users\tcolby\AppData\Local\Microsoft\OneDrive\24.216.1027.0003\FileCoAuth.exe</Data><Data Name='ImageLoaded'>C:\Users\tcolby\AppData\Local\Microsoft\OneDrive\24.216.1027.0003\Telemetry.dll</Data><Data Name='FileVersion'>24.216.1027.0003</Data><Data Name='Description'>Telemetry Library</Data><Data Name='Product'>Microsoft OneDrive</Data><Data Name='Company'>Microsoft Corporation</Data><Data Name='OriginalFileName'>Telemetry.dll</Data><Data Name='Hashes'>SHA1=97BE3E2BEEFF304516B08EE22DC5BA0EC974A933,MD5=6147E4516B4CC2A81738C85A222C3624,SHA256=CD97762FDD4EFCB8BDE76E8E313F97A97A53AD76B09FDC15834833493E37BCD0,IMPHASH=AE83A80F72943228B1009465BD5E2E68</Data><Data Name='Signed'>true</Data><Data Name='Signature'>Microsoft Corporation</Data><Data Name='SignatureStatus'>Valid</Data><Data Name='User'>ECORP\tcolby</Data></EventData></Event>","2024-12-01T15:58:34.835-0500",success,,,,,,,20,1,58,december,34,sunday,2024,0,,"wrk-colby.Ecorp.local",,,,,"wrk-colby.Ecorp.local",,"WRK-COLBY",240681,"endpoint_services_processes ms-sysmon-process windows_event_signature",,,,,,,,"WRK-COLBY",,,240681,main,1,"Telemetry.dll","C:\Users\tcolby\AppData\Local\Microsoft\OneDrive\24.216.1027.0003\Telemetry.dll",,,,,,"Telemetry.dll","Microsoft Windows",,,,,,,,,,"FileCoAuth.exe","{fc7e85d2-cdfa-674c-3de8-000000002400}","SHA1=97BE3E2BEEFF304516B08EE22DC5BA0EC974A933,MD5=6147E4516B4CC2A81738C85A222C3624,SHA256=CD97762FDD4EFCB8BDE76E8E313F97A97A53AD76B09FDC15834833493E37BCD0,IMPHASH=AE83A80F72943228B1009465BD5E2E68",7884,,"FileCoAuth.exe","C:\Users\tcolby\AppData\Local\Microsoft\OneDrive\24.216.1027.0003\FileCoAuth.exe",,,"<_='://../////'><><_='--'_='{----}'/><></><></><><",,,,,,,,,,,,,,,true,true,,,,,informational,4,"Image loaded",7,"XmlWinEventLog:Microsoft-Windows-Sysmon/Operational",XmlWinEventLog,"wrk-colby",,,,,,,,,,,,"process
report
track_event_signatures",,"process
report
track_event_signatures",718,695,,,,,,,tcolby,,"'S-1-5-18'",,"Microsoft Sysmon"
,,,"Microsoft-Windows-Sysmon/Operational",,,"Microsoft Corporation","wrk-colby.Ecorp.local",,,,"Logging Platform",,,,,,,,"Microsoft-Windows-Sysmon/Operational",7,"<Data Name='RuleName'>technique_id=T1574.002,technique_name=DLL Side-Loading</Data><Data Name='UtcTime'>2024-12-01 20:58:34.825</Data><Data Name='ProcessGuid'>{fc7e85d2-cdfa-674c-3de8-000000002400}</Data><Data Name='ProcessId'>7884</Data><Data Name='Image'>C:\Users\tcolby\AppData\Local\Microsoft\OneDrive\24.216.1027.0003\FileCoAuth.exe</Data><Data Name='ImageLoaded'>C:\Users\tcolby\AppData\Local\Microsoft\OneDrive\24.216.1027.0003\LoggingPlatform.dll</Data><Data Name='FileVersion'>24.216.1027.0003</Data><Data Name='Description'>Logging Platform</Data><Data Name='Product'>Microsoft OneDrive</Data><Data Name='Company'>Microsoft Corporation</Data><Data Name='OriginalFileName'>LoggingPlatform.dll</Data><Data Name='Hashes'>SHA1=242774FFB2940D26C112E58EE100FBB8EAEC9AAF,MD5=65E46CA6C57B6B339B98BAFDD0346223,SHA256=4885078B51701A92756DEE905F1934F34F73A2AF97478D70F19FBA78549B70B6,IMPHASH=76F7A89FEA2ECABAC703AD90AE0C446A</Data><Data Name='Signed'>true</Data><Data Name='Signature'>Microsoft Corporation</Data><Data Name='SignatureStatus'>Valid</Data><Data Name='User'>ECORP\tcolby</Data>","Image loaded",7,240680,,"24.216.1027.0003",,,"'{5770385f-c22a-43e0-bf4c-06f5698ffbd9}'","SHA1=242774FFB2940D26C112E58EE100FBB8EAEC9AAF,MD5=65E46CA6C57B6B339B98BAFDD0346223,SHA256=4885078B51701A92756DEE905F1934F34F73A2AF97478D70F19FBA78549B70B6,IMPHASH=76F7A89FEA2ECABAC703AD90AE0C446A",76F7A89FEA2ECABAC703AD90AE0C446A,"C:\Users\tcolby\AppData\Local\Microsoft\OneDrive\24.216.1027.0003\FileCoAuth.exe","C:\Users\tcolby\AppData\Local\Microsoft\OneDrive\24.216.1027.0003\LoggingPlatform.dll",,,,,0x8000000000000000,4,,,65E46CA6C57B6B339B98BAFDD0346223,"'Microsoft-Windows-Sysmon'",0,"LoggingPlatform.dll",,,,,,,"{fc7e85d2-cdfa-674c-3de8-000000002400}","'3144'",7884,"Microsoft OneDrive",,,,,240680,240680,,"technique_id=T1574.002,technique_name=DLL Side-Loading",242774FFB2940D26C112E58EE100FBB8EAEC9AAF,4885078B51701A92756DEE905F1934F34F73A2AF97478D70F19FBA78549B70B6,"S-1-5-18","Microsoft Corporation",Valid,true,,,,,,,,,,,,"'2024-12-01T20:58:34.9215914Z'","<Provider Name='Microsoft-Windows-Sysmon' Guid='{5770385f-c22a-43e0-bf4c-06f5698ffbd9}'/><EventID>7</EventID><Version>3</Version><Level>4</Level><Task>7</Task><Opcode>0</Opcode><Keywords>0x8000000000000000</Keywords><TimeCreated SystemTime='2024-12-01T20:58:34.9215914Z'/><EventRecordID>240680</EventRecordID><Correlation/><Execution ProcessID='3144' ThreadID='4460'/><Channel>Microsoft-Windows-Sysmon/Operational</Channel><Computer>wrk-colby.Ecorp.local</Computer><Security UserID='S-1-5-18'/>",,,,,,,7,,"'4460'","2024-12-01T20:58:34.9215914Z","ECORP\tcolby","'S-1-5-18'","2024-12-01 20:58:34.825",3,"<Event xmlns='http://schemas.microsoft.com/win/2004/08/events/event'><System><Provider Name='Microsoft-Windows-Sysmon' Guid='{5770385f-c22a-43e0-bf4c-06f5698ffbd9}'/><EventID>7</EventID><Version>3</Version><Level>4</Level><Task>7</Task><Opcode>0</Opcode><Keywords>0x8000000000000000</Keywords><TimeCreated SystemTime='2024-12-01T20:58:34.9215914Z'/><EventRecordID>240680</EventRecordID><Correlation/><Execution ProcessID='3144' ThreadID='4460'/><Channel>Microsoft-Windows-Sysmon/Operational</Channel><Computer>wrk-colby.Ecorp.local</Computer><Security UserID='S-1-5-18'/></System><EventData><Data Name='RuleName'>technique_id=T1574.002,technique_name=DLL Side-Loading</Data><Data Name='UtcTime'>2024-12-01 20:58:34.825</Data><Data Name='ProcessGuid'>{fc7e85d2-cdfa-674c-3de8-000000002400}</Data><Data Name='ProcessId'>7884</Data><Data Name='Image'>C:\Users\tcolby\AppData\Local\Microsoft\OneDrive\24.216.1027.0003\FileCoAuth.exe</Data><Data Name='ImageLoaded'>C:\Users\tcolby\AppData\Local\Microsoft\OneDrive\24.216.1027.0003\LoggingPlatform.dll</Data><Data Name='FileVersion'>24.216.1027.0003</Data><Data Name='Description'>Logging Platform</Data><Data Name='Product'>Microsoft OneDrive</Data><Data Name='Company'>Microsoft Corporation</Data><Data Name='OriginalFileName'>LoggingPlatform.dll</Data><Data Name='Hashes'>SHA1=242774FFB2940D26C112E58EE100FBB8EAEC9AAF,MD5=65E46CA6C57B6B339B98BAFDD0346223,SHA256=4885078B51701A92756DEE905F1934F34F73A2AF97478D70F19FBA78549B70B6,IMPHASH=76F7A89FEA2ECABAC703AD90AE0C446A</Data><Data Name='Signed'>true</Data><Data Name='Signature'>Microsoft Corporation</Data><Data Name='SignatureStatus'>Valid</Data><Data Name='User'>ECORP\tcolby</Data></EventData></Event>","2024-12-01T15:58:34.825-0500",success,,,,,,,20,1,58,december,34,sunday,2024,0,,"wrk-colby.Ecorp.local",,,,,"wrk-colby.Ecorp.local",,"WRK-COLBY",240680,"endpoint_services_processes ms-sysmon-process windows_event_signature",,,,,,,,"WRK-COLBY",,,240680,main,1,"LoggingPlatform.dll","C:\Users\tcolby\AppData\Local\Microsoft\OneDrive\24.216.1027.0003\LoggingPlatform.dll",,,,,,"LoggingPlatform.dll","Microsoft Windows",,,,,,,,,,"FileCoAuth.exe","{fc7e85d2-cdfa-674c-3de8-000000002400}","SHA1=242774FFB2940D26C112E58EE100FBB8EAEC9AAF,MD5=65E46CA6C57B6B339B98BAFDD0346223,SHA256=4885078B51701A92756DEE905F1934F34F73A2AF97478D70F19FBA78549B70B6,IMPHASH=76F7A89FEA2ECABAC703AD90AE0C446A",7884,,"FileCoAuth.exe","C:\Users\tcolby\AppData\Local\Microsoft\OneDrive\24.216.1027.0003\FileCoAuth.exe",,,"<_='://../////'><><_='--'_='{----}'/><></><></><><",,,,,,,,,,,,,,,true,true,,,,,informational,4,"Image loaded",7,"XmlWinEventLog:Microsoft-Windows-Sysmon/Operational",XmlWinEventLog,"wrk-colby",,,,,,,,,,,,"process
report
track_event_signatures",,"process
report
track_event_signatures",718,695,,,,,,,tcolby,,"'S-1-5-18'",,"Microsoft Sysmon"
,,,"Microsoft-Windows-Sysmon/Operational",,,"Microsoft Corporation","wrk-colby.Ecorp.local",,,,"Microsoft OneDriveFile Co-Authoring Executable",,,,,,,,"Microsoft-Windows-Sysmon/Operational",7,"<Data Name='RuleName'>technique_id=T1574.002,technique_name=DLL Side-Loading</Data><Data Name='UtcTime'>2024-12-01 20:58:34.799</Data><Data Name='ProcessGuid'>{fc7e85d2-cdfa-674c-3de8-000000002400}</Data><Data Name='ProcessId'>7884</Data><Data Name='Image'>C:\Users\tcolby\AppData\Local\Microsoft\OneDrive\24.216.1027.0003\FileCoAuth.exe</Data><Data Name='ImageLoaded'>C:\Users\tcolby\AppData\Local\Microsoft\OneDrive\24.216.1027.0003\FileCoAuth.exe</Data><Data Name='FileVersion'>24.216.1027.0003</Data><Data Name='Description'>Microsoft OneDriveFile Co-Authoring Executable</Data><Data Name='Product'>Microsoft OneDrive</Data><Data Name='Company'>Microsoft Corporation</Data><Data Name='OriginalFileName'>FileCoAuth.exe</Data><Data Name='Hashes'>SHA1=F8A9E4A02E64D03D49527466B8AD2E4B2A058C11,MD5=975EBD5B86489A37D1911CB9EE1EDB01,SHA256=AA6765BC3DFA7EEF7530864A666BE3E5313DE3219029036BE981A550B08C644A,IMPHASH=991CB7972ED4198FEADF4AEDAA863B81</Data><Data Name='Signed'>true</Data><Data Name='Signature'>Microsoft Corporation</Data><Data Name='SignatureStatus'>Valid</Data><Data Name='User'>ECORP\tcolby</Data>","Image loaded",7,240679,,"24.216.1027.0003",,,"'{5770385f-c22a-43e0-bf4c-06f5698ffbd9}'","SHA1=F8A9E4A02E64D03D49527466B8AD2E4B2A058C11,MD5=975EBD5B86489A37D1911CB9EE1EDB01,SHA256=AA6765BC3DFA7EEF7530864A666BE3E5313DE3219029036BE981A550B08C644A,IMPHASH=991CB7972ED4198FEADF4AEDAA863B81",991CB7972ED4198FEADF4AEDAA863B81,"C:\Users\tcolby\AppData\Local\Microsoft\OneDrive\24.216.1027.0003\FileCoAuth.exe","C:\Users\tcolby\AppData\Local\Microsoft\OneDrive\24.216.1027.0003\FileCoAuth.exe",,,,,0x8000000000000000,4,,,975EBD5B86489A37D1911CB9EE1EDB01,"'Microsoft-Windows-Sysmon'",0,"FileCoAuth.exe",,,,,,,"{fc7e85d2-cdfa-674c-3de8-000000002400}","'3144'",7884,"Microsoft OneDrive",,,,,240679,240679,,"technique_id=T1574.002,technique_name=DLL Side-Loading",F8A9E4A02E64D03D49527466B8AD2E4B2A058C11,AA6765BC3DFA7EEF7530864A666BE3E5313DE3219029036BE981A550B08C644A,"S-1-5-18","Microsoft Corporation",Valid,true,,,,,,,,,,,,"'2024-12-01T20:58:34.8094734Z'","<Provider Name='Microsoft-Windows-Sysmon' Guid='{5770385f-c22a-43e0-bf4c-06f5698ffbd9}'/><EventID>7</EventID><Version>3</Version><Level>4</Level><Task>7</Task><Opcode>0</Opcode><Keywords>0x8000000000000000</Keywords><TimeCreated SystemTime='2024-12-01T20:58:34.8094734Z'/><EventRecordID>240679</EventRecordID><Correlation/><Execution ProcessID='3144' ThreadID='4460'/><Channel>Microsoft-Windows-Sysmon/Operational</Channel><Computer>wrk-colby.Ecorp.local</Computer><Security UserID='S-1-5-18'/>",,,,,,,7,,"'4460'","2024-12-01T20:58:34.8094734Z","ECORP\tcolby","'S-1-5-18'","2024-12-01 20:58:34.799",3,"<Event xmlns='http://schemas.microsoft.com/win/2004/08/events/event'><System><Provider Name='Microsoft-Windows-Sysmon' Guid='{5770385f-c22a-43e0-bf4c-06f5698ffbd9}'/><EventID>7</EventID><Version>3</Version><Level>4</Level><Task>7</Task><Opcode>0</Opcode><Keywords>0x8000000000000000</Keywords><TimeCreated SystemTime='2024-12-01T20:58:34.8094734Z'/><EventRecordID>240679</EventRecordID><Correlation/><Execution ProcessID='3144' ThreadID='4460'/><Channel>Microsoft-Windows-Sysmon/Operational</Channel><Computer>wrk-colby.Ecorp.local</Computer><Security UserID='S-1-5-18'/></System><EventData><Data Name='RuleName'>technique_id=T1574.002,technique_name=DLL Side-Loading</Data><Data Name='UtcTime'>2024-12-01 20:58:34.799</Data><Data Name='ProcessGuid'>{fc7e85d2-cdfa-674c-3de8-000000002400}</Data><Data Name='ProcessId'>7884</Data><Data Name='Image'>C:\Users\tcolby\AppData\Local\Microsoft\OneDrive\24.216.1027.0003\FileCoAuth.exe</Data><Data Name='ImageLoaded'>C:\Users\tcolby\AppData\Local\Microsoft\OneDrive\24.216.1027.0003\FileCoAuth.exe</Data><Data Name='FileVersion'>24.216.1027.0003</Data><Data Name='Description'>Microsoft OneDriveFile Co-Authoring Executable</Data><Data Name='Product'>Microsoft OneDrive</Data><Data Name='Company'>Microsoft Corporation</Data><Data Name='OriginalFileName'>FileCoAuth.exe</Data><Data Name='Hashes'>SHA1=F8A9E4A02E64D03D49527466B8AD2E4B2A058C11,MD5=975EBD5B86489A37D1911CB9EE1EDB01,SHA256=AA6765BC3DFA7EEF7530864A666BE3E5313DE3219029036BE981A550B08C644A,IMPHASH=991CB7972ED4198FEADF4AEDAA863B81</Data><Data Name='Signed'>true</Data><Data Name='Signature'>Microsoft Corporation</Data><Data Name='SignatureStatus'>Valid</Data><Data Name='User'>ECORP\tcolby</Data></EventData></Event>","2024-12-01T15:58:34.799-0500",success,,,,,,,20,1,58,december,34,sunday,2024,0,,"wrk-colby.Ecorp.local",,,,,"wrk-colby.Ecorp.local",,"WRK-COLBY",240679,"endpoint_services_processes ms-sysmon-process windows_event_signature",,,,,,,,"WRK-COLBY",,,240679,main,1,"FileCoAuth.exe","C:\Users\tcolby\AppData\Local\Microsoft\OneDrive\24.216.1027.0003\FileCoAuth.exe",,,,,,"FileCoAuth.exe","Microsoft Windows",,,,,,,,,,"FileCoAuth.exe","{fc7e85d2-cdfa-674c-3de8-000000002400}","SHA1=F8A9E4A02E64D03D49527466B8AD2E4B2A058C11,MD5=975EBD5B86489A37D1911CB9EE1EDB01,SHA256=AA6765BC3DFA7EEF7530864A666BE3E5313DE3219029036BE981A550B08C644A,IMPHASH=991CB7972ED4198FEADF4AEDAA863B81",7884,,"FileCoAuth.exe","C:\Users\tcolby\AppData\Local\Microsoft\OneDrive\24.216.1027.0003\FileCoAuth.exe",,,"<_='://../////'><><_='--'_='{----}'/><></><></><><",,,,,,,,,,,,,,,true,true,,,,,informational,4,"Image loaded",7,"XmlWinEventLog:Microsoft-Windows-Sysmon/Operational",XmlWinEventLog,"wrk-colby",,,,,,,,,,,,"process
report
track_event_signatures",,"process
report
track_event_signatures",718,695,,,,,,,tcolby,,"'S-1-5-18'",,"Microsoft Sysmon"
,,,"Microsoft-Windows-Sysmon/Operational",,"""C:\Users\tcolby\AppData\Local\Microsoft\OneDrive\24.216.1027.0003\FileCoAuth.exe"" -Embedding","Microsoft Corporation","wrk-colby.Ecorp.local",,,"C:\Windows\system32\","Microsoft OneDriveFile Co-Authoring Executable",,,,,,,,"Microsoft-Windows-Sysmon/Operational",1,"<Data Name='RuleName'>technique_id=T1036,technique_name=Masquerading</Data><Data Name='UtcTime'>2024-12-01 20:58:34.788</Data><Data Name='ProcessGuid'>{fc7e85d2-cdfa-674c-3de8-000000002400}</Data><Data Name='ProcessId'>7884</Data><Data Name='Image'>C:\Users\tcolby\AppData\Local\Microsoft\OneDrive\24.216.1027.0003\FileCoAuth.exe</Data><Data Name='FileVersion'>24.216.1027.0003</Data><Data Name='Description'>Microsoft OneDriveFile Co-Authoring Executable</Data><Data Name='Product'>Microsoft OneDrive</Data><Data Name='Company'>Microsoft Corporation</Data><Data Name='OriginalFileName'>FileCoAuth.exe</Data><Data Name='CommandLine'>""C:\Users\tcolby\AppData\Local\Microsoft\OneDrive\24.216.1027.0003\FileCoAuth.exe"" -Embedding</Data><Data Name='CurrentDirectory'>C:\Windows\system32\</Data><Data Name='User'>ECORP\tcolby</Data><Data Name='LogonGuid'>{fc7e85d2-7d9d-674c-aa54-180000000000}</Data><Data Name='LogonId'>0x1854aa</Data><Data Name='TerminalSessionId'>1</Data><Data Name='IntegrityLevel'>Medium</Data><Data Name='Hashes'>SHA1=F8A9E4A02E64D03D49527466B8AD2E4B2A058C11,MD5=975EBD5B86489A37D1911CB9EE1EDB01,SHA256=AA6765BC3DFA7EEF7530864A666BE3E5313DE3219029036BE981A550B08C644A,IMPHASH=991CB7972ED4198FEADF4AEDAA863B81</Data><Data Name='ParentProcessGuid'>{00000000-0000-0000-0000-000000000000}</Data><Data Name='ParentProcessId'>784</Data><Data Name='ParentImage'>-</Data><Data Name='ParentCommandLine'>-</Data><Data Name='ParentUser'>-</Data>","Process creation",1,240678,,"24.216.1027.0003",,,"'{5770385f-c22a-43e0-bf4c-06f5698ffbd9}'","SHA1=F8A9E4A02E64D03D49527466B8AD2E4B2A058C11,MD5=975EBD5B86489A37D1911CB9EE1EDB01,SHA256=AA6765BC3DFA7EEF7530864A666BE3E5313DE3219029036BE981A550B08C644A,IMPHASH=991CB7972ED4198FEADF4AEDAA863B81",991CB7972ED4198FEADF4AEDAA863B81,"C:\Users\tcolby\AppData\Local\Microsoft\OneDrive\24.216.1027.0003\FileCoAuth.exe",,,,Medium,,0x8000000000000000,4,"{fc7e85d2-7d9d-674c-aa54-180000000000}",0x1854aa,975EBD5B86489A37D1911CB9EE1EDB01,"'Microsoft-Windows-Sysmon'",0,"FileCoAuth.exe","-","-","{00000000-0000-0000-0000-000000000000}",784,"-",,"{fc7e85d2-cdfa-674c-3de8-000000002400}","'3144'",7884,"Microsoft OneDrive",,,,,240678,240678,,"technique_id=T1036,technique_name=Masquerading",F8A9E4A02E64D03D49527466B8AD2E4B2A058C11,AA6765BC3DFA7EEF7530864A666BE3E5313DE3219029036BE981A550B08C644A,"S-1-5-18",,,,,,,,,,,,,,,"'2024-12-01T20:58:34.7989743Z'","<Provider Name='Microsoft-Windows-Sysmon' Guid='{5770385f-c22a-43e0-bf4c-06f5698ffbd9}'/><EventID>1</EventID><Version>5</Version><Level>4</Level><Task>1</Task><Opcode>0</Opcode><Keywords>0x8000000000000000</Keywords><TimeCreated SystemTime='2024-12-01T20:58:34.7989743Z'/><EventRecordID>240678</EventRecordID><Correlation/><Execution ProcessID='3144' ThreadID='4456'/><Channel>Microsoft-Windows-Sysmon/Operational</Channel><Computer>wrk-colby.Ecorp.local</Computer><Security UserID='S-1-5-18'/>",,,,,,,1,1,"'4456'","2024-12-01T20:58:34.7989743Z","ECORP\tcolby","'S-1-5-18'","2024-12-01 20:58:34.788",5,"<Event xmlns='http://schemas.microsoft.com/win/2004/08/events/event'><System><Provider Name='Microsoft-Windows-Sysmon' Guid='{5770385f-c22a-43e0-bf4c-06f5698ffbd9}'/><EventID>1</EventID><Version>5</Version><Level>4</Level><Task>1</Task><Opcode>0</Opcode><Keywords>0x8000000000000000</Keywords><TimeCreated SystemTime='2024-12-01T20:58:34.7989743Z'/><EventRecordID>240678</EventRecordID><Correlation/><Execution ProcessID='3144' ThreadID='4456'/><Channel>Microsoft-Windows-Sysmon/Operational</Channel><Computer>wrk-colby.Ecorp.local</Computer><Security UserID='S-1-5-18'/></System><EventData><Data Name='RuleName'>technique_id=T1036,technique_name=Masquerading</Data><Data Name='UtcTime'>2024-12-01 20:58:34.788</Data><Data Name='ProcessGuid'>{fc7e85d2-cdfa-674c-3de8-000000002400}</Data><Data Name='ProcessId'>7884</Data><Data Name='Image'>C:\Users\tcolby\AppData\Local\Microsoft\OneDrive\24.216.1027.0003\FileCoAuth.exe</Data><Data Name='FileVersion'>24.216.1027.0003</Data><Data Name='Description'>Microsoft OneDriveFile Co-Authoring Executable</Data><Data Name='Product'>Microsoft OneDrive</Data><Data Name='Company'>Microsoft Corporation</Data><Data Name='OriginalFileName'>FileCoAuth.exe</Data><Data Name='CommandLine'>""C:\Users\tcolby\AppData\Local\Microsoft\OneDrive\24.216.1027.0003\FileCoAuth.exe"" -Embedding</Data><Data Name='CurrentDirectory'>C:\Windows\system32\</Data><Data Name='User'>ECORP\tcolby</Data><Data Name='LogonGuid'>{fc7e85d2-7d9d-674c-aa54-180000000000}</Data><Data Name='LogonId'>0x1854aa</Data><Data Name='TerminalSessionId'>1</Data><Data Name='IntegrityLevel'>Medium</Data><Data Name='Hashes'>SHA1=F8A9E4A02E64D03D49527466B8AD2E4B2A058C11,MD5=975EBD5B86489A37D1911CB9EE1EDB01,SHA256=AA6765BC3DFA7EEF7530864A666BE3E5313DE3219029036BE981A550B08C644A,IMPHASH=991CB7972ED4198FEADF4AEDAA863B81</Data><Data Name='ParentProcessGuid'>{00000000-0000-0000-0000-000000000000}</Data><Data Name='ParentProcessId'>784</Data><Data Name='ParentImage'>-</Data><Data Name='ParentCommandLine'>-</Data><Data Name='ParentUser'>-</Data></EventData></Event>","2024-