12-01T15:58:34.901-0500",success,,,,,,,20,1,58,december,34,sunday,2024,0,,"wrk-colby.Ecorp.local",,,,,"wrk-colby.Ecorp.local",,"WRK-COLBY",240694,"endpoint_services_processes ms-sysmon-process windows_event_signature",,,,,,,,"WRK-COLBY",,,240694,main,1,"adal.dll","C:\Users\tcolby\AppData\Local\Microsoft\OneDrive\24.216.1027.0003\adal.dll",,,,,,"adal.dll","Microsoft Windows",,,,,,,,,,"FileCoAuth.exe","{fc7e85d2-cdfa-674c-3de8-000000002400}","SHA1=D2B9A5A4694784DB186D8F59F17764BE2597D119,MD5=586DA18DAE2674C75F90BD645CF2E960,SHA256=820D654C46D7F7B10E6621E9F5929B22E3C0FEBE32AC55E6A66027F963A3FF61,IMPHASH=DFE10357CDA24DAD96A0785D6ED8BD39",7884,,"FileCoAuth.exe","C:\Users\tcolby\AppData\Local\Microsoft\OneDrive\24.216.1027.0003\FileCoAuth.exe",,,"<_='://../////'><><_='--'_='{----}'/><></><></><><",,,,,,,,,,,,,,,true,true,,,,,informational,4,"Image loaded",7,"XmlWinEventLog:Microsoft-Windows-Sysmon/Operational",XmlWinEventLog,"wrk-colby",,,,,,,,,,,,"process
report
track_event_signatures",,"process
report
track_event_signatures",718,695,,,,,,,tcolby,,"'S-1-5-18'",,"Microsoft Sysmon"
,,,"Microsoft-Windows-Sysmon/Operational",,,"Microsoft Corporation","wrk-colby.Ecorp.local",,,,"Microsoft OneDrive Sqlite Library",,,,,,,,"Microsoft-Windows-Sysmon/Operational",7,"<Data Name='RuleName'>technique_id=T1574.002,technique_name=DLL Side-Loading</Data><Data Name='UtcTime'>2024-12-01 20:58:34.891</Data><Data Name='ProcessGuid'>{fc7e85d2-cdfa-674c-3de8-000000002400}</Data><Data Name='ProcessId'>7884</Data><Data Name='Image'>C:\Users\tcolby\AppData\Local\Microsoft\OneDrive\24.216.1027.0003\FileCoAuth.exe</Data><Data Name='ImageLoaded'>C:\Users\tcolby\AppData\Local\Microsoft\OneDrive\24.216.1027.0003\FileSyncSqlite3.dll</Data><Data Name='FileVersion'>24.216.1027.0003</Data><Data Name='Description'>Microsoft OneDrive Sqlite Library</Data><Data Name='Product'>Microsoft OneDrive</Data><Data Name='Company'>Microsoft Corporation</Data><Data Name='OriginalFileName'>FileSyncSqlite3.dll</Data><Data Name='Hashes'>SHA1=CD3F3E5592F6FF7CBE5551BC18D5F5F63B1ED243,MD5=AE852585E1BC5D732D46A29B91B59635,SHA256=6176FBC47312AD03EC8EFB7968437C7A65BB3240C64376A54FAAF29551BE2634,IMPHASH=CB5FF0EB905E0ADC3517DF427EF65D46</Data><Data Name='Signed'>true</Data><Data Name='Signature'>Microsoft Corporation</Data><Data Name='SignatureStatus'>Valid</Data><Data Name='User'>ECORP\tcolby</Data>","Image loaded",7,240693,,"24.216.1027.0003",,,"'{5770385f-c22a-43e0-bf4c-06f5698ffbd9}'","SHA1=CD3F3E5592F6FF7CBE5551BC18D5F5F63B1ED243,MD5=AE852585E1BC5D732D46A29B91B59635,SHA256=6176FBC47312AD03EC8EFB7968437C7A65BB3240C64376A54FAAF29551BE2634,IMPHASH=CB5FF0EB905E0ADC3517DF427EF65D46",CB5FF0EB905E0ADC3517DF427EF65D46,"C:\Users\tcolby\AppData\Local\Microsoft\OneDrive\24.216.1027.0003\FileCoAuth.exe","C:\Users\tcolby\AppData\Local\Microsoft\OneDrive\24.216.1027.0003\FileSyncSqlite3.dll",,,,,0x8000000000000000,4,,,AE852585E1BC5D732D46A29B91B59635,"'Microsoft-Windows-Sysmon'",0,"FileSyncSqlite3.dll",,,,,,,"{fc7e85d2-cdfa-674c-3de8-000000002400}","'3144'",7884,"Microsoft OneDrive",,,,,240693,240693,,"technique_id=T1574.002,technique_name=DLL Side-Loading",CD3F3E5592F6FF7CBE5551BC18D5F5F63B1ED243,6176FBC47312AD03EC8EFB7968437C7A65BB3240C64376A54FAAF29551BE2634,"S-1-5-18","Microsoft Corporation",Valid,true,,,,,,,,,,,,"'2024-12-01T20:58:35.0568170Z'","<Provider Name='Microsoft-Windows-Sysmon' Guid='{5770385f-c22a-43e0-bf4c-06f5698ffbd9}'/><EventID>7</EventID><Version>3</Version><Level>4</Level><Task>7</Task><Opcode>0</Opcode><Keywords>0x8000000000000000</Keywords><TimeCreated SystemTime='2024-12-01T20:58:35.0568170Z'/><EventRecordID>240693</EventRecordID><Correlation/><Execution ProcessID='3144' ThreadID='4460'/><Channel>Microsoft-Windows-Sysmon/Operational</Channel><Computer>wrk-colby.Ecorp.local</Computer><Security UserID='S-1-5-18'/>",,,,,,,7,,"'4460'","2024-12-01T20:58:35.0568170Z","ECORP\tcolby","'S-1-5-18'","2024-12-01 20:58:34.891",3,"<Event xmlns='http://schemas.microsoft.com/win/2004/08/events/event'><System><Provider Name='Microsoft-Windows-Sysmon' Guid='{5770385f-c22a-43e0-bf4c-06f5698ffbd9}'/><EventID>7</EventID><Version>3</Version><Level>4</Level><Task>7</Task><Opcode>0</Opcode><Keywords>0x8000000000000000</Keywords><TimeCreated SystemTime='2024-12-01T20:58:35.0568170Z'/><EventRecordID>240693</EventRecordID><Correlation/><Execution ProcessID='3144' ThreadID='4460'/><Channel>Microsoft-Windows-Sysmon/Operational</Channel><Computer>wrk-colby.Ecorp.local</Computer><Security UserID='S-1-5-18'/></System><EventData><Data Name='RuleName'>technique_id=T1574.002,technique_name=DLL Side-Loading</Data><Data Name='UtcTime'>2024-12-01 20:58:34.891</Data><Data Name='ProcessGuid'>{fc7e85d2-cdfa-674c-3de8-000000002400}</Data><Data Name='ProcessId'>7884</Data><Data Name='Image'>C:\Users\tcolby\AppData\Local\Microsoft\OneDrive\24.216.1027.0003\FileCoAuth.exe</Data><Data Name='ImageLoaded'>C:\Users\tcolby\AppData\Local\Microsoft\OneDrive\24.216.1027.0003\FileSyncSqlite3.dll</Data><Data Name='FileVersion'>24.216.1027.0003</Data><Data Name='Description'>Microsoft OneDrive Sqlite Library</Data><Data Name='Product'>Microsoft OneDrive</Data><Data Name='Company'>Microsoft Corporation</Data><Data Name='OriginalFileName'>FileSyncSqlite3.dll</Data><Data Name='Hashes'>SHA1=CD3F3E5592F6FF7CBE5551BC18D5F5F63B1ED243,MD5=AE852585E1BC5D732D46A29B91B59635,SHA256=6176FBC47312AD03EC8EFB7968437C7A65BB3240C64376A54FAAF29551BE2634,IMPHASH=CB5FF0EB905E0ADC3517DF427EF65D46</Data><Data Name='Signed'>true</Data><Data Name='Signature'>Microsoft Corporation</Data><Data Name='SignatureStatus'>Valid</Data><Data Name='User'>ECORP\tcolby</Data></EventData></Event>","2024-12-01T15:58:34.891-0500",success,,,,,,,20,1,58,december,34,sunday,2024,0,,"wrk-colby.Ecorp.local",,,,,"wrk-colby.Ecorp.local",,"WRK-COLBY",240693,"endpoint_services_processes ms-sysmon-process windows_event_signature",,,,,,,,"WRK-COLBY",,,240693,main,1,"FileSyncSqlite3.dll","C:\Users\tcolby\AppData\Local\Microsoft\OneDrive\24.216.1027.0003\FileSyncSqlite3.dll",,,,,,"FileSyncSqlite3.dll","Microsoft Windows",,,,,,,,,,"FileCoAuth.exe","{fc7e85d2-cdfa-674c-3de8-000000002400}","SHA1=CD3F3E5592F6FF7CBE5551BC18D5F5F63B1ED243,MD5=AE852585E1BC5D732D46A29B91B59635,SHA256=6176FBC47312AD03EC8EFB7968437C7A65BB3240C64376A54FAAF29551BE2634,IMPHASH=CB5FF0EB905E0ADC3517DF427EF65D46",7884,,"FileCoAuth.exe","C:\Users\tcolby\AppData\Local\Microsoft\OneDrive\24.216.1027.0003\FileCoAuth.exe",,,"<_='://../////'><><_='--'_='{----}'/><></><></><><",,,,,,,,,,,,,,,true,true,,,,,informational,4,"Image loaded",7,"XmlWinEventLog:Microsoft-Windows-Sysmon/Operational",XmlWinEventLog,"wrk-colby",,,,,,,,,,,,"process
report
track_event_signatures",,"process
report
track_event_signatures",718,695,,,,,,,tcolby,,"'S-1-5-18'",,"Microsoft Sysmon"
,,,"Microsoft-Windows-Sysmon/Operational",,,"Microsoft Corporation","wrk-colby.Ecorp.local",,,,"Microsoft® C Runtime Library _atomic_wait",,,,,,,,"Microsoft-Windows-Sysmon/Operational",7,"<Data Name='RuleName'>technique_id=T1574.002,technique_name=DLL Side-Loading</Data><Data Name='UtcTime'>2024-12-01 20:58:34.884</Data><Data Name='ProcessGuid'>{fc7e85d2-cdfa-674c-3de8-000000002400}</Data><Data Name='ProcessId'>7884</Data><Data Name='Image'>C:\Users\tcolby\AppData\Local\Microsoft\OneDrive\24.216.1027.0003\FileCoAuth.exe</Data><Data Name='ImageLoaded'>C:\Users\tcolby\AppData\Local\Microsoft\OneDrive\24.216.1027.0003\msvcp140_atomic_wait.dll</Data><Data Name='FileVersion'>14.32.31332.0</Data><Data Name='Description'>Microsoft® C Runtime Library _atomic_wait</Data><Data Name='Product'>Microsoft® Visual Studio®</Data><Data Name='Company'>Microsoft Corporation</Data><Data Name='OriginalFileName'>msvcp140_atomic_wait.dll</Data><Data Name='Hashes'>SHA1=67081F2D58F02C93560E630E7A2E09EC3AC86915,MD5=5B5A88B5A1127DD6FEDDF10C1B4FFAA4,SHA256=64029A4B960579ADE2D227BA8C16D4127E90644565CD0AB59062E6B756118AB6,IMPHASH=128D6BD74504B615C11F1DD289A34F25</Data><Data Name='Signed'>true</Data><Data Name='Signature'>Microsoft Corporation</Data><Data Name='SignatureStatus'>Valid</Data><Data Name='User'>ECORP\tcolby</Data>","Image loaded",7,240692,,"14.32.31332.0",,,"'{5770385f-c22a-43e0-bf4c-06f5698ffbd9}'","SHA1=67081F2D58F02C93560E630E7A2E09EC3AC86915,MD5=5B5A88B5A1127DD6FEDDF10C1B4FFAA4,SHA256=64029A4B960579ADE2D227BA8C16D4127E90644565CD0AB59062E6B756118AB6,IMPHASH=128D6BD74504B615C11F1DD289A34F25",128D6BD74504B615C11F1DD289A34F25,"C:\Users\tcolby\AppData\Local\Microsoft\OneDrive\24.216.1027.0003\FileCoAuth.exe","C:\Users\tcolby\AppData\Local\Microsoft\OneDrive\24.216.1027.0003\msvcp140_atomic_wait.dll",,,,,0x8000000000000000,4,,,5B5A88B5A1127DD6FEDDF10C1B4FFAA4,"'Microsoft-Windows-Sysmon'",0,"msvcp140_atomic_wait.dll",,,,,,,"{fc7e85d2-cdfa-674c-3de8-000000002400}","'3144'",7884,"Microsoft® Visual Studio®",,,,,240692,240692,,"technique_id=T1574.002,technique_name=DLL Side-Loading",67081F2D58F02C93560E630E7A2E09EC3AC86915,64029A4B960579ADE2D227BA8C16D4127E90644565CD0AB59062E6B756118AB6,"S-1-5-18","Microsoft Corporation",Valid,true,,,,,,,,,,,,"'2024-12-01T20:58:35.0410984Z'","<Provider Name='Microsoft-Windows-Sysmon' Guid='{5770385f-c22a-43e0-bf4c-06f5698ffbd9}'/><EventID>7</EventID><Version>3</Version><Level>4</Level><Task>7</Task><Opcode>0</Opcode><Keywords>0x8000000000000000</Keywords><TimeCreated SystemTime='2024-12-01T20:58:35.0410984Z'/><EventRecordID>240692</EventRecordID><Correlation/><Execution ProcessID='3144' ThreadID='4460'/><Channel>Microsoft-Windows-Sysmon/Operational</Channel><Computer>wrk-colby.Ecorp.local</Computer><Security UserID='S-1-5-18'/>",,,,,,,7,,"'4460'","2024-12-01T20:58:35.0410984Z","ECORP\tcolby","'S-1-5-18'","2024-12-01 20:58:34.884",3,"<Event xmlns='http://schemas.microsoft.com/win/2004/08/events/event'><System><Provider Name='Microsoft-Windows-Sysmon' Guid='{5770385f-c22a-43e0-bf4c-06f5698ffbd9}'/><EventID>7</EventID><Version>3</Version><Level>4</Level><Task>7</Task><Opcode>0</Opcode><Keywords>0x8000000000000000</Keywords><TimeCreated SystemTime='2024-12-01T20:58:35.0410984Z'/><EventRecordID>240692</EventRecordID><Correlation/><Execution ProcessID='3144' ThreadID='4460'/><Channel>Microsoft-Windows-Sysmon/Operational</Channel><Computer>wrk-colby.Ecorp.local</Computer><Security UserID='S-1-5-18'/></System><EventData><Data Name='RuleName'>technique_id=T1574.002,technique_name=DLL Side-Loading</Data><Data Name='UtcTime'>2024-12-01 20:58:34.884</Data><Data Name='ProcessGuid'>{fc7e85d2-cdfa-674c-3de8-000000002400}</Data><Data Name='ProcessId'>7884</Data><Data Name='Image'>C:\Users\tcolby\AppData\Local\Microsoft\OneDrive\24.216.1027.0003\FileCoAuth.exe</Data><Data Name='ImageLoaded'>C:\Users\tcolby\AppData\Local\Microsoft\OneDrive\24.216.1027.0003\msvcp140_atomic_wait.dll</Data><Data Name='FileVersion'>14.32.31332.0</Data><Data Name='Description'>Microsoft® C Runtime Library _atomic_wait</Data><Data Name='Product'>Microsoft® Visual Studio®</Data><Data Name='Company'>Microsoft Corporation</Data><Data Name='OriginalFileName'>msvcp140_atomic_wait.dll</Data><Data Name='Hashes'>SHA1=67081F2D58F02C93560E630E7A2E09EC3AC86915,MD5=5B5A88B5A1127DD6FEDDF10C1B4FFAA4,SHA256=64029A4B960579ADE2D227BA8C16D4127E90644565CD0AB59062E6B756118AB6,IMPHASH=128D6BD74504B615C11F1DD289A34F25</Data><Data Name='Signed'>true</Data><Data Name='Signature'>Microsoft Corporation</Data><Data Name='SignatureStatus'>Valid</Data><Data Name='User'>ECORP\tcolby</Data></EventData></Event>","2024-12-01T15:58:34.884-0500",success,,,,,,,20,1,58,december,34,sunday,2024,0,,"wrk-colby.Ecorp.local",,,,,"wrk-colby.Ecorp.local",,"WRK-COLBY",240692,"endpoint_services_processes ms-sysmon-process windows_event_signature",,,,,,,,"WRK-COLBY",,,240692,main,1,"msvcp140_atomic_wait.dll","C:\Users\tcolby\AppData\Local\Microsoft\OneDrive\24.216.1027.0003\msvcp140_atomic_wait.dll",,,,,,"msvcp140_atomic_wait.dll","Microsoft Windows",,,,,,,,,,"FileCoAuth.exe","{fc7e85d2-cdfa-674c-3de8-000000002400}","SHA1=67081F2D58F02C93560E630E7A2E09EC3AC86915,MD5=5B5A88B5A1127DD6FEDDF10C1B4FFAA4,SHA256=64029A4B960579ADE2D227BA8C16D4127E90644565CD0AB59062E6B756118AB6,IMPHASH=128D6BD74504B615C11F1DD289A34F25",7884,,"FileCoAuth.exe","C:\Users\tcolby\AppData\Local\Microsoft\OneDrive\24.216.1027.0003\FileCoAuth.exe",,,"<_='://../////'><><_='--'_='{----}'/><></><></><><",,,,,,,,,,,,,,,true,true,,,,,informational,4,"Image loaded",7,"XmlWinEventLog:Microsoft-Windows-Sysmon/Operational",XmlWinEventLog,"wrk-colby",,,,,,,,,,,,"process
report
track_event_signatures",,"process
report
track_event_signatures",718,695,,,,,,,tcolby,,"'S-1-5-18'",,"Microsoft Sysmon"
,,,"Microsoft-Windows-Sysmon/Operational",,,"Microsoft Corporation","wrk-colby.Ecorp.local",,,,"EventMachine Library",,,,,,,,"Microsoft-Windows-Sysmon/Operational",7,"<Data Name='RuleName'>technique_id=T1574.002,technique_name=DLL Side-Loading</Data><Data Name='UtcTime'>2024-12-01 20:58:34.882</Data><Data Name='ProcessGuid'>{fc7e85d2-cdfa-674c-3de8-000000002400}</Data><Data Name='ProcessId'>7884</Data><Data Name='Image'>C:\Users\tcolby\AppData\Local\Microsoft\OneDrive\24.216.1027.0003\FileCoAuth.exe</Data><Data Name='ImageLoaded'>C:\Users\tcolby\AppData\Local\Microsoft\OneDrive\24.216.1027.0003\FileSyncEvents.dll</Data><Data Name='FileVersion'>24.216.1027.0003</Data><Data Name='Description'>EventMachine Library</Data><Data Name='Product'>Microsoft OneDrive</Data><Data Name='Company'>Microsoft Corporation</Data><Data Name='OriginalFileName'>FileSyncEvents.dll</Data><Data Name='Hashes'>SHA1=2252E45D6EFCA618C6A2E235B404C496F33A5F6D,MD5=2505BE188325D261B90D5FEA4343F3F0,SHA256=0ED92874F8B40C5B854A0B6A69C83A9C6C26399189C91EEFD82C96ECF8101108,IMPHASH=6EA33F2A7CD55E1BD17DBF8DD63DB3E2</Data><Data Name='Signed'>true</Data><Data Name='Signature'>Microsoft Corporation</Data><Data Name='SignatureStatus'>Valid</Data><Data Name='User'>ECORP\tcolby</Data>","Image loaded",7,240688,,"24.216.1027.0003",,,"'{5770385f-c22a-43e0-bf4c-06f5698ffbd9}'","SHA1=2252E45D6EFCA618C6A2E235B404C496F33A5F6D,MD5=2505BE188325D261B90D5FEA4343F3F0,SHA256=0ED92874F8B40C5B854A0B6A69C83A9C6C26399189C91EEFD82C96ECF8101108,IMPHASH=6EA33F2A7CD55E1BD17DBF8DD63DB3E2",6EA33F2A7CD55E1BD17DBF8DD63DB3E2,"C:\Users\tcolby\AppData\Local\Microsoft\OneDrive\24.216.1027.0003\FileCoAuth.exe","C:\Users\tcolby\AppData\Local\Microsoft\OneDrive\24.216.1027.0003\FileSyncEvents.dll",,,,,0x8000000000000000,4,,,2505BE188325D261B90D5FEA4343F3F0,"'Microsoft-Windows-Sysmon'",0,"FileSyncEvents.dll",,,,,,,"{fc7e85d2-cdfa-674c-3de8-000000002400}","'3144'",7884,"Microsoft OneDrive",,,,,240688,240688,,"technique_id=T1574.002,technique_name=DLL Side-Loading",2252E45D6EFCA618C6A2E235B404C496F33A5F6D,0ED92874F8B40C5B854A0B6A69C83A9C6C26399189C91EEFD82C96ECF8101108,"S-1-5-18","Microsoft Corporation",Valid,true,,,,,,,,,,,,"'2024-12-01T20:58:34.9849811Z'","<Provider Name='Microsoft-Windows-Sysmon' Guid='{5770385f-c22a-43e0-bf4c-06f5698ffbd9}'/><EventID>7</EventID><Version>3</Version><Level>4</Level><Task>7</Task><Opcode>0</Opcode><Keywords>0x8000000000000000</Keywords><TimeCreated SystemTime='2024-12-01T20:58:34.9849811Z'/><EventRecordID>240688</EventRecordID><Correlation/><Execution ProcessID='3144' ThreadID='4460'/><Channel>Microsoft-Windows-Sysmon/Operational</Channel><Computer>wrk-colby.Ecorp.local</Computer><Security UserID='S-1-5-18'/>",,,,,,,7,,"'4460'","2024-12-01T20:58:34.9849811Z","ECORP\tcolby","'S-1-5-18'","2024-12-01 20:58:34.882",3,"<Event xmlns='http://schemas.microsoft.com/win/2004/08/events/event'><System><Provider Name='Microsoft-Windows-Sysmon' Guid='{5770385f-c22a-43e0-bf4c-06f5698ffbd9}'/><EventID>7</EventID><Version>3</Version><Level>4</Level><Task>7</Task><Opcode>0</Opcode><Keywords>0x8000000000000000</Keywords><TimeCreated SystemTime='2024-12-01T20:58:34.9849811Z'/><EventRecordID>240688</EventRecordID><Correlation/><Execution ProcessID='3144' ThreadID='4460'/><Channel>Microsoft-Windows-Sysmon/Operational</Channel><Computer>wrk-colby.Ecorp.local</Computer><Security UserID='S-1-5-18'/></System><EventData><Data Name='RuleName'>technique_id=T1574.002,technique_name=DLL Side-Loading</Data><Data Name='UtcTime'>2024-12-01 20:58:34.882</Data><Data Name='ProcessGuid'>{fc7e85d2-cdfa-674c-3de8-000000002400}</Data><Data Name='ProcessId'>7884</Data><Data Name='Image'>C:\Users\tcolby\AppData\Local\Microsoft\OneDrive\24.216.1027.0003\FileCoAuth.exe</Data><Data Name='ImageLoaded'>C:\Users\tcolby\AppData\Local\Microsoft\OneDrive\24.216.1027.0003\FileSyncEvents.dll</Data><Data Name='FileVersion'>24.216.1027.0003</Data><Data Name='Description'>EventMachine Library</Data><Data Name='Product'>Microsoft OneDrive</Data><Data Name='Company'>Microsoft Corporation</Data><Data Name='OriginalFileName'>FileSyncEvents.dll</Data><Data Name='Hashes'>SHA1=2252E45D6EFCA618C6A2E235B404C496F33A5F6D,MD5=2505BE188325D261B90D5FEA4343F3F0,SHA256=0ED92874F8B40C5B854A0B6A69C83A9C6C26399189C91EEFD82C96ECF8101108,IMPHASH=6EA33F2A7CD55E1BD17DBF8DD63DB3E2</Data><Data Name='Signed'>true</Data><Data Name='Signature'>Microsoft Corporation</Data><Data Name='SignatureStatus'>Valid</Data><Data Name='User'>ECORP\tcolby</Data></EventData></Event>","2024-12-01T15:58:34.882-0500",success,,,,,,,20,1,58,december,34,sunday,2024,0,,"wrk-colby.Ecorp.local",,,,,"wrk-colby.Ecorp.local",,"WRK-COLBY",240688,"endpoint_services_processes ms-sysmon-process windows_event_signature",,,,,,,,"WRK-COLBY",,,240688,main,1,"FileSyncEvents.dll","C:\Users\tcolby\AppData\Local\Microsoft\OneDrive\24.216.1027.0003\FileSyncEvents.dll",,,,,,"FileSyncEvents.dll","Microsoft Windows",,,,,,,,,,"FileCoAuth.exe","{fc7e85d2-cdfa-674c-3de8-000000002400}","SHA1=2252E45D6EFCA618C6A2E235B404C496F33A5F6D,MD5=2505BE188325D261B90D5FEA4343F3F0,SHA256=0ED92874F8B40C5B854A0B6A69C83A9C6C26399189C91EEFD82C96ECF8101108,IMPHASH=6EA33F2A7CD55E1BD17DBF8DD63DB3E2",7884,,"FileCoAuth.exe","C:\Users\tcolby\AppData\Local\Microsoft\OneDrive\24.216.1027.0003\FileCoAuth.exe",,,"<_='://../////'><><_='--'_='{----}'/><></><></><><",,,,,,,,,,,,,,,true,true,,,,,informational,4,"Image loaded",7,"XmlWinEventLog:Microsoft-Windows-Sysmon/Operational",XmlWinEventLog,"wrk-colby",,,,,,,,,,,,"process
report
track_event_signatures",,"process
report
track_event_signatures",718,695,,,,,,,tcolby,,"'S-1-5-18'",,"Microsoft Sysmon"
,,,"Microsoft-Windows-Sysmon/Operational",,,"Microsoft Corporation","wrk-colby.Ecorp.local",,,,"Microsoft OneDriveFile Sync Host",,,,,,,,"Microsoft-Windows-Sysmon/Operational",7,"<Data Name='RuleName'>technique_id=T1574.002,technique_name=DLL Side-Loading</Data><Data Name='UtcTime'>2024-12-01 20:58:34.880</Data><Data Name='ProcessGuid'>{fc7e85d2-cdfa-674c-3de8-000000002400}</Data><Data Name='ProcessId'>7884</Data><Data Name='Image'>C:\Users\tcolby\AppData\Local\Microsoft\OneDrive\24.216.1027.0003\FileCoAuth.exe</Data><Data Name='ImageLoaded'>C:\Users\tcolby\AppData\Local\Microsoft\OneDrive\24.216.1027.0003\FileSyncHost.dll</Data><Data Name='FileVersion'>24.216.1027.0003</Data><Data Name='Description'>Microsoft OneDriveFile Sync Host</Data><Data Name='Product'>Microsoft OneDrive</Data><Data Name='Company'>Microsoft Corporation</Data><Data Name='OriginalFileName'>FileSyncHost.dll</Data><Data Name='Hashes'>SHA1=BDD6068813B4D7195341CA8E8F53DD80B7FA8D26,MD5=3AA0EE0BFCF27C8FD7F862E26FB33BB3,SHA256=05C5D3D4953A6A768CCB96B98B83B88A1A8418D3973B6B284E7F95560580DF63,IMPHASH=38336DD49094E795DF9D01378E308779</Data><Data Name='Signed'>true</Data><Data Name='Signature'>Microsoft Corporation</Data><Data Name='SignatureStatus'>Valid</Data><Data Name='User'>ECORP\tcolby</Data>","Image loaded",7,240691,,"24.216.1027.0003",,,"'{5770385f-c22a-43e0-bf4c-06f5698ffbd9}'","SHA1=BDD6068813B4D7195341CA8E8F53DD80B7FA8D26,MD5=3AA0EE0BFCF27C8FD7F862E26FB33BB3,SHA256=05C5D3D4953A6A768CCB96B98B83B88A1A8418D3973B6B284E7F95560580DF63,IMPHASH=38336DD49094E795DF9D01378E308779",38336DD49094E795DF9D01378E308779,"C:\Users\tcolby\AppData\Local\Microsoft\OneDrive\24.216.1027.0003\FileCoAuth.exe","C:\Users\tcolby\AppData\Local\Microsoft\OneDrive\24.216.1027.0003\FileSyncHost.dll",,,,,0x8000000000000000,4,,,3AA0EE0BFCF27C8FD7F862E26FB33BB3,"'Microsoft-Windows-Sysmon'",0,"FileSyncHost.dll",,,,,,,"{fc7e85d2-cdfa-674c-3de8-000000002400}","'3144'",7884,"Microsoft OneDrive",,,,,240691,240691,,"technique_id=T1574.002,technique_name=DLL Side-Loading",BDD6068813B4D7195341CA8E8F53DD80B7FA8D26,05C5D3D4953A6A768CCB96B98B83B88A1A8418D3973B6B284E7F95560580DF63,"S-1-5-18","Microsoft Corporation",Valid,true,,,,,,,,,,,,"'2024-12-01T20:58:35.0001185Z'","<Provider Name='Microsoft-Windows-Sysmon' Guid='{5770385f-c22a-43e0-bf4c-06f5698ffbd9}'/><EventID>7</EventID><Version>3</Version><Level>4</Level><Task>7</Task><Opcode>0</Opcode><Keywords>0x8000000000000000</Keywords><TimeCreated SystemTime='2024-12-01T20:58:35.0001185Z'/><EventRecordID>240691</EventRecordID><Correlation/><Execution ProcessID='3144' ThreadID='4460'/><Channel>Microsoft-Windows-Sysmon/Operational</Channel><Computer>wrk-colby.Ecorp.local</Computer><Security UserID='S-1-5-18'/>",,,,,,,7,,"'4460'","2024-12-01T20:58:35.0001185Z","ECORP\tcolby","'S-1-5-18'","2024-12-01 20:58:34.880",3,"<Event xmlns='http://schemas.microsoft.com/win/2004/08/events/event'><System><Provider Name='Microsoft-Windows-Sysmon' Guid='{5770385f-c22a-43e0-bf4c-06f5698ffbd9}'/><EventID>7</EventID><Version>3</Version><Level>4</Level><Task>7</Task><Opcode>0</Opcode><Keywords>0x8000000000000000</Keywords><TimeCreated SystemTime='2024-12-01T20:58:35.0001185Z'/><EventRecordID>240691</EventRecordID><Correlation/><Execution ProcessID='3144' ThreadID='4460'/><Channel>Microsoft-Windows-Sysmon/Operational</Channel><Computer>wrk-colby.Ecorp.local</Computer><Security UserID='S-1-5-18'/></System><EventData><Data Name='RuleName'>technique_id=T1574.002,technique_name=DLL Side-Loading</Data><Data Name='UtcTime'>2024-12-01 20:58:34.880</Data><Data Name='ProcessGuid'>{fc7e85d2-cdfa-674c-3de8-000000002400}</Data><Data Name='ProcessId'>7884</Data><Data Name='Image'>C:\Users\tcolby\AppData\Local\Microsoft\OneDrive\24.216.1027.0003\FileCoAuth.exe</Data><Data Name='ImageLoaded'>C:\Users\tcolby\AppData\Local\Microsoft\OneDrive\24.216.1027.0003\FileSyncHost.dll</Data><Data Name='FileVersion'>24.216.1027.0003</Data><Data Name='Description'>Microsoft OneDriveFile Sync Host</Data><Data Name='Product'>Microsoft OneDrive</Data><Data Name='Company'>Microsoft Corporation</Data><Data Name='OriginalFileName'>FileSyncHost.dll</Data><Data Name='Hashes'>SHA1=BDD6068813B4D7195341CA8E8F53DD80B7FA8D26,MD5=3AA0EE0BFCF27C8FD7F862E26FB33BB3,SHA256=05C5D3D4953A6A768CCB96B98B83B88A1A8418D3973B6B284E7F95560580DF63,IMPHASH=38336DD49094E795DF9D01378E308779</Data><Data Name='Signed'>true</Data><Data Name='Signature'>Microsoft Corporation</Data><Data Name='SignatureStatus'>Valid</Data><Data Name='User'>ECORP\tcolby</Data></EventData></Event>","2024-12-01T15:58:34.880-0500",success,,,,,,,20,1,58,december,34,sunday,2024,0,,"wrk-colby.Ecorp.local",,,,,"wrk-colby.Ecorp.local",,"WRK-COLBY",240691,"endpoint_services_processes ms-sysmon-process windows_event_signature",,,,,,,,"WRK-COLBY",,,240691,main,1,"FileSyncHost.dll","C:\Users\tcolby\AppData\Local\Microsoft\OneDrive\24.216.1027.0003\FileSyncHost.dll",,,,,,"FileSyncHost.dll","Microsoft Windows",,,,,,,,,,"FileCoAuth.exe","{fc7e85d2-cdfa-674c-3de8-000000002400}","SHA1=BDD6068813B4D7195341CA8E8F53DD80B7FA8D26,MD5=3AA0EE0BFCF27C8FD7F862E26FB33BB3,SHA256=05C5D3D4953A6A768CCB96B98B83B88A1A8418D3973B6B284E7F95560580DF63,IMPHASH=38336DD49094E795DF9D01378E308779",7884,,"FileCoAuth.exe","C:\Users\tcolby\AppData\Local\Microsoft\OneDrive\24.216.1027.0003\FileCoAuth.exe",,,"<_='://../////'><><_='--'_='{----}'/><></><></><><",,,,,,,,,,,,,,,true,true,,,,,informational,4,"Image loaded",7,"XmlWinEventLog:Microsoft-Windows-Sysmon/Operational",XmlWinEventLog,"wrk-colby",,,,,,,,,,,,"process
report
track_event_signatures",,"process
report
track_event_signatures",718,695,,,,,,,tcolby,,"'S-1-5-18'",,"Microsoft Sysmon"
,,,"Microsoft-Windows-Sysmon/Operational",,,"Microsoft Corporation","wrk-colby.Ecorp.local",,,,"Microsoft® C Runtime Library",,,,,,,,"Microsoft-Windows-Sysmon/Operational",7,"<Data Name='RuleName'>technique_id=T1574.002,technique_name=DLL Side-Loading</Data><Data Name='UtcTime'>2024-12-01 20:58:34.875</Data><Data Name='ProcessGuid'>{fc7e85d2-cdfa-674c-3de8-000000002400}</Data><Data Name='ProcessId'>7884</Data><Data Name='Image'>C:\Users\tcolby\AppData\Local\Microsoft\OneDrive\24.216.1027.0003\FileCoAuth.exe</Data><Data Name='ImageLoaded'>C:\Users\tcolby\AppData\Local\Microsoft\OneDrive\24.216.1027.0003\vcruntime140.dll</Data><Data Name='FileVersion'>14.32.31332.0</Data><Data Name='Description'>Microsoft® C Runtime Library</Data><Data Name='Product'>Microsoft® Visual Studio®</Data><Data Name='Company'>Microsoft Corporation</Data><Data Name='OriginalFileName'>vcruntime140.dll</Data><Data Name='Hashes'>SHA1=72F10D04BA4D272B98ABF26CA590BEF75AF729A9,MD5=714B4DA04C1C12EA692DF8C4218D9181,SHA256=0D3D00DA8EDB47E9A6ED6D6657312866AFE854D550067DD842C6D1EED8F01988,IMPHASH=7F07FD94E5BB907093556781CC464017</Data><Data Name='Signed'>true</Data><Data Name='Signature'>Microsoft Corporation</Data><Data Name='SignatureStatus'>Valid</Data><Data Name='User'>ECORP\tcolby</Data>","Image loaded",7,240686,,"14.32.31332.0",,,"'{5770385f-c22a-43e0-bf4c-06f5698ffbd9}'","SHA1=72F10D04BA4D272B98ABF26CA590BEF75AF729A9,MD5=714B4DA04C1C12EA692DF8C4218D9181,SHA256=0D3D00DA8EDB47E9A6ED6D6657312866AFE854D550067DD842C6D1EED8F01988,IMPHASH=7F07FD94E5BB907093556781CC464017",7F07FD94E5BB907093556781CC464017,"C:\Users\tcolby\AppData\Local\Microsoft\OneDrive\24.216.1027.0003\FileCoAuth.exe","C:\Users\tcolby\AppData\Local\Microsoft\OneDrive\24.216.1027.0003\vcruntime140.dll",,,,,0x8000000000000000,4,,,714B4DA04C1C12EA692DF8C4218D9181,"'Microsoft-Windows-Sysmon'",0,"vcruntime140.dll",,,,,,,"{fc7e85d2-cdfa-674c-3de8-000000002400}","'3144'",7884,"Microsoft® Visual Studio®",,,,,240686,240686,,"technique_id=T1574.002,technique_name=DLL Side-Loading",72F10D04BA4D272B98ABF26CA590BEF75AF729A9,0D3D00DA8EDB47E9A6ED6D6657312866AFE854D550067DD842C6D1EED8F01988,"S-1-5-18","Microsoft Corporation",Valid,true,,,,,,,,,,,,"'2024-12-01T20:58:34.9779206Z'","<Provider Name='Microsoft-Windows-Sysmon' Guid='{5770385f-c22a-43e0-bf4c-06f5698ffbd9}'/><EventID>7</EventID><Version>3</Version><Level>4</Level><Task>7</Task><Opcode>0</Opcode><Keywords>0x8000000000000000</Keywords><TimeCreated SystemTime='2024-12-01T20:58:34.9779206Z'/><EventRecordID>240686</EventRecordID><Correlation/><Execution ProcessID='3144' ThreadID='4460'/><Channel>Microsoft-Windows-Sysmon/Operational</Channel><Computer>wrk-colby.Ecorp.local</Computer><Security UserID='S-1-5-18'/>",,,,,,,7,,"'4460'","2024-12-01T20:58:34.9779206Z","ECORP\tcolby","'S-1-5-18'","2024-12-01 20:58:34.875",3,"<Event xmlns='http://schemas.microsoft.com/win/2004/08/events/event'><System><Provider Name='Microsoft-Windows-Sysmon' Guid='{5770385f-c22a-43e0-bf4c-06f5698ffbd9}'/><EventID>7</EventID><Version>3</Version><Level>4</Level><Task>7</Task><Opcode>0</Opcode><Keywords>0x8000000000000000</Keywords><TimeCreated SystemTime='2024-12-01T20:58:34.9779206Z'/><EventRecordID>240686</EventRecordID><Correlation/><Execution ProcessID='3144' ThreadID='4460'/><Channel>Microsoft-Windows-Sysmon/Operational</Channel><Computer>wrk-colby.Ecorp.local</Computer><Security UserID='S-1-5-18'/></System><EventData><Data Name='RuleName'>technique_id=T1574.002,technique_name=DLL Side-Loading</Data><Data Name='UtcTime'>2024-12-01 20:58:34.875</Data><Data Name='ProcessGuid'>{fc7e85d2-cdfa-674c-3de8-000000002400}</Data><Data Name='ProcessId'>7884</Data><Data Name='Image'>C:\Users\tcolby\AppData\Local\Microsoft\OneDrive\24.216.1027.0003\FileCoAuth.exe</Data><Data Name='ImageLoaded'>C:\Users\tcolby\AppData\Local\Microsoft\OneDrive\24.216.1027.0003\vcruntime140.dll</Data><Data Name='FileVersion'>14.32.31332.0</Data><Data Name='Description'>Microsoft® C Runtime Library</Data><Data Name='Product'>Microsoft® Visual Studio®</Data><Data Name='Company'>Microsoft Corporation</Data><Data Name='OriginalFileName'>vcruntime140.dll</Data><Data Name='Hashes'>SHA1=72F10D04BA4D272B98ABF26CA590BEF75AF729A9,MD5=714B4DA04C1C12EA692DF8C4218D9181,SHA256=0D3D00DA8EDB47E9A6ED6D6657312866AFE854D550067DD842C6D1EED8F01988,IMPHASH=7F07FD94E5BB907093556781CC464017</Data><Data Name='Signed'>true</Data><Data Name='Signature'>Microsoft Corporation</Data><Data Name='SignatureStatus'>Valid</Data><Data Name='User'>ECORP\tcolby</Data></EventData></Event>","2024-12-01T15:58:34.875-0500",success,,,,,,,20,1,58,december,34,sunday,2024,0,,"wrk-colby.Ecorp.local",,,,,"wrk-colby.Ecorp.local",,"WRK-COLBY",240686,"endpoint_services_processes ms-sysmon-process windows_event_signature",,,,,,,,"WRK-COLBY",,,240686,main,1,"vcruntime140.dll","C:\Users\tcolby\AppData\Local\Microsoft\OneDrive\24.216.1027.0003\vcruntime140.dll",,,,,,"vcruntime140.dll","Microsoft Windows",,,,,,,,,,"FileCoAuth.exe","{fc7e85d2-cdfa-674c-3de8-000000002400}","SHA1=72F10D04BA4D272B98ABF26CA590BEF75AF729A9,MD5=714B4DA04C1C12EA692DF8C4218D9181,SHA256=0D3D00DA8EDB47E9A6ED6D6657312866AFE854D550067DD842C6D1EED8F01988,IMPHASH=7F07FD94E5BB907093556781CC464017",7884,,"FileCoAuth.exe","C:\Users\tcolby\AppData\Local\Microsoft\OneDrive\24.216.1027.0003\FileCoAuth.exe",,,"<_='://../////'><><_='--'_='{----}'/><></><></><><",,,,,,,,,,,,,,,true,true,,,,,informational,4,"Image loaded",7,"XmlWinEventLog:Microsoft-Windows-Sysmon/Operational",XmlWinEventLog,"wrk-colby",,,,,,,,,,,,"process
report
track_event_signatures",,"process
report
track_event_signatures",718,695,,,,,,,tcolby,,"'S-1-5-18'",,"Microsoft Sysmon"
,,,"Microsoft-Windows-Sysmon/Operational",,,"Microsoft Corporation","wrk-colby.Ecorp.local",,,,"Microsoft® C Runtime Library",,,,,,,,"Microsoft-Windows-Sysmon/Operational",7,"<Data Name='RuleName'>technique_id=T1574.002,technique_name=DLL Side-Loading</Data><Data Name='UtcTime'>2024-12-01 20:58:34.875</Data><Data Name='ProcessGuid'>{fc7e85d2-cdfa-674c-3de8-000000002400}</Data><Data Name='ProcessId'>7884</Data><Data Name='Image'>C:\Users\tcolby\AppData\Local\Microsoft\OneDrive\24.216.1027.0003\FileCoAuth.exe</Data><Data Name='ImageLoaded'>C:\Users\tcolby\AppData\Local\Microsoft\OneDrive\24.216.1027.0003\vcruntime140_1.dll</Data><Data Name='FileVersion'>14.32.31332.0</Data><Data Name='Description'>Microsoft® C Runtime Library</Data><Data Name='Product'>Microsoft® Visual Studio®</Data><Data Name='Company'>Microsoft Corporation</Data><Data Name='OriginalFileName'>vcruntime140_1.dll</Data><Data Name='Hashes'>SHA1=E117A44E1469ADFBBF674C9AE76156EAF22FA362,MD5=B2CEAEFD078D08C6B0CD8FC0ED583524,SHA256=421AF0C6A0894E10C3BE40D405DB5C71851B32D92D11B04755E37136D0FB13F5,IMPHASH=BF380CA954CBF10D1A4CEF9EC18E46FD</Data><Data Name='Signed'>true</Data><Data Name='Signature'>Microsoft Corporation</Data><Data Name='SignatureStatus'>Valid</Data><Data Name='User'>ECORP\tcolby</Data>","Image loaded",7,240684,,"14.32.31332.0",,,"'{5770385f-c22a-43e0-bf4c-06f5698ffbd9}'","SHA1=E117A44E1469ADFBBF674C9AE76156EAF22FA362,MD5=B2CEAEFD078D08C6B0CD8FC0ED583524,SHA256=421AF0C6A0894E10C3BE40D405DB5C71851B32D92D11B04755E37136D0FB13F5,IMPHASH=BF380CA954CBF10D1A4CEF9EC18E46FD",BF380CA954CBF10D1A4CEF9EC18E46FD,"C:\Users\tcolby\AppData\Local\Microsoft\OneDrive\24.216.1027.0003\FileCoAuth.exe","C:\Users\tcolby\AppData\Local\Microsoft\OneDrive\24.216.1027.0003\vcruntime140_1.dll",,,,,0x8000000000000000,4,,,B2CEAEFD078D08C6B0CD8FC0ED583524,"'Microsoft-Windows-Sysmon'",0,"vcruntime140_1.dll",,,,,,,"{fc7e85d2-cdfa-674c-3de8-000000002400}","'3144'",7884,"Microsoft® Visual Studio®",,,,,240684,240684,,"technique_id=T1574.002,technique_name=DLL Side-Loading",E117A44E1469ADFBBF674C9AE76156EAF22FA362,421AF0C6A0894E10C3BE40D405DB5C71851B32D92D11B04755E37136D0FB13F5,"S-1-5-18","Microsoft Corporation",Valid,true,,,,,,,,,,,,"'2024-12-01T20:58:34.9703578Z'","<Provider Name='Microsoft-Windows-Sysmon' Guid='{5770385f-c22a-43e0-bf4c-06f5698ffbd9}'/><EventID>7</EventID><Version>3</Version><Level>4</Level><Task>7</Task><Opcode>0</Opcode><Keywords>0x8000000000000000</Keywords><TimeCreated SystemTime='2024-12-01T20:58:34.9703578Z'/><EventRecordID>240684</EventRecordID><Correlation/><Execution ProcessID='3144' ThreadID='4460'/><Channel>Microsoft-Windows-Sysmon/Operational</Channel><Computer>wrk-colby.Ecorp.local</Computer><Security UserID='S-1-5-18'/>",,,,,,,7,,"'4460'","2024-12-01T20:58:34.9703578Z","ECORP\tcolby","'S-1-5-18'","2024-12-01 20:58:34.875",3,"<Event xmlns='http://schemas.microsoft.com/win/2004/08/events/event'><System><Provider Name='Microsoft-Windows-Sysmon' Guid='{5770385f-c22a-43e0-bf4c-06f5698ffbd9}'/><EventID>7</EventID><Version>3</Version><Level>4</Level><Task>7</Task><Opcode>0</Opcode><Keywords>0x8000000000000000</Keywords><TimeCreated SystemTime='2024-12-01T20:58:34.9703578Z'/><EventRecordID>240684</EventRecordID><Correlation/><Execution ProcessID='3144' ThreadID='4460'/><Channel>Microsoft-Windows-Sysmon/Operational</Channel><Computer>wrk-colby.Ecorp.local</Computer><Security UserID='S-1-5-18'/></System><EventData><Data Name='RuleName'>technique_id=T1574.002,technique_name=DLL Side-Loading</Data><Data Name='UtcTime'>2024-12-01 20:58:34.875</Data><Data Name='ProcessGuid'>{fc7e85d2-cdfa-674c-3de8-000000002400}</Data><Data Name='ProcessId'>7884</Data><Data Name='Image'>C:\Users\tcolby\AppData\Local\Microsoft\OneDrive\24.216.1027.0003\FileCoAuth.exe</Data><Data Name='ImageLoaded'>C:\Users\tcolby\AppData\Local\Microsoft\OneDrive\24.216.1027.0003\vcruntime140_1.dll</Data><Data Name='FileVersion'>14.32.31332.0</Data><Data Name='Description'>Microsoft® C Runtime Library</Data><Data Name='Product'>Microsoft® Visual Studio®</Data><Data Name='Company'>Microsoft Corporation</Data><Data Name='OriginalFileName'>vcruntime140_1.dll</Data><Data Name='Hashes'>SHA1=E117A44E1469ADFBBF674C9AE76156EAF22FA362,MD5=B2CEAEFD078D08C6B0CD8FC0ED583524,SHA256=421AF0C6A0894E10C3BE40D405DB5C71851B32D92D11B04755E37136D0FB13F5,IMPHASH=BF380CA954CBF10D1A4CEF9EC18E46FD</Data><Data Name='Signed'>true</Data><Data Name='Signature'>Microsoft Corporation</Data><Data Name='SignatureStatus'>Valid</Data><Data Name='User'>ECORP\tcolby</Data></EventData></Event>","2024-12-01T15:58:34.875-0500",success,,,,,,,20,1,58,december,34,sunday,2024,0,,"wrk-colby.Ecorp.local",,,,,"wrk-colby.Ecorp.local",,"WRK-COLBY",240684,"endpoint_services_processes ms-sysmon-process windows_event_signature",,,,,,,,"WRK-COLBY",,,240684,main,1,"vcruntime140_1.dll","C:\Users\tcolby\AppData\Local\Microsoft\OneDrive\24.216.1027.0003\vcruntime140_1.dll",,,,,,"vcruntime140_1.dll","Microsoft Windows",,,,,,,,,,"FileCoAuth.exe","{fc7e85d2-cdfa-674c-3de8-000000002400}","SHA1=E117A44E1469ADFBBF674C9AE76156EAF22FA362,MD5=B2CEAEFD078D08C6B0CD8FC0ED583524,SHA256=421AF0C6A0894E10C3BE40D405DB5C71851B32D92D11B04755E37136D0FB13F5,IMPHASH=BF380CA954CBF10D1A4CEF9EC18E46FD",7884,,"FileCoAuth.exe","C:\Users\tcolby\AppData\Local\Microsoft\OneDrive\24.216.1027.0003\FileCoAuth.exe",,,"<_='://../////'><><_='--'_='{----}'/><></><></><><",,,,,,,,,,,,,,,true,true,,,,,informational,4,"Image loaded",7,"XmlWinEventLog:Microsoft-Windows-Sysmon/Operational",XmlWinEventLog,"wrk-colby",,,,,,,,,,,,"process
report
track_event_signatures",,"process
report
track_event_signatures",718,695,,,,,,,tcolby,,"'S-1-5-18'",,"Microsoft Sysmon"
,,,"Microsoft-Windows-Sysmon/Operational",,,"Microsoft Corporation","wrk-colby.Ecorp.local",,,,"Microsoft® C Runtime Library",,,,,,,,"Microsoft-Windows-Sysmon/Operational",7,"<Data Name='RuleName'>technique_id=T1574.002,technique_name=DLL Side-Loading</Data><Data Name='UtcTime'>2024-12-01 20:58:34.873</Data><Data Name='ProcessGuid'>{fc7e85d2-cdfa-674c-3de8-000000002400}</Data><Data Name='ProcessId'>7884</Data><Data Name='Image'>C:\Users\tcolby\AppData\Local\Microsoft\OneDrive\24.216.1027.0003\FileCoAuth.exe</Data><Data Name='ImageLoaded'>C:\Users\tcolby\AppData\Local\Microsoft\OneDrive\24.216.1027.0003\msvcp140.dll</Data><Data Name='FileVersion'>14.32.31332.0</Data><Data Name='Description'>Microsoft® C Runtime Library</Data><Data Name='Product'>Microsoft® Visual Studio®</Data><Data Name='Company'>Microsoft Corporation</Data><Data Name='OriginalFileName'>msvcp140.dll</Data><Data Name='Hashes'>SHA1=3081D31A661BBD2EF707385E2E05AEB9AA312F1B,MD5=5E08C7404D908660273722BBE3630F4F,SHA256=706B2650C11C2F2C575D68546EBC41C07B24DA5D47601196E9F5F99D89C432FB,IMPHASH=047AEC27169FE21274A3B2F2F30606C0</Data><Data Name='Signed'>true</Data><Data Name='Signature'>Microsoft Corporation</Data><Data Name='SignatureStatus'>Valid</Data><Data Name='User'>ECORP\tcolby</Data>","Image loaded",7,240690,,"14.32.31332.0",,,"'{5770385f-c22a-43e0-bf4c-06f5698ffbd9}'","SHA1=3081D31A661BBD2EF707385E2E05AEB9AA312F1B,MD5=5E08C7404D908660273722BBE3630F4F,SHA256=706B2650C11C2F2C575D68546EBC41C07B24DA5D47601196E9F5F99D89C432FB,IMPHASH=047AEC27169FE21274A3B2F2F30606C0",047AEC27169FE21274A3B2F2F30606C0,"C:\Users\tcolby\AppData\Local\Microsoft\OneDrive\24.216.1027.0003\FileCoAuth.exe","C:\Users\tcolby\AppData\Local\Microsoft\OneDrive\24.216.1027.0003\msvcp140.dll",,,,,0x8000000000000000,4,,,5E08C7404D908660273722BBE3630F4F,"'Microsoft-Windows-Sysmon'",0,"msvcp140.dll",,,,,,,"{fc7e85d2-cdfa-674c-3de8-000000002400}","'3144'",7884,"Microsoft® Visual Studio®",,,,,240690,240690,,"technique_id=T1574.002,technique_name=DLL Side-Loading",3081D31A661BBD2EF707385E2E05AEB9AA312F1B,706B2650C11C2F2C575D68546EBC41C07B24DA5D47601196E9F5F99D89C432FB,"S-1-5-18","Microsoft Corporation",Valid,true,,,,,,,,,,,,"'2024-12-01T20:58:34.9892740Z'","<Provider Name='Microsoft-Windows-Sysmon' Guid='{5770385f-c22a-43e0-bf4c-06f5698ffbd9}'/><EventID>7</EventID><Version>3</Version><Level>4</Level><Task>7</Task><Opcode>0</Opcode><Keywords>0x8000000000000000</Keywords><TimeCreated SystemTime='2024-12-01T20:58:34.9892740Z'/><EventRecordID>240690</EventRecordID><Correlation/><Execution ProcessID='3144' ThreadID='4460'/><Channel>Microsoft-Windows-Sysmon/Operational</Channel><Computer>wrk-colby.Ecorp.local</Computer><Security UserID='S-1-5-18'/>",,,,,,,7,,"'4460'","2024-12-01T20:58:34.9892740Z","ECORP\tcolby","'S-1-5-18'","2024-12-01 20:58:34.873",3,"<Event xmlns='http://schemas.microsoft.com/win/2004/08/events/event'><System><Provider Name='Microsoft-Windows-Sysmon' Guid='{5770385f-c22a-43e0-bf4c-06f5698ffbd9}'/><EventID>7</EventID><Version>3</Version><Level>4</Level><Task>7</Task><Opcode>0</Opcode><Keywords>0x8000000000000000</Keywords><TimeCreated SystemTime='2024-12-01T20:58:34.9892740Z'/><EventRecordID>240690</EventRecordID><Correlation/><Execution ProcessID='3144' ThreadID='4460'/><Channel>Microsoft-Windows-Sysmon/Operational</Channel><Computer>wrk-colby.Ecorp.local</Computer><Security UserID='S-1-5-18'/></System><EventData><Data Name='RuleName'>technique_id=T1574.002,technique_name=DLL Side-Loading</Data><Data Name='UtcTime'>2024-12-01 20:58:34.873</Data><Data Name='ProcessGuid'>{fc7e85d2-cdfa-674c-3de8-000000002400}</Data><Data Name='ProcessId'>7884</Data><Data Name='Image'>C:\Users\tcolby\AppData\Local\Microsoft\OneDrive\24.216.1027.0003\FileCoAuth.exe</Data><Data Name='ImageLoaded'>C:\Users\tcolby\AppData\Local\Microsoft\OneDrive\24.216.1027.0003\msvcp140.dll</Data><Data Name='FileVersion'>14.32.31332.0</Data><Data Name='Description'>Microsoft® C Runtime Library</Data><Data Name='Product'>Microsoft® Visual Studio®</Data><Data Name='Company'>Microsoft Corporation</Data><Data Name='OriginalFileName'>msvcp140.dll</Data><Data Name='Hashes'>SHA1=3081D31A661BBD2EF707385E2E05AEB9AA312F1B,MD5=5E08C7404D908660273722BBE3630F4F,SHA256=706B2650C11C2F2C575D68546EBC41C07B24DA5D47601196E9F5F99D89C432FB,IMPHASH=047AEC27169FE21274A3B2F2F30606C0</Data><Data Name='Signed'>true</Data><Data Name='Signature'>Microsoft Corporation</Data><Data Name='SignatureStatus'>Valid</Data><Data Name='User'>ECORP\tcolby</Data></EventData></Event>","2024-12-01T15:58:34.873-0500",success,,,,,,,20,1,58,december,34,sunday,2024,0,,"wrk-colby.Ecorp.local",,,,,"wrk-colby.Ecorp.local",,"WRK-COLBY",240690,"endpoint_services_processes ms-sysmon-process windows_event_signature",,,,,,,,"WRK-COLBY",,,240690,main,1,"msvcp140.dll","C:\Users\tcolby\AppData\Local\Microsoft\OneDrive\24.216.1027.0003\msvcp140.dll",,,,,,"msvcp140.dll","Microsoft Windows",,,,,,,,,,"FileCoAuth.exe","{fc7e85d2-cdfa-674c-3de8-000000002400}","SHA1=3081D31A661BBD2EF707385E2E05AEB9AA312F1B,MD5=5E08C7404D908660273722BBE3630F4F,SHA256=706B2650C11C2F2C575D68546EBC41C07B24DA5D47601196E9F5F99D89C432FB,IMPHASH=047AEC27169FE21274A3B2F2F30606C0",7884,,"FileCoAuth.exe","C:\Users\tcolby\AppData\Local\Microsoft\OneDrive\24.216.1027.0003\FileCoAuth.exe",,,"<_='://../////'><><_='--'_='{----}'/><></><></><><",,,,,,,,,,,,,,,true,true,,,,,informational,4,"Image loaded",7,"XmlWinEventLog:Microsoft-Windows-Sysmon/Operational",XmlWinEventLog,"wrk-colby",,,,,,,,,,,,"process
report
track_event_signatures",,"process
report
track_event_signatures",718,695,,,,,,,tcolby,,"'S-1-5-18'",,"Microsoft Sysmon"
,,,"Microsoft-Windows-Sysmon/Operational",,,"Microsoft Corporation","wrk-colby.Ecorp.local",,,,"EventMachine Library",,,,,,,,"Microsoft-Windows-Sysmon/Operational",7,"<Data Name='RuleName'>technique_id=T1574.002,technique_name=DLL Side-Loading</Data><Data Name='UtcTime'>2024-12-01 20:58:34.873</Data><Data Name='ProcessGuid'>{fc7e85d2-cdfa-674c-3de8-000000002400}</Data><Data Name='ProcessId'>7884</Data><Data Name='Image'>C:\Users\tcolby\AppData\Local\Microsoft\OneDrive\24.216.1027.0003\FileCoAuth.exe</Data><Data Name='ImageLoaded'>C:\Users\tcolby\AppData\Local\Microsoft\OneDrive\24.216.1027.0003\FileSyncEvents.dll</Data><Data Name='FileVersion'>24.216.1027.0003</Data><Data Name='Description'>EventMachine Library</Data><Data Name='Product'>Microsoft OneDrive</Data><Data Name='Company'>Microsoft Corporation</Data><Data Name='OriginalFileName'>FileSyncEvents.dll</Data><Data Name='Hashes'>SHA1=2252E45D6EFCA618C6A2E235B404C496F33A5F6D,MD5=2505BE188325D261B90D5FEA4343F3F0,SHA256=0ED92874F8B40C5B854A0B6A69C83A9C6C26399189C91EEFD82C96ECF8101108,IMPHASH=6EA33F2A7CD55E1BD17DBF8DD63DB3E2</Data><Data Name='Signed'>true</Data><Data Name='Signature'>Microsoft Corporation</Data><Data Name='SignatureStatus'>Valid</Data><Data Name='User'>ECORP\tcolby</Data>","Image loaded",7,240689,,"24.216.1027.0003",,,"'{5770385f-c22a-43e0-bf4c-06f5698ffbd9}'","SHA1=2252E45D6EFCA618C6A2E235B404C496F33A5F6D,MD5=2505BE188325D261B90D5FEA4343F3F0,SHA256=0ED92874F8B40C5B854A0B6A69C83A9C6C26399189C91EEFD82C96ECF8101108,IMPHASH=6EA33F2A7CD55E1BD17DBF8DD63DB3E2",6EA33F2A7CD55E1BD17DBF8DD63DB3E2,"C:\Users\tcolby\AppData\Local\Microsoft\OneDrive\24.216.1027.0003\FileCoAuth.exe","C:\Users\tcolby\AppData\Local\Microsoft\OneDrive\24.216.1027.0003\FileSyncEvents.dll",,,,,0x8000000000000000,4,,,2505BE188325D261B90D5FEA4343F3F0,"'Microsoft-Windows-Sysmon'",0,"FileSyncEvents.dll",,,,,,,"{fc7e85d2-cdfa-674c-3de8-000000002400}","'3144'",7884,"Microsoft OneDrive",,,,,240689,240689,,"technique_id=T1574.002,technique_name=DLL Side-Loading",2252E45D6EFCA618C6A2E235B404C496F33A5F6D,0ED92874F8B40C5B854A0B6A69C83A9C6C26399189C91EEFD82C96ECF8101108,"S-1-5-18","Microsoft Corporation",Valid,true,,,,,,,,,,,,"'2024-12-01T20:58:34.9851173Z'","<Provider Name='Microsoft-Windows-Sysmon' Guid='{5770385f-c22a-43e0-bf4c-06f5698ffbd9}'/><EventID>7</EventID><Version>3</Version><Level>4</Level><Task>7</Task><Opcode>0</Opcode><Keywords>0x8000000000000000</Keywords><TimeCreated SystemTime='2024-12-01T20:58:34.9851173Z'/><EventRecordID>240689</EventRecordID><Correlation/><Execution ProcessID='3144' ThreadID='4460'/><Channel>Microsoft-Windows-Sysmon/Operational</Channel><Computer>wrk-colby.Ecorp.local</Computer><Security UserID='S-1-5-18'/>",,,,,,,7,,"'4460'","2024-12-01T20:58:34.9851173Z","ECORP\tcolby","'S-1-5-18'","2024-12-01 20:58:34.873",3,"<Event xmlns='http://schemas.microsoft.com/win/2004/08/events/event'><System><Provider Name='Microsoft-Windows-Sysmon' Guid='{5770385f-c22a-43e0-bf4c-06f5698ffbd9}'/><EventID>7</EventID><Version>3</Version><Level>4</Level><Task>7</Task><Opcode>0</Opcode><Keywords>0x8000000000000000</Keywords><TimeCreated SystemTime='2024-12-01T20:58:34.9851173Z'/><EventRecordID>240689</EventRecordID><Correlation/><Execution ProcessID='3144' ThreadID='4460'/><Channel>Microsoft-Windows-Sysmon/Operational</Channel><Computer>wrk-colby.Ecorp.local</Computer><Security UserID='S-1-5-18'/></System><EventData><Data Name='RuleName'>technique_id=T1574.002,technique_name=DLL Side-Loading</Data><Data Name='UtcTime'>2024-12-01 20:58:34.873</Data><Data Name='ProcessGuid'>{fc7e85d2-cdfa-674c-3de8-000000002400}</Data><Data Name='ProcessId'>7884</Data><Data Name='Image'>C:\Users\tcolby\AppData\Local\Microsoft\OneDrive\24.216.1027.0003\FileCoAuth.exe</Data><Data Name='ImageLoaded'>C:\Users\tcolby\AppData\Local\Microsoft\OneDrive\24.216.1027.0003\FileSyncEvents.dll</Data><Data Name='FileVersion'>24.216.1027.0003</Data><Data Name='Description'>EventMachine Library</Data><Data Name='Product'>Microsoft OneDrive</Data><Data Name='Company'>Microsoft Corporation</Data><Data Name='OriginalFileName'>FileSyncEvents.dll</Data><Data Name='Hashes'>SHA1=2252E45D6EFCA618C6A2E235B404C496F33A5F6D,MD5=2505BE188325D261B90D5FEA4343F3F0,SHA256=0ED92874F8B40C5B854A0B6A69C83A9C6C26399189C91EEFD82C96ECF8101108,IMPHASH=6EA33F2A7CD55E1BD17DBF8DD63DB3E2</Data><Data Name='Signed'>true</Data><Data Name='Signature'>Microsoft Corporation</Data><Data Name='SignatureStatus'>Valid</Data><Data Name='User'>ECORP\tcolby</Data></EventData></Event>","2024-