12-01T15:58:34.788-0500",allowed,,,,,,,20,1,58,december,34,sunday,2024,0,,"wrk-colby.Ecorp.local",,,,,"wrk-colby.Ecorp.local",,"WRK-COLBY",240678,"endpoint_services_processes ms-sysmon-process windows_event_signature",,,,,,,,"WRK-COLBY",,,240678,main,1,,,,,,,,"FileCoAuth.exe","Microsoft Windows",,"-","{00000000-0000-0000-0000-000000000000}",784,"-","-",,"""C:\Users\tcolby\AppData\Local\Microsoft\OneDrive\24.216.1027.0003\FileCoAuth.exe"" -Embedding","C:\Windows\system32\","FileCoAuth.exe","{fc7e85d2-cdfa-674c-3de8-000000002400}","SHA1=F8A9E4A02E64D03D49527466B8AD2E4B2A058C11,MD5=975EBD5B86489A37D1911CB9EE1EDB01,SHA256=AA6765BC3DFA7EEF7530864A666BE3E5313DE3219029036BE981A550B08C644A,IMPHASH=991CB7972ED4198FEADF4AEDAA863B81",7884,Medium,"FileCoAuth.exe","C:\Users\tcolby\AppData\Local\Microsoft\OneDrive\24.216.1027.0003\FileCoAuth.exe",,,"<_='://../////'><><_='--'_='{----}'/><></><></><><",,,,,,,,,,,,,,,,,,,,,informational,4,"Process creation",1,"XmlWinEventLog:Microsoft-Windows-Sysmon/Operational",XmlWinEventLog,"wrk-colby",,,,,,,,,,,,"process
report
track_event_signatures",,"process
report
track_event_signatures",710,687,,,,,,,tcolby,,"'S-1-5-18'",,"Microsoft Sysmon"
,,,"Microsoft-Windows-Sysmon/Operational",,,,"wrk-colby.Ecorp.local",,"2024-12-01 20:58:30.407",,,,,,,,,,"Microsoft-Windows-Sysmon/Operational",11,"<Data Name='RuleName'>technique_id=T1574.010,technique_name=Services File Permissions Weakness</Data><Data Name='UtcTime'>2024-12-01 20:58:30.407</Data><Data Name='ProcessGuid'>{fc7e85d2-c560-674c-45cf-000000002400}</Data><Data Name='ProcessId'>10148</Data><Data Name='Image'>C:\Users\tcolby\Downloads\fsociety2 (1).exe</Data><Data Name='TargetFilename'>C:\Windows\20241201\PowerShell_transcript.WRK-COLBY.egQsMzFU.20241201155827.txt</Data><Data Name='CreationUtcTime'>2024-12-01 20:58:30.407</Data><Data Name='User'>ECORP\tcolby</Data>",FileCreate,11,240677,,,,,"'{5770385f-c22a-43e0-bf4c-06f5698ffbd9}'",,,"C:\Users\tcolby\Downloads\fsociety2 (1).exe",,,,,,0x8000000000000000,4,,,,"'Microsoft-Windows-Sysmon'",0,,,,,,,,"{fc7e85d2-c560-674c-45cf-000000002400}","'3144'",10148,,,,,,240677,240677,,"technique_id=T1574.010,technique_name=Services File Permissions Weakness",,,"S-1-5-18",,,,,,,,,,,,,,,"'2024-12-01T20:58:30.4077163Z'","<Provider Name='Microsoft-Windows-Sysmon' Guid='{5770385f-c22a-43e0-bf4c-06f5698ffbd9}'/><EventID>11</EventID><Version>2</Version><Level>4</Level><Task>11</Task><Opcode>0</Opcode><Keywords>0x8000000000000000</Keywords><TimeCreated SystemTime='2024-12-01T20:58:30.4077163Z'/><EventRecordID>240677</EventRecordID><Correlation/><Execution ProcessID='3144' ThreadID='4456'/><Channel>Microsoft-Windows-Sysmon/Operational</Channel><Computer>wrk-colby.Ecorp.local</Computer><Security UserID='S-1-5-18'/>","C:\Windows\20241201\PowerShell_transcript.WRK-COLBY.egQsMzFU.20241201155827.txt",,,,,,11,,"'4456'","2024-12-01T20:58:30.4077163Z","ECORP\tcolby","'S-1-5-18'","2024-12-01 20:58:30.407",2,"<Event xmlns='http://schemas.microsoft.com/win/2004/08/events/event'><System><Provider Name='Microsoft-Windows-Sysmon' Guid='{5770385f-c22a-43e0-bf4c-06f5698ffbd9}'/><EventID>11</EventID><Version>2</Version><Level>4</Level><Task>11</Task><Opcode>0</Opcode><Keywords>0x8000000000000000</Keywords><TimeCreated SystemTime='2024-12-01T20:58:30.4077163Z'/><EventRecordID>240677</EventRecordID><Correlation/><Execution ProcessID='3144' ThreadID='4456'/><Channel>Microsoft-Windows-Sysmon/Operational</Channel><Computer>wrk-colby.Ecorp.local</Computer><Security UserID='S-1-5-18'/></System><EventData><Data Name='RuleName'>technique_id=T1574.010,technique_name=Services File Permissions Weakness</Data><Data Name='UtcTime'>2024-12-01 20:58:30.407</Data><Data Name='ProcessGuid'>{fc7e85d2-c560-674c-45cf-000000002400}</Data><Data Name='ProcessId'>10148</Data><Data Name='Image'>C:\Users\tcolby\Downloads\fsociety2 (1).exe</Data><Data Name='TargetFilename'>C:\Windows\20241201\PowerShell_transcript.WRK-COLBY.egQsMzFU.20241201155827.txt</Data><Data Name='CreationUtcTime'>2024-12-01 20:58:30.407</Data><Data Name='User'>ECORP\tcolby</Data></EventData></Event>","2024-12-01T15:58:30.407-0500",created,,,,,,,20,1,58,december,30,sunday,2024,0,,"wrk-colby.Ecorp.local",,,,,"wrk-colby.Ecorp.local",,"WRK-COLBY",240677,"endpoint_services_processes ms-sysmon-filemod windows_event_signature",,"2024-12-01 20:58:30.407",,,"PowerShell_transcript.WRK-COLBY.egQsMzFU.20241201155827.txt","C:\Windows\20241201\PowerShell_transcript.WRK-COLBY.egQsMzFU.20241201155827.txt",,"WRK-COLBY",,,240677,main,1,,,,,,file,,,,,,,,,,,,,"fsociety2 (1).exe","{fc7e85d2-c560-674c-45cf-000000002400}",,10148,,"fsociety2 (1).exe","C:\Users\tcolby\Downloads\fsociety2 (1).exe",,,"<_='://../////'><><_='--'_='{----}'/><></><></><><",,,,,,,,,,,,,,,,,,,,,informational,4,FileCreate,11,"XmlWinEventLog:Microsoft-Windows-Sysmon/Operational",XmlWinEventLog,"wrk-colby",,,,,,,,,,,,"endpoint
filesystem
track_event_signatures",,"endpoint
filesystem
track_event_signatures",738,715,,,,,,,tcolby,,"'S-1-5-18'",,"Microsoft Sysmon"
,,,"Microsoft-Windows-Sysmon/Operational",,,"Microsoft Corporation","wrk-colby.Ecorp.local",,,,"Task Scheduler COM API",,,,,,,,"Microsoft-Windows-Sysmon/Operational",7,"<Data Name='RuleName'>technique_id=T1053,technique_name=Scheduled Task</Data><Data Name='UtcTime'>2024-12-01 20:56:49.861</Data><Data Name='ProcessGuid'>{fc7e85d2-cd91-674c-01e7-000000002400}</Data><Data Name='ProcessId'>2176</Data><Data Name='Image'>C:\Windows\System32\taskhostw.exe</Data><Data Name='ImageLoaded'>C:\Windows\System32\taskschd.dll</Data><Data Name='FileVersion'>10.0.19041.3636 (WinBuild.160101.0800)</Data><Data Name='Description'>Task Scheduler COM API</Data><Data Name='Product'>Microsoft® Windows® Operating System</Data><Data Name='Company'>Microsoft Corporation</Data><Data Name='OriginalFileName'>taskschd.dll</Data><Data Name='Hashes'>SHA1=633C92F5A5000CDE3235C7FDC306B2B04C501C48,MD5=84F942C1A4BD60C94EBEC6643E0216C9,SHA256=BBE733452E6CE871D5D2064948847AAB2A71F7FEDA2C962BA4002F64E2D198F2,IMPHASH=B7A4477FA36E2E5287EE76AC4AFCB05B</Data><Data Name='Signed'>true</Data><Data Name='Signature'>Microsoft Windows</Data><Data Name='SignatureStatus'>Valid</Data><Data Name='User'>ECORP\tcolby</Data>","Image loaded",7,240676,,"10.0.19041.3636 (WinBuild.160101.0800)",,,"'{5770385f-c22a-43e0-bf4c-06f5698ffbd9}'","SHA1=633C92F5A5000CDE3235C7FDC306B2B04C501C48,MD5=84F942C1A4BD60C94EBEC6643E0216C9,SHA256=BBE733452E6CE871D5D2064948847AAB2A71F7FEDA2C962BA4002F64E2D198F2,IMPHASH=B7A4477FA36E2E5287EE76AC4AFCB05B",B7A4477FA36E2E5287EE76AC4AFCB05B,"C:\Windows\System32\taskhostw.exe","C:\Windows\System32\taskschd.dll",,,,,0x8000000000000000,4,,,84F942C1A4BD60C94EBEC6643E0216C9,"'Microsoft-Windows-Sysmon'",0,"taskschd.dll",,,,,,,"{fc7e85d2-cd91-674c-01e7-000000002400}","'3144'",2176,"Microsoft® Windows® Operating System",,,,,240676,240676,,"technique_id=T1053,technique_name=Scheduled Task",633C92F5A5000CDE3235C7FDC306B2B04C501C48,BBE733452E6CE871D5D2064948847AAB2A71F7FEDA2C962BA4002F64E2D198F2,"S-1-5-18","Microsoft Windows",Valid,true,,,,,,,,,,,,"'2024-12-01T20:56:49.8669322Z'","<Provider Name='Microsoft-Windows-Sysmon' Guid='{5770385f-c22a-43e0-bf4c-06f5698ffbd9}'/><EventID>7</EventID><Version>3</Version><Level>4</Level><Task>7</Task><Opcode>0</Opcode><Keywords>0x8000000000000000</Keywords><TimeCreated SystemTime='2024-12-01T20:56:49.8669322Z'/><EventRecordID>240676</EventRecordID><Correlation/><Execution ProcessID='3144' ThreadID='4460'/><Channel>Microsoft-Windows-Sysmon/Operational</Channel><Computer>wrk-colby.Ecorp.local</Computer><Security UserID='S-1-5-18'/>",,,,,,,7,,"'4460'","2024-12-01T20:56:49.8669322Z","ECORP\tcolby","'S-1-5-18'","2024-12-01 20:56:49.861",3,"<Event xmlns='http://schemas.microsoft.com/win/2004/08/events/event'><System><Provider Name='Microsoft-Windows-Sysmon' Guid='{5770385f-c22a-43e0-bf4c-06f5698ffbd9}'/><EventID>7</EventID><Version>3</Version><Level>4</Level><Task>7</Task><Opcode>0</Opcode><Keywords>0x8000000000000000</Keywords><TimeCreated SystemTime='2024-12-01T20:56:49.8669322Z'/><EventRecordID>240676</EventRecordID><Correlation/><Execution ProcessID='3144' ThreadID='4460'/><Channel>Microsoft-Windows-Sysmon/Operational</Channel><Computer>wrk-colby.Ecorp.local</Computer><Security UserID='S-1-5-18'/></System><EventData><Data Name='RuleName'>technique_id=T1053,technique_name=Scheduled Task</Data><Data Name='UtcTime'>2024-12-01 20:56:49.861</Data><Data Name='ProcessGuid'>{fc7e85d2-cd91-674c-01e7-000000002400}</Data><Data Name='ProcessId'>2176</Data><Data Name='Image'>C:\Windows\System32\taskhostw.exe</Data><Data Name='ImageLoaded'>C:\Windows\System32\taskschd.dll</Data><Data Name='FileVersion'>10.0.19041.3636 (WinBuild.160101.0800)</Data><Data Name='Description'>Task Scheduler COM API</Data><Data Name='Product'>Microsoft® Windows® Operating System</Data><Data Name='Company'>Microsoft Corporation</Data><Data Name='OriginalFileName'>taskschd.dll</Data><Data Name='Hashes'>SHA1=633C92F5A5000CDE3235C7FDC306B2B04C501C48,MD5=84F942C1A4BD60C94EBEC6643E0216C9,SHA256=BBE733452E6CE871D5D2064948847AAB2A71F7FEDA2C962BA4002F64E2D198F2,IMPHASH=B7A4477FA36E2E5287EE76AC4AFCB05B</Data><Data Name='Signed'>true</Data><Data Name='Signature'>Microsoft Windows</Data><Data Name='SignatureStatus'>Valid</Data><Data Name='User'>ECORP\tcolby</Data></EventData></Event>","2024-12-01T15:56:49.861-0500",success,,,,,,,20,1,56,december,49,sunday,2024,0,,"wrk-colby.Ecorp.local",,,,,"wrk-colby.Ecorp.local",,"WRK-COLBY",240676,"endpoint_services_processes ms-sysmon-process windows_event_signature",,,,,,,,"WRK-COLBY",,,240676,main,1,"taskschd.dll","C:\Windows\System32\taskschd.dll",,,,,,"taskschd.dll","Microsoft Windows",,,,,,,,,,"taskhostw.exe","{fc7e85d2-cd91-674c-01e7-000000002400}","SHA1=633C92F5A5000CDE3235C7FDC306B2B04C501C48,MD5=84F942C1A4BD60C94EBEC6643E0216C9,SHA256=BBE733452E6CE871D5D2064948847AAB2A71F7FEDA2C962BA4002F64E2D198F2,IMPHASH=B7A4477FA36E2E5287EE76AC4AFCB05B",2176,,"taskhostw.exe","C:\Windows\System32\taskhostw.exe",,,"<_='://../////'><><_='--'_='{----}'/><></><></><><",,,,,,,,,,,,,,,true,true,,,,,informational,4,"Image loaded",7,"XmlWinEventLog:Microsoft-Windows-Sysmon/Operational",XmlWinEventLog,"wrk-colby",,,,,,,,,,,,"process
report
track_event_signatures",,"process
report
track_event_signatures",712,689,,,,,,,tcolby,,"'S-1-5-18'",,"Microsoft Sysmon"
,,,"Microsoft-Windows-Sysmon/Operational",,,,"wrk-colby.Ecorp.local",,"2024-12-01 20:55:59.567",,,,,,,,,,"Microsoft-Windows-Sysmon/Operational",11,"<Data Name='RuleName'>technique_id=T1574.010,technique_name=Services File Permissions Weakness</Data><Data Name='UtcTime'>2024-12-01 20:55:59.567</Data><Data Name='ProcessGuid'>{fc7e85d2-c560-674c-45cf-000000002400}</Data><Data Name='ProcessId'>10148</Data><Data Name='Image'>C:\Users\tcolby\Downloads\fsociety2 (1).exe</Data><Data Name='TargetFilename'>C:\Windows\20241201\PowerShell_transcript.WRK-COLBY.+KRpzpJt.20241201155558.txt</Data><Data Name='CreationUtcTime'>2024-12-01 20:55:59.567</Data><Data Name='User'>ECORP\tcolby</Data>",FileCreate,11,240675,,,,,"'{5770385f-c22a-43e0-bf4c-06f5698ffbd9}'",,,"C:\Users\tcolby\Downloads\fsociety2 (1).exe",,,,,,0x8000000000000000,4,,,,"'Microsoft-Windows-Sysmon'",0,,,,,,,,"{fc7e85d2-c560-674c-45cf-000000002400}","'3144'",10148,,,,,,240675,240675,,"technique_id=T1574.010,technique_name=Services File Permissions Weakness",,,"S-1-5-18",,,,,,,,,,,,,,,"'2024-12-01T20:55:59.5677644Z'","<Provider Name='Microsoft-Windows-Sysmon' Guid='{5770385f-c22a-43e0-bf4c-06f5698ffbd9}'/><EventID>11</EventID><Version>2</Version><Level>4</Level><Task>11</Task><Opcode>0</Opcode><Keywords>0x8000000000000000</Keywords><TimeCreated SystemTime='2024-12-01T20:55:59.5677644Z'/><EventRecordID>240675</EventRecordID><Correlation/><Execution ProcessID='3144' ThreadID='4456'/><Channel>Microsoft-Windows-Sysmon/Operational</Channel><Computer>wrk-colby.Ecorp.local</Computer><Security UserID='S-1-5-18'/>","C:\Windows\20241201\PowerShell_transcript.WRK-COLBY.+KRpzpJt.20241201155558.txt",,,,,,11,,"'4456'","2024-12-01T20:55:59.5677644Z","ECORP\tcolby","'S-1-5-18'","2024-12-01 20:55:59.567",2,"<Event xmlns='http://schemas.microsoft.com/win/2004/08/events/event'><System><Provider Name='Microsoft-Windows-Sysmon' Guid='{5770385f-c22a-43e0-bf4c-06f5698ffbd9}'/><EventID>11</EventID><Version>2</Version><Level>4</Level><Task>11</Task><Opcode>0</Opcode><Keywords>0x8000000000000000</Keywords><TimeCreated SystemTime='2024-12-01T20:55:59.5677644Z'/><EventRecordID>240675</EventRecordID><Correlation/><Execution ProcessID='3144' ThreadID='4456'/><Channel>Microsoft-Windows-Sysmon/Operational</Channel><Computer>wrk-colby.Ecorp.local</Computer><Security UserID='S-1-5-18'/></System><EventData><Data Name='RuleName'>technique_id=T1574.010,technique_name=Services File Permissions Weakness</Data><Data Name='UtcTime'>2024-12-01 20:55:59.567</Data><Data Name='ProcessGuid'>{fc7e85d2-c560-674c-45cf-000000002400}</Data><Data Name='ProcessId'>10148</Data><Data Name='Image'>C:\Users\tcolby\Downloads\fsociety2 (1).exe</Data><Data Name='TargetFilename'>C:\Windows\20241201\PowerShell_transcript.WRK-COLBY.+KRpzpJt.20241201155558.txt</Data><Data Name='CreationUtcTime'>2024-12-01 20:55:59.567</Data><Data Name='User'>ECORP\tcolby</Data></EventData></Event>","2024-12-01T15:55:59.567-0500",created,,,,,,,20,1,55,december,59,sunday,2024,0,,"wrk-colby.Ecorp.local",,,,,"wrk-colby.Ecorp.local",,"WRK-COLBY",240675,"endpoint_services_processes ms-sysmon-filemod windows_event_signature",,"2024-12-01 20:55:59.567",,,"PowerShell_transcript.WRK-COLBY.+KRpzpJt.20241201155558.txt","C:\Windows\20241201\PowerShell_transcript.WRK-COLBY.+KRpzpJt.20241201155558.txt",,"WRK-COLBY",,,240675,main,1,,,,,,file,,,,,,,,,,,,,"fsociety2 (1).exe","{fc7e85d2-c560-674c-45cf-000000002400}",,10148,,"fsociety2 (1).exe","C:\Users\tcolby\Downloads\fsociety2 (1).exe",,,"<_='://../////'><><_='--'_='{----}'/><></><></><><",,,,,,,,,,,,,,,,,,,,,informational,4,FileCreate,11,"XmlWinEventLog:Microsoft-Windows-Sysmon/Operational",XmlWinEventLog,"wrk-colby",,,,,,,,,,,,"endpoint
filesystem
track_event_signatures",,"endpoint
filesystem
track_event_signatures",738,715,,,,,,,tcolby,,"'S-1-5-18'",,"Microsoft Sysmon"
,,,"Microsoft-Windows-Sysmon/Operational",,,,"wrk-colby.Ecorp.local",,"2024-12-01 20:54:53.778",,,,,,,,,,"Microsoft-Windows-Sysmon/Operational",11,"<Data Name='RuleName'>technique_id=T1574.010,technique_name=Services File Permissions Weakness</Data><Data Name='UtcTime'>2024-12-01 20:54:53.778</Data><Data Name='ProcessGuid'>{fc7e85d2-c560-674c-45cf-000000002400}</Data><Data Name='ProcessId'>10148</Data><Data Name='Image'>C:\Users\tcolby\Downloads\fsociety2 (1).exe</Data><Data Name='TargetFilename'>C:\Windows\20241201\PowerShell_transcript.WRK-COLBY.O1yK4tFp.20241201155451.txt</Data><Data Name='CreationUtcTime'>2024-12-01 20:54:53.778</Data><Data Name='User'>ECORP\tcolby</Data>",FileCreate,11,240674,,,,,"'{5770385f-c22a-43e0-bf4c-06f5698ffbd9}'",,,"C:\Users\tcolby\Downloads\fsociety2 (1).exe",,,,,,0x8000000000000000,4,,,,"'Microsoft-Windows-Sysmon'",0,,,,,,,,"{fc7e85d2-c560-674c-45cf-000000002400}","'3144'",10148,,,,,,240674,240674,,"technique_id=T1574.010,technique_name=Services File Permissions Weakness",,,"S-1-5-18",,,,,,,,,,,,,,,"'2024-12-01T20:54:53.7788206Z'","<Provider Name='Microsoft-Windows-Sysmon' Guid='{5770385f-c22a-43e0-bf4c-06f5698ffbd9}'/><EventID>11</EventID><Version>2</Version><Level>4</Level><Task>11</Task><Opcode>0</Opcode><Keywords>0x8000000000000000</Keywords><TimeCreated SystemTime='2024-12-01T20:54:53.7788206Z'/><EventRecordID>240674</EventRecordID><Correlation/><Execution ProcessID='3144' ThreadID='4456'/><Channel>Microsoft-Windows-Sysmon/Operational</Channel><Computer>wrk-colby.Ecorp.local</Computer><Security UserID='S-1-5-18'/>","C:\Windows\20241201\PowerShell_transcript.WRK-COLBY.O1yK4tFp.20241201155451.txt",,,,,,11,,"'4456'","2024-12-01T20:54:53.7788206Z","ECORP\tcolby","'S-1-5-18'","2024-12-01 20:54:53.778",2,"<Event xmlns='http://schemas.microsoft.com/win/2004/08/events/event'><System><Provider Name='Microsoft-Windows-Sysmon' Guid='{5770385f-c22a-43e0-bf4c-06f5698ffbd9}'/><EventID>11</EventID><Version>2</Version><Level>4</Level><Task>11</Task><Opcode>0</Opcode><Keywords>0x8000000000000000</Keywords><TimeCreated SystemTime='2024-12-01T20:54:53.7788206Z'/><EventRecordID>240674</EventRecordID><Correlation/><Execution ProcessID='3144' ThreadID='4456'/><Channel>Microsoft-Windows-Sysmon/Operational</Channel><Computer>wrk-colby.Ecorp.local</Computer><Security UserID='S-1-5-18'/></System><EventData><Data Name='RuleName'>technique_id=T1574.010,technique_name=Services File Permissions Weakness</Data><Data Name='UtcTime'>2024-12-01 20:54:53.778</Data><Data Name='ProcessGuid'>{fc7e85d2-c560-674c-45cf-000000002400}</Data><Data Name='ProcessId'>10148</Data><Data Name='Image'>C:\Users\tcolby\Downloads\fsociety2 (1).exe</Data><Data Name='TargetFilename'>C:\Windows\20241201\PowerShell_transcript.WRK-COLBY.O1yK4tFp.20241201155451.txt</Data><Data Name='CreationUtcTime'>2024-12-01 20:54:53.778</Data><Data Name='User'>ECORP\tcolby</Data></EventData></Event>","2024-12-01T15:54:53.778-0500",created,,,,,,,20,1,54,december,53,sunday,2024,0,,"wrk-colby.Ecorp.local",,,,,"wrk-colby.Ecorp.local",,"WRK-COLBY",240674,"endpoint_services_processes ms-sysmon-filemod windows_event_signature",,"2024-12-01 20:54:53.778",,,"PowerShell_transcript.WRK-COLBY.O1yK4tFp.20241201155451.txt","C:\Windows\20241201\PowerShell_transcript.WRK-COLBY.O1yK4tFp.20241201155451.txt",,"WRK-COLBY",,,240674,main,1,,,,,,file,,,,,,,,,,,,,"fsociety2 (1).exe","{fc7e85d2-c560-674c-45cf-000000002400}",,10148,,"fsociety2 (1).exe","C:\Users\tcolby\Downloads\fsociety2 (1).exe",,,"<_='://../////'><><_='--'_='{----}'/><></><></><><",,,,,,,,,,,,,,,,,,,,,informational,4,FileCreate,11,"XmlWinEventLog:Microsoft-Windows-Sysmon/Operational",XmlWinEventLog,"wrk-colby",,,,,,,,,,,,"endpoint
filesystem
track_event_signatures",,"endpoint
filesystem
track_event_signatures",738,715,,,,,,,tcolby,,"'S-1-5-18'",,"Microsoft Sysmon"
,,,"Microsoft-Windows-Sysmon/Operational",,,,"wrk-colby.Ecorp.local",,,,,,"-","fe80:0:0:0:75d2:6f2f:5679:132f",true,5353,"-",,"Microsoft-Windows-Sysmon/Operational",3,"<Data Name='RuleName'>technique_id=T1571,technique_name=Non-Standard Port</Data><Data Name='UtcTime'>2024-12-01 20:54:00.663</Data><Data Name='ProcessGuid'>{fc7e85d2-c420-674c-9bcb-000000002400}</Data><Data Name='ProcessId'>5616</Data><Data Name='Image'>C:\Program Files (x86)\Microsoft\Edge\Application\msedge.exe</Data><Data Name='User'>ECORP\tcolby</Data><Data Name='Protocol'>udp</Data><Data Name='Initiated'>false</Data><Data Name='SourceIsIpv6'>true</Data><Data Name='SourceIp'>ff02:0:0:0:0:0:0:fb</Data><Data Name='SourceHostname'>-</Data><Data Name='SourcePort'>5353</Data><Data Name='SourcePortName'>-</Data><Data Name='DestinationIsIpv6'>true</Data><Data Name='DestinationIp'>fe80:0:0:0:75d2:6f2f:5679:132f</Data><Data Name='DestinationHostname'>-</Data><Data Name='DestinationPort'>5353</Data><Data Name='DestinationPortName'>-</Data>","Network connection",3,240673,,,,,"'{5770385f-c22a-43e0-bf4c-06f5698ffbd9}'",,,"C:\Program Files (x86)\Microsoft\Edge\Application\msedge.exe",,,false,,,0x8000000000000000,4,,,,"'Microsoft-Windows-Sysmon'",0,,,,,,,,"{fc7e85d2-c420-674c-9bcb-000000002400}","'3144'",5616,,udp,,,,240673,240673,,"technique_id=T1571,technique_name=Non-Standard Port",,,"S-1-5-18",,,,"-",,"ff02:0:0:0:0:0:0:fb",true,5353,"-",,,,,,"'2024-12-01T20:54:02.9145687Z'","<Provider Name='Microsoft-Windows-Sysmon' Guid='{5770385f-c22a-43e0-bf4c-06f5698ffbd9}'/><EventID>3</EventID><Version>5</Version><Level>4</Level><Task>3</Task><Opcode>0</Opcode><Keywords>0x8000000000000000</Keywords><TimeCreated SystemTime='2024-12-01T20:54:02.9145687Z'/><EventRecordID>240673</EventRecordID><Correlation/><Execution ProcessID='3144' ThreadID='4180'/><Channel>Microsoft-Windows-Sysmon/Operational</Channel><Computer>wrk-colby.Ecorp.local</Computer><Security UserID='S-1-5-18'/>",,,,,,,3,,"'4180'","2024-12-01T20:54:02.9145687Z","ECORP\tcolby","'S-1-5-18'","2024-12-01 20:54:00.663",5,"<Event xmlns='http://schemas.microsoft.com/win/2004/08/events/event'><System><Provider Name='Microsoft-Windows-Sysmon' Guid='{5770385f-c22a-43e0-bf4c-06f5698ffbd9}'/><EventID>3</EventID><Version>5</Version><Level>4</Level><Task>3</Task><Opcode>0</Opcode><Keywords>0x8000000000000000</Keywords><TimeCreated SystemTime='2024-12-01T20:54:02.9145687Z'/><EventRecordID>240673</EventRecordID><Correlation/><Execution ProcessID='3144' ThreadID='4180'/><Channel>Microsoft-Windows-Sysmon/Operational</Channel><Computer>wrk-colby.Ecorp.local</Computer><Security UserID='S-1-5-18'/></System><EventData><Data Name='RuleName'>technique_id=T1571,technique_name=Non-Standard Port</Data><Data Name='UtcTime'>2024-12-01 20:54:00.663</Data><Data Name='ProcessGuid'>{fc7e85d2-c420-674c-9bcb-000000002400}</Data><Data Name='ProcessId'>5616</Data><Data Name='Image'>C:\Program Files (x86)\Microsoft\Edge\Application\msedge.exe</Data><Data Name='User'>ECORP\tcolby</Data><Data Name='Protocol'>udp</Data><Data Name='Initiated'>false</Data><Data Name='SourceIsIpv6'>true</Data><Data Name='SourceIp'>ff02:0:0:0:0:0:0:fb</Data><Data Name='SourceHostname'>-</Data><Data Name='SourcePort'>5353</Data><Data Name='SourcePortName'>-</Data><Data Name='DestinationIsIpv6'>true</Data><Data Name='DestinationIp'>fe80:0:0:0:75d2:6f2f:5679:132f</Data><Data Name='DestinationHostname'>-</Data><Data Name='DestinationPort'>5353</Data><Data Name='DestinationPortName'>-</Data></EventData></Event>","2024-12-01T15:54:00.663-0500",allowed,,,"C:\Program Files (x86)\Microsoft\Edge\Application\msedge.exe",,,"2024-12-01 20:54:00.663",20,1,54,december,0,sunday,2024,0,,"fe80:0:0:0:75d2:6f2f:5679:132f",,"fe80:0:0:0:75d2:6f2f:5679:132f",5353,inbound,"wrk-colby.Ecorp.local","ff02:0:0:0:0:0:0:fb","WRK-COLBY",240673,"endpoint_services_processes ms-sysmon-network windows_event_signature",,,,,,,,"WRK-COLBY",,,240673,main,1,,,,,,,,,,,,,,,,,,,"msedge.exe","{fc7e85d2-c420-674c-9bcb-000000002400}",,5616,,"msedge.exe",,ip,ipv6,"<_='://../////'><><_='--'_='{----}'/><></><></><><",,,,,,,,,,,,,"technique_id=T1571,technique_name=Non-Standard Port",,,,,,,,informational,4,"Network connection",3,"XmlWinEventLog:Microsoft-Windows-Sysmon/Operational",XmlWinEventLog,"wrk-colby",,"ff02:0:0:0:0:0:0:fb",,,,"ff02:0:0:0:0:0:0:fb",,5353,established,,,"communicate
network
track_event_signatures",,"communicate
network
track_event_signatures",715,692,udp,"udp/5353",,,,,tcolby,,"'S-1-5-18'",,"Microsoft Sysmon"
,,,"Microsoft-Windows-Sysmon/Operational",,,,"wrk-colby.Ecorp.local",,,,,,"-","10.6.6.3",false,5353,"-",,"Microsoft-Windows-Sysmon/Operational",3,"<Data Name='RuleName'>technique_id=T1571,technique_name=Non-Standard Port</Data><Data Name='UtcTime'>2024-12-01 20:54:00.663</Data><Data Name='ProcessGuid'>{fc7e85d2-c420-674c-9bcb-000000002400}</Data><Data Name='ProcessId'>5616</Data><Data Name='Image'>C:\Program Files (x86)\Microsoft\Edge\Application\msedge.exe</Data><Data Name='User'>ECORP\tcolby</Data><Data Name='Protocol'>udp</Data><Data Name='Initiated'>false</Data><Data Name='SourceIsIpv6'>false</Data><Data Name='SourceIp'>224.0.0.251</Data><Data Name='SourceHostname'>-</Data><Data Name='SourcePort'>5353</Data><Data Name='SourcePortName'>-</Data><Data Name='DestinationIsIpv6'>false</Data><Data Name='DestinationIp'>10.6.6.3</Data><Data Name='DestinationHostname'>-</Data><Data Name='DestinationPort'>5353</Data><Data Name='DestinationPortName'>-</Data>","Network connection",3,240672,,,,,"'{5770385f-c22a-43e0-bf4c-06f5698ffbd9}'",,,"C:\Program Files (x86)\Microsoft\Edge\Application\msedge.exe",,,false,,,0x8000000000000000,4,,,,"'Microsoft-Windows-Sysmon'",0,,,,,,,,"{fc7e85d2-c420-674c-9bcb-000000002400}","'3144'",5616,,udp,,,,240672,240672,,"technique_id=T1571,technique_name=Non-Standard Port",,,"S-1-5-18",,,,"-",,"224.0.0.251",false,5353,"-",,,,,,"'2024-12-01T20:54:02.9145532Z'","<Provider Name='Microsoft-Windows-Sysmon' Guid='{5770385f-c22a-43e0-bf4c-06f5698ffbd9}'/><EventID>3</EventID><Version>5</Version><Level>4</Level><Task>3</Task><Opcode>0</Opcode><Keywords>0x8000000000000000</Keywords><TimeCreated SystemTime='2024-12-01T20:54:02.9145532Z'/><EventRecordID>240672</EventRecordID><Correlation/><Execution ProcessID='3144' ThreadID='4180'/><Channel>Microsoft-Windows-Sysmon/Operational</Channel><Computer>wrk-colby.Ecorp.local</Computer><Security UserID='S-1-5-18'/>",,,,,,,3,,"'4180'","2024-12-01T20:54:02.9145532Z","ECORP\tcolby","'S-1-5-18'","2024-12-01 20:54:00.663",5,"<Event xmlns='http://schemas.microsoft.com/win/2004/08/events/event'><System><Provider Name='Microsoft-Windows-Sysmon' Guid='{5770385f-c22a-43e0-bf4c-06f5698ffbd9}'/><EventID>3</EventID><Version>5</Version><Level>4</Level><Task>3</Task><Opcode>0</Opcode><Keywords>0x8000000000000000</Keywords><TimeCreated SystemTime='2024-12-01T20:54:02.9145532Z'/><EventRecordID>240672</EventRecordID><Correlation/><Execution ProcessID='3144' ThreadID='4180'/><Channel>Microsoft-Windows-Sysmon/Operational</Channel><Computer>wrk-colby.Ecorp.local</Computer><Security UserID='S-1-5-18'/></System><EventData><Data Name='RuleName'>technique_id=T1571,technique_name=Non-Standard Port</Data><Data Name='UtcTime'>2024-12-01 20:54:00.663</Data><Data Name='ProcessGuid'>{fc7e85d2-c420-674c-9bcb-000000002400}</Data><Data Name='ProcessId'>5616</Data><Data Name='Image'>C:\Program Files (x86)\Microsoft\Edge\Application\msedge.exe</Data><Data Name='User'>ECORP\tcolby</Data><Data Name='Protocol'>udp</Data><Data Name='Initiated'>false</Data><Data Name='SourceIsIpv6'>false</Data><Data Name='SourceIp'>224.0.0.251</Data><Data Name='SourceHostname'>-</Data><Data Name='SourcePort'>5353</Data><Data Name='SourcePortName'>-</Data><Data Name='DestinationIsIpv6'>false</Data><Data Name='DestinationIp'>10.6.6.3</Data><Data Name='DestinationHostname'>-</Data><Data Name='DestinationPort'>5353</Data><Data Name='DestinationPortName'>-</Data></EventData></Event>","2024-12-01T15:54:00.663-0500",allowed,,,"C:\Program Files (x86)\Microsoft\Edge\Application\msedge.exe",,,"2024-12-01 20:54:00.663",20,1,54,december,0,sunday,2024,0,,"10.6.6.3",,"10.6.6.3",5353,inbound,"wrk-colby.Ecorp.local","224.0.0.251","WRK-COLBY",240672,"endpoint_services_processes ms-sysmon-network windows_event_signature",,,,,,,,"WRK-COLBY",,,240672,main,1,,,,,,,,,,,,,,,,,,,"msedge.exe","{fc7e85d2-c420-674c-9bcb-000000002400}",,5616,,"msedge.exe",,ip,ipv4,"<_='://../////'><><_='--'_='{----}'/><></><></><><",,,,,,,,,,,,,"technique_id=T1571,technique_name=Non-Standard Port",,,,,,,,informational,4,"Network connection",3,"XmlWinEventLog:Microsoft-Windows-Sysmon/Operational",XmlWinEventLog,"wrk-colby",,"224.0.0.251",,,,"224.0.0.251",,5353,established,,,"communicate
network
track_event_signatures",,"communicate
network
track_event_signatures",715,692,udp,"udp/5353",,,,,tcolby,,"'S-1-5-18'",,"Microsoft Sysmon"
,,,"Microsoft-Windows-Sysmon/Operational",,,,"wrk-colby.Ecorp.local",,,,,,"-","fe80:0:0:0:e4ad:5625:ebc0:da5a",true,5353,"-",,"Microsoft-Windows-Sysmon/Operational",3,"<Data Name='RuleName'>technique_id=T1571,technique_name=Non-Standard Port</Data><Data Name='UtcTime'>2024-12-01 20:53:56.416</Data><Data Name='ProcessGuid'>{fc7e85d2-c420-674c-9bcb-000000002400}</Data><Data Name='ProcessId'>5616</Data><Data Name='Image'>C:\Program Files (x86)\Microsoft\Edge\Application\msedge.exe</Data><Data Name='User'>ECORP\tcolby</Data><Data Name='Protocol'>udp</Data><Data Name='Initiated'>false</Data><Data Name='SourceIsIpv6'>true</Data><Data Name='SourceIp'>ff02:0:0:0:0:0:0:fb</Data><Data Name='SourceHostname'>-</Data><Data Name='SourcePort'>5353</Data><Data Name='SourcePortName'>-</Data><Data Name='DestinationIsIpv6'>true</Data><Data Name='DestinationIp'>fe80:0:0:0:e4ad:5625:ebc0:da5a</Data><Data Name='DestinationHostname'>-</Data><Data Name='DestinationPort'>5353</Data><Data Name='DestinationPortName'>-</Data>","Network connection",3,240671,,,,,"'{5770385f-c22a-43e0-bf4c-06f5698ffbd9}'",,,"C:\Program Files (x86)\Microsoft\Edge\Application\msedge.exe",,,false,,,0x8000000000000000,4,,,,"'Microsoft-Windows-Sysmon'",0,,,,,,,,"{fc7e85d2-c420-674c-9bcb-000000002400}","'3144'",5616,,udp,,,,240671,240671,,"technique_id=T1571,technique_name=Non-Standard Port",,,"S-1-5-18",,,,"-",,"ff02:0:0:0:0:0:0:fb",true,5353,"-",,,,,,"'2024-12-01T20:53:58.4806186Z'","<Provider Name='Microsoft-Windows-Sysmon' Guid='{5770385f-c22a-43e0-bf4c-06f5698ffbd9}'/><EventID>3</EventID><Version>5</Version><Level>4</Level><Task>3</Task><Opcode>0</Opcode><Keywords>0x8000000000000000</Keywords><TimeCreated SystemTime='2024-12-01T20:53:58.4806186Z'/><EventRecordID>240671</EventRecordID><Correlation/><Execution ProcessID='3144' ThreadID='4180'/><Channel>Microsoft-Windows-Sysmon/Operational</Channel><Computer>wrk-colby.Ecorp.local</Computer><Security UserID='S-1-5-18'/>",,,,,,,3,,"'4180'","2024-12-01T20:53:58.4806186Z","ECORP\tcolby","'S-1-5-18'","2024-12-01 20:53:56.416",5,"<Event xmlns='http://schemas.microsoft.com/win/2004/08/events/event'><System><Provider Name='Microsoft-Windows-Sysmon' Guid='{5770385f-c22a-43e0-bf4c-06f5698ffbd9}'/><EventID>3</EventID><Version>5</Version><Level>4</Level><Task>3</Task><Opcode>0</Opcode><Keywords>0x8000000000000000</Keywords><TimeCreated SystemTime='2024-12-01T20:53:58.4806186Z'/><EventRecordID>240671</EventRecordID><Correlation/><Execution ProcessID='3144' ThreadID='4180'/><Channel>Microsoft-Windows-Sysmon/Operational</Channel><Computer>wrk-colby.Ecorp.local</Computer><Security UserID='S-1-5-18'/></System><EventData><Data Name='RuleName'>technique_id=T1571,technique_name=Non-Standard Port</Data><Data Name='UtcTime'>2024-12-01 20:53:56.416</Data><Data Name='ProcessGuid'>{fc7e85d2-c420-674c-9bcb-000000002400}</Data><Data Name='ProcessId'>5616</Data><Data Name='Image'>C:\Program Files (x86)\Microsoft\Edge\Application\msedge.exe</Data><Data Name='User'>ECORP\tcolby</Data><Data Name='Protocol'>udp</Data><Data Name='Initiated'>false</Data><Data Name='SourceIsIpv6'>true</Data><Data Name='SourceIp'>ff02:0:0:0:0:0:0:fb</Data><Data Name='SourceHostname'>-</Data><Data Name='SourcePort'>5353</Data><Data Name='SourcePortName'>-</Data><Data Name='DestinationIsIpv6'>true</Data><Data Name='DestinationIp'>fe80:0:0:0:e4ad:5625:ebc0:da5a</Data><Data Name='DestinationHostname'>-</Data><Data Name='DestinationPort'>5353</Data><Data Name='DestinationPortName'>-</Data></EventData></Event>","2024-12-01T15:53:56.416-0500",allowed,,,"C:\Program Files (x86)\Microsoft\Edge\Application\msedge.exe",,,"2024-12-01 20:53:56.416",20,1,53,december,56,sunday,2024,0,,"fe80:0:0:0:e4ad:5625:ebc0:da5a",,"fe80:0:0:0:e4ad:5625:ebc0:da5a",5353,inbound,"wrk-colby.Ecorp.local","ff02:0:0:0:0:0:0:fb","WRK-COLBY",240671,"endpoint_services_processes ms-sysmon-network windows_event_signature",,,,,,,,"WRK-COLBY",,,240671,main,1,,,,,,,,,,,,,,,,,,,"msedge.exe","{fc7e85d2-c420-674c-9bcb-000000002400}",,5616,,"msedge.exe",,ip,ipv6,"<_='://../////'><><_='--'_='{----}'/><></><></><><",,,,,,,,,,,,,"technique_id=T1571,technique_name=Non-Standard Port",,,,,,,,informational,4,"Network connection",3,"XmlWinEventLog:Microsoft-Windows-Sysmon/Operational",XmlWinEventLog,"wrk-colby",,"ff02:0:0:0:0:0:0:fb",,,,"ff02:0:0:0:0:0:0:fb",,5353,established,,,"communicate
network
track_event_signatures",,"communicate
network
track_event_signatures",715,692,udp,"udp/5353",,,,,tcolby,,"'S-1-5-18'",,"Microsoft Sysmon"
,,,"Microsoft-Windows-Sysmon/Operational",,,,"wrk-colby.Ecorp.local",,,,,,"-","10.6.6.4",false,5353,"-",,"Microsoft-Windows-Sysmon/Operational",3,"<Data Name='RuleName'>technique_id=T1571,technique_name=Non-Standard Port</Data><Data Name='UtcTime'>2024-12-01 20:53:56.415</Data><Data Name='ProcessGuid'>{fc7e85d2-c420-674c-9bcb-000000002400}</Data><Data Name='ProcessId'>5616</Data><Data Name='Image'>C:\Program Files (x86)\Microsoft\Edge\Application\msedge.exe</Data><Data Name='User'>ECORP\tcolby</Data><Data Name='Protocol'>udp</Data><Data Name='Initiated'>false</Data><Data Name='SourceIsIpv6'>false</Data><Data Name='SourceIp'>224.0.0.251</Data><Data Name='SourceHostname'>-</Data><Data Name='SourcePort'>5353</Data><Data Name='SourcePortName'>-</Data><Data Name='DestinationIsIpv6'>false</Data><Data Name='DestinationIp'>10.6.6.4</Data><Data Name='DestinationHostname'>-</Data><Data Name='DestinationPort'>5353</Data><Data Name='DestinationPortName'>-</Data>","Network connection",3,240670,,,,,"'{5770385f-c22a-43e0-bf4c-06f5698ffbd9}'",,,"C:\Program Files (x86)\Microsoft\Edge\Application\msedge.exe",,,false,,,0x8000000000000000,4,,,,"'Microsoft-Windows-Sysmon'",0,,,,,,,,"{fc7e85d2-c420-674c-9bcb-000000002400}","'3144'",5616,,udp,,,,240670,240670,,"technique_id=T1571,technique_name=Non-Standard Port",,,"S-1-5-18",,,,"-",,"224.0.0.251",false,5353,"-",,,,,,"'2024-12-01T20:53:58.4806061Z'","<Provider Name='Microsoft-Windows-Sysmon' Guid='{5770385f-c22a-43e0-bf4c-06f5698ffbd9}'/><EventID>3</EventID><Version>5</Version><Level>4</Level><Task>3</Task><Opcode>0</Opcode><Keywords>0x8000000000000000</Keywords><TimeCreated SystemTime='2024-12-01T20:53:58.4806061Z'/><EventRecordID>240670</EventRecordID><Correlation/><Execution ProcessID='3144' ThreadID='4180'/><Channel>Microsoft-Windows-Sysmon/Operational</Channel><Computer>wrk-colby.Ecorp.local</Computer><Security UserID='S-1-5-18'/>",,,,,,,3,,"'4180'","2024-12-01T20:53:58.4806061Z","ECORP\tcolby","'S-1-5-18'","2024-12-01 20:53:56.415",5,"<Event xmlns='http://schemas.microsoft.com/win/2004/08/events/event'><System><Provider Name='Microsoft-Windows-Sysmon' Guid='{5770385f-c22a-43e0-bf4c-06f5698ffbd9}'/><EventID>3</EventID><Version>5</Version><Level>4</Level><Task>3</Task><Opcode>0</Opcode><Keywords>0x8000000000000000</Keywords><TimeCreated SystemTime='2024-12-01T20:53:58.4806061Z'/><EventRecordID>240670</EventRecordID><Correlation/><Execution ProcessID='3144' ThreadID='4180'/><Channel>Microsoft-Windows-Sysmon/Operational</Channel><Computer>wrk-colby.Ecorp.local</Computer><Security UserID='S-1-5-18'/></System><EventData><Data Name='RuleName'>technique_id=T1571,technique_name=Non-Standard Port</Data><Data Name='UtcTime'>2024-12-01 20:53:56.415</Data><Data Name='ProcessGuid'>{fc7e85d2-c420-674c-9bcb-000000002400}</Data><Data Name='ProcessId'>5616</Data><Data Name='Image'>C:\Program Files (x86)\Microsoft\Edge\Application\msedge.exe</Data><Data Name='User'>ECORP\tcolby</Data><Data Name='Protocol'>udp</Data><Data Name='Initiated'>false</Data><Data Name='SourceIsIpv6'>false</Data><Data Name='SourceIp'>224.0.0.251</Data><Data Name='SourceHostname'>-</Data><Data Name='SourcePort'>5353</Data><Data Name='SourcePortName'>-</Data><Data Name='DestinationIsIpv6'>false</Data><Data Name='DestinationIp'>10.6.6.4</Data><Data Name='DestinationHostname'>-</Data><Data Name='DestinationPort'>5353</Data><Data Name='DestinationPortName'>-</Data></EventData></Event>","2024-12-01T15:53:56.415-0500",allowed,,,"C:\Program Files (x86)\Microsoft\Edge\Application\msedge.exe",,,"2024-12-01 20:53:56.415",20,1,53,december,56,sunday,2024,0,,"10.6.6.4",,"10.6.6.4",5353,inbound,"wrk-colby.Ecorp.local","224.0.0.251","WRK-COLBY",240670,"endpoint_services_processes ms-sysmon-network windows_event_signature",,,,,,,,"WRK-COLBY",,,240670,main,1,,,,,,,,,,,,,,,,,,,"msedge.exe","{fc7e85d2-c420-674c-9bcb-000000002400}",,5616,,"msedge.exe",,ip,ipv4,"<_='://../////'><><_='--'_='{----}'/><></><></><><",,,,,,,,,,,,,"technique_id=T1571,technique_name=Non-Standard Port",,,,,,,,informational,4,"Network connection",3,"XmlWinEventLog:Microsoft-Windows-Sysmon/Operational",XmlWinEventLog,"wrk-colby",,"224.0.0.251",,,,"224.0.0.251",,5353,established,,,"communicate
network
track_event_signatures",,"communicate
network
track_event_signatures",715,692,udp,"udp/5353",,,,,tcolby,,"'S-1-5-18'",,"Microsoft Sysmon"
,,,"Microsoft-Windows-Sysmon/Operational",,,,"wrk-colby.Ecorp.local",,,,,,,,,,,,"Microsoft-Windows-Sysmon/Operational",22,"<Data Name='RuleName'>-</Data><Data Name='UtcTime'>2024-12-01 20:53:26.445</Data><Data Name='ProcessGuid'>{fc7e85d2-7d4f-674c-1c00-000000002400}</Data><Data Name='ProcessId'>1228</Data><Data Name='QueryName'>wrk-price.Ecorp.local</Data><Data Name='QueryStatus'>0</Data><Data Name='QueryResults'>::ffff:10.6.6.4;</Data><Data Name='Image'>C:\Windows\System32\svchost.exe</Data><Data Name='User'>NT AUTHORITY\NETWORK SERVICE</Data>","DNSEvent (DNS query)",22,240669,,,,,"'{5770385f-c22a-43e0-bf4c-06f5698ffbd9}'",,,"C:\Windows\System32\svchost.exe",,,,,,0x8000000000000000,4,,,,"'Microsoft-Windows-Sysmon'",0,,,,,,,,"{fc7e85d2-7d4f-674c-1c00-000000002400}","'3144'",1228,,,"wrk-price.Ecorp.local","::ffff:10.6.6.4;",0,240669,240669,,"-",,,"S-1-5-18",,,,,,,,,,,,,,,"'2024-12-01T20:53:28.2105134Z'","<Provider Name='Microsoft-Windows-Sysmon' Guid='{5770385f-c22a-43e0-bf4c-06f5698ffbd9}'/><EventID>22</EventID><Version>5</Version><Level>4</Level><Task>22</Task><Opcode>0</Opcode><Keywords>0x8000000000000000</Keywords><TimeCreated SystemTime='2024-12-01T20:53:28.2105134Z'/><EventRecordID>240669</EventRecordID><Correlation/><Execution ProcessID='3144' ThreadID='4476'/><Channel>Microsoft-Windows-Sysmon/Operational</Channel><Computer>wrk-colby.Ecorp.local</Computer><Security UserID='S-1-5-18'/>",,,,,,,22,,"'4476'","2024-12-01T20:53:28.2105134Z","NT AUTHORITY\NETWORK SERVICE","'S-1-5-18'","2024-12-01 20:53:26.445",5,"<Event xmlns='http://schemas.microsoft.com/win/2004/08/events/event'><System><Provider Name='Microsoft-Windows-Sysmon' Guid='{5770385f-c22a-43e0-bf4c-06f5698ffbd9}'/><EventID>22</EventID><Version>5</Version><Level>4</Level><Task>22</Task><Opcode>0</Opcode><Keywords>0x8000000000000000</Keywords><TimeCreated SystemTime='2024-12-01T20:53:28.2105134Z'/><EventRecordID>240669</EventRecordID><Correlation/><Execution ProcessID='3144' ThreadID='4476'/><Channel>Microsoft-Windows-Sysmon/Operational</Channel><Computer>wrk-colby.Ecorp.local</Computer><Security UserID='S-1-5-18'/></System><EventData><Data Name='RuleName'>-</Data><Data Name='UtcTime'>2024-12-01 20:53:26.445</Data><Data Name='ProcessGuid'>{fc7e85d2-7d4f-674c-1c00-000000002400}</Data><Data Name='ProcessId'>1228</Data><Data Name='QueryName'>wrk-price.Ecorp.local</Data><Data Name='QueryStatus'>0</Data><Data Name='QueryResults'>::ffff:10.6.6.4;</Data><Data Name='Image'>C:\Windows\System32\svchost.exe</Data><Data Name='User'>NT AUTHORITY\NETWORK SERVICE</Data></EventData></Event>","2024-12-01T15:53:26.445-0500",,"::ffff:10.6.6.4",1,,,,,20,1,53,december,26,sunday,2024,0,,,,,,,"wrk-colby.Ecorp.local",,"WRK-COLBY",240669,"endpoint_services_processes ms-sysmon-dns windows_event_signature",,,,,,,,"WRK-COLBY",,,240669,main,1,,,,,,,,,,,,,,,,,,,"svchost.exe","{fc7e85d2-7d4f-674c-1c00-000000002400}",,,,"svchost.exe",,,,"<_='://../////'><><_='--'_='{----}'/><></><></><><","wrk-price.Ecorp.local",1,,,,,,,,,0,,,,,,,,,,informational,4,"DNSEvent (DNS query)",22,"XmlWinEventLog:Microsoft-Windows-Sysmon/Operational",XmlWinEventLog,"wrk-colby",,"wrk-colby.Ecorp.local",,,,,,,,,,"dns
network
resolution
track_event_signatures",,"dns
network
resolution
track_event_signatures",667,644,,,,,,,"NETWORK SERVICE",,"'S-1-5-18'",,"Microsoft Sysmon"
,,,"Microsoft-Windows-Sysmon/Operational",,,,"wrk-colby.Ecorp.local",,"2024-12-01 20:52:00.154",,,,,,,,,,"Microsoft-Windows-Sysmon/Operational",11,"<Data Name='RuleName'>technique_id=T1574.010,technique_name=Services File Permissions Weakness</Data><Data Name='UtcTime'>2024-12-01 20:52:00.154</Data><Data Name='ProcessGuid'>{fc7e85d2-c560-674c-45cf-000000002400}</Data><Data Name='ProcessId'>10148</Data><Data Name='Image'>C:\Users\tcolby\Downloads\fsociety2 (1).exe</Data><Data Name='TargetFilename'>C:\Windows\20241201\PowerShell_transcript.WRK-COLBY.aY5M3zLL.20241201155156.txt</Data><Data Name='CreationUtcTime'>2024-12-01 20:52:00.154</Data><Data Name='User'>ECORP\tcolby</Data>",FileCreate,11,240667,,,,,"'{5770385f-c22a-43e0-bf4c-06f5698ffbd9}'",,,"C:\Users\tcolby\Downloads\fsociety2 (1).exe",,,,,,0x8000000000000000,4,,,,"'Microsoft-Windows-Sysmon'",0,,,,,,,,"{fc7e85d2-c560-674c-45cf-000000002400}","'3144'",10148,,,,,,240667,240667,,"technique_id=T1574.010,technique_name=Services File Permissions Weakness",,,"S-1-5-18",,,,,,,,,,,,,,,"'2024-12-01T20:52:00.1573812Z'","<Provider Name='Microsoft-Windows-Sysmon' Guid='{5770385f-c22a-43e0-bf4c-06f5698ffbd9}'/><EventID>11</EventID><Version>2</Version><Level>4</Level><Task>11</Task><Opcode>0</Opcode><Keywords>0x8000000000000000</Keywords><TimeCreated SystemTime='2024-12-01T20:52:00.1573812Z'/><EventRecordID>240667</EventRecordID><Correlation/><Execution ProcessID='3144' ThreadID='4456'/><Channel>Microsoft-Windows-Sysmon/Operational</Channel><Computer>wrk-colby.Ecorp.local</Computer><Security UserID='S-1-5-18'/>","C:\Windows\20241201\PowerShell_transcript.WRK-COLBY.aY5M3zLL.20241201155156.txt",,,,,,11,,"'4456'","2024-12-01T20:52:00.1573812Z","ECORP\tcolby","'S-1-5-18'","2024-12-01 20:52:00.154",2,"<Event xmlns='http://schemas.microsoft.com/win/2004/08/events/event'><System><Provider Name='Microsoft-Windows-Sysmon' Guid='{5770385f-c22a-43e0-bf4c-06f5698ffbd9}'/><EventID>11</EventID><Version>2</Version><Level>4</Level><Task>11</Task><Opcode>0</Opcode><Keywords>0x8000000000000000</Keywords><TimeCreated SystemTime='2024-12-01T20:52:00.1573812Z'/><EventRecordID>240667</EventRecordID><Correlation/><Execution ProcessID='3144' ThreadID='4456'/><Channel>Microsoft-Windows-Sysmon/Operational</Channel><Computer>wrk-colby.Ecorp.local</Computer><Security UserID='S-1-5-18'/></System><EventData><Data Name='RuleName'>technique_id=T1574.010,technique_name=Services File Permissions Weakness</Data><Data Name='UtcTime'>2024-12-01 20:52:00.154</Data><Data Name='ProcessGuid'>{fc7e85d2-c560-674c-45cf-000000002400}</Data><Data Name='ProcessId'>10148</Data><Data Name='Image'>C:\Users\tcolby\Downloads\fsociety2 (1).exe</Data><Data Name='TargetFilename'>C:\Windows\20241201\PowerShell_transcript.WRK-COLBY.aY5M3zLL.20241201155156.txt</Data><Data Name='CreationUtcTime'>2024-12-01 20:52:00.154</Data><Data Name='User'>ECORP\tcolby</Data></EventData></Event>","2024-12-01T15:52:00.154-0500",created,,,,,,,20,1,52,december,0,sunday,2024,0,,"wrk-colby.Ecorp.local",,,,,"wrk-colby.Ecorp.local",,"WRK-COLBY",240667,"endpoint_services_processes ms-sysmon-filemod windows_event_signature",,"2024-12-01 20:52:00.154",,,"PowerShell_transcript.WRK-COLBY.aY5M3zLL.20241201155156.txt","C:\Windows\20241201\PowerShell_transcript.WRK-COLBY.aY5M3zLL.20241201155156.txt",,"WRK-COLBY",,,240667,main,1,,,,,,file,,,,,,,,,,,,,"fsociety2 (1).exe","{fc7e85d2-c560-674c-45cf-000000002400}",,10148,,"fsociety2 (1).exe","C:\Users\tcolby\Downloads\fsociety2 (1).exe",,,"<_='://../////'><><_='--'_='{----}'/><></><></><><",,,,,,,,,,,,,,,,,,,,,informational,4,FileCreate,11,"XmlWinEventLog:Microsoft-Windows-Sysmon/Operational",XmlWinEventLog,"wrk-colby",,,,,,,,,,,,"endpoint
filesystem
track_event_signatures",,"endpoint
filesystem
track_event_signatures",738,715,,,,,,,tcolby,,"'S-1-5-18'",,"Microsoft Sysmon"
,,,"Microsoft-Windows-Sysmon/Operational",,,,"wrk-colby.Ecorp.local",,"2024-11-25 23:53:23.051",,,,,,,,,,"Microsoft-Windows-Sysmon/Operational",11,"<Data Name='RuleName'>-</Data><Data Name='UtcTime'>2024-12-01 20:52:00.130</Data><Data Name='ProcessGuid'>{fc7e85d2-c560-674c-45cf-000000002400}</Data><Data Name='ProcessId'>10148</Data><Data Name='Image'>C:\Users\tcolby\Downloads\fsociety2 (1).exe</Data><Data Name='TargetFilename'>C:\Users\tcolby\Documents\Rexorsarus-RE1.exe</Data><Data Name='CreationUtcTime'>2024-11-25 23:53:23.051</Data><Data Name='User'>ECORP\tcolby</Data>",FileCreate,11,240666,,,,,"'{5770385f-c22a-43e0-bf4c-06f5698ffbd9}'",,,"C:\Users\tcolby\Downloads\fsociety2 (1).exe",,,,,,0x8000000000000000,4,,,,"'Microsoft-Windows-Sysmon'",0,,,,,,,,"{fc7e85d2-c560-674c-45cf-000000002400}","'3144'",10148,,,,,,240666,240666,,"-",,,"S-1-5-18",,,,,,,,,,,,,,,"'2024-12-01T20:52:00.1468522Z'","<Provider Name='Microsoft-Windows-Sysmon' Guid='{5770385f-c22a-43e0-bf4c-06f5698ffbd9}'/><EventID>11</EventID><Version>2</Version><Level>4</Level><Task>11</Task><Opcode>0</Opcode><Keywords>0x8000000000000000</Keywords><TimeCreated SystemTime='2024-12-01T20:52:00.1468522Z'/><EventRecordID>240666</EventRecordID><Correlation/><Execution ProcessID='3144' ThreadID='4456'/><Channel>Microsoft-Windows-Sysmon/Operational</Channel><Computer>wrk-colby.Ecorp.local</Computer><Security UserID='S-1-5-18'/>","C:\Users\tcolby\Documents\Rexorsarus-RE1.exe",,,,,,11,,"'4456'","2024-12-01T20:52:00.1468522Z","ECORP\tcolby","'S-1-5-18'","2024-12-01 20:52:00.130",2,"<Event xmlns='http://schemas.microsoft.com/win/2004/08/events/event'><System><Provider Name='Microsoft-Windows-Sysmon' Guid='{5770385f-c22a-43e0-bf4c-06f5698ffbd9}'/><EventID>11</EventID><Version>2</Version><Level>4</Level><Task>11</Task><Opcode>0</Opcode><Keywords>0x8000000000000000</Keywords><TimeCreated SystemTime='2024-12-01T20:52:00.1468522Z'/><EventRecordID>240666</EventRecordID><Correlation/><Execution ProcessID='3144' ThreadID='4456'/><Channel>Microsoft-Windows-Sysmon/Operational</Channel><Computer>wrk-colby.Ecorp.local</Computer><Security UserID='S-1-5-18'/></System><EventData><Data Name='RuleName'>-</Data><Data Name='UtcTime'>2024-12-01 20:52:00.130</Data><Data Name='ProcessGuid'>{fc7e85d2-c560-674c-45cf-000000002400}</Data><Data Name='ProcessId'>10148</Data><Data Name='Image'>C:\Users\tcolby\Downloads\fsociety2 (1).exe</Data><Data Name='TargetFilename'>C:\Users\tcolby\Documents\Rexorsarus-RE1.exe</Data><Data Name='CreationUtcTime'>2024-11-25 23:53:23.051</Data><Data Name='User'>ECORP\tcolby</Data></EventData></Event>","2024-12-01T15:52:00.130-0500",modified,,,,,,,20,1,52,december,0,sunday,2024,0,,"wrk-colby.Ecorp.local",,,,,"wrk-colby.Ecorp.local",,"WRK-COLBY",240666,"endpoint_services_processes ms-sysmon-filemod windows_event_signature",,"2024-11-25 23:53:23.051",,,"Rexorsarus-RE1.exe","C:\Users\tcolby\Documents\Rexorsarus-RE1.exe",,"WRK-COLBY",,,240666,main,1,,,,,,file,,,,,,,,,,,,,"fsociety2 (1).exe","{fc7e85d2-c560-674c-45cf-000000002400}",,10148,,"fsociety2 (1).exe","C:\Users\tcolby\Downloads\fsociety2 (1).exe",,,"<_='://../////'><><_='--'_='{----}'/><></><></><><",,,,,,,,,,,,,,,,,,,,,informational,4,FileCreate,11,"XmlWinEventLog:Microsoft-Windows-Sysmon/Operational",XmlWinEventLog,"wrk-colby",,,,,,,,,,,,"endpoint
filesystem
track_event_signatures",,"endpoint
filesystem
track_event_signatures",667,644,,,,,,,tcolby,,"'S-1-5-18'",,"Microsoft Sysmon"
,,,"Microsoft-Windows-Sysmon/Operational",,,,"wrk-colby.Ecorp.local",,,,,,"-","10.6.6.6",false,8000,"-",,"Microsoft-Windows-Sysmon/Operational",3,"<Data Name='RuleName'>technique_id=T1036,technique_name=Masquerading</Data><Data Name='UtcTime'>2024-12-01 20:51:59.158</Data><Data Name='ProcessGuid'>{fc7e85d2-c560-674c-45cf-000000002400}</Data><Data Name='ProcessId'>10148</Data><Data Name='Image'>C:\Users\tcolby\Downloads\fsociety2 (1).exe</Data><Data Name='User'>ECORP\tcolby</Data><Data Name='Protocol'>tcp</Data><Data Name='Initiated'>true</Data><Data Name='SourceIsIpv6'>false</Data><Data Name='SourceIp'>10.6.6.5</Data><Data Name='SourceHostname'>-</Data><Data Name='SourcePort'>54852</Data><Data Name='SourcePortName'>-</Data><Data Name='DestinationIsIpv6'>false</Data><Data Name='DestinationIp'>10.6.6.6</Data><Data Name='DestinationHostname'>-</Data><Data Name='DestinationPort'>8000</Data><Data Name='DestinationPortName'>-</Data>","Network connection",3,240668,,,,,"'{5770385f-c22a-43e0-bf4c-06f5698ffbd9}'",,,"C:\Users\tcolby\Downloads\fsociety2 (1).exe",,,true,,,0x8000000000000000,4,,,,"'Microsoft-Windows-Sysmon'",0,,,,,,,,"{fc7e85d2-c560-674c-45cf-000000002400}","'3144'",10148,,tcp,,,,240668,240668,,"technique_id=T1036,technique_name=Masquerading",,,"S-1-5-18",,,,"-",,"10.6.6.5",false,54852,"-",,,,,,"'2024-12-01T20:52:01.2210638Z'","<Provider Name='Microsoft-Windows-Sysmon' Guid='{5770385f-c22a-43e0-bf4c-06f5698ffbd9}'/><EventID>3</EventID><Version>5</Version><Level>4</Level><Task>3</Task><Opcode>0</Opcode><Keywords>0x8000000000000000</Keywords><TimeCreated SystemTime='2024-12-01T20:52:01.2210638Z'/><EventRecordID>240668</EventRecordID><Correlation/><Execution ProcessID='3144' ThreadID='4180'/><Channel>Microsoft-Windows-Sysmon/Operational</Channel><Computer>wrk-colby.Ecorp.local</Computer><Security UserID='S-1-5-18'/>",,,,,,,3,,"'4180'","2024-12-01T20:52:01.2210638Z","ECORP\tcolby","'S-1-5-18'","2024-12-01 20:51:59.158",5,"<Event xmlns='http://schemas.microsoft.com/win/2004/08/events/event'><System><Provider Name='Microsoft-Windows-Sysmon' Guid='{5770385f-c22a-43e0-bf4c-06f5698ffbd9}'/><EventID>3</EventID><Version>5</Version><Level>4</Level><Task>3</Task><Opcode>0</Opcode><Keywords>0x8000000000000000</Keywords><TimeCreated SystemTime='2024-12-01T20:52:01.2210638Z'/><EventRecordID>240668</EventRecordID><Correlation/><Execution ProcessID='3144' ThreadID='4180'/><Channel>Microsoft-Windows-Sysmon/Operational</Channel><Computer>wrk-colby.Ecorp.local</Computer><Security UserID='S-1-5-18'/></System><EventData><Data Name='RuleName'>technique_id=T1036,technique_name=Masquerading</Data><Data Name='UtcTime'>2024-12-01 20:51:59.158</Data><Data Name='ProcessGuid'>{fc7e85d2-c560-674c-45cf-000000002400}</Data><Data Name='ProcessId'>10148</Data><Data Name='Image'>C:\Users\tcolby\Downloads\fsociety2 (1).exe</Data><Data Name='User'>ECORP\tcolby</Data><Data Name='Protocol'>tcp</Data><Data Name='Initiated'>true</Data><Data Name='SourceIsIpv6'>false</Data><Data Name='SourceIp'>10.6.6.5</Data><Data Name='SourceHostname'>-</Data><Data Name='SourcePort'>54852</Data><Data Name='SourcePortName'>-</Data><Data Name='DestinationIsIpv6'>false</Data><Data Name='DestinationIp'>10.6.6.6</Data><Data Name='DestinationHostname'>-</Data><Data Name='DestinationPort'>8000</Data><Data Name='DestinationPortName'>-</Data></EventData></Event>","2024-