12-01T15:39:03.801-0500",success,,,,,,,20,1,39,december,3,sunday,2024,0,,"wrk-colby.Ecorp.local",,,,,"wrk-colby.Ecorp.local",,"WRK-COLBY",240568,"endpoint_services_processes ms-sysmon-process windows_event_signature",,,,,,,,"WRK-COLBY",,,240568,main,1,"urlmon.dll","C:\Windows\System32\urlmon.dll",,,,,,"UrlMon.dll","Microsoft Windows",,,,,,,,,,"consent.exe","{fc7e85d2-c967-674c-bfda-000000002400}","SHA1=1DB1F9F5C4E4A65FF74E1BA55027C756E01BC7E8,MD5=1B26A1939226185340ABCF4F112D52C5,SHA256=B5AC75AE86CAC11FE4063B271273B5E695824E2324A54C7E9A77BDE7BB6C6A88,IMPHASH=22019FF0DD6B140CC5C75C9E26641C22",1848,,"consent.exe","C:\Windows\System32\consent.exe",,,"<_='://../////'><><_='--'_='{----}'/><></><></><><",,,,,,,,,,,,,,,true,true,,,,,informational,4,"Image loaded",7,"XmlWinEventLog:Microsoft-Windows-Sysmon/Operational",XmlWinEventLog,"wrk-colby",,,,,,,,,,,,"process
report
track_event_signatures",,"process
report
track_event_signatures",665,642,,,,,,,SYSTEM,,"'S-1-5-18'",,"Microsoft Sysmon"
,,,"Microsoft-Windows-Sysmon/Operational",,,"Microsoft Corporation","wrk-colby.Ecorp.local",,,,"Anti-Malware Scan Interface",,,,,,,,"Microsoft-Windows-Sysmon/Operational",7,"<Data Name='RuleName'>technique_id=T1059.001,technique_name=PowerShell</Data><Data Name='UtcTime'>2024-12-01 20:39:03.732</Data><Data Name='ProcessGuid'>{fc7e85d2-c967-674c-bfda-000000002400}</Data><Data Name='ProcessId'>1848</Data><Data Name='Image'>C:\Windows\System32\consent.exe</Data><Data Name='ImageLoaded'>C:\Windows\System32\amsi.dll</Data><Data Name='FileVersion'>10.0.19041.4355 (WinBuild.160101.0800)</Data><Data Name='Description'>Anti-Malware Scan Interface</Data><Data Name='Product'>Microsoft® Windows® Operating System</Data><Data Name='Company'>Microsoft Corporation</Data><Data Name='OriginalFileName'>amsi.dll</Data><Data Name='Hashes'>SHA1=347368018E1DAAF4F52C9A4119526313A82ECEEC,MD5=4933108BD5B3219F74AD807DFE8835AD,SHA256=66F7A134F6A4D9FE63DD7D6FF88DDED5796E4D5C7E33BA606DFF4D87D9258C0D,IMPHASH=C414C6B76EBCEEF67B5B752A7E51D4D2</Data><Data Name='Signed'>true</Data><Data Name='Signature'>Microsoft Windows</Data><Data Name='SignatureStatus'>Valid</Data><Data Name='User'>NT AUTHORITY\SYSTEM</Data>","Image loaded",7,240567,,"10.0.19041.4355 (WinBuild.160101.0800)",,,"'{5770385f-c22a-43e0-bf4c-06f5698ffbd9}'","SHA1=347368018E1DAAF4F52C9A4119526313A82ECEEC,MD5=4933108BD5B3219F74AD807DFE8835AD,SHA256=66F7A134F6A4D9FE63DD7D6FF88DDED5796E4D5C7E33BA606DFF4D87D9258C0D,IMPHASH=C414C6B76EBCEEF67B5B752A7E51D4D2",C414C6B76EBCEEF67B5B752A7E51D4D2,"C:\Windows\System32\consent.exe","C:\Windows\System32\amsi.dll",,,,,0x8000000000000000,4,,,4933108BD5B3219F74AD807DFE8835AD,"'Microsoft-Windows-Sysmon'",0,"amsi.dll",,,,,,,"{fc7e85d2-c967-674c-bfda-000000002400}","'3144'",1848,"Microsoft® Windows® Operating System",,,,,240567,240567,,"technique_id=T1059.001,technique_name=PowerShell",347368018E1DAAF4F52C9A4119526313A82ECEEC,66F7A134F6A4D9FE63DD7D6FF88DDED5796E4D5C7E33BA606DFF4D87D9258C0D,"S-1-5-18","Microsoft Windows",Valid,true,,,,,,,,,,,,"'2024-12-01T20:39:03.7359785Z'","<Provider Name='Microsoft-Windows-Sysmon' Guid='{5770385f-c22a-43e0-bf4c-06f5698ffbd9}'/><EventID>7</EventID><Version>3</Version><Level>4</Level><Task>7</Task><Opcode>0</Opcode><Keywords>0x8000000000000000</Keywords><TimeCreated SystemTime='2024-12-01T20:39:03.7359785Z'/><EventRecordID>240567</EventRecordID><Correlation/><Execution ProcessID='3144' ThreadID='4456'/><Channel>Microsoft-Windows-Sysmon/Operational</Channel><Computer>wrk-colby.Ecorp.local</Computer><Security UserID='S-1-5-18'/>",,,,,,,7,,"'4456'","2024-12-01T20:39:03.7359785Z","NT AUTHORITY\SYSTEM","'S-1-5-18'","2024-12-01 20:39:03.732",3,"<Event xmlns='http://schemas.microsoft.com/win/2004/08/events/event'><System><Provider Name='Microsoft-Windows-Sysmon' Guid='{5770385f-c22a-43e0-bf4c-06f5698ffbd9}'/><EventID>7</EventID><Version>3</Version><Level>4</Level><Task>7</Task><Opcode>0</Opcode><Keywords>0x8000000000000000</Keywords><TimeCreated SystemTime='2024-12-01T20:39:03.7359785Z'/><EventRecordID>240567</EventRecordID><Correlation/><Execution ProcessID='3144' ThreadID='4456'/><Channel>Microsoft-Windows-Sysmon/Operational</Channel><Computer>wrk-colby.Ecorp.local</Computer><Security UserID='S-1-5-18'/></System><EventData><Data Name='RuleName'>technique_id=T1059.001,technique_name=PowerShell</Data><Data Name='UtcTime'>2024-12-01 20:39:03.732</Data><Data Name='ProcessGuid'>{fc7e85d2-c967-674c-bfda-000000002400}</Data><Data Name='ProcessId'>1848</Data><Data Name='Image'>C:\Windows\System32\consent.exe</Data><Data Name='ImageLoaded'>C:\Windows\System32\amsi.dll</Data><Data Name='FileVersion'>10.0.19041.4355 (WinBuild.160101.0800)</Data><Data Name='Description'>Anti-Malware Scan Interface</Data><Data Name='Product'>Microsoft® Windows® Operating System</Data><Data Name='Company'>Microsoft Corporation</Data><Data Name='OriginalFileName'>amsi.dll</Data><Data Name='Hashes'>SHA1=347368018E1DAAF4F52C9A4119526313A82ECEEC,MD5=4933108BD5B3219F74AD807DFE8835AD,SHA256=66F7A134F6A4D9FE63DD7D6FF88DDED5796E4D5C7E33BA606DFF4D87D9258C0D,IMPHASH=C414C6B76EBCEEF67B5B752A7E51D4D2</Data><Data Name='Signed'>true</Data><Data Name='Signature'>Microsoft Windows</Data><Data Name='SignatureStatus'>Valid</Data><Data Name='User'>NT AUTHORITY\SYSTEM</Data></EventData></Event>","2024-12-01T15:39:03.732-0500",success,,,,,,,20,1,39,december,3,sunday,2024,0,,"wrk-colby.Ecorp.local",,,,,"wrk-colby.Ecorp.local",,"WRK-COLBY",240567,"endpoint_services_processes ms-sysmon-process windows_event_signature",,,,,,,,"WRK-COLBY",,,240567,main,1,"amsi.dll","C:\Windows\System32\amsi.dll",,,,,,"amsi.dll","Microsoft Windows",,,,,,,,,,"consent.exe","{fc7e85d2-c967-674c-bfda-000000002400}","SHA1=347368018E1DAAF4F52C9A4119526313A82ECEEC,MD5=4933108BD5B3219F74AD807DFE8835AD,SHA256=66F7A134F6A4D9FE63DD7D6FF88DDED5796E4D5C7E33BA606DFF4D87D9258C0D,IMPHASH=C414C6B76EBCEEF67B5B752A7E51D4D2",1848,,"consent.exe","C:\Windows\System32\consent.exe",,,"<_='://../////'><><_='--'_='{----}'/><></><></><><",,,,,,,,,,,,,,,true,true,,,,,informational,4,"Image loaded",7,"XmlWinEventLog:Microsoft-Windows-Sysmon/Operational",XmlWinEventLog,"wrk-colby",,,,,,,,,,,,"process
report
track_event_signatures",,"process
report
track_event_signatures",712,689,,,,,,,SYSTEM,,"'S-1-5-18'",,"Microsoft Sysmon"
true,,,"Microsoft-Windows-Sysmon/Operational",,,,"wrk-colby.Ecorp.local",,,,,,,,,,,,"Microsoft-Windows-Sysmon/Operational",23,"<Data Name='RuleName'>-</Data><Data Name='UtcTime'>2024-12-01 20:39:03.679</Data><Data Name='ProcessGuid'>{fc7e85d2-7e4d-674c-0f04-000000002400}</Data><Data Name='ProcessId'>7880</Data><Data Name='User'>ECORP\tcolby</Data><Data Name='Image'>C:\Windows\SystemApps\Microsoft.Windows.Search_cw5n1h2txyewy\SearchApp.exe</Data><Data Name='TargetFilename'>C:\Users\tcolby\AppData\Local\Packages\Microsoft.Windows.Search_cw5n1h2txyewy\AC\Microsoft\Internet Explorer\DOMStore\H8JSA3V2\www.bing[1].xml</Data><Data Name='Hashes'>SHA1=0499A12B8A127D98B047DA2077B1450DAA4A6F71,MD5=9C62164ADED0789660D843ED3A38A5A5,SHA256=49D6CA5B515B2920FB7C5766C05DC26F6E0197DF79AC1C6336FCD7AFC9217DEB,IMPHASH=00000000000000000000000000000000</Data><Data Name='IsExecutable'>false</Data><Data Name='Archived'>true</Data>","FileDelete (File Delete archived)",23,240566,,,,,"'{5770385f-c22a-43e0-bf4c-06f5698ffbd9}'","SHA1=0499A12B8A127D98B047DA2077B1450DAA4A6F71,MD5=9C62164ADED0789660D843ED3A38A5A5,SHA256=49D6CA5B515B2920FB7C5766C05DC26F6E0197DF79AC1C6336FCD7AFC9217DEB,IMPHASH=00000000000000000000000000000000",00000000000000000000000000000000,"C:\Windows\SystemApps\Microsoft.Windows.Search_cw5n1h2txyewy\SearchApp.exe",,,,,false,0x8000000000000000,4,,,9C62164ADED0789660D843ED3A38A5A5,"'Microsoft-Windows-Sysmon'",0,,,,,,,,"{fc7e85d2-7e4d-674c-0f04-000000002400}","'3144'",7880,,,,,,240566,240566,,"-",0499A12B8A127D98B047DA2077B1450DAA4A6F71,49D6CA5B515B2920FB7C5766C05DC26F6E0197DF79AC1C6336FCD7AFC9217DEB,"S-1-5-18",,,,,,,,,,,,,,,"'2024-12-01T20:39:03.6827434Z'","<Provider Name='Microsoft-Windows-Sysmon' Guid='{5770385f-c22a-43e0-bf4c-06f5698ffbd9}'/><EventID>23</EventID><Version>5</Version><Level>4</Level><Task>23</Task><Opcode>0</Opcode><Keywords>0x8000000000000000</Keywords><TimeCreated SystemTime='2024-12-01T20:39:03.6827434Z'/><EventRecordID>240566</EventRecordID><Correlation/><Execution ProcessID='3144' ThreadID='4456'/><Channel>Microsoft-Windows-Sysmon/Operational</Channel><Computer>wrk-colby.Ecorp.local</Computer><Security UserID='S-1-5-18'/>","C:\Users\tcolby\AppData\Local\Packages\Microsoft.Windows.Search_cw5n1h2txyewy\AC\Microsoft\Internet Explorer\DOMStore\H8JSA3V2\www.bing[1].xml",,,,,,23,,"'4456'","2024-12-01T20:39:03.6827434Z","ECORP\tcolby","'S-1-5-18'","2024-12-01 20:39:03.679",5,"<Event xmlns='http://schemas.microsoft.com/win/2004/08/events/event'><System><Provider Name='Microsoft-Windows-Sysmon' Guid='{5770385f-c22a-43e0-bf4c-06f5698ffbd9}'/><EventID>23</EventID><Version>5</Version><Level>4</Level><Task>23</Task><Opcode>0</Opcode><Keywords>0x8000000000000000</Keywords><TimeCreated SystemTime='2024-12-01T20:39:03.6827434Z'/><EventRecordID>240566</EventRecordID><Correlation/><Execution ProcessID='3144' ThreadID='4456'/><Channel>Microsoft-Windows-Sysmon/Operational</Channel><Computer>wrk-colby.Ecorp.local</Computer><Security UserID='S-1-5-18'/></System><EventData><Data Name='RuleName'>-</Data><Data Name='UtcTime'>2024-12-01 20:39:03.679</Data><Data Name='ProcessGuid'>{fc7e85d2-7e4d-674c-0f04-000000002400}</Data><Data Name='ProcessId'>7880</Data><Data Name='User'>ECORP\tcolby</Data><Data Name='Image'>C:\Windows\SystemApps\Microsoft.Windows.Search_cw5n1h2txyewy\SearchApp.exe</Data><Data Name='TargetFilename'>C:\Users\tcolby\AppData\Local\Packages\Microsoft.Windows.Search_cw5n1h2txyewy\AC\Microsoft\Internet Explorer\DOMStore\H8JSA3V2\www.bing[1].xml</Data><Data Name='Hashes'>SHA1=0499A12B8A127D98B047DA2077B1450DAA4A6F71,MD5=9C62164ADED0789660D843ED3A38A5A5,SHA256=49D6CA5B515B2920FB7C5766C05DC26F6E0197DF79AC1C6336FCD7AFC9217DEB,IMPHASH=00000000000000000000000000000000</Data><Data Name='IsExecutable'>false</Data><Data Name='Archived'>true</Data></EventData></Event>","2024-12-01T15:39:03.679-0500",deleted,,,,,,,20,1,39,december,3,sunday,2024,0,,"wrk-colby.Ecorp.local",,,,,"wrk-colby.Ecorp.local",,"WRK-COLBY",240566,"endpoint_services_processes ms-sysmon-filemod windows_event_signature",,,"SHA1=0499A12B8A127D98B047DA2077B1450DAA4A6F71,MD5=9C62164ADED0789660D843ED3A38A5A5,SHA256=49D6CA5B515B2920FB7C5766C05DC26F6E0197DF79AC1C6336FCD7AFC9217DEB,IMPHASH=00000000000000000000000000000000","2024-12-01 20:39:03.679","www.bing[1].xml","C:\Users\tcolby\AppData\Local\Packages\Microsoft.Windows.Search_cw5n1h2txyewy\AC\Microsoft\Internet Explorer\DOMStore\H8JSA3V2\www.bing[1].xml",,"WRK-COLBY",,,240566,main,1,,,,,,file,,,,,,,,,,,,,"SearchApp.exe","{fc7e85d2-7e4d-674c-0f04-000000002400}",,7880,,"SearchApp.exe","C:\Windows\SystemApps\Microsoft.Windows.Search_cw5n1h2txyewy\SearchApp.exe",,,"<_='://../////'><><_='--'_='{----}'/><></><></><><",,,,,,,,,,,,,,,,,,,,,informational,4,"FileDelete (File Delete archived)",23,"XmlWinEventLog:Microsoft-Windows-Sysmon/Operational",XmlWinEventLog,"wrk-colby",,,,,,,,,,,,"endpoint
filesystem
track_event_signatures",,"endpoint
filesystem
track_event_signatures",667,644,,,,,,,tcolby,,"'S-1-5-18'",,"Microsoft Sysmon"
,,,"Microsoft-Windows-Sysmon/Operational",,"""C:\Windows\system32\mmc.exe"" ""C:\Windows\system32\eventvwr.msc"" /s","Microsoft Corporation","wrk-colby.Ecorp.local",,,"C:\Windows\system32\","Microsoft Management Console",,,,,,,,"Microsoft-Windows-Sysmon/Operational",1,"<Data Name='RuleName'>technique_id=T1204,technique_name=User Execution</Data><Data Name='UtcTime'>2024-12-01 20:39:03.559</Data><Data Name='ProcessGuid'>{fc7e85d2-c967-674c-beda-000000002400}</Data><Data Name='ProcessId'>9340</Data><Data Name='Image'>C:\Windows\System32\mmc.exe</Data><Data Name='FileVersion'>10.0.19041.5072 (WinBuild.160101.0800)</Data><Data Name='Description'>Microsoft Management Console</Data><Data Name='Product'>Microsoft® Windows® Operating System</Data><Data Name='Company'>Microsoft Corporation</Data><Data Name='OriginalFileName'>mmc.exe</Data><Data Name='CommandLine'>""C:\Windows\system32\mmc.exe"" ""C:\Windows\system32\eventvwr.msc"" /s</Data><Data Name='CurrentDirectory'>C:\Windows\system32\</Data><Data Name='User'>ECORP\tcolby</Data><Data Name='LogonGuid'>{fc7e85d2-7d9d-674c-aa54-180000000000}</Data><Data Name='LogonId'>0x1854aa</Data><Data Name='TerminalSessionId'>1</Data><Data Name='IntegrityLevel'>Medium</Data><Data Name='Hashes'>SHA1=E375655D5895BF15EC511CB141C109930A4DD9E4,MD5=BE698EA9EE453030A8EF764696986076,SHA256=653305BC206CDD38446C524E9508E4078FC169AD3D6064348145F88BA900C132,IMPHASH=5AEF584EA4BCED674B66847FE9D61F23</Data><Data Name='ParentProcessGuid'>{fc7e85d2-7e46-674c-ee03-000000002400}</Data><Data Name='ParentProcessId'>4676</Data><Data Name='ParentImage'>C:\Windows\explorer.exe</Data><Data Name='ParentCommandLine'>""C:\Windows\explorer.exe"" /LOADSAVEDWINDOWS</Data><Data Name='ParentUser'>ECORP\tcolby</Data>","Process creation",1,240565,,"10.0.19041.5072 (WinBuild.160101.0800)",,,"'{5770385f-c22a-43e0-bf4c-06f5698ffbd9}'","SHA1=E375655D5895BF15EC511CB141C109930A4DD9E4,MD5=BE698EA9EE453030A8EF764696986076,SHA256=653305BC206CDD38446C524E9508E4078FC169AD3D6064348145F88BA900C132,IMPHASH=5AEF584EA4BCED674B66847FE9D61F23",5AEF584EA4BCED674B66847FE9D61F23,"C:\Windows\System32\mmc.exe",,,,Medium,,0x8000000000000000,4,"{fc7e85d2-7d9d-674c-aa54-180000000000}",0x1854aa,BE698EA9EE453030A8EF764696986076,"'Microsoft-Windows-Sysmon'",0,"mmc.exe","""C:\Windows\explorer.exe"" /LOADSAVEDWINDOWS","C:\Windows\explorer.exe","{fc7e85d2-7e46-674c-ee03-000000002400}",4676,"ECORP\tcolby",,"{fc7e85d2-c967-674c-beda-000000002400}","'3144'",9340,"Microsoft® Windows® Operating System",,,,,240565,240565,,"technique_id=T1204,technique_name=User Execution",E375655D5895BF15EC511CB141C109930A4DD9E4,653305BC206CDD38446C524E9508E4078FC169AD3D6064348145F88BA900C132,"S-1-5-18",,,,,,,,,,,,,,,"'2024-12-01T20:39:03.5735196Z'","<Provider Name='Microsoft-Windows-Sysmon' Guid='{5770385f-c22a-43e0-bf4c-06f5698ffbd9}'/><EventID>1</EventID><Version>5</Version><Level>4</Level><Task>1</Task><Opcode>0</Opcode><Keywords>0x8000000000000000</Keywords><TimeCreated SystemTime='2024-12-01T20:39:03.5735196Z'/><EventRecordID>240565</EventRecordID><Correlation/><Execution ProcessID='3144' ThreadID='4456'/><Channel>Microsoft-Windows-Sysmon/Operational</Channel><Computer>wrk-colby.Ecorp.local</Computer><Security UserID='S-1-5-18'/>",,,,,,,1,1,"'4456'","2024-12-01T20:39:03.5735196Z","ECORP\tcolby","'S-1-5-18'","2024-12-01 20:39:03.559",5,"<Event xmlns='http://schemas.microsoft.com/win/2004/08/events/event'><System><Provider Name='Microsoft-Windows-Sysmon' Guid='{5770385f-c22a-43e0-bf4c-06f5698ffbd9}'/><EventID>1</EventID><Version>5</Version><Level>4</Level><Task>1</Task><Opcode>0</Opcode><Keywords>0x8000000000000000</Keywords><TimeCreated SystemTime='2024-12-01T20:39:03.5735196Z'/><EventRecordID>240565</EventRecordID><Correlation/><Execution ProcessID='3144' ThreadID='4456'/><Channel>Microsoft-Windows-Sysmon/Operational</Channel><Computer>wrk-colby.Ecorp.local</Computer><Security UserID='S-1-5-18'/></System><EventData><Data Name='RuleName'>technique_id=T1204,technique_name=User Execution</Data><Data Name='UtcTime'>2024-12-01 20:39:03.559</Data><Data Name='ProcessGuid'>{fc7e85d2-c967-674c-beda-000000002400}</Data><Data Name='ProcessId'>9340</Data><Data Name='Image'>C:\Windows\System32\mmc.exe</Data><Data Name='FileVersion'>10.0.19041.5072 (WinBuild.160101.0800)</Data><Data Name='Description'>Microsoft Management Console</Data><Data Name='Product'>Microsoft® Windows® Operating System</Data><Data Name='Company'>Microsoft Corporation</Data><Data Name='OriginalFileName'>mmc.exe</Data><Data Name='CommandLine'>""C:\Windows\system32\mmc.exe"" ""C:\Windows\system32\eventvwr.msc"" /s</Data><Data Name='CurrentDirectory'>C:\Windows\system32\</Data><Data Name='User'>ECORP\tcolby</Data><Data Name='LogonGuid'>{fc7e85d2-7d9d-674c-aa54-180000000000}</Data><Data Name='LogonId'>0x1854aa</Data><Data Name='TerminalSessionId'>1</Data><Data Name='IntegrityLevel'>Medium</Data><Data Name='Hashes'>SHA1=E375655D5895BF15EC511CB141C109930A4DD9E4,MD5=BE698EA9EE453030A8EF764696986076,SHA256=653305BC206CDD38446C524E9508E4078FC169AD3D6064348145F88BA900C132,IMPHASH=5AEF584EA4BCED674B66847FE9D61F23</Data><Data Name='ParentProcessGuid'>{fc7e85d2-7e46-674c-ee03-000000002400}</Data><Data Name='ParentProcessId'>4676</Data><Data Name='ParentImage'>C:\Windows\explorer.exe</Data><Data Name='ParentCommandLine'>""C:\Windows\explorer.exe"" /LOADSAVEDWINDOWS</Data><Data Name='ParentUser'>ECORP\tcolby</Data></EventData></Event>","2024-12-01T15:39:03.559-0500",allowed,,,,,,,20,1,39,december,3,sunday,2024,0,,"wrk-colby.Ecorp.local",,,,,"wrk-colby.Ecorp.local",,"WRK-COLBY",240565,"endpoint_services_processes ms-sysmon-process windows_event_signature",,,,,,,,"WRK-COLBY",,,240565,main,1,,,,,,,,"mmc.exe","Microsoft Windows",,"explorer.exe","{fc7e85d2-7e46-674c-ee03-000000002400}",4676,"explorer.exe","C:\Windows\explorer.exe",,"""C:\Windows\system32\mmc.exe"" ""C:\Windows\system32\eventvwr.msc"" /s","C:\Windows\system32\","mmc.exe","{fc7e85d2-c967-674c-beda-000000002400}","SHA1=E375655D5895BF15EC511CB141C109930A4DD9E4,MD5=BE698EA9EE453030A8EF764696986076,SHA256=653305BC206CDD38446C524E9508E4078FC169AD3D6064348145F88BA900C132,IMPHASH=5AEF584EA4BCED674B66847FE9D61F23",9340,Medium,"mmc.exe","C:\Windows\System32\mmc.exe",,,"<_='://../////'><><_='--'_='{----}'/><></><></><><",,,,,,,,,,,,,,,,,,,,,informational,4,"Process creation",1,"XmlWinEventLog:Microsoft-Windows-Sysmon/Operational",XmlWinEventLog,"wrk-colby",,,,,,,,,,,,"process
report
track_event_signatures",,"process
report
track_event_signatures",712,689,,,,,,,tcolby,,"'S-1-5-18'",,"Microsoft Sysmon"
true,,,"Microsoft-Windows-Sysmon/Operational",,,,"wrk-colby.Ecorp.local",,,,,,,,,,,,"Microsoft-Windows-Sysmon/Operational",23,"<Data Name='RuleName'>-</Data><Data Name='UtcTime'>2024-12-01 20:39:03.526</Data><Data Name='ProcessGuid'>{fc7e85d2-7e4d-674c-0f04-000000002400}</Data><Data Name='ProcessId'>7880</Data><Data Name='User'>ECORP\tcolby</Data><Data Name='Image'>C:\Windows\SystemApps\Microsoft.Windows.Search_cw5n1h2txyewy\SearchApp.exe</Data><Data Name='TargetFilename'>C:\Users\tcolby\AppData\Local\Packages\Microsoft.Windows.Search_cw5n1h2txyewy\AC\Microsoft\Internet Explorer\DOMStore\H8JSA3V2\www.bing[1].xml</Data><Data Name='Hashes'>SHA1=AF28AA751B0BFEA7460B2356F673AB75EDC86EDF,MD5=C9F79E6863BAB014B2C575F1AE3D0224,SHA256=DE07B2D9227FECE5B8DC8988D655B65C216E02777D27C2B413602A6F36708941,IMPHASH=00000000000000000000000000000000</Data><Data Name='IsExecutable'>false</Data><Data Name='Archived'>true</Data>","FileDelete (File Delete archived)",23,240564,,,,,"'{5770385f-c22a-43e0-bf4c-06f5698ffbd9}'","SHA1=AF28AA751B0BFEA7460B2356F673AB75EDC86EDF,MD5=C9F79E6863BAB014B2C575F1AE3D0224,SHA256=DE07B2D9227FECE5B8DC8988D655B65C216E02777D27C2B413602A6F36708941,IMPHASH=00000000000000000000000000000000",00000000000000000000000000000000,"C:\Windows\SystemApps\Microsoft.Windows.Search_cw5n1h2txyewy\SearchApp.exe",,,,,false,0x8000000000000000,4,,,C9F79E6863BAB014B2C575F1AE3D0224,"'Microsoft-Windows-Sysmon'",0,,,,,,,,"{fc7e85d2-7e4d-674c-0f04-000000002400}","'3144'",7880,,,,,,240564,240564,,"-",AF28AA751B0BFEA7460B2356F673AB75EDC86EDF,DE07B2D9227FECE5B8DC8988D655B65C216E02777D27C2B413602A6F36708941,"S-1-5-18",,,,,,,,,,,,,,,"'2024-12-01T20:39:03.5271315Z'","<Provider Name='Microsoft-Windows-Sysmon' Guid='{5770385f-c22a-43e0-bf4c-06f5698ffbd9}'/><EventID>23</EventID><Version>5</Version><Level>4</Level><Task>23</Task><Opcode>0</Opcode><Keywords>0x8000000000000000</Keywords><TimeCreated SystemTime='2024-12-01T20:39:03.5271315Z'/><EventRecordID>240564</EventRecordID><Correlation/><Execution ProcessID='3144' ThreadID='4456'/><Channel>Microsoft-Windows-Sysmon/Operational</Channel><Computer>wrk-colby.Ecorp.local</Computer><Security UserID='S-1-5-18'/>","C:\Users\tcolby\AppData\Local\Packages\Microsoft.Windows.Search_cw5n1h2txyewy\AC\Microsoft\Internet Explorer\DOMStore\H8JSA3V2\www.bing[1].xml",,,,,,23,,"'4456'","2024-12-01T20:39:03.5271315Z","ECORP\tcolby","'S-1-5-18'","2024-12-01 20:39:03.526",5,"<Event xmlns='http://schemas.microsoft.com/win/2004/08/events/event'><System><Provider Name='Microsoft-Windows-Sysmon' Guid='{5770385f-c22a-43e0-bf4c-06f5698ffbd9}'/><EventID>23</EventID><Version>5</Version><Level>4</Level><Task>23</Task><Opcode>0</Opcode><Keywords>0x8000000000000000</Keywords><TimeCreated SystemTime='2024-12-01T20:39:03.5271315Z'/><EventRecordID>240564</EventRecordID><Correlation/><Execution ProcessID='3144' ThreadID='4456'/><Channel>Microsoft-Windows-Sysmon/Operational</Channel><Computer>wrk-colby.Ecorp.local</Computer><Security UserID='S-1-5-18'/></System><EventData><Data Name='RuleName'>-</Data><Data Name='UtcTime'>2024-12-01 20:39:03.526</Data><Data Name='ProcessGuid'>{fc7e85d2-7e4d-674c-0f04-000000002400}</Data><Data Name='ProcessId'>7880</Data><Data Name='User'>ECORP\tcolby</Data><Data Name='Image'>C:\Windows\SystemApps\Microsoft.Windows.Search_cw5n1h2txyewy\SearchApp.exe</Data><Data Name='TargetFilename'>C:\Users\tcolby\AppData\Local\Packages\Microsoft.Windows.Search_cw5n1h2txyewy\AC\Microsoft\Internet Explorer\DOMStore\H8JSA3V2\www.bing[1].xml</Data><Data Name='Hashes'>SHA1=AF28AA751B0BFEA7460B2356F673AB75EDC86EDF,MD5=C9F79E6863BAB014B2C575F1AE3D0224,SHA256=DE07B2D9227FECE5B8DC8988D655B65C216E02777D27C2B413602A6F36708941,IMPHASH=00000000000000000000000000000000</Data><Data Name='IsExecutable'>false</Data><Data Name='Archived'>true</Data></EventData></Event>","2024-12-01T15:39:03.526-0500",deleted,,,,,,,20,1,39,december,3,sunday,2024,0,,"wrk-colby.Ecorp.local",,,,,"wrk-colby.Ecorp.local",,"WRK-COLBY",240564,"endpoint_services_processes ms-sysmon-filemod windows_event_signature",,,"SHA1=AF28AA751B0BFEA7460B2356F673AB75EDC86EDF,MD5=C9F79E6863BAB014B2C575F1AE3D0224,SHA256=DE07B2D9227FECE5B8DC8988D655B65C216E02777D27C2B413602A6F36708941,IMPHASH=00000000000000000000000000000000","2024-12-01 20:39:03.526","www.bing[1].xml","C:\Users\tcolby\AppData\Local\Packages\Microsoft.Windows.Search_cw5n1h2txyewy\AC\Microsoft\Internet Explorer\DOMStore\H8JSA3V2\www.bing[1].xml",,"WRK-COLBY",,,240564,main,1,,,,,,file,,,,,,,,,,,,,"SearchApp.exe","{fc7e85d2-7e4d-674c-0f04-000000002400}",,7880,,"SearchApp.exe","C:\Windows\SystemApps\Microsoft.Windows.Search_cw5n1h2txyewy\SearchApp.exe",,,"<_='://../////'><><_='--'_='{----}'/><></><></><><",,,,,,,,,,,,,,,,,,,,,informational,4,"FileDelete (File Delete archived)",23,"XmlWinEventLog:Microsoft-Windows-Sysmon/Operational",XmlWinEventLog,"wrk-colby",,,,,,,,,,,,"endpoint
filesystem
track_event_signatures",,"endpoint
filesystem
track_event_signatures",667,644,,,,,,,tcolby,,"'S-1-5-18'",,"Microsoft Sysmon"
true,,,"Microsoft-Windows-Sysmon/Operational",,,,"wrk-colby.Ecorp.local",,,,,,,,,,,,"Microsoft-Windows-Sysmon/Operational",23,"<Data Name='RuleName'>-</Data><Data Name='UtcTime'>2024-12-01 20:39:02.147</Data><Data Name='ProcessGuid'>{fc7e85d2-7e4d-674c-0f04-000000002400}</Data><Data Name='ProcessId'>7880</Data><Data Name='User'>ECORP\tcolby</Data><Data Name='Image'>C:\Windows\SystemApps\Microsoft.Windows.Search_cw5n1h2txyewy\SearchApp.exe</Data><Data Name='TargetFilename'>C:\Users\tcolby\AppData\Local\Packages\Microsoft.Windows.Search_cw5n1h2txyewy\AC\Microsoft\Internet Explorer\DOMStore\H8JSA3V2\www.bing[1].xml</Data><Data Name='Hashes'>SHA1=2E91E07291CE66CE7DDD2305F61433BD79D13C3A,MD5=E757364509D06B586B4EF77C3E33FA87,SHA256=18C5BB3EDAE9665ED15A3DDE2D633B42C33F53BD5E3CAA88F2C3029551A417F0,IMPHASH=00000000000000000000000000000000</Data><Data Name='IsExecutable'>false</Data><Data Name='Archived'>true</Data>","FileDelete (File Delete archived)",23,240563,,,,,"'{5770385f-c22a-43e0-bf4c-06f5698ffbd9}'","SHA1=2E91E07291CE66CE7DDD2305F61433BD79D13C3A,MD5=E757364509D06B586B4EF77C3E33FA87,SHA256=18C5BB3EDAE9665ED15A3DDE2D633B42C33F53BD5E3CAA88F2C3029551A417F0,IMPHASH=00000000000000000000000000000000",00000000000000000000000000000000,"C:\Windows\SystemApps\Microsoft.Windows.Search_cw5n1h2txyewy\SearchApp.exe",,,,,false,0x8000000000000000,4,,,E757364509D06B586B4EF77C3E33FA87,"'Microsoft-Windows-Sysmon'",0,,,,,,,,"{fc7e85d2-7e4d-674c-0f04-000000002400}","'3144'",7880,,,,,,240563,240563,,"-",2E91E07291CE66CE7DDD2305F61433BD79D13C3A,18C5BB3EDAE9665ED15A3DDE2D633B42C33F53BD5E3CAA88F2C3029551A417F0,"S-1-5-18",,,,,,,,,,,,,,,"'2024-12-01T20:39:02.1477262Z'","<Provider Name='Microsoft-Windows-Sysmon' Guid='{5770385f-c22a-43e0-bf4c-06f5698ffbd9}'/><EventID>23</EventID><Version>5</Version><Level>4</Level><Task>23</Task><Opcode>0</Opcode><Keywords>0x8000000000000000</Keywords><TimeCreated SystemTime='2024-12-01T20:39:02.1477262Z'/><EventRecordID>240563</EventRecordID><Correlation/><Execution ProcessID='3144' ThreadID='4456'/><Channel>Microsoft-Windows-Sysmon/Operational</Channel><Computer>wrk-colby.Ecorp.local</Computer><Security UserID='S-1-5-18'/>","C:\Users\tcolby\AppData\Local\Packages\Microsoft.Windows.Search_cw5n1h2txyewy\AC\Microsoft\Internet Explorer\DOMStore\H8JSA3V2\www.bing[1].xml",,,,,,23,,"'4456'","2024-12-01T20:39:02.1477262Z","ECORP\tcolby","'S-1-5-18'","2024-12-01 20:39:02.147",5,"<Event xmlns='http://schemas.microsoft.com/win/2004/08/events/event'><System><Provider Name='Microsoft-Windows-Sysmon' Guid='{5770385f-c22a-43e0-bf4c-06f5698ffbd9}'/><EventID>23</EventID><Version>5</Version><Level>4</Level><Task>23</Task><Opcode>0</Opcode><Keywords>0x8000000000000000</Keywords><TimeCreated SystemTime='2024-12-01T20:39:02.1477262Z'/><EventRecordID>240563</EventRecordID><Correlation/><Execution ProcessID='3144' ThreadID='4456'/><Channel>Microsoft-Windows-Sysmon/Operational</Channel><Computer>wrk-colby.Ecorp.local</Computer><Security UserID='S-1-5-18'/></System><EventData><Data Name='RuleName'>-</Data><Data Name='UtcTime'>2024-12-01 20:39:02.147</Data><Data Name='ProcessGuid'>{fc7e85d2-7e4d-674c-0f04-000000002400}</Data><Data Name='ProcessId'>7880</Data><Data Name='User'>ECORP\tcolby</Data><Data Name='Image'>C:\Windows\SystemApps\Microsoft.Windows.Search_cw5n1h2txyewy\SearchApp.exe</Data><Data Name='TargetFilename'>C:\Users\tcolby\AppData\Local\Packages\Microsoft.Windows.Search_cw5n1h2txyewy\AC\Microsoft\Internet Explorer\DOMStore\H8JSA3V2\www.bing[1].xml</Data><Data Name='Hashes'>SHA1=2E91E07291CE66CE7DDD2305F61433BD79D13C3A,MD5=E757364509D06B586B4EF77C3E33FA87,SHA256=18C5BB3EDAE9665ED15A3DDE2D633B42C33F53BD5E3CAA88F2C3029551A417F0,IMPHASH=00000000000000000000000000000000</Data><Data Name='IsExecutable'>false</Data><Data Name='Archived'>true</Data></EventData></Event>","2024-12-01T15:39:02.147-0500",deleted,,,,,,,20,1,39,december,2,sunday,2024,0,,"wrk-colby.Ecorp.local",,,,,"wrk-colby.Ecorp.local",,"WRK-COLBY",240563,"endpoint_services_processes ms-sysmon-filemod windows_event_signature",,,"SHA1=2E91E07291CE66CE7DDD2305F61433BD79D13C3A,MD5=E757364509D06B586B4EF77C3E33FA87,SHA256=18C5BB3EDAE9665ED15A3DDE2D633B42C33F53BD5E3CAA88F2C3029551A417F0,IMPHASH=00000000000000000000000000000000","2024-12-01 20:39:02.147","www.bing[1].xml","C:\Users\tcolby\AppData\Local\Packages\Microsoft.Windows.Search_cw5n1h2txyewy\AC\Microsoft\Internet Explorer\DOMStore\H8JSA3V2\www.bing[1].xml",,"WRK-COLBY",,,240563,main,1,,,,,,file,,,,,,,,,,,,,"SearchApp.exe","{fc7e85d2-7e4d-674c-0f04-000000002400}",,7880,,"SearchApp.exe","C:\Windows\SystemApps\Microsoft.Windows.Search_cw5n1h2txyewy\SearchApp.exe",,,"<_='://../////'><><_='--'_='{----}'/><></><></><><",,,,,,,,,,,,,,,,,,,,,informational,4,"FileDelete (File Delete archived)",23,"XmlWinEventLog:Microsoft-Windows-Sysmon/Operational",XmlWinEventLog,"wrk-colby",,,,,,,,,,,,"endpoint
filesystem
track_event_signatures",,"endpoint
filesystem
track_event_signatures",667,644,,,,,,,tcolby,,"'S-1-5-18'",,"Microsoft Sysmon"
true,,,"Microsoft-Windows-Sysmon/Operational",,,,"wrk-colby.Ecorp.local",,,,,,,,,,,,"Microsoft-Windows-Sysmon/Operational",23,"<Data Name='RuleName'>-</Data><Data Name='UtcTime'>2024-12-01 20:38:59.369</Data><Data Name='ProcessGuid'>{fc7e85d2-7e4d-674c-0f04-000000002400}</Data><Data Name='ProcessId'>7880</Data><Data Name='User'>ECORP\tcolby</Data><Data Name='Image'>C:\Windows\SystemApps\Microsoft.Windows.Search_cw5n1h2txyewy\SearchApp.exe</Data><Data Name='TargetFilename'>C:\Users\tcolby\AppData\Local\Packages\Microsoft.Windows.Search_cw5n1h2txyewy\AC\Microsoft\Internet Explorer\DOMStore\H8JSA3V2\www.bing[1].xml</Data><Data Name='Hashes'>SHA1=E36E84935DB6BDCD13C13A2B62B554679380C180,MD5=A6283D204D4B8BEAE622B37B5F4233C9,SHA256=164E7F2FD9FAB539288B53DF8CD47E6C7B6EE9A6D737DDDD6A4E4A9A6BBA1428,IMPHASH=00000000000000000000000000000000</Data><Data Name='IsExecutable'>false</Data><Data Name='Archived'>true</Data>","FileDelete (File Delete archived)",23,240562,,,,,"'{5770385f-c22a-43e0-bf4c-06f5698ffbd9}'","SHA1=E36E84935DB6BDCD13C13A2B62B554679380C180,MD5=A6283D204D4B8BEAE622B37B5F4233C9,SHA256=164E7F2FD9FAB539288B53DF8CD47E6C7B6EE9A6D737DDDD6A4E4A9A6BBA1428,IMPHASH=00000000000000000000000000000000",00000000000000000000000000000000,"C:\Windows\SystemApps\Microsoft.Windows.Search_cw5n1h2txyewy\SearchApp.exe",,,,,false,0x8000000000000000,4,,,A6283D204D4B8BEAE622B37B5F4233C9,"'Microsoft-Windows-Sysmon'",0,,,,,,,,"{fc7e85d2-7e4d-674c-0f04-000000002400}","'3144'",7880,,,,,,240562,240562,,"-",E36E84935DB6BDCD13C13A2B62B554679380C180,164E7F2FD9FAB539288B53DF8CD47E6C7B6EE9A6D737DDDD6A4E4A9A6BBA1428,"S-1-5-18",,,,,,,,,,,,,,,"'2024-12-01T20:38:59.3701416Z'","<Provider Name='Microsoft-Windows-Sysmon' Guid='{5770385f-c22a-43e0-bf4c-06f5698ffbd9}'/><EventID>23</EventID><Version>5</Version><Level>4</Level><Task>23</Task><Opcode>0</Opcode><Keywords>0x8000000000000000</Keywords><TimeCreated SystemTime='2024-12-01T20:38:59.3701416Z'/><EventRecordID>240562</EventRecordID><Correlation/><Execution ProcessID='3144' ThreadID='4456'/><Channel>Microsoft-Windows-Sysmon/Operational</Channel><Computer>wrk-colby.Ecorp.local</Computer><Security UserID='S-1-5-18'/>","C:\Users\tcolby\AppData\Local\Packages\Microsoft.Windows.Search_cw5n1h2txyewy\AC\Microsoft\Internet Explorer\DOMStore\H8JSA3V2\www.bing[1].xml",,,,,,23,,"'4456'","2024-12-01T20:38:59.3701416Z","ECORP\tcolby","'S-1-5-18'","2024-12-01 20:38:59.369",5,"<Event xmlns='http://schemas.microsoft.com/win/2004/08/events/event'><System><Provider Name='Microsoft-Windows-Sysmon' Guid='{5770385f-c22a-43e0-bf4c-06f5698ffbd9}'/><EventID>23</EventID><Version>5</Version><Level>4</Level><Task>23</Task><Opcode>0</Opcode><Keywords>0x8000000000000000</Keywords><TimeCreated SystemTime='2024-12-01T20:38:59.3701416Z'/><EventRecordID>240562</EventRecordID><Correlation/><Execution ProcessID='3144' ThreadID='4456'/><Channel>Microsoft-Windows-Sysmon/Operational</Channel><Computer>wrk-colby.Ecorp.local</Computer><Security UserID='S-1-5-18'/></System><EventData><Data Name='RuleName'>-</Data><Data Name='UtcTime'>2024-12-01 20:38:59.369</Data><Data Name='ProcessGuid'>{fc7e85d2-7e4d-674c-0f04-000000002400}</Data><Data Name='ProcessId'>7880</Data><Data Name='User'>ECORP\tcolby</Data><Data Name='Image'>C:\Windows\SystemApps\Microsoft.Windows.Search_cw5n1h2txyewy\SearchApp.exe</Data><Data Name='TargetFilename'>C:\Users\tcolby\AppData\Local\Packages\Microsoft.Windows.Search_cw5n1h2txyewy\AC\Microsoft\Internet Explorer\DOMStore\H8JSA3V2\www.bing[1].xml</Data><Data Name='Hashes'>SHA1=E36E84935DB6BDCD13C13A2B62B554679380C180,MD5=A6283D204D4B8BEAE622B37B5F4233C9,SHA256=164E7F2FD9FAB539288B53DF8CD47E6C7B6EE9A6D737DDDD6A4E4A9A6BBA1428,IMPHASH=00000000000000000000000000000000</Data><Data Name='IsExecutable'>false</Data><Data Name='Archived'>true</Data></EventData></Event>","2024-12-01T15:38:59.369-0500",deleted,,,,,,,20,1,38,december,59,sunday,2024,0,,"wrk-colby.Ecorp.local",,,,,"wrk-colby.Ecorp.local",,"WRK-COLBY",240562,"endpoint_services_processes ms-sysmon-filemod windows_event_signature",,,"SHA1=E36E84935DB6BDCD13C13A2B62B554679380C180,MD5=A6283D204D4B8BEAE622B37B5F4233C9,SHA256=164E7F2FD9FAB539288B53DF8CD47E6C7B6EE9A6D737DDDD6A4E4A9A6BBA1428,IMPHASH=00000000000000000000000000000000","2024-12-01 20:38:59.369","www.bing[1].xml","C:\Users\tcolby\AppData\Local\Packages\Microsoft.Windows.Search_cw5n1h2txyewy\AC\Microsoft\Internet Explorer\DOMStore\H8JSA3V2\www.bing[1].xml",,"WRK-COLBY",,,240562,main,1,,,,,,file,,,,,,,,,,,,,"SearchApp.exe","{fc7e85d2-7e4d-674c-0f04-000000002400}",,7880,,"SearchApp.exe","C:\Windows\SystemApps\Microsoft.Windows.Search_cw5n1h2txyewy\SearchApp.exe",,,"<_='://../////'><><_='--'_='{----}'/><></><></><><",,,,,,,,,,,,,,,,,,,,,informational,4,"FileDelete (File Delete archived)",23,"XmlWinEventLog:Microsoft-Windows-Sysmon/Operational",XmlWinEventLog,"wrk-colby",,,,,,,,,,,,"endpoint
filesystem
track_event_signatures",,"endpoint
filesystem
track_event_signatures",667,644,,,,,,,tcolby,,"'S-1-5-18'",,"Microsoft Sysmon"
true,,,"Microsoft-Windows-Sysmon/Operational",,,,"wrk-colby.Ecorp.local",,,,,,,,,,,,"Microsoft-Windows-Sysmon/Operational",23,"<Data Name='RuleName'>-</Data><Data Name='UtcTime'>2024-12-01 20:38:58.800</Data><Data Name='ProcessGuid'>{fc7e85d2-7e4d-674c-0f04-000000002400}</Data><Data Name='ProcessId'>7880</Data><Data Name='User'>ECORP\tcolby</Data><Data Name='Image'>C:\Windows\SystemApps\Microsoft.Windows.Search_cw5n1h2txyewy\SearchApp.exe</Data><Data Name='TargetFilename'>C:\Users\tcolby\AppData\Local\Packages\Microsoft.Windows.Search_cw5n1h2txyewy\AC\Microsoft\Internet Explorer\DOMStore\H8JSA3V2\www.bing[1].xml</Data><Data Name='Hashes'>SHA1=3186BA500CA6281E4C6299E9E739EBC9CE5B0E19,MD5=EC2B893D86824D374DCB5F17B02D66B6,SHA256=D40CFF0EB9CF021C6F6D21DA1C03ACC9631430DBB6E0EB86EF817BB97EDD7AD5,IMPHASH=00000000000000000000000000000000</Data><Data Name='IsExecutable'>false</Data><Data Name='Archived'>true</Data>","FileDelete (File Delete archived)",23,240561,,,,,"'{5770385f-c22a-43e0-bf4c-06f5698ffbd9}'","SHA1=3186BA500CA6281E4C6299E9E739EBC9CE5B0E19,MD5=EC2B893D86824D374DCB5F17B02D66B6,SHA256=D40CFF0EB9CF021C6F6D21DA1C03ACC9631430DBB6E0EB86EF817BB97EDD7AD5,IMPHASH=00000000000000000000000000000000",00000000000000000000000000000000,"C:\Windows\SystemApps\Microsoft.Windows.Search_cw5n1h2txyewy\SearchApp.exe",,,,,false,0x8000000000000000,4,,,EC2B893D86824D374DCB5F17B02D66B6,"'Microsoft-Windows-Sysmon'",0,,,,,,,,"{fc7e85d2-7e4d-674c-0f04-000000002400}","'3144'",7880,,,,,,240561,240561,,"-",3186BA500CA6281E4C6299E9E739EBC9CE5B0E19,D40CFF0EB9CF021C6F6D21DA1C03ACC9631430DBB6E0EB86EF817BB97EDD7AD5,"S-1-5-18",,,,,,,,,,,,,,,"'2024-12-01T20:38:58.8033544Z'","<Provider Name='Microsoft-Windows-Sysmon' Guid='{5770385f-c22a-43e0-bf4c-06f5698ffbd9}'/><EventID>23</EventID><Version>5</Version><Level>4</Level><Task>23</Task><Opcode>0</Opcode><Keywords>0x8000000000000000</Keywords><TimeCreated SystemTime='2024-12-01T20:38:58.8033544Z'/><EventRecordID>240561</EventRecordID><Correlation/><Execution ProcessID='3144' ThreadID='4456'/><Channel>Microsoft-Windows-Sysmon/Operational</Channel><Computer>wrk-colby.Ecorp.local</Computer><Security UserID='S-1-5-18'/>","C:\Users\tcolby\AppData\Local\Packages\Microsoft.Windows.Search_cw5n1h2txyewy\AC\Microsoft\Internet Explorer\DOMStore\H8JSA3V2\www.bing[1].xml",,,,,,23,,"'4456'","2024-12-01T20:38:58.8033544Z","ECORP\tcolby","'S-1-5-18'","2024-12-01 20:38:58.800",5,"<Event xmlns='http://schemas.microsoft.com/win/2004/08/events/event'><System><Provider Name='Microsoft-Windows-Sysmon' Guid='{5770385f-c22a-43e0-bf4c-06f5698ffbd9}'/><EventID>23</EventID><Version>5</Version><Level>4</Level><Task>23</Task><Opcode>0</Opcode><Keywords>0x8000000000000000</Keywords><TimeCreated SystemTime='2024-12-01T20:38:58.8033544Z'/><EventRecordID>240561</EventRecordID><Correlation/><Execution ProcessID='3144' ThreadID='4456'/><Channel>Microsoft-Windows-Sysmon/Operational</Channel><Computer>wrk-colby.Ecorp.local</Computer><Security UserID='S-1-5-18'/></System><EventData><Data Name='RuleName'>-</Data><Data Name='UtcTime'>2024-12-01 20:38:58.800</Data><Data Name='ProcessGuid'>{fc7e85d2-7e4d-674c-0f04-000000002400}</Data><Data Name='ProcessId'>7880</Data><Data Name='User'>ECORP\tcolby</Data><Data Name='Image'>C:\Windows\SystemApps\Microsoft.Windows.Search_cw5n1h2txyewy\SearchApp.exe</Data><Data Name='TargetFilename'>C:\Users\tcolby\AppData\Local\Packages\Microsoft.Windows.Search_cw5n1h2txyewy\AC\Microsoft\Internet Explorer\DOMStore\H8JSA3V2\www.bing[1].xml</Data><Data Name='Hashes'>SHA1=3186BA500CA6281E4C6299E9E739EBC9CE5B0E19,MD5=EC2B893D86824D374DCB5F17B02D66B6,SHA256=D40CFF0EB9CF021C6F6D21DA1C03ACC9631430DBB6E0EB86EF817BB97EDD7AD5,IMPHASH=00000000000000000000000000000000</Data><Data Name='IsExecutable'>false</Data><Data Name='Archived'>true</Data></EventData></Event>","2024-12-01T15:38:58.800-0500",deleted,,,,,,,20,1,38,december,58,sunday,2024,0,,"wrk-colby.Ecorp.local",,,,,"wrk-colby.Ecorp.local",,"WRK-COLBY",240561,"endpoint_services_processes ms-sysmon-filemod windows_event_signature",,,"SHA1=3186BA500CA6281E4C6299E9E739EBC9CE5B0E19,MD5=EC2B893D86824D374DCB5F17B02D66B6,SHA256=D40CFF0EB9CF021C6F6D21DA1C03ACC9631430DBB6E0EB86EF817BB97EDD7AD5,IMPHASH=00000000000000000000000000000000","2024-12-01 20:38:58.800","www.bing[1].xml","C:\Users\tcolby\AppData\Local\Packages\Microsoft.Windows.Search_cw5n1h2txyewy\AC\Microsoft\Internet Explorer\DOMStore\H8JSA3V2\www.bing[1].xml",,"WRK-COLBY",,,240561,main,1,,,,,,file,,,,,,,,,,,,,"SearchApp.exe","{fc7e85d2-7e4d-674c-0f04-000000002400}",,7880,,"SearchApp.exe","C:\Windows\SystemApps\Microsoft.Windows.Search_cw5n1h2txyewy\SearchApp.exe",,,"<_='://../////'><><_='--'_='{----}'/><></><></><><",,,,,,,,,,,,,,,,,,,,,informational,4,"FileDelete (File Delete archived)",23,"XmlWinEventLog:Microsoft-Windows-Sysmon/Operational",XmlWinEventLog,"wrk-colby",,,,,,,,,,,,"endpoint
filesystem
track_event_signatures",,"endpoint
filesystem
track_event_signatures",667,644,,,,,,,tcolby,,"'S-1-5-18'",,"Microsoft Sysmon"
,,,"Microsoft-Windows-Sysmon/Operational",,,,"wrk-colby.Ecorp.local",,,,,,,,,,,"Binary Data","Microsoft-Windows-Sysmon/Operational",13,"<Data Name='RuleName'>-</Data><Data Name='EventType'>SetValue</Data><Data Name='UtcTime'>2024-12-01 20:35:21.253</Data><Data Name='ProcessGuid'>{fc7e85d2-c53d-674c-eace-000000002400}</Data><Data Name='ProcessId'>9972</Data><Data Name='Image'>C:\Windows\SystemApps\Microsoft.Windows.SecHealthUI_cw5n1h2txyewy\SecHealthUI.exe</Data><Data Name='TargetObject'>HKLM\System\CurrentControlSet\Services\bam\State\UserSettings\S-1-5-21-921492421-3060855610-3380895733-1106\Microsoft.Windows.SecHealthUI_cw5n1h2txyewy</Data><Data Name='Details'>Binary Data</Data><Data Name='User'>ECORP\tcolby</Data>","RegistryEvent (Value Set)",13,240560,SetValue,,,,"'{5770385f-c22a-43e0-bf4c-06f5698ffbd9}'",,,"C:\Windows\SystemApps\Microsoft.Windows.SecHealthUI_cw5n1h2txyewy\SecHealthUI.exe",,,,,,0x8000000000000000,4,,,,"'Microsoft-Windows-Sysmon'",0,,,,,,,,"{fc7e85d2-c53d-674c-eace-000000002400}","'3144'",9972,,,,,,240560,240560,,"-",,,"S-1-5-18",,,,,,,,,,,,,,,"'2024-12-01T20:35:21.2574114Z'","<Provider Name='Microsoft-Windows-Sysmon' Guid='{5770385f-c22a-43e0-bf4c-06f5698ffbd9}'/><EventID>13</EventID><Version>2</Version><Level>4</Level><Task>13</Task><Opcode>0</Opcode><Keywords>0x8000000000000000</Keywords><TimeCreated SystemTime='2024-12-01T20:35:21.2574114Z'/><EventRecordID>240560</EventRecordID><Correlation/><Execution ProcessID='3144' ThreadID='4456'/><Channel>Microsoft-Windows-Sysmon/Operational</Channel><Computer>wrk-colby.Ecorp.local</Computer><Security UserID='S-1-5-18'/>",,,"HKLM\System\CurrentControlSet\Services\bam\State\UserSettings\S-1-5-21-921492421-3060855610-3380895733-1106\Microsoft.Windows.SecHealthUI_cw5n1h2txyewy",,,,13,,"'4456'","2024-12-01T20:35:21.2574114Z","ECORP\tcolby","'S-1-5-18'","2024-12-01 20:35:21.253",2,"<Event xmlns='http://schemas.microsoft.com/win/2004/08/events/event'><System><Provider Name='Microsoft-Windows-Sysmon' Guid='{5770385f-c22a-43e0-bf4c-06f5698ffbd9}'/><EventID>13</EventID><Version>2</Version><Level>4</Level><Task>13</Task><Opcode>0</Opcode><Keywords>0x8000000000000000</Keywords><TimeCreated SystemTime='2024-12-01T20:35:21.2574114Z'/><EventRecordID>240560</EventRecordID><Correlation/><Execution ProcessID='3144' ThreadID='4456'/><Channel>Microsoft-Windows-Sysmon/Operational</Channel><Computer>wrk-colby.Ecorp.local</Computer><Security UserID='S-1-5-18'/></System><EventData><Data Name='RuleName'>-</Data><Data Name='EventType'>SetValue</Data><Data Name='UtcTime'>2024-12-01 20:35:21.253</Data><Data Name='ProcessGuid'>{fc7e85d2-c53d-674c-eace-000000002400}</Data><Data Name='ProcessId'>9972</Data><Data Name='Image'>C:\Windows\SystemApps\Microsoft.Windows.SecHealthUI_cw5n1h2txyewy\SecHealthUI.exe</Data><Data Name='TargetObject'>HKLM\System\CurrentControlSet\Services\bam\State\UserSettings\S-1-5-21-921492421-3060855610-3380895733-1106\Microsoft.Windows.SecHealthUI_cw5n1h2txyewy</Data><Data Name='Details'>Binary Data</Data><Data Name='User'>ECORP\tcolby</Data></EventData></Event>","2024-12-01T15:35:21.253-0500",modified,,,,,,,20,1,35,december,21,sunday,2024,0,,"wrk-colby.Ecorp.local",,,,,"wrk-colby.Ecorp.local",,"WRK-COLBY",240560,"endpoint_services_processes ms-sysmon-regmod windows_event_signature",,,,,,,,"WRK-COLBY",,,240560,main,1,,,,,,registry,"HKLM\System\CurrentControlSet\Services\bam\State\UserSettings\S-1-5-21-921492421-3060855610-3380895733-1106\Microsoft.Windows.SecHealthUI_cw5n1h2txyewy",,,,,,,,,,,,"SecHealthUI.exe","{fc7e85d2-c53d-674c-eace-000000002400}",,9972,,"SecHealthUI.exe","C:\Windows\SystemApps\Microsoft.Windows.SecHealthUI_cw5n1h2txyewy\SecHealthUI.exe",,,"<_='://../////'><><_='--'_='{----}'/><></><></><><",,,,,"HKEY_LOCAL_MACHINE\\System","HKLM\System\CurrentControlSet\Services\bam\State\UserSettings\S-1-5-21-921492421-3060855610-3380895733-1106\Microsoft.Windows.SecHealthUI_cw5n1h2txyewy","HKLM\System\CurrentControlSet\Services\bam\State\UserSettings\S-1-5-21-921492421-3060855610-3380895733-1106\Microsoft.Windows.SecHealthUI_cw5n1h2txyewy","Binary Data","HKLM\System\CurrentControlSet\Services\bam\State\UserSettings\S-1-5-21-921492421-3060855610-3380895733-1106\Microsoft.Windows.SecHealthUI_cw5n1h2txyewy",,,,,,,,,,,,informational,4,"RegistryEvent (Value Set)",13,"XmlWinEventLog:Microsoft-Windows-Sysmon/Operational",XmlWinEventLog,"wrk-colby",,,,,,,,,,success,,"endpoint
registry
track_event_signatures",,"endpoint
registry
track_event_signatures",705,682,,,,,,,tcolby,,"'S-1-5-18'",,"Microsoft Sysmon"
,,,"Microsoft-Windows-Sysmon/Operational",,,"Microsoft Corporation","wrk-colby.Ecorp.local",,,,"OLE32 Extensions for Win32",,,,,,,,"Microsoft-Windows-Sysmon/Operational",7,"<Data Name='RuleName'>-</Data><Data Name='UtcTime'>2024-12-01 20:35:18.208</Data><Data Name='ProcessGuid'>{fc7e85d2-c886-674c-55d8-000000002400}</Data><Data Name='ProcessId'>3004</Data><Data Name='Image'>C:\Windows\System32\smartscreen.exe</Data><Data Name='ImageLoaded'>C:\Windows\System32\urlmon.dll</Data><Data Name='FileVersion'>11.00.19041.5072 (WinBuild.160101.0800)</Data><Data Name='Description'>OLE32 Extensions for Win32</Data><Data Name='Product'>Internet Explorer</Data><Data Name='Company'>Microsoft Corporation</Data><Data Name='OriginalFileName'>UrlMon.dll</Data><Data Name='Hashes'>SHA1=1DB1F9F5C4E4A65FF74E1BA55027C756E01BC7E8,MD5=1B26A1939226185340ABCF4F112D52C5,SHA256=B5AC75AE86CAC11FE4063B271273B5E695824E2324A54C7E9A77BDE7BB6C6A88,IMPHASH=22019FF0DD6B140CC5C75C9E26641C22</Data><Data Name='Signed'>true</Data><Data Name='Signature'>Microsoft Windows</Data><Data Name='SignatureStatus'>Valid</Data><Data Name='User'>ECORP\tcolby</Data>","Image loaded",7,240559,,"11.00.19041.5072 (WinBuild.160101.0800)",,,"'{5770385f-c22a-43e0-bf4c-06f5698ffbd9}'","SHA1=1DB1F9F5C4E4A65FF74E1BA55027C756E01BC7E8,MD5=1B26A1939226185340ABCF4F112D52C5,SHA256=B5AC75AE86CAC11FE4063B271273B5E695824E2324A54C7E9A77BDE7BB6C6A88,IMPHASH=22019FF0DD6B140CC5C75C9E26641C22",22019FF0DD6B140CC5C75C9E26641C22,"C:\Windows\System32\smartscreen.exe","C:\Windows\System32\urlmon.dll",,,,,0x8000000000000000,4,,,1B26A1939226185340ABCF4F112D52C5,"'Microsoft-Windows-Sysmon'",0,"UrlMon.dll",,,,,,,"{fc7e85d2-c886-674c-55d8-000000002400}","'3144'",3004,"Internet Explorer",,,,,240559,240559,,"-",1DB1F9F5C4E4A65FF74E1BA55027C756E01BC7E8,B5AC75AE86CAC11FE4063B271273B5E695824E2324A54C7E9A77BDE7BB6C6A88,"S-1-5-18","Microsoft Windows",Valid,true,,,,,,,,,,,,"'2024-12-01T20:35:18.2142350Z'","<Provider Name='Microsoft-Windows-Sysmon' Guid='{5770385f-c22a-43e0-bf4c-06f5698ffbd9}'/><EventID>7</EventID><Version>3</Version><Level>4</Level><Task>7</Task><Opcode>0</Opcode><Keywords>0x8000000000000000</Keywords><TimeCreated SystemTime='2024-12-01T20:35:18.2142350Z'/><EventRecordID>240559</EventRecordID><Correlation/><Execution ProcessID='3144' ThreadID='4456'/><Channel>Microsoft-Windows-Sysmon/Operational</Channel><Computer>wrk-colby.Ecorp.local</Computer><Security UserID='S-1-5-18'/>",,,,,,,7,,"'4456'","2024-12-01T20:35:18.2142350Z","ECORP\tcolby","'S-1-5-18'","2024-12-01 20:35:18.208",3,"<Event xmlns='http://schemas.microsoft.com/win/2004/08/events/event'><System><Provider Name='Microsoft-Windows-Sysmon' Guid='{5770385f-c22a-43e0-bf4c-06f5698ffbd9}'/><EventID>7</EventID><Version>3</Version><Level>4</Level><Task>7</Task><Opcode>0</Opcode><Keywords>0x8000000000000000</Keywords><TimeCreated SystemTime='2024-12-01T20:35:18.2142350Z'/><EventRecordID>240559</EventRecordID><Correlation/><Execution ProcessID='3144' ThreadID='4456'/><Channel>Microsoft-Windows-Sysmon/Operational</Channel><Computer>wrk-colby.Ecorp.local</Computer><Security UserID='S-1-5-18'/></System><EventData><Data Name='RuleName'>-</Data><Data Name='UtcTime'>2024-12-01 20:35:18.208</Data><Data Name='ProcessGuid'>{fc7e85d2-c886-674c-55d8-000000002400}</Data><Data Name='ProcessId'>3004</Data><Data Name='Image'>C:\Windows\System32\smartscreen.exe</Data><Data Name='ImageLoaded'>C:\Windows\System32\urlmon.dll</Data><Data Name='FileVersion'>11.00.19041.5072 (WinBuild.160101.0800)</Data><Data Name='Description'>OLE32 Extensions for Win32</Data><Data Name='Product'>Internet Explorer</Data><Data Name='Company'>Microsoft Corporation</Data><Data Name='OriginalFileName'>UrlMon.dll</Data><Data Name='Hashes'>SHA1=1DB1F9F5C4E4A65FF74E1BA55027C756E01BC7E8,MD5=1B26A1939226185340ABCF4F112D52C5,SHA256=B5AC75AE86CAC11FE4063B271273B5E695824E2324A54C7E9A77BDE7BB6C6A88,IMPHASH=22019FF0DD6B140CC5C75C9E26641C22</Data><Data Name='Signed'>true</Data><Data Name='Signature'>Microsoft Windows</Data><Data Name='SignatureStatus'>Valid</Data><Data Name='User'>ECORP\tcolby</Data></EventData></Event>","2024-