12-01T15:21:52.473-0500",success,,,,,,,20,1,21,december,52,sunday,2024,0,,"wrk-colby.Ecorp.local",,,,,"wrk-colby.Ecorp.local",,"WRK-COLBY",240540,"endpoint_services_processes ms-sysmon-process windows_event_signature",,,,,,,,"WRK-COLBY",,,240540,main,1,"mscoree.dll","C:\Windows\System32\mscoree.dll",,,,,,"mscoree.dll","Microsoft Windows",,,,,,,,,,"fsociety2 (1).exe","{fc7e85d2-c560-674c-45cf-000000002400}","SHA1=CFEF8F0BA040939B87B74F101970A6BBEB5DA15F,MD5=D5971EF71DE1BDD46D537203ABFCC756,SHA256=8828DE042D008783BA5B31C82935A3ED38D5996927C3399B3E1FC6FE723FC84E,IMPHASH=65F23EFA1EB51A5DAAB399BFAA840074",10148,,"fsociety2 (1).exe","C:\Users\tcolby\Downloads\fsociety2 (1).exe",,,"<_='://../////'><><_='--'_='{----}'/><></><></><><",,,,,,,,,,,,,,,true,true,,,,,informational,4,"Image loaded",7,"XmlWinEventLog:Microsoft-Windows-Sysmon/Operational",XmlWinEventLog,"wrk-colby",,,,,,,,,,,,"process
report
track_event_signatures",,"process
report
track_event_signatures",715,692,,,,,,,tcolby,,"'S-1-5-18'",,"Microsoft Sysmon"
,,,"Microsoft-Windows-Sysmon/Operational",,,"-","wrk-colby.Ecorp.local",,,,Apollo,,,,,,,,"Microsoft-Windows-Sysmon/Operational",7,"<Data Name='RuleName'>technique_id=T1574.002,technique_name=DLL Side-Loading</Data><Data Name='UtcTime'>2024-12-01 20:21:52.473</Data><Data Name='ProcessGuid'>{fc7e85d2-c560-674c-45cf-000000002400}</Data><Data Name='ProcessId'>10148</Data><Data Name='Image'>C:\Users\tcolby\Downloads\fsociety2 (1).exe</Data><Data Name='ImageLoaded'>C:\Users\tcolby\Downloads\fsociety2 (1).exe</Data><Data Name='FileVersion'>1.0.0.0</Data><Data Name='Description'>Apollo</Data><Data Name='Product'>Apollo</Data><Data Name='Company'>-</Data><Data Name='OriginalFileName'>Apollo.exe</Data><Data Name='Hashes'>SHA1=020F2EB10D13D6BDDA038576418A9EE73A6CC7D5,MD5=B7E87AA5A313C3D03F4E269D7AF847B6,SHA256=8FD504232D3051CA0C228CD90515846E5144F7F0E9F946AC04218B9BDE9D580B,IMPHASH=F34D5F2D4577ED6D9CEEC516C1F5A744</Data><Data Name='Signed'>false</Data><Data Name='Signature'>-</Data><Data Name='SignatureStatus'>Unavailable</Data><Data Name='User'>ECORP\tcolby</Data>","Image loaded",7,240539,,"1.0.0.0",,,"'{5770385f-c22a-43e0-bf4c-06f5698ffbd9}'","SHA1=020F2EB10D13D6BDDA038576418A9EE73A6CC7D5,MD5=B7E87AA5A313C3D03F4E269D7AF847B6,SHA256=8FD504232D3051CA0C228CD90515846E5144F7F0E9F946AC04218B9BDE9D580B,IMPHASH=F34D5F2D4577ED6D9CEEC516C1F5A744",F34D5F2D4577ED6D9CEEC516C1F5A744,"C:\Users\tcolby\Downloads\fsociety2 (1).exe","C:\Users\tcolby\Downloads\fsociety2 (1).exe",,,,,0x8000000000000000,4,,,B7E87AA5A313C3D03F4E269D7AF847B6,"'Microsoft-Windows-Sysmon'",0,"Apollo.exe",,,,,,,"{fc7e85d2-c560-674c-45cf-000000002400}","'3144'",10148,Apollo,,,,,240539,240539,,"technique_id=T1574.002,technique_name=DLL Side-Loading",020F2EB10D13D6BDDA038576418A9EE73A6CC7D5,8FD504232D3051CA0C228CD90515846E5144F7F0E9F946AC04218B9BDE9D580B,"S-1-5-18","-",Unavailable,false,,,,,,,,,,,,"'2024-12-01T20:21:52.4856858Z'","<Provider Name='Microsoft-Windows-Sysmon' Guid='{5770385f-c22a-43e0-bf4c-06f5698ffbd9}'/><EventID>7</EventID><Version>3</Version><Level>4</Level><Task>7</Task><Opcode>0</Opcode><Keywords>0x8000000000000000</Keywords><TimeCreated SystemTime='2024-12-01T20:21:52.4856858Z'/><EventRecordID>240539</EventRecordID><Correlation/><Execution ProcessID='3144' ThreadID='4460'/><Channel>Microsoft-Windows-Sysmon/Operational</Channel><Computer>wrk-colby.Ecorp.local</Computer><Security UserID='S-1-5-18'/>",,,,,,,7,,"'4460'","2024-12-01T20:21:52.4856858Z","ECORP\tcolby","'S-1-5-18'","2024-12-01 20:21:52.473",3,"<Event xmlns='http://schemas.microsoft.com/win/2004/08/events/event'><System><Provider Name='Microsoft-Windows-Sysmon' Guid='{5770385f-c22a-43e0-bf4c-06f5698ffbd9}'/><EventID>7</EventID><Version>3</Version><Level>4</Level><Task>7</Task><Opcode>0</Opcode><Keywords>0x8000000000000000</Keywords><TimeCreated SystemTime='2024-12-01T20:21:52.4856858Z'/><EventRecordID>240539</EventRecordID><Correlation/><Execution ProcessID='3144' ThreadID='4460'/><Channel>Microsoft-Windows-Sysmon/Operational</Channel><Computer>wrk-colby.Ecorp.local</Computer><Security UserID='S-1-5-18'/></System><EventData><Data Name='RuleName'>technique_id=T1574.002,technique_name=DLL Side-Loading</Data><Data Name='UtcTime'>2024-12-01 20:21:52.473</Data><Data Name='ProcessGuid'>{fc7e85d2-c560-674c-45cf-000000002400}</Data><Data Name='ProcessId'>10148</Data><Data Name='Image'>C:\Users\tcolby\Downloads\fsociety2 (1).exe</Data><Data Name='ImageLoaded'>C:\Users\tcolby\Downloads\fsociety2 (1).exe</Data><Data Name='FileVersion'>1.0.0.0</Data><Data Name='Description'>Apollo</Data><Data Name='Product'>Apollo</Data><Data Name='Company'>-</Data><Data Name='OriginalFileName'>Apollo.exe</Data><Data Name='Hashes'>SHA1=020F2EB10D13D6BDDA038576418A9EE73A6CC7D5,MD5=B7E87AA5A313C3D03F4E269D7AF847B6,SHA256=8FD504232D3051CA0C228CD90515846E5144F7F0E9F946AC04218B9BDE9D580B,IMPHASH=F34D5F2D4577ED6D9CEEC516C1F5A744</Data><Data Name='Signed'>false</Data><Data Name='Signature'>-</Data><Data Name='SignatureStatus'>Unavailable</Data><Data Name='User'>ECORP\tcolby</Data></EventData></Event>","2024-12-01T15:21:52.473-0500",success,,,,,,,20,1,21,december,52,sunday,2024,0,,"wrk-colby.Ecorp.local",,,,,"wrk-colby.Ecorp.local",,"WRK-COLBY",240539,"endpoint_services_processes ms-sysmon-process windows_event_signature",,,,,,,,"WRK-COLBY",,,240539,main,1,"fsociety2 (1).exe","C:\Users\tcolby\Downloads\fsociety2 (1).exe",,,,,,"Apollo.exe","Microsoft Windows",,,,,,,,,,"fsociety2 (1).exe","{fc7e85d2-c560-674c-45cf-000000002400}","SHA1=020F2EB10D13D6BDDA038576418A9EE73A6CC7D5,MD5=B7E87AA5A313C3D03F4E269D7AF847B6,SHA256=8FD504232D3051CA0C228CD90515846E5144F7F0E9F946AC04218B9BDE9D580B,IMPHASH=F34D5F2D4577ED6D9CEEC516C1F5A744",10148,,"fsociety2 (1).exe","C:\Users\tcolby\Downloads\fsociety2 (1).exe",,,"<_='://../////'><><_='--'_='{----}'/><></><></><><",,,,,,,,,,,,,,,false,false,,,,,informational,4,"Image loaded",7,"XmlWinEventLog:Microsoft-Windows-Sysmon/Operational",XmlWinEventLog,"wrk-colby",,,,,,,,,,,,"process
report
track_event_signatures",,"process
report
track_event_signatures",718,695,,,,,,,tcolby,,"'S-1-5-18'",,"Microsoft Sysmon"
,"C:\Windows\SYSTEM32\ntdll.dll+9ee04|C:\Windows\System32\KERNELBASE.dll+53715|C:\Windows\System32\KERNELBASE.dll+50756|C:\Windows\System32\KERNEL32.DLL+1cef4|C:\Windows\assembly\NativeImages_v4.0.30319_64\System\acc30bc70b54b35ac1a841482f4edefb\System.ni.dll+3512f6|C:\Windows\assembly\NativeImages_v4.0.30319_64\System\acc30bc70b54b35ac1a841482f4edefb\System.ni.dll+2b3c49|C:\Windows\assembly\NativeImages_v4.0.30319_64\System\acc30bc70b54b35ac1a841482f4edefb\System.ni.dll+2b35b9|C:\Windows\assembly\NativeImages_v4.0.30319_64\System.Manaa57fc8cc#\0971a8b6c82f7f67d4baa729d17ad00a\System.Management.Automation.ni.dll+12a42d9|C:\Windows\assembly\NativeImages_v4.0.30319_64\System.Manaa57fc8cc#\0971a8b6c82f7f67d4baa729d17ad00a\System.Management.Automation.ni.dll+11ba82a|C:\Windows\assembly\NativeImages_v4.0.30319_64\System.Manaa57fc8cc#\0971a8b6c82f7f67d4baa729d17ad00a\System.Management.Automation.ni.dll+1265ecd|C:\Windows\assembly\NativeImages_v4.0.30319_64\System.Manaa57fc8cc#\0971a8b6c82f7f67d4baa729d17ad00a\System.Management.Automation.ni.dll+1265b8b|C:\Windows\assembly\NativeImages_v4.0.30319_64\System.Manaa57fc8cc#\0971a8b6c82f7f67d4baa729d17ad00a\System.Management.Automation.ni.dll+133babf|UNKNOWN(00007FFED3505251)",,"Microsoft-Windows-Sysmon/Operational",,,,"wrk-colby.Ecorp.local",,,,,,,,,,,,"Microsoft-Windows-Sysmon/Operational",10,"<Data Name='RuleName'>technique_id=T1055.001,technique_name=Dynamic-link Library Injection</Data><Data Name='UtcTime'>2024-12-01 20:21:52.471</Data><Data Name='SourceProcessGUID'>{fc7e85d2-7eb7-674c-6505-000000002400}</Data><Data Name='SourceProcessId'>3400</Data><Data Name='SourceThreadId'>7272</Data><Data Name='SourceImage'>C:\Windows\System32\WindowsPowerShell\v1.0\powershell.exe</Data><Data Name='TargetProcessGUID'>{fc7e85d2-c560-674c-45cf-000000002400}</Data><Data Name='TargetProcessId'>10148</Data><Data Name='TargetImage'>C:\Users\tcolby\Downloads\fsociety2 (1).exe</Data><Data Name='GrantedAccess'>0x1fffff</Data><Data Name='CallTrace'>C:\Windows\SYSTEM32\ntdll.dll+9ee04|C:\Windows\System32\KERNELBASE.dll+53715|C:\Windows\System32\KERNELBASE.dll+50756|C:\Windows\System32\KERNEL32.DLL+1cef4|C:\Windows\assembly\NativeImages_v4.0.30319_64\System\acc30bc70b54b35ac1a841482f4edefb\System.ni.dll+3512f6|C:\Windows\assembly\NativeImages_v4.0.30319_64\System\acc30bc70b54b35ac1a841482f4edefb\System.ni.dll+2b3c49|C:\Windows\assembly\NativeImages_v4.0.30319_64\System\acc30bc70b54b35ac1a841482f4edefb\System.ni.dll+2b35b9|C:\Windows\assembly\NativeImages_v4.0.30319_64\System.Manaa57fc8cc#\0971a8b6c82f7f67d4baa729d17ad00a\System.Management.Automation.ni.dll+12a42d9|C:\Windows\assembly\NativeImages_v4.0.30319_64\System.Manaa57fc8cc#\0971a8b6c82f7f67d4baa729d17ad00a\System.Management.Automation.ni.dll+11ba82a|C:\Windows\assembly\NativeImages_v4.0.30319_64\System.Manaa57fc8cc#\0971a8b6c82f7f67d4baa729d17ad00a\System.Management.Automation.ni.dll+1265ecd|C:\Windows\assembly\NativeImages_v4.0.30319_64\System.Manaa57fc8cc#\0971a8b6c82f7f67d4baa729d17ad00a\System.Management.Automation.ni.dll+1265b8b|C:\Windows\assembly\NativeImages_v4.0.30319_64\System.Manaa57fc8cc#\0971a8b6c82f7f67d4baa729d17ad00a\System.Management.Automation.ni.dll+133babf|UNKNOWN(00007FFED3505251)</Data><Data Name='SourceUser'>ECORP\tcolby</Data><Data Name='TargetUser'>ECORP\tcolby</Data>",ProcessAccess,10,240538,,,,0x1fffff,"'{5770385f-c22a-43e0-bf4c-06f5698ffbd9}'",,,,,,,,,0x8000000000000000,4,,,,"'Microsoft-Windows-Sysmon'",0,,,,,,,,,"'3144'",,,,,,,240538,240538,,"technique_id=T1055.001,technique_name=Dynamic-link Library Injection",,,"S-1-5-18",,,,,"C:\Windows\System32\WindowsPowerShell\v1.0\powershell.exe",,,,,"{fc7e85d2-7eb7-674c-6505-000000002400}",3400,7272,"ECORP\tcolby",,"'2024-12-01T20:21:52.4732320Z'","<Provider Name='Microsoft-Windows-Sysmon' Guid='{5770385f-c22a-43e0-bf4c-06f5698ffbd9}'/><EventID>10</EventID><Version>3</Version><Level>4</Level><Task>10</Task><Opcode>0</Opcode><Keywords>0x8000000000000000</Keywords><TimeCreated SystemTime='2024-12-01T20:21:52.4732320Z'/><EventRecordID>240538</EventRecordID><Correlation/><Execution ProcessID='3144' ThreadID='4456'/><Channel>Microsoft-Windows-Sysmon/Operational</Channel><Computer>wrk-colby.Ecorp.local</Computer><Security UserID='S-1-5-18'/>",,"C:\Users\tcolby\Downloads\fsociety2 (1).exe",,"{fc7e85d2-c560-674c-45cf-000000002400}",10148,"ECORP\tcolby",10,,"'4456'","2024-12-01T20:21:52.4732320Z",,"'S-1-5-18'","2024-12-01 20:21:52.471",3,"<Event xmlns='http://schemas.microsoft.com/win/2004/08/events/event'><System><Provider Name='Microsoft-Windows-Sysmon' Guid='{5770385f-c22a-43e0-bf4c-06f5698ffbd9}'/><EventID>10</EventID><Version>3</Version><Level>4</Level><Task>10</Task><Opcode>0</Opcode><Keywords>0x8000000000000000</Keywords><TimeCreated SystemTime='2024-12-01T20:21:52.4732320Z'/><EventRecordID>240538</EventRecordID><Correlation/><Execution ProcessID='3144' ThreadID='4456'/><Channel>Microsoft-Windows-Sysmon/Operational</Channel><Computer>wrk-colby.Ecorp.local</Computer><Security UserID='S-1-5-18'/></System><EventData><Data Name='RuleName'>technique_id=T1055.001,technique_name=Dynamic-link Library Injection</Data><Data Name='UtcTime'>2024-12-01 20:21:52.471</Data><Data Name='SourceProcessGUID'>{fc7e85d2-7eb7-674c-6505-000000002400}</Data><Data Name='SourceProcessId'>3400</Data><Data Name='SourceThreadId'>7272</Data><Data Name='SourceImage'>C:\Windows\System32\WindowsPowerShell\v1.0\powershell.exe</Data><Data Name='TargetProcessGUID'>{fc7e85d2-c560-674c-45cf-000000002400}</Data><Data Name='TargetProcessId'>10148</Data><Data Name='TargetImage'>C:\Users\tcolby\Downloads\fsociety2 (1).exe</Data><Data Name='GrantedAccess'>0x1fffff</Data><Data Name='CallTrace'>C:\Windows\SYSTEM32\ntdll.dll+9ee04|C:\Windows\System32\KERNELBASE.dll+53715|C:\Windows\System32\KERNELBASE.dll+50756|C:\Windows\System32\KERNEL32.DLL+1cef4|C:\Windows\assembly\NativeImages_v4.0.30319_64\System\acc30bc70b54b35ac1a841482f4edefb\System.ni.dll+3512f6|C:\Windows\assembly\NativeImages_v4.0.30319_64\System\acc30bc70b54b35ac1a841482f4edefb\System.ni.dll+2b3c49|C:\Windows\assembly\NativeImages_v4.0.30319_64\System\acc30bc70b54b35ac1a841482f4edefb\System.ni.dll+2b35b9|C:\Windows\assembly\NativeImages_v4.0.30319_64\System.Manaa57fc8cc#\0971a8b6c82f7f67d4baa729d17ad00a\System.Management.Automation.ni.dll+12a42d9|C:\Windows\assembly\NativeImages_v4.0.30319_64\System.Manaa57fc8cc#\0971a8b6c82f7f67d4baa729d17ad00a\System.Management.Automation.ni.dll+11ba82a|C:\Windows\assembly\NativeImages_v4.0.30319_64\System.Manaa57fc8cc#\0971a8b6c82f7f67d4baa729d17ad00a\System.Management.Automation.ni.dll+1265ecd|C:\Windows\assembly\NativeImages_v4.0.30319_64\System.Manaa57fc8cc#\0971a8b6c82f7f67d4baa729d17ad00a\System.Management.Automation.ni.dll+1265b8b|C:\Windows\assembly\NativeImages_v4.0.30319_64\System.Manaa57fc8cc#\0971a8b6c82f7f67d4baa729d17ad00a\System.Management.Automation.ni.dll+133babf|UNKNOWN(00007FFED3505251)</Data><Data Name='SourceUser'>ECORP\tcolby</Data><Data Name='TargetUser'>ECORP\tcolby</Data></EventData></Event>","2024-12-01T15:21:52.471-0500",allowed,,,,,,,20,1,21,december,52,sunday,2024,0,,"wrk-colby.Ecorp.local",,,,,"wrk-colby.Ecorp.local",,"WRK-COLBY",240538,"endpoint_services_processes ms-sysmon-process windows_event_signature",,,,,,,0x1fffff,"WRK-COLBY",,,240538,main,1,,,,,,,,,"Microsoft Windows",,"powershell.exe","{fc7e85d2-7eb7-674c-6505-000000002400}",3400,"powershell.exe","C:\Windows\System32\WindowsPowerShell\v1.0\powershell.exe",,,,"fsociety2 (1).exe","{fc7e85d2-c560-674c-45cf-000000002400}",,10148,,"fsociety2 (1).exe","C:\Users\tcolby\Downloads\fsociety2 (1).exe",,,"<_='://../////'><><_='--'_='{----}'/><></><></><><",,,,,,,,,,,,,,,,,,,,,informational,4,ProcessAccess,10,"XmlWinEventLog:Microsoft-Windows-Sysmon/Operational",XmlWinEventLog,"wrk-colby",,,,,,,,,,,,"process
report
track_event_signatures",,"process
report
track_event_signatures",734,711,,,,,,,tcolby,,"'S-1-5-18'",,"Microsoft Sysmon"
,,,"Microsoft-Windows-Sysmon/Operational",,"""C:\Users\tcolby\Downloads\fsociety2 (1).exe""","-","wrk-colby.Ecorp.local",,,"C:\Users\tcolby\Downloads\",Apollo,,,,,,,,"Microsoft-Windows-Sysmon/Operational",1,"<Data Name='RuleName'>technique_id=T1036,technique_name=Masquerading</Data><Data Name='UtcTime'>2024-12-01 20:21:52.457</Data><Data Name='ProcessGuid'>{fc7e85d2-c560-674c-45cf-000000002400}</Data><Data Name='ProcessId'>10148</Data><Data Name='Image'>C:\Users\tcolby\Downloads\fsociety2 (1).exe</Data><Data Name='FileVersion'>1.0.0.0</Data><Data Name='Description'>Apollo</Data><Data Name='Product'>Apollo</Data><Data Name='Company'>-</Data><Data Name='OriginalFileName'>Apollo.exe</Data><Data Name='CommandLine'>""C:\Users\tcolby\Downloads\fsociety2 (1).exe""</Data><Data Name='CurrentDirectory'>C:\Users\tcolby\Downloads\</Data><Data Name='User'>ECORP\tcolby</Data><Data Name='LogonGuid'>{fc7e85d2-7d9d-674c-7e54-180000000000}</Data><Data Name='LogonId'>0x18547e</Data><Data Name='TerminalSessionId'>1</Data><Data Name='IntegrityLevel'>High</Data><Data Name='Hashes'>SHA1=020F2EB10D13D6BDDA038576418A9EE73A6CC7D5,MD5=B7E87AA5A313C3D03F4E269D7AF847B6,SHA256=8FD504232D3051CA0C228CD90515846E5144F7F0E9F946AC04218B9BDE9D580B,IMPHASH=F34D5F2D4577ED6D9CEEC516C1F5A744</Data><Data Name='ParentProcessGuid'>{fc7e85d2-7eb7-674c-6505-000000002400}</Data><Data Name='ParentProcessId'>3400</Data><Data Name='ParentImage'>C:\Windows\System32\WindowsPowerShell\v1.0\powershell.exe</Data><Data Name='ParentCommandLine'>""C:\Windows\System32\WindowsPowerShell\v1.0\powershell.exe"" </Data><Data Name='ParentUser'>ECORP\tcolby</Data>","Process creation",1,240537,,"1.0.0.0",,,"'{5770385f-c22a-43e0-bf4c-06f5698ffbd9}'","SHA1=020F2EB10D13D6BDDA038576418A9EE73A6CC7D5,MD5=B7E87AA5A313C3D03F4E269D7AF847B6,SHA256=8FD504232D3051CA0C228CD90515846E5144F7F0E9F946AC04218B9BDE9D580B,IMPHASH=F34D5F2D4577ED6D9CEEC516C1F5A744",F34D5F2D4577ED6D9CEEC516C1F5A744,"C:\Users\tcolby\Downloads\fsociety2 (1).exe",,,,High,,0x8000000000000000,4,"{fc7e85d2-7d9d-674c-7e54-180000000000}",0x18547e,B7E87AA5A313C3D03F4E269D7AF847B6,"'Microsoft-Windows-Sysmon'",0,"Apollo.exe","""C:\Windows\System32\WindowsPowerShell\v1.0\powershell.exe""","C:\Windows\System32\WindowsPowerShell\v1.0\powershell.exe","{fc7e85d2-7eb7-674c-6505-000000002400}",3400,"ECORP\tcolby",,"{fc7e85d2-c560-674c-45cf-000000002400}","'3144'",10148,Apollo,,,,,240537,240537,,"technique_id=T1036,technique_name=Masquerading",020F2EB10D13D6BDDA038576418A9EE73A6CC7D5,8FD504232D3051CA0C228CD90515846E5144F7F0E9F946AC04218B9BDE9D580B,"S-1-5-18",,,,,,,,,,,,,,,"'2024-12-01T20:21:52.4731512Z'","<Provider Name='Microsoft-Windows-Sysmon' Guid='{5770385f-c22a-43e0-bf4c-06f5698ffbd9}'/><EventID>1</EventID><Version>5</Version><Level>4</Level><Task>1</Task><Opcode>0</Opcode><Keywords>0x8000000000000000</Keywords><TimeCreated SystemTime='2024-12-01T20:21:52.4731512Z'/><EventRecordID>240537</EventRecordID><Correlation/><Execution ProcessID='3144' ThreadID='4456'/><Channel>Microsoft-Windows-Sysmon/Operational</Channel><Computer>wrk-colby.Ecorp.local</Computer><Security UserID='S-1-5-18'/>",,,,,,,1,1,"'4456'","2024-12-01T20:21:52.4731512Z","ECORP\tcolby","'S-1-5-18'","2024-12-01 20:21:52.457",5,"<Event xmlns='http://schemas.microsoft.com/win/2004/08/events/event'><System><Provider Name='Microsoft-Windows-Sysmon' Guid='{5770385f-c22a-43e0-bf4c-06f5698ffbd9}'/><EventID>1</EventID><Version>5</Version><Level>4</Level><Task>1</Task><Opcode>0</Opcode><Keywords>0x8000000000000000</Keywords><TimeCreated SystemTime='2024-12-01T20:21:52.4731512Z'/><EventRecordID>240537</EventRecordID><Correlation/><Execution ProcessID='3144' ThreadID='4456'/><Channel>Microsoft-Windows-Sysmon/Operational</Channel><Computer>wrk-colby.Ecorp.local</Computer><Security UserID='S-1-5-18'/></System><EventData><Data Name='RuleName'>technique_id=T1036,technique_name=Masquerading</Data><Data Name='UtcTime'>2024-12-01 20:21:52.457</Data><Data Name='ProcessGuid'>{fc7e85d2-c560-674c-45cf-000000002400}</Data><Data Name='ProcessId'>10148</Data><Data Name='Image'>C:\Users\tcolby\Downloads\fsociety2 (1).exe</Data><Data Name='FileVersion'>1.0.0.0</Data><Data Name='Description'>Apollo</Data><Data Name='Product'>Apollo</Data><Data Name='Company'>-</Data><Data Name='OriginalFileName'>Apollo.exe</Data><Data Name='CommandLine'>""C:\Users\tcolby\Downloads\fsociety2 (1).exe""</Data><Data Name='CurrentDirectory'>C:\Users\tcolby\Downloads\</Data><Data Name='User'>ECORP\tcolby</Data><Data Name='LogonGuid'>{fc7e85d2-7d9d-674c-7e54-180000000000}</Data><Data Name='LogonId'>0x18547e</Data><Data Name='TerminalSessionId'>1</Data><Data Name='IntegrityLevel'>High</Data><Data Name='Hashes'>SHA1=020F2EB10D13D6BDDA038576418A9EE73A6CC7D5,MD5=B7E87AA5A313C3D03F4E269D7AF847B6,SHA256=8FD504232D3051CA0C228CD90515846E5144F7F0E9F946AC04218B9BDE9D580B,IMPHASH=F34D5F2D4577ED6D9CEEC516C1F5A744</Data><Data Name='ParentProcessGuid'>{fc7e85d2-7eb7-674c-6505-000000002400}</Data><Data Name='ParentProcessId'>3400</Data><Data Name='ParentImage'>C:\Windows\System32\WindowsPowerShell\v1.0\powershell.exe</Data><Data Name='ParentCommandLine'>""C:\Windows\System32\WindowsPowerShell\v1.0\powershell.exe"" </Data><Data Name='ParentUser'>ECORP\tcolby</Data></EventData></Event>","2024-12-01T15:21:52.457-0500",allowed,,,,,,,20,1,21,december,52,sunday,2024,0,,"wrk-colby.Ecorp.local",,,,,"wrk-colby.Ecorp.local",,"WRK-COLBY",240537,"endpoint_services_processes ms-sysmon-process windows_event_signature",,,,,,,,"WRK-COLBY",,,240537,main,1,,,,,,,,"Apollo.exe","Microsoft Windows",,"powershell.exe","{fc7e85d2-7eb7-674c-6505-000000002400}",3400,"powershell.exe","C:\Windows\System32\WindowsPowerShell\v1.0\powershell.exe",,"""C:\Users\tcolby\Downloads\fsociety2 (1).exe""","C:\Users\tcolby\Downloads\","fsociety2 (1).exe","{fc7e85d2-c560-674c-45cf-000000002400}","SHA1=020F2EB10D13D6BDDA038576418A9EE73A6CC7D5,MD5=B7E87AA5A313C3D03F4E269D7AF847B6,SHA256=8FD504232D3051CA0C228CD90515846E5144F7F0E9F946AC04218B9BDE9D580B,IMPHASH=F34D5F2D4577ED6D9CEEC516C1F5A744",10148,High,"fsociety2 (1).exe","C:\Users\tcolby\Downloads\fsociety2 (1).exe",,,"<_='://../////'><><_='--'_='{----}'/><></><></><><",,,,,,,,,,,,,,,,,,,,,informational,4,"Process creation",1,"XmlWinEventLog:Microsoft-Windows-Sysmon/Operational",XmlWinEventLog,"wrk-colby",,,,,,,,,,,,"process
report
track_event_signatures",,"process
report
track_event_signatures",710,687,,,,,,,tcolby,,"'S-1-5-18'",,"Microsoft Sysmon"
,,,"Microsoft-Windows-Sysmon/Operational",,,"Microsoft Corporation","wrk-colby.Ecorp.local",,,,WMI,,,,,,,,"Microsoft-Windows-Sysmon/Operational",7,"<Data Name='RuleName'>technique_id=T1047,technique_name=Windows Management Instrumentation</Data><Data Name='UtcTime'>2024-12-01 20:21:18.070</Data><Data Name='ProcessGuid'>{fc7e85d2-c53d-674c-eece-000000002400}</Data><Data Name='ProcessId'>9536</Data><Data Name='Image'>C:\Windows\System32\wbem\WmiPrvSE.exe</Data><Data Name='ImageLoaded'>C:\Windows\System32\wbem\wmiutils.dll</Data><Data Name='FileVersion'>10.0.19041.4474 (WinBuild.160101.0800)</Data><Data Name='Description'>WMI</Data><Data Name='Product'>Microsoft® Windows® Operating System</Data><Data Name='Company'>Microsoft Corporation</Data><Data Name='OriginalFileName'>wmiutils.dll</Data><Data Name='Hashes'>SHA1=B0A2BB829A84EBD3AE771C7827DFB18A769CFA4F,MD5=772DC322542BA8EB2FDF4242C54DDECA,SHA256=460C31B0EAB2954B5FB3B2E30BA47C1A0BC5EA972108FF4B42D3BB5A5A42E3F5,IMPHASH=0D31E6D27B954AD879CB4DF742982F1A</Data><Data Name='Signed'>true</Data><Data Name='Signature'>Microsoft Windows</Data><Data Name='SignatureStatus'>Valid</Data><Data Name='User'>NT AUTHORITY\NETWORK SERVICE</Data>","Image loaded",7,240536,,"10.0.19041.4474 (WinBuild.160101.0800)",,,"'{5770385f-c22a-43e0-bf4c-06f5698ffbd9}'","SHA1=B0A2BB829A84EBD3AE771C7827DFB18A769CFA4F,MD5=772DC322542BA8EB2FDF4242C54DDECA,SHA256=460C31B0EAB2954B5FB3B2E30BA47C1A0BC5EA972108FF4B42D3BB5A5A42E3F5,IMPHASH=0D31E6D27B954AD879CB4DF742982F1A",0D31E6D27B954AD879CB4DF742982F1A,"C:\Windows\System32\wbem\WmiPrvSE.exe","C:\Windows\System32\wbem\wmiutils.dll",,,,,0x8000000000000000,4,,,772DC322542BA8EB2FDF4242C54DDECA,"'Microsoft-Windows-Sysmon'",0,"wmiutils.dll",,,,,,,"{fc7e85d2-c53d-674c-eece-000000002400}","'3144'",9536,"Microsoft® Windows® Operating System",,,,,240536,240536,,"technique_id=T1047,technique_name=Windows Management Instrumentation",B0A2BB829A84EBD3AE771C7827DFB18A769CFA4F,460C31B0EAB2954B5FB3B2E30BA47C1A0BC5EA972108FF4B42D3BB5A5A42E3F5,"S-1-5-18","Microsoft Windows",Valid,true,,,,,,,,,,,,"'2024-12-01T20:21:18.0864952Z'","<Provider Name='Microsoft-Windows-Sysmon' Guid='{5770385f-c22a-43e0-bf4c-06f5698ffbd9}'/><EventID>7</EventID><Version>3</Version><Level>4</Level><Task>7</Task><Opcode>0</Opcode><Keywords>0x8000000000000000</Keywords><TimeCreated SystemTime='2024-12-01T20:21:18.0864952Z'/><EventRecordID>240536</EventRecordID><Correlation/><Execution ProcessID='3144' ThreadID='4460'/><Channel>Microsoft-Windows-Sysmon/Operational</Channel><Computer>wrk-colby.Ecorp.local</Computer><Security UserID='S-1-5-18'/>",,,,,,,7,,"'4460'","2024-12-01T20:21:18.0864952Z","NT AUTHORITY\NETWORK SERVICE","'S-1-5-18'","2024-12-01 20:21:18.070",3,"<Event xmlns='http://schemas.microsoft.com/win/2004/08/events/event'><System><Provider Name='Microsoft-Windows-Sysmon' Guid='{5770385f-c22a-43e0-bf4c-06f5698ffbd9}'/><EventID>7</EventID><Version>3</Version><Level>4</Level><Task>7</Task><Opcode>0</Opcode><Keywords>0x8000000000000000</Keywords><TimeCreated SystemTime='2024-12-01T20:21:18.0864952Z'/><EventRecordID>240536</EventRecordID><Correlation/><Execution ProcessID='3144' ThreadID='4460'/><Channel>Microsoft-Windows-Sysmon/Operational</Channel><Computer>wrk-colby.Ecorp.local</Computer><Security UserID='S-1-5-18'/></System><EventData><Data Name='RuleName'>technique_id=T1047,technique_name=Windows Management Instrumentation</Data><Data Name='UtcTime'>2024-12-01 20:21:18.070</Data><Data Name='ProcessGuid'>{fc7e85d2-c53d-674c-eece-000000002400}</Data><Data Name='ProcessId'>9536</Data><Data Name='Image'>C:\Windows\System32\wbem\WmiPrvSE.exe</Data><Data Name='ImageLoaded'>C:\Windows\System32\wbem\wmiutils.dll</Data><Data Name='FileVersion'>10.0.19041.4474 (WinBuild.160101.0800)</Data><Data Name='Description'>WMI</Data><Data Name='Product'>Microsoft® Windows® Operating System</Data><Data Name='Company'>Microsoft Corporation</Data><Data Name='OriginalFileName'>wmiutils.dll</Data><Data Name='Hashes'>SHA1=B0A2BB829A84EBD3AE771C7827DFB18A769CFA4F,MD5=772DC322542BA8EB2FDF4242C54DDECA,SHA256=460C31B0EAB2954B5FB3B2E30BA47C1A0BC5EA972108FF4B42D3BB5A5A42E3F5,IMPHASH=0D31E6D27B954AD879CB4DF742982F1A</Data><Data Name='Signed'>true</Data><Data Name='Signature'>Microsoft Windows</Data><Data Name='SignatureStatus'>Valid</Data><Data Name='User'>NT AUTHORITY\NETWORK SERVICE</Data></EventData></Event>","2024-12-01T15:21:18.070-0500",success,,,,,,,20,1,21,december,18,sunday,2024,0,,"wrk-colby.Ecorp.local",,,,,"wrk-colby.Ecorp.local",,"WRK-COLBY",240536,"endpoint_services_processes ms-sysmon-process windows_event_signature",,,,,,,,"WRK-COLBY",,,240536,main,1,"wmiutils.dll","C:\Windows\System32\wbem\wmiutils.dll",,,,,,"wmiutils.dll","Microsoft Windows",,,,,,,,,,"WmiPrvSE.exe","{fc7e85d2-c53d-674c-eece-000000002400}","SHA1=B0A2BB829A84EBD3AE771C7827DFB18A769CFA4F,MD5=772DC322542BA8EB2FDF4242C54DDECA,SHA256=460C31B0EAB2954B5FB3B2E30BA47C1A0BC5EA972108FF4B42D3BB5A5A42E3F5,IMPHASH=0D31E6D27B954AD879CB4DF742982F1A",9536,,"WmiPrvSE.exe","C:\Windows\System32\wbem\WmiPrvSE.exe",,,"<_='://../////'><><_='--'_='{----}'/><></><></><><",,,,,,,,,,,,,,,true,true,,,,,informational,4,"Image loaded",7,"XmlWinEventLog:Microsoft-Windows-Sysmon/Operational",XmlWinEventLog,"wrk-colby",,,,,,,,,,,,"process
report
track_event_signatures",,"process
report
track_event_signatures",732,709,,,,,,,"NETWORK SERVICE",,"'S-1-5-18'",,"Microsoft Sysmon"
,,,"Microsoft-Windows-Sysmon/Operational",,"C:\Windows\system32\wbem\wmiprvse.exe -secured -Embedding","Microsoft Corporation","wrk-colby.Ecorp.local",,,"C:\Windows\system32\","WMI Provider Host",,,,,,,,"Microsoft-Windows-Sysmon/Operational",1,"<Data Name='RuleName'>technique_id=T1047,technique_name=Windows Management Instrumentation</Data><Data Name='UtcTime'>2024-12-01 20:21:17.886</Data><Data Name='ProcessGuid'>{fc7e85d2-c53d-674c-eece-000000002400}</Data><Data Name='ProcessId'>9536</Data><Data Name='Image'>C:\Windows\System32\wbem\WmiPrvSE.exe</Data><Data Name='FileVersion'>10.0.19041.3636 (WinBuild.160101.0800)</Data><Data Name='Description'>WMI Provider Host</Data><Data Name='Product'>Microsoft® Windows® Operating System</Data><Data Name='Company'>Microsoft Corporation</Data><Data Name='OriginalFileName'>Wmiprvse.exe</Data><Data Name='CommandLine'>C:\Windows\system32\wbem\wmiprvse.exe -secured -Embedding</Data><Data Name='CurrentDirectory'>C:\Windows\system32\</Data><Data Name='User'>NT AUTHORITY\NETWORK SERVICE</Data><Data Name='LogonGuid'>{fc7e85d2-7d4f-674c-e403-000000000000}</Data><Data Name='LogonId'>0x3e4</Data><Data Name='TerminalSessionId'>0</Data><Data Name='IntegrityLevel'>System</Data><Data Name='Hashes'>SHA1=7F530281C5BA86B81AE4230DAB1617CB55260D9E,MD5=8BB61C2B1E34FF3C778CF150BDF08238,SHA256=8BBDEAD7357AF7BF0EFE397F9FD7E0EC578755EB8BDBAA65AE4F28EF00087AD5,IMPHASH=B71CB3AC5C352BEC857C940CBC95F0F3</Data><Data Name='ParentProcessGuid'>{00000000-0000-0000-0000-000000000000}</Data><Data Name='ParentProcessId'>784</Data><Data Name='ParentImage'>-</Data><Data Name='ParentCommandLine'>-</Data><Data Name='ParentUser'>-</Data>","Process creation",1,240535,,"10.0.19041.3636 (WinBuild.160101.0800)",,,"'{5770385f-c22a-43e0-bf4c-06f5698ffbd9}'","SHA1=7F530281C5BA86B81AE4230DAB1617CB55260D9E,MD5=8BB61C2B1E34FF3C778CF150BDF08238,SHA256=8BBDEAD7357AF7BF0EFE397F9FD7E0EC578755EB8BDBAA65AE4F28EF00087AD5,IMPHASH=B71CB3AC5C352BEC857C940CBC95F0F3",B71CB3AC5C352BEC857C940CBC95F0F3,"C:\Windows\System32\wbem\WmiPrvSE.exe",,,,System,,0x8000000000000000,4,"{fc7e85d2-7d4f-674c-e403-000000000000}",0x3e4,8BB61C2B1E34FF3C778CF150BDF08238,"'Microsoft-Windows-Sysmon'",0,"Wmiprvse.exe","-","-","{00000000-0000-0000-0000-000000000000}",784,"-",,"{fc7e85d2-c53d-674c-eece-000000002400}","'3144'",9536,"Microsoft® Windows® Operating System",,,,,240535,240535,,"technique_id=T1047,technique_name=Windows Management Instrumentation",7F530281C5BA86B81AE4230DAB1617CB55260D9E,8BBDEAD7357AF7BF0EFE397F9FD7E0EC578755EB8BDBAA65AE4F28EF00087AD5,"S-1-5-18",,,,,,,,,,,,,,,"'2024-12-01T20:21:17.8925394Z'","<Provider Name='Microsoft-Windows-Sysmon' Guid='{5770385f-c22a-43e0-bf4c-06f5698ffbd9}'/><EventID>1</EventID><Version>5</Version><Level>4</Level><Task>1</Task><Opcode>0</Opcode><Keywords>0x8000000000000000</Keywords><TimeCreated SystemTime='2024-12-01T20:21:17.8925394Z'/><EventRecordID>240535</EventRecordID><Correlation/><Execution ProcessID='3144' ThreadID='4456'/><Channel>Microsoft-Windows-Sysmon/Operational</Channel><Computer>wrk-colby.Ecorp.local</Computer><Security UserID='S-1-5-18'/>",,,,,,,1,0,"'4456'","2024-12-01T20:21:17.8925394Z","NT AUTHORITY\NETWORK SERVICE","'S-1-5-18'","2024-12-01 20:21:17.886",5,"<Event xmlns='http://schemas.microsoft.com/win/2004/08/events/event'><System><Provider Name='Microsoft-Windows-Sysmon' Guid='{5770385f-c22a-43e0-bf4c-06f5698ffbd9}'/><EventID>1</EventID><Version>5</Version><Level>4</Level><Task>1</Task><Opcode>0</Opcode><Keywords>0x8000000000000000</Keywords><TimeCreated SystemTime='2024-12-01T20:21:17.8925394Z'/><EventRecordID>240535</EventRecordID><Correlation/><Execution ProcessID='3144' ThreadID='4456'/><Channel>Microsoft-Windows-Sysmon/Operational</Channel><Computer>wrk-colby.Ecorp.local</Computer><Security UserID='S-1-5-18'/></System><EventData><Data Name='RuleName'>technique_id=T1047,technique_name=Windows Management Instrumentation</Data><Data Name='UtcTime'>2024-12-01 20:21:17.886</Data><Data Name='ProcessGuid'>{fc7e85d2-c53d-674c-eece-000000002400}</Data><Data Name='ProcessId'>9536</Data><Data Name='Image'>C:\Windows\System32\wbem\WmiPrvSE.exe</Data><Data Name='FileVersion'>10.0.19041.3636 (WinBuild.160101.0800)</Data><Data Name='Description'>WMI Provider Host</Data><Data Name='Product'>Microsoft® Windows® Operating System</Data><Data Name='Company'>Microsoft Corporation</Data><Data Name='OriginalFileName'>Wmiprvse.exe</Data><Data Name='CommandLine'>C:\Windows\system32\wbem\wmiprvse.exe -secured -Embedding</Data><Data Name='CurrentDirectory'>C:\Windows\system32\</Data><Data Name='User'>NT AUTHORITY\NETWORK SERVICE</Data><Data Name='LogonGuid'>{fc7e85d2-7d4f-674c-e403-000000000000}</Data><Data Name='LogonId'>0x3e4</Data><Data Name='TerminalSessionId'>0</Data><Data Name='IntegrityLevel'>System</Data><Data Name='Hashes'>SHA1=7F530281C5BA86B81AE4230DAB1617CB55260D9E,MD5=8BB61C2B1E34FF3C778CF150BDF08238,SHA256=8BBDEAD7357AF7BF0EFE397F9FD7E0EC578755EB8BDBAA65AE4F28EF00087AD5,IMPHASH=B71CB3AC5C352BEC857C940CBC95F0F3</Data><Data Name='ParentProcessGuid'>{00000000-0000-0000-0000-000000000000}</Data><Data Name='ParentProcessId'>784</Data><Data Name='ParentImage'>-</Data><Data Name='ParentCommandLine'>-</Data><Data Name='ParentUser'>-</Data></EventData></Event>","2024-12-01T15:21:17.886-0500",allowed,,,,,,,20,1,21,december,17,sunday,2024,0,,"wrk-colby.Ecorp.local",,,,,"wrk-colby.Ecorp.local",,"WRK-COLBY",240535,"endpoint_services_processes ms-sysmon-process windows_event_signature",,,,,,,,"WRK-COLBY",,,240535,main,1,,,,,,,,"Wmiprvse.exe","Microsoft Windows",,"-","{00000000-0000-0000-0000-000000000000}",784,"-","-",,"C:\Windows\system32\wbem\wmiprvse.exe -secured -Embedding","C:\Windows\system32\","WmiPrvSE.exe","{fc7e85d2-c53d-674c-eece-000000002400}","SHA1=7F530281C5BA86B81AE4230DAB1617CB55260D9E,MD5=8BB61C2B1E34FF3C778CF150BDF08238,SHA256=8BBDEAD7357AF7BF0EFE397F9FD7E0EC578755EB8BDBAA65AE4F28EF00087AD5,IMPHASH=B71CB3AC5C352BEC857C940CBC95F0F3",9536,System,"WmiPrvSE.exe","C:\Windows\System32\wbem\WmiPrvSE.exe",,,"<_='://../////'><><_='--'_='{----}'/><></><></><><",,,,,,,,,,,,,,,,,,,,,informational,4,"Process creation",1,"XmlWinEventLog:Microsoft-Windows-Sysmon/Operational",XmlWinEventLog,"wrk-colby",,,,,,,,,,,,"process
report
track_event_signatures",,"process
report
track_event_signatures",732,709,,,,,,,"NETWORK SERVICE",,"'S-1-5-18'",,"Microsoft Sysmon"
,,,"Microsoft-Windows-Sysmon/Operational",,,"Microsoft Corporation","wrk-colby.Ecorp.local",,,,"OLE32 Extensions for Win32",,,,,,,,"Microsoft-Windows-Sysmon/Operational",7,"<Data Name='RuleName'>-</Data><Data Name='UtcTime'>2024-12-01 20:21:17.809</Data><Data Name='ProcessGuid'>{fc7e85d2-c53d-674c-edce-000000002400}</Data><Data Name='ProcessId'>6248</Data><Data Name='Image'>C:\Windows\System32\smartscreen.exe</Data><Data Name='ImageLoaded'>C:\Windows\System32\urlmon.dll</Data><Data Name='FileVersion'>11.00.19041.5072 (WinBuild.160101.0800)</Data><Data Name='Description'>OLE32 Extensions for Win32</Data><Data Name='Product'>Internet Explorer</Data><Data Name='Company'>Microsoft Corporation</Data><Data Name='OriginalFileName'>UrlMon.dll</Data><Data Name='Hashes'>SHA1=1DB1F9F5C4E4A65FF74E1BA55027C756E01BC7E8,MD5=1B26A1939226185340ABCF4F112D52C5,SHA256=B5AC75AE86CAC11FE4063B271273B5E695824E2324A54C7E9A77BDE7BB6C6A88,IMPHASH=22019FF0DD6B140CC5C75C9E26641C22</Data><Data Name='Signed'>true</Data><Data Name='Signature'>Microsoft Windows</Data><Data Name='SignatureStatus'>Valid</Data><Data Name='User'>ECORP\tcolby</Data>","Image loaded",7,240534,,"11.00.19041.5072 (WinBuild.160101.0800)",,,"'{5770385f-c22a-43e0-bf4c-06f5698ffbd9}'","SHA1=1DB1F9F5C4E4A65FF74E1BA55027C756E01BC7E8,MD5=1B26A1939226185340ABCF4F112D52C5,SHA256=B5AC75AE86CAC11FE4063B271273B5E695824E2324A54C7E9A77BDE7BB6C6A88,IMPHASH=22019FF0DD6B140CC5C75C9E26641C22",22019FF0DD6B140CC5C75C9E26641C22,"C:\Windows\System32\smartscreen.exe","C:\Windows\System32\urlmon.dll",,,,,0x8000000000000000,4,,,1B26A1939226185340ABCF4F112D52C5,"'Microsoft-Windows-Sysmon'",0,"UrlMon.dll",,,,,,,"{fc7e85d2-c53d-674c-edce-000000002400}","'3144'",6248,"Internet Explorer",,,,,240534,240534,,"-",1DB1F9F5C4E4A65FF74E1BA55027C756E01BC7E8,B5AC75AE86CAC11FE4063B271273B5E695824E2324A54C7E9A77BDE7BB6C6A88,"S-1-5-18","Microsoft Windows",Valid,true,,,,,,,,,,,,"'2024-12-01T20:21:17.8129303Z'","<Provider Name='Microsoft-Windows-Sysmon' Guid='{5770385f-c22a-43e0-bf4c-06f5698ffbd9}'/><EventID>7</EventID><Version>3</Version><Level>4</Level><Task>7</Task><Opcode>0</Opcode><Keywords>0x8000000000000000</Keywords><TimeCreated SystemTime='2024-12-01T20:21:17.8129303Z'/><EventRecordID>240534</EventRecordID><Correlation/><Execution ProcessID='3144' ThreadID='4456'/><Channel>Microsoft-Windows-Sysmon/Operational</Channel><Computer>wrk-colby.Ecorp.local</Computer><Security UserID='S-1-5-18'/>",,,,,,,7,,"'4456'","2024-12-01T20:21:17.8129303Z","ECORP\tcolby","'S-1-5-18'","2024-12-01 20:21:17.809",3,"<Event xmlns='http://schemas.microsoft.com/win/2004/08/events/event'><System><Provider Name='Microsoft-Windows-Sysmon' Guid='{5770385f-c22a-43e0-bf4c-06f5698ffbd9}'/><EventID>7</EventID><Version>3</Version><Level>4</Level><Task>7</Task><Opcode>0</Opcode><Keywords>0x8000000000000000</Keywords><TimeCreated SystemTime='2024-12-01T20:21:17.8129303Z'/><EventRecordID>240534</EventRecordID><Correlation/><Execution ProcessID='3144' ThreadID='4456'/><Channel>Microsoft-Windows-Sysmon/Operational</Channel><Computer>wrk-colby.Ecorp.local</Computer><Security UserID='S-1-5-18'/></System><EventData><Data Name='RuleName'>-</Data><Data Name='UtcTime'>2024-12-01 20:21:17.809</Data><Data Name='ProcessGuid'>{fc7e85d2-c53d-674c-edce-000000002400}</Data><Data Name='ProcessId'>6248</Data><Data Name='Image'>C:\Windows\System32\smartscreen.exe</Data><Data Name='ImageLoaded'>C:\Windows\System32\urlmon.dll</Data><Data Name='FileVersion'>11.00.19041.5072 (WinBuild.160101.0800)</Data><Data Name='Description'>OLE32 Extensions for Win32</Data><Data Name='Product'>Internet Explorer</Data><Data Name='Company'>Microsoft Corporation</Data><Data Name='OriginalFileName'>UrlMon.dll</Data><Data Name='Hashes'>SHA1=1DB1F9F5C4E4A65FF74E1BA55027C756E01BC7E8,MD5=1B26A1939226185340ABCF4F112D52C5,SHA256=B5AC75AE86CAC11FE4063B271273B5E695824E2324A54C7E9A77BDE7BB6C6A88,IMPHASH=22019FF0DD6B140CC5C75C9E26641C22</Data><Data Name='Signed'>true</Data><Data Name='Signature'>Microsoft Windows</Data><Data Name='SignatureStatus'>Valid</Data><Data Name='User'>ECORP\tcolby</Data></EventData></Event>","2024-12-01T15:21:17.809-0500",success,,,,,,,20,1,21,december,17,sunday,2024,0,,"wrk-colby.Ecorp.local",,,,,"wrk-colby.Ecorp.local",,"WRK-COLBY",240534,"endpoint_services_processes ms-sysmon-process windows_event_signature",,,,,,,,"WRK-COLBY",,,240534,main,1,"urlmon.dll","C:\Windows\System32\urlmon.dll",,,,,,"UrlMon.dll","Microsoft Windows",,,,,,,,,,"smartscreen.exe","{fc7e85d2-c53d-674c-edce-000000002400}","SHA1=1DB1F9F5C4E4A65FF74E1BA55027C756E01BC7E8,MD5=1B26A1939226185340ABCF4F112D52C5,SHA256=B5AC75AE86CAC11FE4063B271273B5E695824E2324A54C7E9A77BDE7BB6C6A88,IMPHASH=22019FF0DD6B140CC5C75C9E26641C22",6248,,"smartscreen.exe","C:\Windows\System32\smartscreen.exe",,,"<_='://../////'><><_='--'_='{----}'/><></><></><><",,,,,,,,,,,,,,,true,true,,,,,informational,4,"Image loaded",7,"XmlWinEventLog:Microsoft-Windows-Sysmon/Operational",XmlWinEventLog,"wrk-colby",,,,,,,,,,,,"process
report
track_event_signatures",,"process
report
track_event_signatures",665,642,,,,,,,tcolby,,"'S-1-5-18'",,"Microsoft Sysmon"
,,,"Microsoft-Windows-Sysmon/Operational",,,"Microsoft Corporation","wrk-colby.Ecorp.local",,,,"OLE32 Extensions for Win32",,,,,,,,"Microsoft-Windows-Sysmon/Operational",7,"<Data Name='RuleName'>-</Data><Data Name='UtcTime'>2024-12-01 20:21:17.227</Data><Data Name='ProcessGuid'>{fc7e85d2-c53d-674c-eace-000000002400}</Data><Data Name='ProcessId'>9972</Data><Data Name='Image'>C:\Windows\SystemApps\Microsoft.Windows.SecHealthUI_cw5n1h2txyewy\SecHealthUI.exe</Data><Data Name='ImageLoaded'>C:\Windows\System32\urlmon.dll</Data><Data Name='FileVersion'>11.00.19041.5072 (WinBuild.160101.0800)</Data><Data Name='Description'>OLE32 Extensions for Win32</Data><Data Name='Product'>Internet Explorer</Data><Data Name='Company'>Microsoft Corporation</Data><Data Name='OriginalFileName'>UrlMon.dll</Data><Data Name='Hashes'>SHA1=1DB1F9F5C4E4A65FF74E1BA55027C756E01BC7E8,MD5=1B26A1939226185340ABCF4F112D52C5,SHA256=B5AC75AE86CAC11FE4063B271273B5E695824E2324A54C7E9A77BDE7BB6C6A88,IMPHASH=22019FF0DD6B140CC5C75C9E26641C22</Data><Data Name='Signed'>true</Data><Data Name='Signature'>Microsoft Windows</Data><Data Name='SignatureStatus'>Valid</Data><Data Name='User'>ECORP\tcolby</Data>","Image loaded",7,240533,,"11.00.19041.5072 (WinBuild.160101.0800)",,,"'{5770385f-c22a-43e0-bf4c-06f5698ffbd9}'","SHA1=1DB1F9F5C4E4A65FF74E1BA55027C756E01BC7E8,MD5=1B26A1939226185340ABCF4F112D52C5,SHA256=B5AC75AE86CAC11FE4063B271273B5E695824E2324A54C7E9A77BDE7BB6C6A88,IMPHASH=22019FF0DD6B140CC5C75C9E26641C22",22019FF0DD6B140CC5C75C9E26641C22,"C:\Windows\SystemApps\Microsoft.Windows.SecHealthUI_cw5n1h2txyewy\SecHealthUI.exe","C:\Windows\System32\urlmon.dll",,,,,0x8000000000000000,4,,,1B26A1939226185340ABCF4F112D52C5,"'Microsoft-Windows-Sysmon'",0,"UrlMon.dll",,,,,,,"{fc7e85d2-c53d-674c-eace-000000002400}","'3144'",9972,"Internet Explorer",,,,,240533,240533,,"-",1DB1F9F5C4E4A65FF74E1BA55027C756E01BC7E8,B5AC75AE86CAC11FE4063B271273B5E695824E2324A54C7E9A77BDE7BB6C6A88,"S-1-5-18","Microsoft Windows",Valid,true,,,,,,,,,,,,"'2024-12-01T20:21:17.2313844Z'","<Provider Name='Microsoft-Windows-Sysmon' Guid='{5770385f-c22a-43e0-bf4c-06f5698ffbd9}'/><EventID>7</EventID><Version>3</Version><Level>4</Level><Task>7</Task><Opcode>0</Opcode><Keywords>0x8000000000000000</Keywords><TimeCreated SystemTime='2024-12-01T20:21:17.2313844Z'/><EventRecordID>240533</EventRecordID><Correlation/><Execution ProcessID='3144' ThreadID='4456'/><Channel>Microsoft-Windows-Sysmon/Operational</Channel><Computer>wrk-colby.Ecorp.local</Computer><Security UserID='S-1-5-18'/>",,,,,,,7,,"'4456'","2024-12-01T20:21:17.2313844Z","ECORP\tcolby","'S-1-5-18'","2024-12-01 20:21:17.227",3,"<Event xmlns='http://schemas.microsoft.com/win/2004/08/events/event'><System><Provider Name='Microsoft-Windows-Sysmon' Guid='{5770385f-c22a-43e0-bf4c-06f5698ffbd9}'/><EventID>7</EventID><Version>3</Version><Level>4</Level><Task>7</Task><Opcode>0</Opcode><Keywords>0x8000000000000000</Keywords><TimeCreated SystemTime='2024-12-01T20:21:17.2313844Z'/><EventRecordID>240533</EventRecordID><Correlation/><Execution ProcessID='3144' ThreadID='4456'/><Channel>Microsoft-Windows-Sysmon/Operational</Channel><Computer>wrk-colby.Ecorp.local</Computer><Security UserID='S-1-5-18'/></System><EventData><Data Name='RuleName'>-</Data><Data Name='UtcTime'>2024-12-01 20:21:17.227</Data><Data Name='ProcessGuid'>{fc7e85d2-c53d-674c-eace-000000002400}</Data><Data Name='ProcessId'>9972</Data><Data Name='Image'>C:\Windows\SystemApps\Microsoft.Windows.SecHealthUI_cw5n1h2txyewy\SecHealthUI.exe</Data><Data Name='ImageLoaded'>C:\Windows\System32\urlmon.dll</Data><Data Name='FileVersion'>11.00.19041.5072 (WinBuild.160101.0800)</Data><Data Name='Description'>OLE32 Extensions for Win32</Data><Data Name='Product'>Internet Explorer</Data><Data Name='Company'>Microsoft Corporation</Data><Data Name='OriginalFileName'>UrlMon.dll</Data><Data Name='Hashes'>SHA1=1DB1F9F5C4E4A65FF74E1BA55027C756E01BC7E8,MD5=1B26A1939226185340ABCF4F112D52C5,SHA256=B5AC75AE86CAC11FE4063B271273B5E695824E2324A54C7E9A77BDE7BB6C6A88,IMPHASH=22019FF0DD6B140CC5C75C9E26641C22</Data><Data Name='Signed'>true</Data><Data Name='Signature'>Microsoft Windows</Data><Data Name='SignatureStatus'>Valid</Data><Data Name='User'>ECORP\tcolby</Data></EventData></Event>","2024-12-01T15:21:17.227-0500",success,,,,,,,20,1,21,december,17,sunday,2024,0,,"wrk-colby.Ecorp.local",,,,,"wrk-colby.Ecorp.local",,"WRK-COLBY",240533,"endpoint_services_processes ms-sysmon-process windows_event_signature",,,,,,,,"WRK-COLBY",,,240533,main,1,"urlmon.dll","C:\Windows\System32\urlmon.dll",,,,,,"UrlMon.dll","Microsoft Windows",,,,,,,,,,"SecHealthUI.exe","{fc7e85d2-c53d-674c-eace-000000002400}","SHA1=1DB1F9F5C4E4A65FF74E1BA55027C756E01BC7E8,MD5=1B26A1939226185340ABCF4F112D52C5,SHA256=B5AC75AE86CAC11FE4063B271273B5E695824E2324A54C7E9A77BDE7BB6C6A88,IMPHASH=22019FF0DD6B140CC5C75C9E26641C22",9972,,"SecHealthUI.exe","C:\Windows\SystemApps\Microsoft.Windows.SecHealthUI_cw5n1h2txyewy\SecHealthUI.exe",,,"<_='://../////'><><_='--'_='{----}'/><></><></><><",,,,,,,,,,,,,,,true,true,,,,,informational,4,"Image loaded",7,"XmlWinEventLog:Microsoft-Windows-Sysmon/Operational",XmlWinEventLog,"wrk-colby",,,,,,,,,,,,"process
report
track_event_signatures",,"process
report
track_event_signatures",665,642,,,,,,,tcolby,,"'S-1-5-18'",,"Microsoft Sysmon"
,,,"Microsoft-Windows-Sysmon/Operational",,,,"wrk-colby.Ecorp.local",,,,,,,,,,,"Binary Data","Microsoft-Windows-Sysmon/Operational",13,"<Data Name='RuleName'>-</Data><Data Name='EventType'>SetValue</Data><Data Name='UtcTime'>2024-12-01 20:21:15.330</Data><Data Name='ProcessGuid'>{fc7e85d2-c53a-674c-e1ce-000000002400}</Data><Data Name='ProcessId'>5804</Data><Data Name='Image'>C:\Program Files (x86)\Microsoft\EdgeWebView\Application\131.0.2903.63\msedgewebview2.exe</Data><Data Name='TargetObject'>HKLM\System\CurrentControlSet\Services\bam\State\UserSettings\S-1-5-21-921492421-3060855610-3380895733-1106\Microsoft.Windows.Search_cw5n1h2txyewy</Data><Data Name='Details'>Binary Data</Data><Data Name='User'>ECORP\tcolby</Data>","RegistryEvent (Value Set)",13,240531,SetValue,,,,"'{5770385f-c22a-43e0-bf4c-06f5698ffbd9}'",,,"C:\Program Files (x86)\Microsoft\EdgeWebView\Application\131.0.2903.63\msedgewebview2.exe",,,,,,0x8000000000000000,4,,,,"'Microsoft-Windows-Sysmon'",0,,,,,,,,"{fc7e85d2-c53a-674c-e1ce-000000002400}","'3144'",5804,,,,,,240531,240531,,"-",,,"S-1-5-18",,,,,,,,,,,,,,,"'2024-12-01T20:21:15.3310849Z'","<Provider Name='Microsoft-Windows-Sysmon' Guid='{5770385f-c22a-43e0-bf4c-06f5698ffbd9}'/><EventID>13</EventID><Version>2</Version><Level>4</Level><Task>13</Task><Opcode>0</Opcode><Keywords>0x8000000000000000</Keywords><TimeCreated SystemTime='2024-12-01T20:21:15.3310849Z'/><EventRecordID>240531</EventRecordID><Correlation/><Execution ProcessID='3144' ThreadID='4456'/><Channel>Microsoft-Windows-Sysmon/Operational</Channel><Computer>wrk-colby.Ecorp.local</Computer><Security UserID='S-1-5-18'/>",,,"HKLM\System\CurrentControlSet\Services\bam\State\UserSettings\S-1-5-21-921492421-3060855610-3380895733-1106\Microsoft.Windows.Search_cw5n1h2txyewy",,,,13,,"'4456'","2024-12-01T20:21:15.3310849Z","ECORP\tcolby","'S-1-5-18'","2024-12-01 20:21:15.330",2,"<Event xmlns='http://schemas.microsoft.com/win/2004/08/events/event'><System><Provider Name='Microsoft-Windows-Sysmon' Guid='{5770385f-c22a-43e0-bf4c-06f5698ffbd9}'/><EventID>13</EventID><Version>2</Version><Level>4</Level><Task>13</Task><Opcode>0</Opcode><Keywords>0x8000000000000000</Keywords><TimeCreated SystemTime='2024-12-01T20:21:15.3310849Z'/><EventRecordID>240531</EventRecordID><Correlation/><Execution ProcessID='3144' ThreadID='4456'/><Channel>Microsoft-Windows-Sysmon/Operational</Channel><Computer>wrk-colby.Ecorp.local</Computer><Security UserID='S-1-5-18'/></System><EventData><Data Name='RuleName'>-</Data><Data Name='EventType'>SetValue</Data><Data Name='UtcTime'>2024-12-01 20:21:15.330</Data><Data Name='ProcessGuid'>{fc7e85d2-c53a-674c-e1ce-000000002400}</Data><Data Name='ProcessId'>5804</Data><Data Name='Image'>C:\Program Files (x86)\Microsoft\EdgeWebView\Application\131.0.2903.63\msedgewebview2.exe</Data><Data Name='TargetObject'>HKLM\System\CurrentControlSet\Services\bam\State\UserSettings\S-1-5-21-921492421-3060855610-3380895733-1106\Microsoft.Windows.Search_cw5n1h2txyewy</Data><Data Name='Details'>Binary Data</Data><Data Name='User'>ECORP\tcolby</Data></EventData></Event>","2024-