12-01T15:21:53.078-0500",success,,,,,,,20,1,21,december,53,sunday,2024,0,,"wrk-colby.Ecorp.local",,,,,"wrk-colby.Ecorp.local",,"WRK-COLBY",240548,"endpoint_services_processes ms-sysmon-process windows_event_signature",,,,,,,,"WRK-COLBY",,,240548,main,1,"System.Management.Automation.ni.dll","C:\Windows\assembly\NativeImages_v4.0.30319_64\System.Manaa57fc8cc#\0971a8b6c82f7f67d4baa729d17ad00a\System.Management.Automation.ni.dll",,,,,,"System.Management.Automation.dll","Microsoft Windows",,,,,,,,,,"fsociety2 (1).exe","{fc7e85d2-c560-674c-45cf-000000002400}","SHA1=E15C94FFCBB873D0AD51C5AC500610F26202E1F3,MD5=B01191D70BD6552BF47C3C15B47CD986,SHA256=134176EDAD255055ECC54AA30D1FCBD0A2024D3EAC88886DD1AE9D9D40F45A06,IMPHASH=00000000000000000000000000000000",10148,,"fsociety2 (1).exe","C:\Users\tcolby\Downloads\fsociety2 (1).exe",,,"<_='://../////'><><_='--'_='{----}'/><></><></><><",,,,,,,,,,,,,,,false,false,,,,,informational,4,"Image loaded",7,"XmlWinEventLog:Microsoft-Windows-Sysmon/Operational",XmlWinEventLog,"wrk-colby",,,,,,,,,,,,"process
report
track_event_signatures",,"process
report
track_event_signatures",712,689,,,,,,,tcolby,,"'S-1-5-18'",,"Microsoft Sysmon"
,,,"Microsoft-Windows-Sysmon/Operational",,,,"wrk-colby.Ecorp.local",,,,,,"-","10.6.6.6",false,80,"-",,"Microsoft-Windows-Sysmon/Operational",3,"<Data Name='RuleName'>technique_id=T1036,technique_name=Masquerading</Data><Data Name='UtcTime'>2024-12-01 20:21:52.973</Data><Data Name='ProcessGuid'>{fc7e85d2-c560-674c-45cf-000000002400}</Data><Data Name='ProcessId'>10148</Data><Data Name='Image'>C:\Users\tcolby\Downloads\fsociety2 (1).exe</Data><Data Name='User'>ECORP\tcolby</Data><Data Name='Protocol'>tcp</Data><Data Name='Initiated'>true</Data><Data Name='SourceIsIpv6'>false</Data><Data Name='SourceIp'>10.6.6.5</Data><Data Name='SourceHostname'>-</Data><Data Name='SourcePort'>52733</Data><Data Name='SourcePortName'>-</Data><Data Name='DestinationIsIpv6'>false</Data><Data Name='DestinationIp'>10.6.6.6</Data><Data Name='DestinationHostname'>-</Data><Data Name='DestinationPort'>80</Data><Data Name='DestinationPortName'>-</Data>","Network connection",3,240549,,,,,"'{5770385f-c22a-43e0-bf4c-06f5698ffbd9}'",,,"C:\Users\tcolby\Downloads\fsociety2 (1).exe",,,true,,,0x8000000000000000,4,,,,"'Microsoft-Windows-Sysmon'",0,,,,,,,,"{fc7e85d2-c560-674c-45cf-000000002400}","'3144'",10148,,tcp,,,,240549,240549,,"technique_id=T1036,technique_name=Masquerading",,,"S-1-5-18",,,,"-",,"10.6.6.5",false,52733,"-",,,,,,"'2024-12-01T20:21:54.9413936Z'","<Provider Name='Microsoft-Windows-Sysmon' Guid='{5770385f-c22a-43e0-bf4c-06f5698ffbd9}'/><EventID>3</EventID><Version>5</Version><Level>4</Level><Task>3</Task><Opcode>0</Opcode><Keywords>0x8000000000000000</Keywords><TimeCreated SystemTime='2024-12-01T20:21:54.9413936Z'/><EventRecordID>240549</EventRecordID><Correlation/><Execution ProcessID='3144' ThreadID='4180'/><Channel>Microsoft-Windows-Sysmon/Operational</Channel><Computer>wrk-colby.Ecorp.local</Computer><Security UserID='S-1-5-18'/>",,,,,,,3,,"'4180'","2024-12-01T20:21:54.9413936Z","ECORP\tcolby","'S-1-5-18'","2024-12-01 20:21:52.973",5,"<Event xmlns='http://schemas.microsoft.com/win/2004/08/events/event'><System><Provider Name='Microsoft-Windows-Sysmon' Guid='{5770385f-c22a-43e0-bf4c-06f5698ffbd9}'/><EventID>3</EventID><Version>5</Version><Level>4</Level><Task>3</Task><Opcode>0</Opcode><Keywords>0x8000000000000000</Keywords><TimeCreated SystemTime='2024-12-01T20:21:54.9413936Z'/><EventRecordID>240549</EventRecordID><Correlation/><Execution ProcessID='3144' ThreadID='4180'/><Channel>Microsoft-Windows-Sysmon/Operational</Channel><Computer>wrk-colby.Ecorp.local</Computer><Security UserID='S-1-5-18'/></System><EventData><Data Name='RuleName'>technique_id=T1036,technique_name=Masquerading</Data><Data Name='UtcTime'>2024-12-01 20:21:52.973</Data><Data Name='ProcessGuid'>{fc7e85d2-c560-674c-45cf-000000002400}</Data><Data Name='ProcessId'>10148</Data><Data Name='Image'>C:\Users\tcolby\Downloads\fsociety2 (1).exe</Data><Data Name='User'>ECORP\tcolby</Data><Data Name='Protocol'>tcp</Data><Data Name='Initiated'>true</Data><Data Name='SourceIsIpv6'>false</Data><Data Name='SourceIp'>10.6.6.5</Data><Data Name='SourceHostname'>-</Data><Data Name='SourcePort'>52733</Data><Data Name='SourcePortName'>-</Data><Data Name='DestinationIsIpv6'>false</Data><Data Name='DestinationIp'>10.6.6.6</Data><Data Name='DestinationHostname'>-</Data><Data Name='DestinationPort'>80</Data><Data Name='DestinationPortName'>-</Data></EventData></Event>","2024-12-01T15:21:52.973-0500",allowed,,,"C:\Users\tcolby\Downloads\fsociety2 (1).exe",,,"2024-12-01 20:21:52.973",20,1,21,december,52,sunday,2024,0,,"10.6.6.6",,"10.6.6.6",80,outbound,"wrk-colby.Ecorp.local","10.6.6.5","WRK-COLBY",240549,"endpoint_services_processes ms-sysmon-network windows_event_signature",,,,,,,,"WRK-COLBY",,,240549,main,1,,,,,,,,,,,,,,,,,,,"fsociety2 (1).exe","{fc7e85d2-c560-674c-45cf-000000002400}",,10148,,"fsociety2 (1).exe",,ip,ipv4,"<_='://../////'><><_='--'_='{----}'/><></><></><><",,,,,,,,,,,,,"technique_id=T1036,technique_name=Masquerading",,,,,,,,informational,4,"Network connection",3,"XmlWinEventLog:Microsoft-Windows-Sysmon/Operational",XmlWinEventLog,"wrk-colby",,"10.6.6.5",,,,"10.6.6.5",,52733,established,,,"communicate
network
track_event_signatures",,"communicate
network
track_event_signatures",710,687,tcp,"tcp/80",,,,,tcolby,,"'S-1-5-18'",,"Microsoft Sysmon"
,,,"Microsoft-Windows-Sysmon/Operational",,,"Microsoft Corporation","wrk-colby.Ecorp.local",,,,"Client Interface",,,,,,,,"Microsoft-Windows-Sysmon/Operational",7,"<Data Name='RuleName'>technique_id=T1574.002,technique_name=DLL Side-Loading</Data><Data Name='UtcTime'>2024-12-01 20:21:52.777</Data><Data Name='ProcessGuid'>{fc7e85d2-c560-674c-45cf-000000002400}</Data><Data Name='ProcessId'>10148</Data><Data Name='Image'>C:\Users\tcolby\Downloads\fsociety2 (1).exe</Data><Data Name='ImageLoaded'>C:\ProgramData\Microsoft\Windows Defender\Platform\4.18.24090.11-0\MpClient.dll</Data><Data Name='FileVersion'>4.18.24090.11 (26d75470953920f90fd0438874501e9d9a31e621)</Data><Data Name='Description'>Client Interface</Data><Data Name='Product'>Microsoft® Windows® Operating System</Data><Data Name='Company'>Microsoft Corporation</Data><Data Name='OriginalFileName'>mpclient.dll</Data><Data Name='Hashes'>SHA1=B87C8A2B39166043E28DE0A64FC53E060FEE7CAE,MD5=F829FD84B8E3F3549103C1C5774A60E1,SHA256=FA1125BD8CDBB13C6CED323A737672DDC5C2B396210035D6E524E86A77272C07,IMPHASH=B9197178CCCE2C42C926E2A72C2A6BED</Data><Data Name='Signed'>true</Data><Data Name='Signature'>Microsoft Windows</Data><Data Name='SignatureStatus'>Valid</Data><Data Name='User'>ECORP\tcolby</Data>","Image loaded",7,240547,,"4.18.24090.11 (26d75470953920f90fd0438874501e9d9a31e621)",,,"'{5770385f-c22a-43e0-bf4c-06f5698ffbd9}'","SHA1=B87C8A2B39166043E28DE0A64FC53E060FEE7CAE,MD5=F829FD84B8E3F3549103C1C5774A60E1,SHA256=FA1125BD8CDBB13C6CED323A737672DDC5C2B396210035D6E524E86A77272C07,IMPHASH=B9197178CCCE2C42C926E2A72C2A6BED",B9197178CCCE2C42C926E2A72C2A6BED,"C:\Users\tcolby\Downloads\fsociety2 (1).exe","C:\ProgramData\Microsoft\Windows Defender\Platform\4.18.24090.11-0\MpClient.dll",,,,,0x8000000000000000,4,,,F829FD84B8E3F3549103C1C5774A60E1,"'Microsoft-Windows-Sysmon'",0,"mpclient.dll",,,,,,,"{fc7e85d2-c560-674c-45cf-000000002400}","'3144'",10148,"Microsoft® Windows® Operating System",,,,,240547,240547,,"technique_id=T1574.002,technique_name=DLL Side-Loading",B87C8A2B39166043E28DE0A64FC53E060FEE7CAE,FA1125BD8CDBB13C6CED323A737672DDC5C2B396210035D6E524E86A77272C07,"S-1-5-18","Microsoft Windows",Valid,true,,,,,,,,,,,,"'2024-12-01T20:21:52.8418273Z'","<Provider Name='Microsoft-Windows-Sysmon' Guid='{5770385f-c22a-43e0-bf4c-06f5698ffbd9}'/><EventID>7</EventID><Version>3</Version><Level>4</Level><Task>7</Task><Opcode>0</Opcode><Keywords>0x8000000000000000</Keywords><TimeCreated SystemTime='2024-12-01T20:21:52.8418273Z'/><EventRecordID>240547</EventRecordID><Correlation/><Execution ProcessID='3144' ThreadID='4460'/><Channel>Microsoft-Windows-Sysmon/Operational</Channel><Computer>wrk-colby.Ecorp.local</Computer><Security UserID='S-1-5-18'/>",,,,,,,7,,"'4460'","2024-12-01T20:21:52.8418273Z","ECORP\tcolby","'S-1-5-18'","2024-12-01 20:21:52.777",3,"<Event xmlns='http://schemas.microsoft.com/win/2004/08/events/event'><System><Provider Name='Microsoft-Windows-Sysmon' Guid='{5770385f-c22a-43e0-bf4c-06f5698ffbd9}'/><EventID>7</EventID><Version>3</Version><Level>4</Level><Task>7</Task><Opcode>0</Opcode><Keywords>0x8000000000000000</Keywords><TimeCreated SystemTime='2024-12-01T20:21:52.8418273Z'/><EventRecordID>240547</EventRecordID><Correlation/><Execution ProcessID='3144' ThreadID='4460'/><Channel>Microsoft-Windows-Sysmon/Operational</Channel><Computer>wrk-colby.Ecorp.local</Computer><Security UserID='S-1-5-18'/></System><EventData><Data Name='RuleName'>technique_id=T1574.002,technique_name=DLL Side-Loading</Data><Data Name='UtcTime'>2024-12-01 20:21:52.777</Data><Data Name='ProcessGuid'>{fc7e85d2-c560-674c-45cf-000000002400}</Data><Data Name='ProcessId'>10148</Data><Data Name='Image'>C:\Users\tcolby\Downloads\fsociety2 (1).exe</Data><Data Name='ImageLoaded'>C:\ProgramData\Microsoft\Windows Defender\Platform\4.18.24090.11-0\MpClient.dll</Data><Data Name='FileVersion'>4.18.24090.11 (26d75470953920f90fd0438874501e9d9a31e621)</Data><Data Name='Description'>Client Interface</Data><Data Name='Product'>Microsoft® Windows® Operating System</Data><Data Name='Company'>Microsoft Corporation</Data><Data Name='OriginalFileName'>mpclient.dll</Data><Data Name='Hashes'>SHA1=B87C8A2B39166043E28DE0A64FC53E060FEE7CAE,MD5=F829FD84B8E3F3549103C1C5774A60E1,SHA256=FA1125BD8CDBB13C6CED323A737672DDC5C2B396210035D6E524E86A77272C07,IMPHASH=B9197178CCCE2C42C926E2A72C2A6BED</Data><Data Name='Signed'>true</Data><Data Name='Signature'>Microsoft Windows</Data><Data Name='SignatureStatus'>Valid</Data><Data Name='User'>ECORP\tcolby</Data></EventData></Event>","2024-12-01T15:21:52.777-0500",success,,,,,,,20,1,21,december,52,sunday,2024,0,,"wrk-colby.Ecorp.local",,,,,"wrk-colby.Ecorp.local",,"WRK-COLBY",240547,"endpoint_services_processes ms-sysmon-process windows_event_signature",,,,,,,,"WRK-COLBY",,,240547,main,1,"MpClient.dll","C:\ProgramData\Microsoft\Windows Defender\Platform\4.18.24090.11-0\MpClient.dll",,,,,,"mpclient.dll","Microsoft Windows",,,,,,,,,,"fsociety2 (1).exe","{fc7e85d2-c560-674c-45cf-000000002400}","SHA1=B87C8A2B39166043E28DE0A64FC53E060FEE7CAE,MD5=F829FD84B8E3F3549103C1C5774A60E1,SHA256=FA1125BD8CDBB13C6CED323A737672DDC5C2B396210035D6E524E86A77272C07,IMPHASH=B9197178CCCE2C42C926E2A72C2A6BED",10148,,"fsociety2 (1).exe","C:\Users\tcolby\Downloads\fsociety2 (1).exe",,,"<_='://../////'><><_='--'_='{----}'/><></><></><><",,,,,,,,,,,,,,,true,true,,,,,informational,4,"Image loaded",7,"XmlWinEventLog:Microsoft-Windows-Sysmon/Operational",XmlWinEventLog,"wrk-colby",,,,,,,,,,,,"process
report
track_event_signatures",,"process
report
track_event_signatures",718,695,,,,,,,tcolby,,"'S-1-5-18'",,"Microsoft Sysmon"
,,,"Microsoft-Windows-Sysmon/Operational",,,"Microsoft Corporation","wrk-colby.Ecorp.local",,,,"IOfficeAntiVirus Module",,,,,,,,"Microsoft-Windows-Sysmon/Operational",7,"<Data Name='RuleName'>technique_id=T1574.002,technique_name=DLL Side-Loading</Data><Data Name='UtcTime'>2024-12-01 20:21:52.761</Data><Data Name='ProcessGuid'>{fc7e85d2-c560-674c-45cf-000000002400}</Data><Data Name='ProcessId'>10148</Data><Data Name='Image'>C:\Users\tcolby\Downloads\fsociety2 (1).exe</Data><Data Name='ImageLoaded'>C:\ProgramData\Microsoft\Windows Defender\Platform\4.18.24090.11-0\MpOAV.dll</Data><Data Name='FileVersion'>4.18.24090.11 (26d75470953920f90fd0438874501e9d9a31e621)</Data><Data Name='Description'>IOfficeAntiVirus Module</Data><Data Name='Product'>Microsoft® Windows® Operating System</Data><Data Name='Company'>Microsoft Corporation</Data><Data Name='OriginalFileName'>MpOAV.dll</Data><Data Name='Hashes'>SHA1=F2D73FFE3A240FF5F0B30FFE05EB72E52A28B912,MD5=53F017C0946F9B96A1C1A2E63BCB8CEC,SHA256=45D3B9A1B0D0FB10CEBFC970F4FDC822516AF88BBE0D310E00441432F191B0CB,IMPHASH=28D3DE166C9E9C46DC0EA2089E2AC74E</Data><Data Name='Signed'>true</Data><Data Name='Signature'>Microsoft Windows</Data><Data Name='SignatureStatus'>Valid</Data><Data Name='User'>ECORP\tcolby</Data>","Image loaded",7,240546,,"4.18.24090.11 (26d75470953920f90fd0438874501e9d9a31e621)",,,"'{5770385f-c22a-43e0-bf4c-06f5698ffbd9}'","SHA1=F2D73FFE3A240FF5F0B30FFE05EB72E52A28B912,MD5=53F017C0946F9B96A1C1A2E63BCB8CEC,SHA256=45D3B9A1B0D0FB10CEBFC970F4FDC822516AF88BBE0D310E00441432F191B0CB,IMPHASH=28D3DE166C9E9C46DC0EA2089E2AC74E",28D3DE166C9E9C46DC0EA2089E2AC74E,"C:\Users\tcolby\Downloads\fsociety2 (1).exe","C:\ProgramData\Microsoft\Windows Defender\Platform\4.18.24090.11-0\MpOAV.dll",,,,,0x8000000000000000,4,,,53F017C0946F9B96A1C1A2E63BCB8CEC,"'Microsoft-Windows-Sysmon'",0,"MpOAV.dll",,,,,,,"{fc7e85d2-c560-674c-45cf-000000002400}","'3144'",10148,"Microsoft® Windows® Operating System",,,,,240546,240546,,"technique_id=T1574.002,technique_name=DLL Side-Loading",F2D73FFE3A240FF5F0B30FFE05EB72E52A28B912,45D3B9A1B0D0FB10CEBFC970F4FDC822516AF88BBE0D310E00441432F191B0CB,"S-1-5-18","Microsoft Windows",Valid,true,,,,,,,,,,,,"'2024-12-01T20:21:52.8364771Z'","<Provider Name='Microsoft-Windows-Sysmon' Guid='{5770385f-c22a-43e0-bf4c-06f5698ffbd9}'/><EventID>7</EventID><Version>3</Version><Level>4</Level><Task>7</Task><Opcode>0</Opcode><Keywords>0x8000000000000000</Keywords><TimeCreated SystemTime='2024-12-01T20:21:52.8364771Z'/><EventRecordID>240546</EventRecordID><Correlation/><Execution ProcessID='3144' ThreadID='4460'/><Channel>Microsoft-Windows-Sysmon/Operational</Channel><Computer>wrk-colby.Ecorp.local</Computer><Security UserID='S-1-5-18'/>",,,,,,,7,,"'4460'","2024-12-01T20:21:52.8364771Z","ECORP\tcolby","'S-1-5-18'","2024-12-01 20:21:52.761",3,"<Event xmlns='http://schemas.microsoft.com/win/2004/08/events/event'><System><Provider Name='Microsoft-Windows-Sysmon' Guid='{5770385f-c22a-43e0-bf4c-06f5698ffbd9}'/><EventID>7</EventID><Version>3</Version><Level>4</Level><Task>7</Task><Opcode>0</Opcode><Keywords>0x8000000000000000</Keywords><TimeCreated SystemTime='2024-12-01T20:21:52.8364771Z'/><EventRecordID>240546</EventRecordID><Correlation/><Execution ProcessID='3144' ThreadID='4460'/><Channel>Microsoft-Windows-Sysmon/Operational</Channel><Computer>wrk-colby.Ecorp.local</Computer><Security UserID='S-1-5-18'/></System><EventData><Data Name='RuleName'>technique_id=T1574.002,technique_name=DLL Side-Loading</Data><Data Name='UtcTime'>2024-12-01 20:21:52.761</Data><Data Name='ProcessGuid'>{fc7e85d2-c560-674c-45cf-000000002400}</Data><Data Name='ProcessId'>10148</Data><Data Name='Image'>C:\Users\tcolby\Downloads\fsociety2 (1).exe</Data><Data Name='ImageLoaded'>C:\ProgramData\Microsoft\Windows Defender\Platform\4.18.24090.11-0\MpOAV.dll</Data><Data Name='FileVersion'>4.18.24090.11 (26d75470953920f90fd0438874501e9d9a31e621)</Data><Data Name='Description'>IOfficeAntiVirus Module</Data><Data Name='Product'>Microsoft® Windows® Operating System</Data><Data Name='Company'>Microsoft Corporation</Data><Data Name='OriginalFileName'>MpOAV.dll</Data><Data Name='Hashes'>SHA1=F2D73FFE3A240FF5F0B30FFE05EB72E52A28B912,MD5=53F017C0946F9B96A1C1A2E63BCB8CEC,SHA256=45D3B9A1B0D0FB10CEBFC970F4FDC822516AF88BBE0D310E00441432F191B0CB,IMPHASH=28D3DE166C9E9C46DC0EA2089E2AC74E</Data><Data Name='Signed'>true</Data><Data Name='Signature'>Microsoft Windows</Data><Data Name='SignatureStatus'>Valid</Data><Data Name='User'>ECORP\tcolby</Data></EventData></Event>","2024-12-01T15:21:52.761-0500",success,,,,,,,20,1,21,december,52,sunday,2024,0,,"wrk-colby.Ecorp.local",,,,,"wrk-colby.Ecorp.local",,"WRK-COLBY",240546,"endpoint_services_processes ms-sysmon-process windows_event_signature",,,,,,,,"WRK-COLBY",,,240546,main,1,"MpOAV.dll","C:\ProgramData\Microsoft\Windows Defender\Platform\4.18.24090.11-0\MpOAV.dll",,,,,,"MpOAV.dll","Microsoft Windows",,,,,,,,,,"fsociety2 (1).exe","{fc7e85d2-c560-674c-45cf-000000002400}","SHA1=F2D73FFE3A240FF5F0B30FFE05EB72E52A28B912,MD5=53F017C0946F9B96A1C1A2E63BCB8CEC,SHA256=45D3B9A1B0D0FB10CEBFC970F4FDC822516AF88BBE0D310E00441432F191B0CB,IMPHASH=28D3DE166C9E9C46DC0EA2089E2AC74E",10148,,"fsociety2 (1).exe","C:\Users\tcolby\Downloads\fsociety2 (1).exe",,,"<_='://../////'><><_='--'_='{----}'/><></><></><><",,,,,,,,,,,,,,,true,true,,,,,informational,4,"Image loaded",7,"XmlWinEventLog:Microsoft-Windows-Sysmon/Operational",XmlWinEventLog,"wrk-colby",,,,,,,,,,,,"process
report
track_event_signatures",,"process
report
track_event_signatures",718,695,,,,,,,tcolby,,"'S-1-5-18'",,"Microsoft Sysmon"
,,,"Microsoft-Windows-Sysmon/Operational",,,"Microsoft Corporation","wrk-colby.Ecorp.local",,,,"Anti-Malware Scan Interface",,,,,,,,"Microsoft-Windows-Sysmon/Operational",7,"<Data Name='RuleName'>technique_id=T1059.001,technique_name=PowerShell</Data><Data Name='UtcTime'>2024-12-01 20:21:52.761</Data><Data Name='ProcessGuid'>{fc7e85d2-c560-674c-45cf-000000002400}</Data><Data Name='ProcessId'>10148</Data><Data Name='Image'>C:\Users\tcolby\Downloads\fsociety2 (1).exe</Data><Data Name='ImageLoaded'>C:\Windows\System32\amsi.dll</Data><Data Name='FileVersion'>10.0.19041.4355 (WinBuild.160101.0800)</Data><Data Name='Description'>Anti-Malware Scan Interface</Data><Data Name='Product'>Microsoft® Windows® Operating System</Data><Data Name='Company'>Microsoft Corporation</Data><Data Name='OriginalFileName'>amsi.dll</Data><Data Name='Hashes'>SHA1=347368018E1DAAF4F52C9A4119526313A82ECEEC,MD5=4933108BD5B3219F74AD807DFE8835AD,SHA256=66F7A134F6A4D9FE63DD7D6FF88DDED5796E4D5C7E33BA606DFF4D87D9258C0D,IMPHASH=C414C6B76EBCEEF67B5B752A7E51D4D2</Data><Data Name='Signed'>true</Data><Data Name='Signature'>Microsoft Windows</Data><Data Name='SignatureStatus'>Valid</Data><Data Name='User'>ECORP\tcolby</Data>","Image loaded",7,240545,,"10.0.19041.4355 (WinBuild.160101.0800)",,,"'{5770385f-c22a-43e0-bf4c-06f5698ffbd9}'","SHA1=347368018E1DAAF4F52C9A4119526313A82ECEEC,MD5=4933108BD5B3219F74AD807DFE8835AD,SHA256=66F7A134F6A4D9FE63DD7D6FF88DDED5796E4D5C7E33BA606DFF4D87D9258C0D,IMPHASH=C414C6B76EBCEEF67B5B752A7E51D4D2",C414C6B76EBCEEF67B5B752A7E51D4D2,"C:\Users\tcolby\Downloads\fsociety2 (1).exe","C:\Windows\System32\amsi.dll",,,,,0x8000000000000000,4,,,4933108BD5B3219F74AD807DFE8835AD,"'Microsoft-Windows-Sysmon'",0,"amsi.dll",,,,,,,"{fc7e85d2-c560-674c-45cf-000000002400}","'3144'",10148,"Microsoft® Windows® Operating System",,,,,240545,240545,,"technique_id=T1059.001,technique_name=PowerShell",347368018E1DAAF4F52C9A4119526313A82ECEEC,66F7A134F6A4D9FE63DD7D6FF88DDED5796E4D5C7E33BA606DFF4D87D9258C0D,"S-1-5-18","Microsoft Windows",Valid,true,,,,,,,,,,,,"'2024-12-01T20:21:52.8330303Z'","<Provider Name='Microsoft-Windows-Sysmon' Guid='{5770385f-c22a-43e0-bf4c-06f5698ffbd9}'/><EventID>7</EventID><Version>3</Version><Level>4</Level><Task>7</Task><Opcode>0</Opcode><Keywords>0x8000000000000000</Keywords><TimeCreated SystemTime='2024-12-01T20:21:52.8330303Z'/><EventRecordID>240545</EventRecordID><Correlation/><Execution ProcessID='3144' ThreadID='4460'/><Channel>Microsoft-Windows-Sysmon/Operational</Channel><Computer>wrk-colby.Ecorp.local</Computer><Security UserID='S-1-5-18'/>",,,,,,,7,,"'4460'","2024-12-01T20:21:52.8330303Z","ECORP\tcolby","'S-1-5-18'","2024-12-01 20:21:52.761",3,"<Event xmlns='http://schemas.microsoft.com/win/2004/08/events/event'><System><Provider Name='Microsoft-Windows-Sysmon' Guid='{5770385f-c22a-43e0-bf4c-06f5698ffbd9}'/><EventID>7</EventID><Version>3</Version><Level>4</Level><Task>7</Task><Opcode>0</Opcode><Keywords>0x8000000000000000</Keywords><TimeCreated SystemTime='2024-12-01T20:21:52.8330303Z'/><EventRecordID>240545</EventRecordID><Correlation/><Execution ProcessID='3144' ThreadID='4460'/><Channel>Microsoft-Windows-Sysmon/Operational</Channel><Computer>wrk-colby.Ecorp.local</Computer><Security UserID='S-1-5-18'/></System><EventData><Data Name='RuleName'>technique_id=T1059.001,technique_name=PowerShell</Data><Data Name='UtcTime'>2024-12-01 20:21:52.761</Data><Data Name='ProcessGuid'>{fc7e85d2-c560-674c-45cf-000000002400}</Data><Data Name='ProcessId'>10148</Data><Data Name='Image'>C:\Users\tcolby\Downloads\fsociety2 (1).exe</Data><Data Name='ImageLoaded'>C:\Windows\System32\amsi.dll</Data><Data Name='FileVersion'>10.0.19041.4355 (WinBuild.160101.0800)</Data><Data Name='Description'>Anti-Malware Scan Interface</Data><Data Name='Product'>Microsoft® Windows® Operating System</Data><Data Name='Company'>Microsoft Corporation</Data><Data Name='OriginalFileName'>amsi.dll</Data><Data Name='Hashes'>SHA1=347368018E1DAAF4F52C9A4119526313A82ECEEC,MD5=4933108BD5B3219F74AD807DFE8835AD,SHA256=66F7A134F6A4D9FE63DD7D6FF88DDED5796E4D5C7E33BA606DFF4D87D9258C0D,IMPHASH=C414C6B76EBCEEF67B5B752A7E51D4D2</Data><Data Name='Signed'>true</Data><Data Name='Signature'>Microsoft Windows</Data><Data Name='SignatureStatus'>Valid</Data><Data Name='User'>ECORP\tcolby</Data></EventData></Event>","2024-12-01T15:21:52.761-0500",success,,,,,,,20,1,21,december,52,sunday,2024,0,,"wrk-colby.Ecorp.local",,,,,"wrk-colby.Ecorp.local",,"WRK-COLBY",240545,"endpoint_services_processes ms-sysmon-process windows_event_signature",,,,,,,,"WRK-COLBY",,,240545,main,1,"amsi.dll","C:\Windows\System32\amsi.dll",,,,,,"amsi.dll","Microsoft Windows",,,,,,,,,,"fsociety2 (1).exe","{fc7e85d2-c560-674c-45cf-000000002400}","SHA1=347368018E1DAAF4F52C9A4119526313A82ECEEC,MD5=4933108BD5B3219F74AD807DFE8835AD,SHA256=66F7A134F6A4D9FE63DD7D6FF88DDED5796E4D5C7E33BA606DFF4D87D9258C0D,IMPHASH=C414C6B76EBCEEF67B5B752A7E51D4D2",10148,,"fsociety2 (1).exe","C:\Users\tcolby\Downloads\fsociety2 (1).exe",,,"<_='://../////'><><_='--'_='{----}'/><></><></><><",,,,,,,,,,,,,,,true,true,,,,,informational,4,"Image loaded",7,"XmlWinEventLog:Microsoft-Windows-Sysmon/Operational",XmlWinEventLog,"wrk-colby",,,,,,,,,,,,"process
report
track_event_signatures",,"process
report
track_event_signatures",712,689,,,,,,,tcolby,,"'S-1-5-18'",,"Microsoft Sysmon"
,,,"Microsoft-Windows-Sysmon/Operational",,,"Microsoft Corporation","wrk-colby.Ecorp.local",,,,"Microsoft .NET Runtime Just-In-Time Compiler",,,,,,,,"Microsoft-Windows-Sysmon/Operational",7,"<Data Name='RuleName'>technique_id=T1055,technique_name=Process Injection</Data><Data Name='UtcTime'>2024-12-01 20:21:52.689</Data><Data Name='ProcessGuid'>{fc7e85d2-c560-674c-45cf-000000002400}</Data><Data Name='ProcessId'>10148</Data><Data Name='Image'>C:\Users\tcolby\Downloads\fsociety2 (1).exe</Data><Data Name='ImageLoaded'>C:\Windows\Microsoft.NET\Framework64\v4.0.30319\clrjit.dll</Data><Data Name='FileVersion'>4.8.9282.0 built by: NET481REL1LAST_C</Data><Data Name='Description'>Microsoft .NET Runtime Just-In-Time Compiler</Data><Data Name='Product'>Microsoft® .NET Framework</Data><Data Name='Company'>Microsoft Corporation</Data><Data Name='OriginalFileName'>clrjit.dll</Data><Data Name='Hashes'>SHA1=7A25AF21D2DDD330535A34A4210DB1CD2BA0AA94,MD5=3E39EF1226D09D39B1361F44FDDE2F3A,SHA256=300CD0FAAAB4664D43C72C3AEB0AA7332BB93B4268088407C1AE4D025D44EA7B,IMPHASH=F2AFE1578B0645F42EFCA5A3FB0CE765</Data><Data Name='Signed'>true</Data><Data Name='Signature'>Microsoft Corporation</Data><Data Name='SignatureStatus'>Valid</Data><Data Name='User'>ECORP\tcolby</Data>","Image loaded",7,240544,,"4.8.9282.0 built by: NET481REL1LAST_C",,,"'{5770385f-c22a-43e0-bf4c-06f5698ffbd9}'","SHA1=7A25AF21D2DDD330535A34A4210DB1CD2BA0AA94,MD5=3E39EF1226D09D39B1361F44FDDE2F3A,SHA256=300CD0FAAAB4664D43C72C3AEB0AA7332BB93B4268088407C1AE4D025D44EA7B,IMPHASH=F2AFE1578B0645F42EFCA5A3FB0CE765",F2AFE1578B0645F42EFCA5A3FB0CE765,"C:\Users\tcolby\Downloads\fsociety2 (1).exe","C:\Windows\Microsoft.NET\Framework64\v4.0.30319\clrjit.dll",,,,,0x8000000000000000,4,,,3E39EF1226D09D39B1361F44FDDE2F3A,"'Microsoft-Windows-Sysmon'",0,"clrjit.dll",,,,,,,"{fc7e85d2-c560-674c-45cf-000000002400}","'3144'",10148,"Microsoft® .NET Framework",,,,,240544,240544,,"technique_id=T1055,technique_name=Process Injection",7A25AF21D2DDD330535A34A4210DB1CD2BA0AA94,300CD0FAAAB4664D43C72C3AEB0AA7332BB93B4268088407C1AE4D025D44EA7B,"S-1-5-18","Microsoft Corporation",Valid,true,,,,,,,,,,,,"'2024-12-01T20:21:52.7402823Z'","<Provider Name='Microsoft-Windows-Sysmon' Guid='{5770385f-c22a-43e0-bf4c-06f5698ffbd9}'/><EventID>7</EventID><Version>3</Version><Level>4</Level><Task>7</Task><Opcode>0</Opcode><Keywords>0x8000000000000000</Keywords><TimeCreated SystemTime='2024-12-01T20:21:52.7402823Z'/><EventRecordID>240544</EventRecordID><Correlation/><Execution ProcessID='3144' ThreadID='4460'/><Channel>Microsoft-Windows-Sysmon/Operational</Channel><Computer>wrk-colby.Ecorp.local</Computer><Security UserID='S-1-5-18'/>",,,,,,,7,,"'4460'","2024-12-01T20:21:52.7402823Z","ECORP\tcolby","'S-1-5-18'","2024-12-01 20:21:52.689",3,"<Event xmlns='http://schemas.microsoft.com/win/2004/08/events/event'><System><Provider Name='Microsoft-Windows-Sysmon' Guid='{5770385f-c22a-43e0-bf4c-06f5698ffbd9}'/><EventID>7</EventID><Version>3</Version><Level>4</Level><Task>7</Task><Opcode>0</Opcode><Keywords>0x8000000000000000</Keywords><TimeCreated SystemTime='2024-12-01T20:21:52.7402823Z'/><EventRecordID>240544</EventRecordID><Correlation/><Execution ProcessID='3144' ThreadID='4460'/><Channel>Microsoft-Windows-Sysmon/Operational</Channel><Computer>wrk-colby.Ecorp.local</Computer><Security UserID='S-1-5-18'/></System><EventData><Data Name='RuleName'>technique_id=T1055,technique_name=Process Injection</Data><Data Name='UtcTime'>2024-12-01 20:21:52.689</Data><Data Name='ProcessGuid'>{fc7e85d2-c560-674c-45cf-000000002400}</Data><Data Name='ProcessId'>10148</Data><Data Name='Image'>C:\Users\tcolby\Downloads\fsociety2 (1).exe</Data><Data Name='ImageLoaded'>C:\Windows\Microsoft.NET\Framework64\v4.0.30319\clrjit.dll</Data><Data Name='FileVersion'>4.8.9282.0 built by: NET481REL1LAST_C</Data><Data Name='Description'>Microsoft .NET Runtime Just-In-Time Compiler</Data><Data Name='Product'>Microsoft® .NET Framework</Data><Data Name='Company'>Microsoft Corporation</Data><Data Name='OriginalFileName'>clrjit.dll</Data><Data Name='Hashes'>SHA1=7A25AF21D2DDD330535A34A4210DB1CD2BA0AA94,MD5=3E39EF1226D09D39B1361F44FDDE2F3A,SHA256=300CD0FAAAB4664D43C72C3AEB0AA7332BB93B4268088407C1AE4D025D44EA7B,IMPHASH=F2AFE1578B0645F42EFCA5A3FB0CE765</Data><Data Name='Signed'>true</Data><Data Name='Signature'>Microsoft Corporation</Data><Data Name='SignatureStatus'>Valid</Data><Data Name='User'>ECORP\tcolby</Data></EventData></Event>","2024-12-01T15:21:52.689-0500",success,,,,,,,20,1,21,december,52,sunday,2024,0,,"wrk-colby.Ecorp.local",,,,,"wrk-colby.Ecorp.local",,"WRK-COLBY",240544,"endpoint_services_processes ms-sysmon-process windows_event_signature",,,,,,,,"WRK-COLBY",,,240544,main,1,"clrjit.dll","C:\Windows\Microsoft.NET\Framework64\v4.0.30319\clrjit.dll",,,,,,"clrjit.dll","Microsoft Windows",,,,,,,,,,"fsociety2 (1).exe","{fc7e85d2-c560-674c-45cf-000000002400}","SHA1=7A25AF21D2DDD330535A34A4210DB1CD2BA0AA94,MD5=3E39EF1226D09D39B1361F44FDDE2F3A,SHA256=300CD0FAAAB4664D43C72C3AEB0AA7332BB93B4268088407C1AE4D025D44EA7B,IMPHASH=F2AFE1578B0645F42EFCA5A3FB0CE765",10148,,"fsociety2 (1).exe","C:\Users\tcolby\Downloads\fsociety2 (1).exe",,,"<_='://../////'><><_='--'_='{----}'/><></><></><><",,,,,,,,,,,,,,,true,true,,,,,informational,4,"Image loaded",7,"XmlWinEventLog:Microsoft-Windows-Sysmon/Operational",XmlWinEventLog,"wrk-colby",,,,,,,,,,,,"process
report
track_event_signatures",,"process
report
track_event_signatures",715,692,,,,,,,tcolby,,"'S-1-5-18'",,"Microsoft Sysmon"
,,,"Microsoft-Windows-Sysmon/Operational",,,"Microsoft Corporation","wrk-colby.Ecorp.local",,,,"Microsoft Common Language Runtime Class Library",,,,,,,,"Microsoft-Windows-Sysmon/Operational",7,"<Data Name='RuleName'>technique_id=T1055,technique_name=Process Injection</Data><Data Name='UtcTime'>2024-12-01 20:21:52.672</Data><Data Name='ProcessGuid'>{fc7e85d2-c560-674c-45cf-000000002400}</Data><Data Name='ProcessId'>10148</Data><Data Name='Image'>C:\Users\tcolby\Downloads\fsociety2 (1).exe</Data><Data Name='ImageLoaded'>C:\Windows\assembly\NativeImages_v4.0.30319_64\mscorlib\9a860ac99a94a0422dc04d0dd9b0e341\mscorlib.ni.dll</Data><Data Name='FileVersion'>4.8.9282.0 built by: NET481REL1LAST_C</Data><Data Name='Description'>Microsoft Common Language Runtime Class Library</Data><Data Name='Product'>Microsoft® .NET Framework</Data><Data Name='Company'>Microsoft Corporation</Data><Data Name='OriginalFileName'>mscorlib.dll</Data><Data Name='Hashes'>SHA1=934A60242F1FC4864D74B276427E6DFC69F77F3E,MD5=762EB0F86A72D5DD9130DDC4849F03EF,SHA256=F2ED2622AB213A3A3D9702A8CCC0BE087B7D9308DD953F9C10D435599DC1800B,IMPHASH=00000000000000000000000000000000</Data><Data Name='Signed'>true</Data><Data Name='Signature'>Microsoft Corporation</Data><Data Name='SignatureStatus'>Valid</Data><Data Name='User'>ECORP\tcolby</Data>","Image loaded",7,240543,,"4.8.9282.0 built by: NET481REL1LAST_C",,,"'{5770385f-c22a-43e0-bf4c-06f5698ffbd9}'","SHA1=934A60242F1FC4864D74B276427E6DFC69F77F3E,MD5=762EB0F86A72D5DD9130DDC4849F03EF,SHA256=F2ED2622AB213A3A3D9702A8CCC0BE087B7D9308DD953F9C10D435599DC1800B,IMPHASH=00000000000000000000000000000000",00000000000000000000000000000000,"C:\Users\tcolby\Downloads\fsociety2 (1).exe","C:\Windows\assembly\NativeImages_v4.0.30319_64\mscorlib\9a860ac99a94a0422dc04d0dd9b0e341\mscorlib.ni.dll",,,,,0x8000000000000000,4,,,762EB0F86A72D5DD9130DDC4849F03EF,"'Microsoft-Windows-Sysmon'",0,"mscorlib.dll",,,,,,,"{fc7e85d2-c560-674c-45cf-000000002400}","'3144'",10148,"Microsoft® .NET Framework",,,,,240543,240543,,"technique_id=T1055,technique_name=Process Injection",934A60242F1FC4864D74B276427E6DFC69F77F3E,F2ED2622AB213A3A3D9702A8CCC0BE087B7D9308DD953F9C10D435599DC1800B,"S-1-5-18","Microsoft Corporation",Valid,true,,,,,,,,,,,,"'2024-12-01T20:21:52.7343784Z'","<Provider Name='Microsoft-Windows-Sysmon' Guid='{5770385f-c22a-43e0-bf4c-06f5698ffbd9}'/><EventID>7</EventID><Version>3</Version><Level>4</Level><Task>7</Task><Opcode>0</Opcode><Keywords>0x8000000000000000</Keywords><TimeCreated SystemTime='2024-12-01T20:21:52.7343784Z'/><EventRecordID>240543</EventRecordID><Correlation/><Execution ProcessID='3144' ThreadID='4460'/><Channel>Microsoft-Windows-Sysmon/Operational</Channel><Computer>wrk-colby.Ecorp.local</Computer><Security UserID='S-1-5-18'/>",,,,,,,7,,"'4460'","2024-12-01T20:21:52.7343784Z","ECORP\tcolby","'S-1-5-18'","2024-12-01 20:21:52.672",3,"<Event xmlns='http://schemas.microsoft.com/win/2004/08/events/event'><System><Provider Name='Microsoft-Windows-Sysmon' Guid='{5770385f-c22a-43e0-bf4c-06f5698ffbd9}'/><EventID>7</EventID><Version>3</Version><Level>4</Level><Task>7</Task><Opcode>0</Opcode><Keywords>0x8000000000000000</Keywords><TimeCreated SystemTime='2024-12-01T20:21:52.7343784Z'/><EventRecordID>240543</EventRecordID><Correlation/><Execution ProcessID='3144' ThreadID='4460'/><Channel>Microsoft-Windows-Sysmon/Operational</Channel><Computer>wrk-colby.Ecorp.local</Computer><Security UserID='S-1-5-18'/></System><EventData><Data Name='RuleName'>technique_id=T1055,technique_name=Process Injection</Data><Data Name='UtcTime'>2024-12-01 20:21:52.672</Data><Data Name='ProcessGuid'>{fc7e85d2-c560-674c-45cf-000000002400}</Data><Data Name='ProcessId'>10148</Data><Data Name='Image'>C:\Users\tcolby\Downloads\fsociety2 (1).exe</Data><Data Name='ImageLoaded'>C:\Windows\assembly\NativeImages_v4.0.30319_64\mscorlib\9a860ac99a94a0422dc04d0dd9b0e341\mscorlib.ni.dll</Data><Data Name='FileVersion'>4.8.9282.0 built by: NET481REL1LAST_C</Data><Data Name='Description'>Microsoft Common Language Runtime Class Library</Data><Data Name='Product'>Microsoft® .NET Framework</Data><Data Name='Company'>Microsoft Corporation</Data><Data Name='OriginalFileName'>mscorlib.dll</Data><Data Name='Hashes'>SHA1=934A60242F1FC4864D74B276427E6DFC69F77F3E,MD5=762EB0F86A72D5DD9130DDC4849F03EF,SHA256=F2ED2622AB213A3A3D9702A8CCC0BE087B7D9308DD953F9C10D435599DC1800B,IMPHASH=00000000000000000000000000000000</Data><Data Name='Signed'>true</Data><Data Name='Signature'>Microsoft Corporation</Data><Data Name='SignatureStatus'>Valid</Data><Data Name='User'>ECORP\tcolby</Data></EventData></Event>","2024-12-01T15:21:52.672-0500",success,,,,,,,20,1,21,december,52,sunday,2024,0,,"wrk-colby.Ecorp.local",,,,,"wrk-colby.Ecorp.local",,"WRK-COLBY",240543,"endpoint_services_processes ms-sysmon-process windows_event_signature",,,,,,,,"WRK-COLBY",,,240543,main,1,"mscorlib.ni.dll","C:\Windows\assembly\NativeImages_v4.0.30319_64\mscorlib\9a860ac99a94a0422dc04d0dd9b0e341\mscorlib.ni.dll",,,,,,"mscorlib.dll","Microsoft Windows",,,,,,,,,,"fsociety2 (1).exe","{fc7e85d2-c560-674c-45cf-000000002400}","SHA1=934A60242F1FC4864D74B276427E6DFC69F77F3E,MD5=762EB0F86A72D5DD9130DDC4849F03EF,SHA256=F2ED2622AB213A3A3D9702A8CCC0BE087B7D9308DD953F9C10D435599DC1800B,IMPHASH=00000000000000000000000000000000",10148,,"fsociety2 (1).exe","C:\Users\tcolby\Downloads\fsociety2 (1).exe",,,"<_='://../////'><><_='--'_='{----}'/><></><></><><",,,,,,,,,,,,,,,true,true,,,,,informational,4,"Image loaded",7,"XmlWinEventLog:Microsoft-Windows-Sysmon/Operational",XmlWinEventLog,"wrk-colby",,,,,,,,,,,,"process
report
track_event_signatures",,"process
report
track_event_signatures",715,692,,,,,,,tcolby,,"'S-1-5-18'",,"Microsoft Sysmon"
,,,"Microsoft-Windows-Sysmon/Operational",,,"Microsoft Corporation","wrk-colby.Ecorp.local",,,,"Microsoft .NET Runtime Common Language Runtime - WorkStation",,,,,,,,"Microsoft-Windows-Sysmon/Operational",7,"<Data Name='RuleName'>technique_id=T1055,technique_name=Process Injection</Data><Data Name='UtcTime'>2024-12-01 20:21:52.539</Data><Data Name='ProcessGuid'>{fc7e85d2-c560-674c-45cf-000000002400}</Data><Data Name='ProcessId'>10148</Data><Data Name='Image'>C:\Users\tcolby\Downloads\fsociety2 (1).exe</Data><Data Name='ImageLoaded'>C:\Windows\Microsoft.NET\Framework64\v4.0.30319\clr.dll</Data><Data Name='FileVersion'>4.8.9282.0 built by: NET481REL1LAST_C</Data><Data Name='Description'>Microsoft .NET Runtime Common Language Runtime - WorkStation</Data><Data Name='Product'>Microsoft® .NET Framework</Data><Data Name='Company'>Microsoft Corporation</Data><Data Name='OriginalFileName'>clr.dll</Data><Data Name='Hashes'>SHA1=B12C4496FBB3EC12B183E79E38EB456482F4D49C,MD5=1911979D17F27BADA24BD6A42F93D43F,SHA256=707564FC98C58247D088183731C2E5A0F51923D6D9A94646B0F2158EB5704DF4,IMPHASH=01E0958B232430E87E27DC8010111684</Data><Data Name='Signed'>true</Data><Data Name='Signature'>Microsoft Corporation</Data><Data Name='SignatureStatus'>Valid</Data><Data Name='User'>ECORP\tcolby</Data>","Image loaded",7,240542,,"4.8.9282.0 built by: NET481REL1LAST_C",,,"'{5770385f-c22a-43e0-bf4c-06f5698ffbd9}'","SHA1=B12C4496FBB3EC12B183E79E38EB456482F4D49C,MD5=1911979D17F27BADA24BD6A42F93D43F,SHA256=707564FC98C58247D088183731C2E5A0F51923D6D9A94646B0F2158EB5704DF4,IMPHASH=01E0958B232430E87E27DC8010111684",01E0958B232430E87E27DC8010111684,"C:\Users\tcolby\Downloads\fsociety2 (1).exe","C:\Windows\Microsoft.NET\Framework64\v4.0.30319\clr.dll",,,,,0x8000000000000000,4,,,1911979D17F27BADA24BD6A42F93D43F,"'Microsoft-Windows-Sysmon'",0,"clr.dll",,,,,,,"{fc7e85d2-c560-674c-45cf-000000002400}","'3144'",10148,"Microsoft® .NET Framework",,,,,240542,240542,,"technique_id=T1055,technique_name=Process Injection",B12C4496FBB3EC12B183E79E38EB456482F4D49C,707564FC98C58247D088183731C2E5A0F51923D6D9A94646B0F2158EB5704DF4,"S-1-5-18","Microsoft Corporation",Valid,true,,,,,,,,,,,,"'2024-12-01T20:21:52.5673486Z'","<Provider Name='Microsoft-Windows-Sysmon' Guid='{5770385f-c22a-43e0-bf4c-06f5698ffbd9}'/><EventID>7</EventID><Version>3</Version><Level>4</Level><Task>7</Task><Opcode>0</Opcode><Keywords>0x8000000000000000</Keywords><TimeCreated SystemTime='2024-12-01T20:21:52.5673486Z'/><EventRecordID>240542</EventRecordID><Correlation/><Execution ProcessID='3144' ThreadID='4460'/><Channel>Microsoft-Windows-Sysmon/Operational</Channel><Computer>wrk-colby.Ecorp.local</Computer><Security UserID='S-1-5-18'/>",,,,,,,7,,"'4460'","2024-12-01T20:21:52.5673486Z","ECORP\tcolby","'S-1-5-18'","2024-12-01 20:21:52.539",3,"<Event xmlns='http://schemas.microsoft.com/win/2004/08/events/event'><System><Provider Name='Microsoft-Windows-Sysmon' Guid='{5770385f-c22a-43e0-bf4c-06f5698ffbd9}'/><EventID>7</EventID><Version>3</Version><Level>4</Level><Task>7</Task><Opcode>0</Opcode><Keywords>0x8000000000000000</Keywords><TimeCreated SystemTime='2024-12-01T20:21:52.5673486Z'/><EventRecordID>240542</EventRecordID><Correlation/><Execution ProcessID='3144' ThreadID='4460'/><Channel>Microsoft-Windows-Sysmon/Operational</Channel><Computer>wrk-colby.Ecorp.local</Computer><Security UserID='S-1-5-18'/></System><EventData><Data Name='RuleName'>technique_id=T1055,technique_name=Process Injection</Data><Data Name='UtcTime'>2024-12-01 20:21:52.539</Data><Data Name='ProcessGuid'>{fc7e85d2-c560-674c-45cf-000000002400}</Data><Data Name='ProcessId'>10148</Data><Data Name='Image'>C:\Users\tcolby\Downloads\fsociety2 (1).exe</Data><Data Name='ImageLoaded'>C:\Windows\Microsoft.NET\Framework64\v4.0.30319\clr.dll</Data><Data Name='FileVersion'>4.8.9282.0 built by: NET481REL1LAST_C</Data><Data Name='Description'>Microsoft .NET Runtime Common Language Runtime - WorkStation</Data><Data Name='Product'>Microsoft® .NET Framework</Data><Data Name='Company'>Microsoft Corporation</Data><Data Name='OriginalFileName'>clr.dll</Data><Data Name='Hashes'>SHA1=B12C4496FBB3EC12B183E79E38EB456482F4D49C,MD5=1911979D17F27BADA24BD6A42F93D43F,SHA256=707564FC98C58247D088183731C2E5A0F51923D6D9A94646B0F2158EB5704DF4,IMPHASH=01E0958B232430E87E27DC8010111684</Data><Data Name='Signed'>true</Data><Data Name='Signature'>Microsoft Corporation</Data><Data Name='SignatureStatus'>Valid</Data><Data Name='User'>ECORP\tcolby</Data></EventData></Event>","2024-12-01T15:21:52.539-0500",success,,,,,,,20,1,21,december,52,sunday,2024,0,,"wrk-colby.Ecorp.local",,,,,"wrk-colby.Ecorp.local",,"WRK-COLBY",240542,"endpoint_services_processes ms-sysmon-process windows_event_signature",,,,,,,,"WRK-COLBY",,,240542,main,1,"clr.dll","C:\Windows\Microsoft.NET\Framework64\v4.0.30319\clr.dll",,,,,,"clr.dll","Microsoft Windows",,,,,,,,,,"fsociety2 (1).exe","{fc7e85d2-c560-674c-45cf-000000002400}","SHA1=B12C4496FBB3EC12B183E79E38EB456482F4D49C,MD5=1911979D17F27BADA24BD6A42F93D43F,SHA256=707564FC98C58247D088183731C2E5A0F51923D6D9A94646B0F2158EB5704DF4,IMPHASH=01E0958B232430E87E27DC8010111684",10148,,"fsociety2 (1).exe","C:\Users\tcolby\Downloads\fsociety2 (1).exe",,,"<_='://../////'><><_='--'_='{----}'/><></><></><><",,,,,,,,,,,,,,,true,true,,,,,informational,4,"Image loaded",7,"XmlWinEventLog:Microsoft-Windows-Sysmon/Operational",XmlWinEventLog,"wrk-colby",,,,,,,,,,,,"process
report
track_event_signatures",,"process
report
track_event_signatures",715,692,,,,,,,tcolby,,"'S-1-5-18'",,"Microsoft Sysmon"
,,,"Microsoft-Windows-Sysmon/Operational",,,"Microsoft Corporation","wrk-colby.Ecorp.local",,,,"Microsoft .NET Runtime Execution Engine",,,,,,,,"Microsoft-Windows-Sysmon/Operational",7,"<Data Name='RuleName'>technique_id=T1055,technique_name=Process Injection</Data><Data Name='UtcTime'>2024-12-01 20:21:52.484</Data><Data Name='ProcessGuid'>{fc7e85d2-c560-674c-45cf-000000002400}</Data><Data Name='ProcessId'>10148</Data><Data Name='Image'>C:\Users\tcolby\Downloads\fsociety2 (1).exe</Data><Data Name='ImageLoaded'>C:\Windows\Microsoft.NET\Framework64\v4.0.30319\mscoreei.dll</Data><Data Name='FileVersion'>4.8.9093.0 built by: NET481REL1LAST_C</Data><Data Name='Description'>Microsoft .NET Runtime Execution Engine</Data><Data Name='Product'>Microsoft® .NET Framework</Data><Data Name='Company'>Microsoft Corporation</Data><Data Name='OriginalFileName'>mscoreei.dll</Data><Data Name='Hashes'>SHA1=2186F29C0312A9BE5B9D08BD3A95DFC14A7BB0A4,MD5=89AB48AC59F9E5302E10A6A2ED5E9F9E,SHA256=791E1A6F0C1024B2AC8142F0D85B25A7510B57606EF2D903289BE76970ADE9DD,IMPHASH=BDAAD270BEE58C9A3A7622CD1CA3EF79</Data><Data Name='Signed'>true</Data><Data Name='Signature'>Microsoft Corporation</Data><Data Name='SignatureStatus'>Valid</Data><Data Name='User'>ECORP\tcolby</Data>","Image loaded",7,240541,,"4.8.9093.0 built by: NET481REL1LAST_C",,,"'{5770385f-c22a-43e0-bf4c-06f5698ffbd9}'","SHA1=2186F29C0312A9BE5B9D08BD3A95DFC14A7BB0A4,MD5=89AB48AC59F9E5302E10A6A2ED5E9F9E,SHA256=791E1A6F0C1024B2AC8142F0D85B25A7510B57606EF2D903289BE76970ADE9DD,IMPHASH=BDAAD270BEE58C9A3A7622CD1CA3EF79",BDAAD270BEE58C9A3A7622CD1CA3EF79,"C:\Users\tcolby\Downloads\fsociety2 (1).exe","C:\Windows\Microsoft.NET\Framework64\v4.0.30319\mscoreei.dll",,,,,0x8000000000000000,4,,,89AB48AC59F9E5302E10A6A2ED5E9F9E,"'Microsoft-Windows-Sysmon'",0,"mscoreei.dll",,,,,,,"{fc7e85d2-c560-674c-45cf-000000002400}","'3144'",10148,"Microsoft® .NET Framework",,,,,240541,240541,,"technique_id=T1055,technique_name=Process Injection",2186F29C0312A9BE5B9D08BD3A95DFC14A7BB0A4,791E1A6F0C1024B2AC8142F0D85B25A7510B57606EF2D903289BE76970ADE9DD,"S-1-5-18","Microsoft Corporation",Valid,true,,,,,,,,,,,,"'2024-12-01T20:21:52.5037935Z'","<Provider Name='Microsoft-Windows-Sysmon' Guid='{5770385f-c22a-43e0-bf4c-06f5698ffbd9}'/><EventID>7</EventID><Version>3</Version><Level>4</Level><Task>7</Task><Opcode>0</Opcode><Keywords>0x8000000000000000</Keywords><TimeCreated SystemTime='2024-12-01T20:21:52.5037935Z'/><EventRecordID>240541</EventRecordID><Correlation/><Execution ProcessID='3144' ThreadID='4460'/><Channel>Microsoft-Windows-Sysmon/Operational</Channel><Computer>wrk-colby.Ecorp.local</Computer><Security UserID='S-1-5-18'/>",,,,,,,7,,"'4460'","2024-12-01T20:21:52.5037935Z","ECORP\tcolby","'S-1-5-18'","2024-12-01 20:21:52.484",3,"<Event xmlns='http://schemas.microsoft.com/win/2004/08/events/event'><System><Provider Name='Microsoft-Windows-Sysmon' Guid='{5770385f-c22a-43e0-bf4c-06f5698ffbd9}'/><EventID>7</EventID><Version>3</Version><Level>4</Level><Task>7</Task><Opcode>0</Opcode><Keywords>0x8000000000000000</Keywords><TimeCreated SystemTime='2024-12-01T20:21:52.5037935Z'/><EventRecordID>240541</EventRecordID><Correlation/><Execution ProcessID='3144' ThreadID='4460'/><Channel>Microsoft-Windows-Sysmon/Operational</Channel><Computer>wrk-colby.Ecorp.local</Computer><Security UserID='S-1-5-18'/></System><EventData><Data Name='RuleName'>technique_id=T1055,technique_name=Process Injection</Data><Data Name='UtcTime'>2024-12-01 20:21:52.484</Data><Data Name='ProcessGuid'>{fc7e85d2-c560-674c-45cf-000000002400}</Data><Data Name='ProcessId'>10148</Data><Data Name='Image'>C:\Users\tcolby\Downloads\fsociety2 (1).exe</Data><Data Name='ImageLoaded'>C:\Windows\Microsoft.NET\Framework64\v4.0.30319\mscoreei.dll</Data><Data Name='FileVersion'>4.8.9093.0 built by: NET481REL1LAST_C</Data><Data Name='Description'>Microsoft .NET Runtime Execution Engine</Data><Data Name='Product'>Microsoft® .NET Framework</Data><Data Name='Company'>Microsoft Corporation</Data><Data Name='OriginalFileName'>mscoreei.dll</Data><Data Name='Hashes'>SHA1=2186F29C0312A9BE5B9D08BD3A95DFC14A7BB0A4,MD5=89AB48AC59F9E5302E10A6A2ED5E9F9E,SHA256=791E1A6F0C1024B2AC8142F0D85B25A7510B57606EF2D903289BE76970ADE9DD,IMPHASH=BDAAD270BEE58C9A3A7622CD1CA3EF79</Data><Data Name='Signed'>true</Data><Data Name='Signature'>Microsoft Corporation</Data><Data Name='SignatureStatus'>Valid</Data><Data Name='User'>ECORP\tcolby</Data></EventData></Event>","2024-12-01T15:21:52.484-0500",success,,,,,,,20,1,21,december,52,sunday,2024,0,,"wrk-colby.Ecorp.local",,,,,"wrk-colby.Ecorp.local",,"WRK-COLBY",240541,"endpoint_services_processes ms-sysmon-process windows_event_signature",,,,,,,,"WRK-COLBY",,,240541,main,1,"mscoreei.dll","C:\Windows\Microsoft.NET\Framework64\v4.0.30319\mscoreei.dll",,,,,,"mscoreei.dll","Microsoft Windows",,,,,,,,,,"fsociety2 (1).exe","{fc7e85d2-c560-674c-45cf-000000002400}","SHA1=2186F29C0312A9BE5B9D08BD3A95DFC14A7BB0A4,MD5=89AB48AC59F9E5302E10A6A2ED5E9F9E,SHA256=791E1A6F0C1024B2AC8142F0D85B25A7510B57606EF2D903289BE76970ADE9DD,IMPHASH=BDAAD270BEE58C9A3A7622CD1CA3EF79",10148,,"fsociety2 (1).exe","C:\Users\tcolby\Downloads\fsociety2 (1).exe",,,"<_='://../////'><><_='--'_='{----}'/><></><></><><",,,,,,,,,,,,,,,true,true,,,,,informational,4,"Image loaded",7,"XmlWinEventLog:Microsoft-Windows-Sysmon/Operational",XmlWinEventLog,"wrk-colby",,,,,,,,,,,,"process
report
track_event_signatures",,"process
report
track_event_signatures",715,692,,,,,,,tcolby,,"'S-1-5-18'",,"Microsoft Sysmon"
,,,"Microsoft-Windows-Sysmon/Operational",,,"Microsoft Corporation","wrk-colby.Ecorp.local",,,,"Microsoft .NET Runtime Execution Engine",,,,,,,,"Microsoft-Windows-Sysmon/Operational",7,"<Data Name='RuleName'>technique_id=T1055,technique_name=Process Injection</Data><Data Name='UtcTime'>2024-12-01 20:21:52.473</Data><Data Name='ProcessGuid'>{fc7e85d2-c560-674c-45cf-000000002400}</Data><Data Name='ProcessId'>10148</Data><Data Name='Image'>C:\Users\tcolby\Downloads\fsociety2 (1).exe</Data><Data Name='ImageLoaded'>C:\Windows\System32\mscoree.dll</Data><Data Name='FileVersion'>10.0.19041.1 (WinBuild.160101.0800)</Data><Data Name='Description'>Microsoft .NET Runtime Execution Engine</Data><Data Name='Product'>Microsoft® Windows® Operating System</Data><Data Name='Company'>Microsoft Corporation</Data><Data Name='OriginalFileName'>mscoree.dll</Data><Data Name='Hashes'>SHA1=CFEF8F0BA040939B87B74F101970A6BBEB5DA15F,MD5=D5971EF71DE1BDD46D537203ABFCC756,SHA256=8828DE042D008783BA5B31C82935A3ED38D5996927C3399B3E1FC6FE723FC84E,IMPHASH=65F23EFA1EB51A5DAAB399BFAA840074</Data><Data Name='Signed'>true</Data><Data Name='Signature'>Microsoft Windows</Data><Data Name='SignatureStatus'>Valid</Data><Data Name='User'>ECORP\tcolby</Data>","Image loaded",7,240540,,"10.0.19041.1 (WinBuild.160101.0800)",,,"'{5770385f-c22a-43e0-bf4c-06f5698ffbd9}'","SHA1=CFEF8F0BA040939B87B74F101970A6BBEB5DA15F,MD5=D5971EF71DE1BDD46D537203ABFCC756,SHA256=8828DE042D008783BA5B31C82935A3ED38D5996927C3399B3E1FC6FE723FC84E,IMPHASH=65F23EFA1EB51A5DAAB399BFAA840074",65F23EFA1EB51A5DAAB399BFAA840074,"C:\Users\tcolby\Downloads\fsociety2 (1).exe","C:\Windows\System32\mscoree.dll",,,,,0x8000000000000000,4,,,D5971EF71DE1BDD46D537203ABFCC756,"'Microsoft-Windows-Sysmon'",0,"mscoree.dll",,,,,,,"{fc7e85d2-c560-674c-45cf-000000002400}","'3144'",10148,"Microsoft® Windows® Operating System",,,,,240540,240540,,"technique_id=T1055,technique_name=Process Injection",CFEF8F0BA040939B87B74F101970A6BBEB5DA15F,8828DE042D008783BA5B31C82935A3ED38D5996927C3399B3E1FC6FE723FC84E,"S-1-5-18","Microsoft Windows",Valid,true,,,,,,,,,,,,"'2024-12-01T20:21:52.4909399Z'","<Provider Name='Microsoft-Windows-Sysmon' Guid='{5770385f-c22a-43e0-bf4c-06f5698ffbd9}'/><EventID>7</EventID><Version>3</Version><Level>4</Level><Task>7</Task><Opcode>0</Opcode><Keywords>0x8000000000000000</Keywords><TimeCreated SystemTime='2024-12-01T20:21:52.4909399Z'/><EventRecordID>240540</EventRecordID><Correlation/><Execution ProcessID='3144' ThreadID='4460'/><Channel>Microsoft-Windows-Sysmon/Operational</Channel><Computer>wrk-colby.Ecorp.local</Computer><Security UserID='S-1-5-18'/>",,,,,,,7,,"'4460'","2024-12-01T20:21:52.4909399Z","ECORP\tcolby","'S-1-5-18'","2024-12-01 20:21:52.473",3,"<Event xmlns='http://schemas.microsoft.com/win/2004/08/events/event'><System><Provider Name='Microsoft-Windows-Sysmon' Guid='{5770385f-c22a-43e0-bf4c-06f5698ffbd9}'/><EventID>7</EventID><Version>3</Version><Level>4</Level><Task>7</Task><Opcode>0</Opcode><Keywords>0x8000000000000000</Keywords><TimeCreated SystemTime='2024-12-01T20:21:52.4909399Z'/><EventRecordID>240540</EventRecordID><Correlation/><Execution ProcessID='3144' ThreadID='4460'/><Channel>Microsoft-Windows-Sysmon/Operational</Channel><Computer>wrk-colby.Ecorp.local</Computer><Security UserID='S-1-5-18'/></System><EventData><Data Name='RuleName'>technique_id=T1055,technique_name=Process Injection</Data><Data Name='UtcTime'>2024-12-01 20:21:52.473</Data><Data Name='ProcessGuid'>{fc7e85d2-c560-674c-45cf-000000002400}</Data><Data Name='ProcessId'>10148</Data><Data Name='Image'>C:\Users\tcolby\Downloads\fsociety2 (1).exe</Data><Data Name='ImageLoaded'>C:\Windows\System32\mscoree.dll</Data><Data Name='FileVersion'>10.0.19041.1 (WinBuild.160101.0800)</Data><Data Name='Description'>Microsoft .NET Runtime Execution Engine</Data><Data Name='Product'>Microsoft® Windows® Operating System</Data><Data Name='Company'>Microsoft Corporation</Data><Data Name='OriginalFileName'>mscoree.dll</Data><Data Name='Hashes'>SHA1=CFEF8F0BA040939B87B74F101970A6BBEB5DA15F,MD5=D5971EF71DE1BDD46D537203ABFCC756,SHA256=8828DE042D008783BA5B31C82935A3ED38D5996927C3399B3E1FC6FE723FC84E,IMPHASH=65F23EFA1EB51A5DAAB399BFAA840074</Data><Data Name='Signed'>true</Data><Data Name='Signature'>Microsoft Windows</Data><Data Name='SignatureStatus'>Valid</Data><Data Name='User'>ECORP\tcolby</Data></EventData></Event>","2024-