12-01T15:46:23.119-0500",allowed,,,,,,,20,1,46,december,23,sunday,2024,0,,"wrk-colby.Ecorp.local",,,,,"wrk-colby.Ecorp.local",,"WRK-COLBY",240597,"endpoint_services_processes ms-sysmon-process windows_event_signature",,,,,,,0x101411,"WRK-COLBY",,,240597,main,1,,,,,,,,,"Microsoft Windows",,"OneDrive.exe","{fc7e85d2-7dc4-674c-4102-000000002400}",8356,"OneDrive.exe","C:\Users\tcolby\AppData\Local\Microsoft\OneDrive\OneDrive.exe",,,,"RuntimeBroker.exe","{fc7e85d2-7da9-674c-d901-000000002400}",,5572,,"RuntimeBroker.exe","C:\Windows\System32\RuntimeBroker.exe",,,"<_='://../////'><><_='--'_='{----}'/><></><></><><",,,,,,,,,,,,,,,,,,,,,informational,4,ProcessAccess,10,"XmlWinEventLog:Microsoft-Windows-Sysmon/Operational",XmlWinEventLog,"wrk-colby",,,,,,,,,,,,"process
report
track_event_signatures",,"process
report
track_event_signatures",712,689,,,,,,,tcolby,,"'S-1-5-18'",,"Microsoft Sysmon"
,"C:\Windows\SYSTEM32\ntdll.dll+9d9b4|C:\Windows\System32\KERNELBASE.dll+338ae|C:\Users\tcolby\AppData\Local\Microsoft\OneDrive\24.216.1027.0003\FileSyncClient.dll+5e7821|C:\Users\tcolby\AppData\Local\Microsoft\OneDrive\24.216.1027.0003\FileSyncClient.dll+89a76|C:\Users\tcolby\AppData\Local\Microsoft\OneDrive\24.216.1027.0003\FileSyncClient.dll+897f7|C:\Users\tcolby\AppData\Local\Microsoft\OneDrive\24.216.1027.0003\FileSyncClient.dll+896e6|C:\Users\tcolby\AppData\Local\Microsoft\OneDrive\24.216.1027.0003\FileSyncEvents.dll+edb1|C:\Users\tcolby\AppData\Local\Microsoft\OneDrive\24.216.1027.0003\FileSyncHost.DLL+ce95|C:\Users\tcolby\AppData\Local\Microsoft\OneDrive\24.216.1027.0003\FileSyncHost.DLL+f665|C:\Windows\System32\ucrtbase.dll+21bb2|C:\Windows\System32\KERNEL32.DLL+17374|C:\Windows\SYSTEM32\ntdll.dll+4cc91",,"Microsoft-Windows-Sysmon/Operational",,,,"wrk-colby.Ecorp.local",,,,,,,,,,,,"Microsoft-Windows-Sysmon/Operational",10,"<Data Name='RuleName'>technique_id=T1036,technique_name=Masquerading</Data><Data Name='UtcTime'>2024-12-01 20:46:23.119</Data><Data Name='SourceProcessGUID'>{fc7e85d2-7dc4-674c-4102-000000002400}</Data><Data Name='SourceProcessId'>8356</Data><Data Name='SourceThreadId'>5044</Data><Data Name='SourceImage'>C:\Users\tcolby\AppData\Local\Microsoft\OneDrive\OneDrive.exe</Data><Data Name='TargetProcessGUID'>{fc7e85d2-7da2-674c-ba01-000000002400}</Data><Data Name='TargetProcessId'>5312</Data><Data Name='TargetImage'>C:\Windows\system32\svchost.exe</Data><Data Name='GrantedAccess'>0x101411</Data><Data Name='CallTrace'>C:\Windows\SYSTEM32\ntdll.dll+9d9b4|C:\Windows\System32\KERNELBASE.dll+338ae|C:\Users\tcolby\AppData\Local\Microsoft\OneDrive\24.216.1027.0003\FileSyncClient.dll+5e7821|C:\Users\tcolby\AppData\Local\Microsoft\OneDrive\24.216.1027.0003\FileSyncClient.dll+89a76|C:\Users\tcolby\AppData\Local\Microsoft\OneDrive\24.216.1027.0003\FileSyncClient.dll+897f7|C:\Users\tcolby\AppData\Local\Microsoft\OneDrive\24.216.1027.0003\FileSyncClient.dll+896e6|C:\Users\tcolby\AppData\Local\Microsoft\OneDrive\24.216.1027.0003\FileSyncEvents.dll+edb1|C:\Users\tcolby\AppData\Local\Microsoft\OneDrive\24.216.1027.0003\FileSyncHost.DLL+ce95|C:\Users\tcolby\AppData\Local\Microsoft\OneDrive\24.216.1027.0003\FileSyncHost.DLL+f665|C:\Windows\System32\ucrtbase.dll+21bb2|C:\Windows\System32\KERNEL32.DLL+17374|C:\Windows\SYSTEM32\ntdll.dll+4cc91</Data><Data Name='SourceUser'>ECORP\tcolby</Data><Data Name='TargetUser'>ECORP\tcolby</Data>",ProcessAccess,10,240596,,,,0x101411,"'{5770385f-c22a-43e0-bf4c-06f5698ffbd9}'",,,,,,,,,0x8000000000000000,4,,,,"'Microsoft-Windows-Sysmon'",0,,,,,,,,,"'3144'",,,,,,,240596,240596,,"technique_id=T1036,technique_name=Masquerading",,,"S-1-5-18",,,,,"C:\Users\tcolby\AppData\Local\Microsoft\OneDrive\OneDrive.exe",,,,,"{fc7e85d2-7dc4-674c-4102-000000002400}",8356,5044,"ECORP\tcolby",,"'2024-12-01T20:46:23.1203176Z'","<Provider Name='Microsoft-Windows-Sysmon' Guid='{5770385f-c22a-43e0-bf4c-06f5698ffbd9}'/><EventID>10</EventID><Version>3</Version><Level>4</Level><Task>10</Task><Opcode>0</Opcode><Keywords>0x8000000000000000</Keywords><TimeCreated SystemTime='2024-12-01T20:46:23.1203176Z'/><EventRecordID>240596</EventRecordID><Correlation/><Execution ProcessID='3144' ThreadID='4456'/><Channel>Microsoft-Windows-Sysmon/Operational</Channel><Computer>wrk-colby.Ecorp.local</Computer><Security UserID='S-1-5-18'/>",,"C:\Windows\system32\svchost.exe",,"{fc7e85d2-7da2-674c-ba01-000000002400}",5312,"ECORP\tcolby",10,,"'4456'","2024-12-01T20:46:23.1203176Z",,"'S-1-5-18'","2024-12-01 20:46:23.119",3,"<Event xmlns='http://schemas.microsoft.com/win/2004/08/events/event'><System><Provider Name='Microsoft-Windows-Sysmon' Guid='{5770385f-c22a-43e0-bf4c-06f5698ffbd9}'/><EventID>10</EventID><Version>3</Version><Level>4</Level><Task>10</Task><Opcode>0</Opcode><Keywords>0x8000000000000000</Keywords><TimeCreated SystemTime='2024-12-01T20:46:23.1203176Z'/><EventRecordID>240596</EventRecordID><Correlation/><Execution ProcessID='3144' ThreadID='4456'/><Channel>Microsoft-Windows-Sysmon/Operational</Channel><Computer>wrk-colby.Ecorp.local</Computer><Security UserID='S-1-5-18'/></System><EventData><Data Name='RuleName'>technique_id=T1036,technique_name=Masquerading</Data><Data Name='UtcTime'>2024-12-01 20:46:23.119</Data><Data Name='SourceProcessGUID'>{fc7e85d2-7dc4-674c-4102-000000002400}</Data><Data Name='SourceProcessId'>8356</Data><Data Name='SourceThreadId'>5044</Data><Data Name='SourceImage'>C:\Users\tcolby\AppData\Local\Microsoft\OneDrive\OneDrive.exe</Data><Data Name='TargetProcessGUID'>{fc7e85d2-7da2-674c-ba01-000000002400}</Data><Data Name='TargetProcessId'>5312</Data><Data Name='TargetImage'>C:\Windows\system32\svchost.exe</Data><Data Name='GrantedAccess'>0x101411</Data><Data Name='CallTrace'>C:\Windows\SYSTEM32\ntdll.dll+9d9b4|C:\Windows\System32\KERNELBASE.dll+338ae|C:\Users\tcolby\AppData\Local\Microsoft\OneDrive\24.216.1027.0003\FileSyncClient.dll+5e7821|C:\Users\tcolby\AppData\Local\Microsoft\OneDrive\24.216.1027.0003\FileSyncClient.dll+89a76|C:\Users\tcolby\AppData\Local\Microsoft\OneDrive\24.216.1027.0003\FileSyncClient.dll+897f7|C:\Users\tcolby\AppData\Local\Microsoft\OneDrive\24.216.1027.0003\FileSyncClient.dll+896e6|C:\Users\tcolby\AppData\Local\Microsoft\OneDrive\24.216.1027.0003\FileSyncEvents.dll+edb1|C:\Users\tcolby\AppData\Local\Microsoft\OneDrive\24.216.1027.0003\FileSyncHost.DLL+ce95|C:\Users\tcolby\AppData\Local\Microsoft\OneDrive\24.216.1027.0003\FileSyncHost.DLL+f665|C:\Windows\System32\ucrtbase.dll+21bb2|C:\Windows\System32\KERNEL32.DLL+17374|C:\Windows\SYSTEM32\ntdll.dll+4cc91</Data><Data Name='SourceUser'>ECORP\tcolby</Data><Data Name='TargetUser'>ECORP\tcolby</Data></EventData></Event>","2024-12-01T15:46:23.119-0500",allowed,,,,,,,20,1,46,december,23,sunday,2024,0,,"wrk-colby.Ecorp.local",,,,,"wrk-colby.Ecorp.local",,"WRK-COLBY",240596,"endpoint_services_processes ms-sysmon-process windows_event_signature",,,,,,,0x101411,"WRK-COLBY",,,240596,main,1,,,,,,,,,"Microsoft Windows",,"OneDrive.exe","{fc7e85d2-7dc4-674c-4102-000000002400}",8356,"OneDrive.exe","C:\Users\tcolby\AppData\Local\Microsoft\OneDrive\OneDrive.exe",,,,"svchost.exe","{fc7e85d2-7da2-674c-ba01-000000002400}",,5312,,"svchost.exe","C:\Windows\system32\svchost.exe",,,"<_='://../////'><><_='--'_='{----}'/><></><></><><",,,,,,,,,,,,,,,,,,,,,informational,4,ProcessAccess,10,"XmlWinEventLog:Microsoft-Windows-Sysmon/Operational",XmlWinEventLog,"wrk-colby",,,,,,,,,,,,"process
report
track_event_signatures",,"process
report
track_event_signatures",712,689,,,,,,,tcolby,,"'S-1-5-18'",,"Microsoft Sysmon"
,"C:\Windows\SYSTEM32\ntdll.dll+9d9b4|C:\Windows\System32\KERNELBASE.dll+338ae|C:\Users\tcolby\AppData\Local\Microsoft\OneDrive\24.216.1027.0003\FileSyncClient.dll+5e7821|C:\Users\tcolby\AppData\Local\Microsoft\OneDrive\24.216.1027.0003\FileSyncClient.dll+89a76|C:\Users\tcolby\AppData\Local\Microsoft\OneDrive\24.216.1027.0003\FileSyncClient.dll+897f7|C:\Users\tcolby\AppData\Local\Microsoft\OneDrive\24.216.1027.0003\FileSyncClient.dll+896e6|C:\Users\tcolby\AppData\Local\Microsoft\OneDrive\24.216.1027.0003\FileSyncEvents.dll+edb1|C:\Users\tcolby\AppData\Local\Microsoft\OneDrive\24.216.1027.0003\FileSyncHost.DLL+ce95|C:\Users\tcolby\AppData\Local\Microsoft\OneDrive\24.216.1027.0003\FileSyncHost.DLL+f665|C:\Windows\System32\ucrtbase.dll+21bb2|C:\Windows\System32\KERNEL32.DLL+17374|C:\Windows\SYSTEM32\ntdll.dll+4cc91",,"Microsoft-Windows-Sysmon/Operational",,,,"wrk-colby.Ecorp.local",,,,,,,,,,,,"Microsoft-Windows-Sysmon/Operational",10,"<Data Name='RuleName'>technique_id=T1036,technique_name=Masquerading</Data><Data Name='UtcTime'>2024-12-01 20:46:23.119</Data><Data Name='SourceProcessGUID'>{fc7e85d2-7dc4-674c-4102-000000002400}</Data><Data Name='SourceProcessId'>8356</Data><Data Name='SourceThreadId'>5044</Data><Data Name='SourceImage'>C:\Users\tcolby\AppData\Local\Microsoft\OneDrive\OneDrive.exe</Data><Data Name='TargetProcessGUID'>{fc7e85d2-7d9e-674c-a801-000000002400}</Data><Data Name='TargetProcessId'>6480</Data><Data Name='TargetImage'>C:\Windows\system32\taskhostw.exe</Data><Data Name='GrantedAccess'>0x101411</Data><Data Name='CallTrace'>C:\Windows\SYSTEM32\ntdll.dll+9d9b4|C:\Windows\System32\KERNELBASE.dll+338ae|C:\Users\tcolby\AppData\Local\Microsoft\OneDrive\24.216.1027.0003\FileSyncClient.dll+5e7821|C:\Users\tcolby\AppData\Local\Microsoft\OneDrive\24.216.1027.0003\FileSyncClient.dll+89a76|C:\Users\tcolby\AppData\Local\Microsoft\OneDrive\24.216.1027.0003\FileSyncClient.dll+897f7|C:\Users\tcolby\AppData\Local\Microsoft\OneDrive\24.216.1027.0003\FileSyncClient.dll+896e6|C:\Users\tcolby\AppData\Local\Microsoft\OneDrive\24.216.1027.0003\FileSyncEvents.dll+edb1|C:\Users\tcolby\AppData\Local\Microsoft\OneDrive\24.216.1027.0003\FileSyncHost.DLL+ce95|C:\Users\tcolby\AppData\Local\Microsoft\OneDrive\24.216.1027.0003\FileSyncHost.DLL+f665|C:\Windows\System32\ucrtbase.dll+21bb2|C:\Windows\System32\KERNEL32.DLL+17374|C:\Windows\SYSTEM32\ntdll.dll+4cc91</Data><Data Name='SourceUser'>ECORP\tcolby</Data><Data Name='TargetUser'>ECORP\tcolby</Data>",ProcessAccess,10,240595,,,,0x101411,"'{5770385f-c22a-43e0-bf4c-06f5698ffbd9}'",,,,,,,,,0x8000000000000000,4,,,,"'Microsoft-Windows-Sysmon'",0,,,,,,,,,"'3144'",,,,,,,240595,240595,,"technique_id=T1036,technique_name=Masquerading",,,"S-1-5-18",,,,,"C:\Users\tcolby\AppData\Local\Microsoft\OneDrive\OneDrive.exe",,,,,"{fc7e85d2-7dc4-674c-4102-000000002400}",8356,5044,"ECORP\tcolby",,"'2024-12-01T20:46:23.1202781Z'","<Provider Name='Microsoft-Windows-Sysmon' Guid='{5770385f-c22a-43e0-bf4c-06f5698ffbd9}'/><EventID>10</EventID><Version>3</Version><Level>4</Level><Task>10</Task><Opcode>0</Opcode><Keywords>0x8000000000000000</Keywords><TimeCreated SystemTime='2024-12-01T20:46:23.1202781Z'/><EventRecordID>240595</EventRecordID><Correlation/><Execution ProcessID='3144' ThreadID='4456'/><Channel>Microsoft-Windows-Sysmon/Operational</Channel><Computer>wrk-colby.Ecorp.local</Computer><Security UserID='S-1-5-18'/>",,"C:\Windows\system32\taskhostw.exe",,"{fc7e85d2-7d9e-674c-a801-000000002400}",6480,"ECORP\tcolby",10,,"'4456'","2024-12-01T20:46:23.1202781Z",,"'S-1-5-18'","2024-12-01 20:46:23.119",3,"<Event xmlns='http://schemas.microsoft.com/win/2004/08/events/event'><System><Provider Name='Microsoft-Windows-Sysmon' Guid='{5770385f-c22a-43e0-bf4c-06f5698ffbd9}'/><EventID>10</EventID><Version>3</Version><Level>4</Level><Task>10</Task><Opcode>0</Opcode><Keywords>0x8000000000000000</Keywords><TimeCreated SystemTime='2024-12-01T20:46:23.1202781Z'/><EventRecordID>240595</EventRecordID><Correlation/><Execution ProcessID='3144' ThreadID='4456'/><Channel>Microsoft-Windows-Sysmon/Operational</Channel><Computer>wrk-colby.Ecorp.local</Computer><Security UserID='S-1-5-18'/></System><EventData><Data Name='RuleName'>technique_id=T1036,technique_name=Masquerading</Data><Data Name='UtcTime'>2024-12-01 20:46:23.119</Data><Data Name='SourceProcessGUID'>{fc7e85d2-7dc4-674c-4102-000000002400}</Data><Data Name='SourceProcessId'>8356</Data><Data Name='SourceThreadId'>5044</Data><Data Name='SourceImage'>C:\Users\tcolby\AppData\Local\Microsoft\OneDrive\OneDrive.exe</Data><Data Name='TargetProcessGUID'>{fc7e85d2-7d9e-674c-a801-000000002400}</Data><Data Name='TargetProcessId'>6480</Data><Data Name='TargetImage'>C:\Windows\system32\taskhostw.exe</Data><Data Name='GrantedAccess'>0x101411</Data><Data Name='CallTrace'>C:\Windows\SYSTEM32\ntdll.dll+9d9b4|C:\Windows\System32\KERNELBASE.dll+338ae|C:\Users\tcolby\AppData\Local\Microsoft\OneDrive\24.216.1027.0003\FileSyncClient.dll+5e7821|C:\Users\tcolby\AppData\Local\Microsoft\OneDrive\24.216.1027.0003\FileSyncClient.dll+89a76|C:\Users\tcolby\AppData\Local\Microsoft\OneDrive\24.216.1027.0003\FileSyncClient.dll+897f7|C:\Users\tcolby\AppData\Local\Microsoft\OneDrive\24.216.1027.0003\FileSyncClient.dll+896e6|C:\Users\tcolby\AppData\Local\Microsoft\OneDrive\24.216.1027.0003\FileSyncEvents.dll+edb1|C:\Users\tcolby\AppData\Local\Microsoft\OneDrive\24.216.1027.0003\FileSyncHost.DLL+ce95|C:\Users\tcolby\AppData\Local\Microsoft\OneDrive\24.216.1027.0003\FileSyncHost.DLL+f665|C:\Windows\System32\ucrtbase.dll+21bb2|C:\Windows\System32\KERNEL32.DLL+17374|C:\Windows\SYSTEM32\ntdll.dll+4cc91</Data><Data Name='SourceUser'>ECORP\tcolby</Data><Data Name='TargetUser'>ECORP\tcolby</Data></EventData></Event>","2024-12-01T15:46:23.119-0500",allowed,,,,,,,20,1,46,december,23,sunday,2024,0,,"wrk-colby.Ecorp.local",,,,,"wrk-colby.Ecorp.local",,"WRK-COLBY",240595,"endpoint_services_processes ms-sysmon-process windows_event_signature",,,,,,,0x101411,"WRK-COLBY",,,240595,main,1,,,,,,,,,"Microsoft Windows",,"OneDrive.exe","{fc7e85d2-7dc4-674c-4102-000000002400}",8356,"OneDrive.exe","C:\Users\tcolby\AppData\Local\Microsoft\OneDrive\OneDrive.exe",,,,"taskhostw.exe","{fc7e85d2-7d9e-674c-a801-000000002400}",,6480,,"taskhostw.exe","C:\Windows\system32\taskhostw.exe",,,"<_='://../////'><><_='--'_='{----}'/><></><></><><",,,,,,,,,,,,,,,,,,,,,informational,4,ProcessAccess,10,"XmlWinEventLog:Microsoft-Windows-Sysmon/Operational",XmlWinEventLog,"wrk-colby",,,,,,,,,,,,"process
report
track_event_signatures",,"process
report
track_event_signatures",712,689,,,,,,,tcolby,,"'S-1-5-18'",,"Microsoft Sysmon"
,"C:\Windows\SYSTEM32\ntdll.dll+9d9b4|C:\Windows\System32\KERNELBASE.dll+338ae|C:\Users\tcolby\AppData\Local\Microsoft\OneDrive\24.216.1027.0003\FileSyncClient.dll+5e7821|C:\Users\tcolby\AppData\Local\Microsoft\OneDrive\24.216.1027.0003\FileSyncClient.dll+89a76|C:\Users\tcolby\AppData\Local\Microsoft\OneDrive\24.216.1027.0003\FileSyncClient.dll+897f7|C:\Users\tcolby\AppData\Local\Microsoft\OneDrive\24.216.1027.0003\FileSyncClient.dll+896e6|C:\Users\tcolby\AppData\Local\Microsoft\OneDrive\24.216.1027.0003\FileSyncEvents.dll+edb1|C:\Users\tcolby\AppData\Local\Microsoft\OneDrive\24.216.1027.0003\FileSyncHost.DLL+ce95|C:\Users\tcolby\AppData\Local\Microsoft\OneDrive\24.216.1027.0003\FileSyncHost.DLL+f665|C:\Windows\System32\ucrtbase.dll+21bb2|C:\Windows\System32\KERNEL32.DLL+17374|C:\Windows\SYSTEM32\ntdll.dll+4cc91",,"Microsoft-Windows-Sysmon/Operational",,,,"wrk-colby.Ecorp.local",,,,,,,,,,,,"Microsoft-Windows-Sysmon/Operational",10,"<Data Name='RuleName'>technique_id=T1036,technique_name=Masquerading</Data><Data Name='UtcTime'>2024-12-01 20:46:23.119</Data><Data Name='SourceProcessGUID'>{fc7e85d2-7dc4-674c-4102-000000002400}</Data><Data Name='SourceProcessId'>8356</Data><Data Name='SourceThreadId'>5044</Data><Data Name='SourceImage'>C:\Users\tcolby\AppData\Local\Microsoft\OneDrive\OneDrive.exe</Data><Data Name='TargetProcessGUID'>{fc7e85d2-7d9e-674c-a501-000000002400}</Data><Data Name='TargetProcessId'>960</Data><Data Name='TargetImage'>C:\Windows\system32\svchost.exe</Data><Data Name='GrantedAccess'>0x101411</Data><Data Name='CallTrace'>C:\Windows\SYSTEM32\ntdll.dll+9d9b4|C:\Windows\System32\KERNELBASE.dll+338ae|C:\Users\tcolby\AppData\Local\Microsoft\OneDrive\24.216.1027.0003\FileSyncClient.dll+5e7821|C:\Users\tcolby\AppData\Local\Microsoft\OneDrive\24.216.1027.0003\FileSyncClient.dll+89a76|C:\Users\tcolby\AppData\Local\Microsoft\OneDrive\24.216.1027.0003\FileSyncClient.dll+897f7|C:\Users\tcolby\AppData\Local\Microsoft\OneDrive\24.216.1027.0003\FileSyncClient.dll+896e6|C:\Users\tcolby\AppData\Local\Microsoft\OneDrive\24.216.1027.0003\FileSyncEvents.dll+edb1|C:\Users\tcolby\AppData\Local\Microsoft\OneDrive\24.216.1027.0003\FileSyncHost.DLL+ce95|C:\Users\tcolby\AppData\Local\Microsoft\OneDrive\24.216.1027.0003\FileSyncHost.DLL+f665|C:\Windows\System32\ucrtbase.dll+21bb2|C:\Windows\System32\KERNEL32.DLL+17374|C:\Windows\SYSTEM32\ntdll.dll+4cc91</Data><Data Name='SourceUser'>ECORP\tcolby</Data><Data Name='TargetUser'>ECORP\tcolby</Data>",ProcessAccess,10,240594,,,,0x101411,"'{5770385f-c22a-43e0-bf4c-06f5698ffbd9}'",,,,,,,,,0x8000000000000000,4,,,,"'Microsoft-Windows-Sysmon'",0,,,,,,,,,"'3144'",,,,,,,240594,240594,,"technique_id=T1036,technique_name=Masquerading",,,"S-1-5-18",,,,,"C:\Users\tcolby\AppData\Local\Microsoft\OneDrive\OneDrive.exe",,,,,"{fc7e85d2-7dc4-674c-4102-000000002400}",8356,5044,"ECORP\tcolby",,"'2024-12-01T20:46:23.1202339Z'","<Provider Name='Microsoft-Windows-Sysmon' Guid='{5770385f-c22a-43e0-bf4c-06f5698ffbd9}'/><EventID>10</EventID><Version>3</Version><Level>4</Level><Task>10</Task><Opcode>0</Opcode><Keywords>0x8000000000000000</Keywords><TimeCreated SystemTime='2024-12-01T20:46:23.1202339Z'/><EventRecordID>240594</EventRecordID><Correlation/><Execution ProcessID='3144' ThreadID='4456'/><Channel>Microsoft-Windows-Sysmon/Operational</Channel><Computer>wrk-colby.Ecorp.local</Computer><Security UserID='S-1-5-18'/>",,"C:\Windows\system32\svchost.exe",,"{fc7e85d2-7d9e-674c-a501-000000002400}",960,"ECORP\tcolby",10,,"'4456'","2024-12-01T20:46:23.1202339Z",,"'S-1-5-18'","2024-12-01 20:46:23.119",3,"<Event xmlns='http://schemas.microsoft.com/win/2004/08/events/event'><System><Provider Name='Microsoft-Windows-Sysmon' Guid='{5770385f-c22a-43e0-bf4c-06f5698ffbd9}'/><EventID>10</EventID><Version>3</Version><Level>4</Level><Task>10</Task><Opcode>0</Opcode><Keywords>0x8000000000000000</Keywords><TimeCreated SystemTime='2024-12-01T20:46:23.1202339Z'/><EventRecordID>240594</EventRecordID><Correlation/><Execution ProcessID='3144' ThreadID='4456'/><Channel>Microsoft-Windows-Sysmon/Operational</Channel><Computer>wrk-colby.Ecorp.local</Computer><Security UserID='S-1-5-18'/></System><EventData><Data Name='RuleName'>technique_id=T1036,technique_name=Masquerading</Data><Data Name='UtcTime'>2024-12-01 20:46:23.119</Data><Data Name='SourceProcessGUID'>{fc7e85d2-7dc4-674c-4102-000000002400}</Data><Data Name='SourceProcessId'>8356</Data><Data Name='SourceThreadId'>5044</Data><Data Name='SourceImage'>C:\Users\tcolby\AppData\Local\Microsoft\OneDrive\OneDrive.exe</Data><Data Name='TargetProcessGUID'>{fc7e85d2-7d9e-674c-a501-000000002400}</Data><Data Name='TargetProcessId'>960</Data><Data Name='TargetImage'>C:\Windows\system32\svchost.exe</Data><Data Name='GrantedAccess'>0x101411</Data><Data Name='CallTrace'>C:\Windows\SYSTEM32\ntdll.dll+9d9b4|C:\Windows\System32\KERNELBASE.dll+338ae|C:\Users\tcolby\AppData\Local\Microsoft\OneDrive\24.216.1027.0003\FileSyncClient.dll+5e7821|C:\Users\tcolby\AppData\Local\Microsoft\OneDrive\24.216.1027.0003\FileSyncClient.dll+89a76|C:\Users\tcolby\AppData\Local\Microsoft\OneDrive\24.216.1027.0003\FileSyncClient.dll+897f7|C:\Users\tcolby\AppData\Local\Microsoft\OneDrive\24.216.1027.0003\FileSyncClient.dll+896e6|C:\Users\tcolby\AppData\Local\Microsoft\OneDrive\24.216.1027.0003\FileSyncEvents.dll+edb1|C:\Users\tcolby\AppData\Local\Microsoft\OneDrive\24.216.1027.0003\FileSyncHost.DLL+ce95|C:\Users\tcolby\AppData\Local\Microsoft\OneDrive\24.216.1027.0003\FileSyncHost.DLL+f665|C:\Windows\System32\ucrtbase.dll+21bb2|C:\Windows\System32\KERNEL32.DLL+17374|C:\Windows\SYSTEM32\ntdll.dll+4cc91</Data><Data Name='SourceUser'>ECORP\tcolby</Data><Data Name='TargetUser'>ECORP\tcolby</Data></EventData></Event>","2024-12-01T15:46:23.119-0500",allowed,,,,,,,20,1,46,december,23,sunday,2024,0,,"wrk-colby.Ecorp.local",,,,,"wrk-colby.Ecorp.local",,"WRK-COLBY",240594,"endpoint_services_processes ms-sysmon-process windows_event_signature",,,,,,,0x101411,"WRK-COLBY",,,240594,main,1,,,,,,,,,"Microsoft Windows",,"OneDrive.exe","{fc7e85d2-7dc4-674c-4102-000000002400}",8356,"OneDrive.exe","C:\Users\tcolby\AppData\Local\Microsoft\OneDrive\OneDrive.exe",,,,"svchost.exe","{fc7e85d2-7d9e-674c-a501-000000002400}",,960,,"svchost.exe","C:\Windows\system32\svchost.exe",,,"<_='://../////'><><_='--'_='{----}'/><></><></><><",,,,,,,,,,,,,,,,,,,,,informational,4,ProcessAccess,10,"XmlWinEventLog:Microsoft-Windows-Sysmon/Operational",XmlWinEventLog,"wrk-colby",,,,,,,,,,,,"process
report
track_event_signatures",,"process
report
track_event_signatures",712,689,,,,,,,tcolby,,"'S-1-5-18'",,"Microsoft Sysmon"
,"C:\Windows\SYSTEM32\ntdll.dll+9d9b4|C:\Windows\System32\KERNELBASE.dll+338ae|C:\Users\tcolby\AppData\Local\Microsoft\OneDrive\24.216.1027.0003\FileSyncClient.dll+5e7821|C:\Users\tcolby\AppData\Local\Microsoft\OneDrive\24.216.1027.0003\FileSyncClient.dll+89a76|C:\Users\tcolby\AppData\Local\Microsoft\OneDrive\24.216.1027.0003\FileSyncClient.dll+897f7|C:\Users\tcolby\AppData\Local\Microsoft\OneDrive\24.216.1027.0003\FileSyncClient.dll+896e6|C:\Users\tcolby\AppData\Local\Microsoft\OneDrive\24.216.1027.0003\FileSyncEvents.dll+edb1|C:\Users\tcolby\AppData\Local\Microsoft\OneDrive\24.216.1027.0003\FileSyncHost.DLL+ce95|C:\Users\tcolby\AppData\Local\Microsoft\OneDrive\24.216.1027.0003\FileSyncHost.DLL+f665|C:\Windows\System32\ucrtbase.dll+21bb2|C:\Windows\System32\KERNEL32.DLL+17374|C:\Windows\SYSTEM32\ntdll.dll+4cc91",,"Microsoft-Windows-Sysmon/Operational",,,,"wrk-colby.Ecorp.local",,,,,,,,,,,,"Microsoft-Windows-Sysmon/Operational",10,"<Data Name='RuleName'>technique_id=T1036,technique_name=Masquerading</Data><Data Name='UtcTime'>2024-12-01 20:46:23.119</Data><Data Name='SourceProcessGUID'>{fc7e85d2-7dc4-674c-4102-000000002400}</Data><Data Name='SourceProcessId'>8356</Data><Data Name='SourceThreadId'>5044</Data><Data Name='SourceImage'>C:\Users\tcolby\AppData\Local\Microsoft\OneDrive\OneDrive.exe</Data><Data Name='TargetProcessGUID'>{fc7e85d2-7d9e-674c-a401-000000002400}</Data><Data Name='TargetProcessId'>4256</Data><Data Name='TargetImage'>C:\Windows\system32\svchost.exe</Data><Data Name='GrantedAccess'>0x101411</Data><Data Name='CallTrace'>C:\Windows\SYSTEM32\ntdll.dll+9d9b4|C:\Windows\System32\KERNELBASE.dll+338ae|C:\Users\tcolby\AppData\Local\Microsoft\OneDrive\24.216.1027.0003\FileSyncClient.dll+5e7821|C:\Users\tcolby\AppData\Local\Microsoft\OneDrive\24.216.1027.0003\FileSyncClient.dll+89a76|C:\Users\tcolby\AppData\Local\Microsoft\OneDrive\24.216.1027.0003\FileSyncClient.dll+897f7|C:\Users\tcolby\AppData\Local\Microsoft\OneDrive\24.216.1027.0003\FileSyncClient.dll+896e6|C:\Users\tcolby\AppData\Local\Microsoft\OneDrive\24.216.1027.0003\FileSyncEvents.dll+edb1|C:\Users\tcolby\AppData\Local\Microsoft\OneDrive\24.216.1027.0003\FileSyncHost.DLL+ce95|C:\Users\tcolby\AppData\Local\Microsoft\OneDrive\24.216.1027.0003\FileSyncHost.DLL+f665|C:\Windows\System32\ucrtbase.dll+21bb2|C:\Windows\System32\KERNEL32.DLL+17374|C:\Windows\SYSTEM32\ntdll.dll+4cc91</Data><Data Name='SourceUser'>ECORP\tcolby</Data><Data Name='TargetUser'>ECORP\tcolby</Data>",ProcessAccess,10,240593,,,,0x101411,"'{5770385f-c22a-43e0-bf4c-06f5698ffbd9}'",,,,,,,,,0x8000000000000000,4,,,,"'Microsoft-Windows-Sysmon'",0,,,,,,,,,"'3144'",,,,,,,240593,240593,,"technique_id=T1036,technique_name=Masquerading",,,"S-1-5-18",,,,,"C:\Users\tcolby\AppData\Local\Microsoft\OneDrive\OneDrive.exe",,,,,"{fc7e85d2-7dc4-674c-4102-000000002400}",8356,5044,"ECORP\tcolby",,"'2024-12-01T20:46:23.1201576Z'","<Provider Name='Microsoft-Windows-Sysmon' Guid='{5770385f-c22a-43e0-bf4c-06f5698ffbd9}'/><EventID>10</EventID><Version>3</Version><Level>4</Level><Task>10</Task><Opcode>0</Opcode><Keywords>0x8000000000000000</Keywords><TimeCreated SystemTime='2024-12-01T20:46:23.1201576Z'/><EventRecordID>240593</EventRecordID><Correlation/><Execution ProcessID='3144' ThreadID='4456'/><Channel>Microsoft-Windows-Sysmon/Operational</Channel><Computer>wrk-colby.Ecorp.local</Computer><Security UserID='S-1-5-18'/>",,"C:\Windows\system32\svchost.exe",,"{fc7e85d2-7d9e-674c-a401-000000002400}",4256,"ECORP\tcolby",10,,"'4456'","2024-12-01T20:46:23.1201576Z",,"'S-1-5-18'","2024-12-01 20:46:23.119",3,"<Event xmlns='http://schemas.microsoft.com/win/2004/08/events/event'><System><Provider Name='Microsoft-Windows-Sysmon' Guid='{5770385f-c22a-43e0-bf4c-06f5698ffbd9}'/><EventID>10</EventID><Version>3</Version><Level>4</Level><Task>10</Task><Opcode>0</Opcode><Keywords>0x8000000000000000</Keywords><TimeCreated SystemTime='2024-12-01T20:46:23.1201576Z'/><EventRecordID>240593</EventRecordID><Correlation/><Execution ProcessID='3144' ThreadID='4456'/><Channel>Microsoft-Windows-Sysmon/Operational</Channel><Computer>wrk-colby.Ecorp.local</Computer><Security UserID='S-1-5-18'/></System><EventData><Data Name='RuleName'>technique_id=T1036,technique_name=Masquerading</Data><Data Name='UtcTime'>2024-12-01 20:46:23.119</Data><Data Name='SourceProcessGUID'>{fc7e85d2-7dc4-674c-4102-000000002400}</Data><Data Name='SourceProcessId'>8356</Data><Data Name='SourceThreadId'>5044</Data><Data Name='SourceImage'>C:\Users\tcolby\AppData\Local\Microsoft\OneDrive\OneDrive.exe</Data><Data Name='TargetProcessGUID'>{fc7e85d2-7d9e-674c-a401-000000002400}</Data><Data Name='TargetProcessId'>4256</Data><Data Name='TargetImage'>C:\Windows\system32\svchost.exe</Data><Data Name='GrantedAccess'>0x101411</Data><Data Name='CallTrace'>C:\Windows\SYSTEM32\ntdll.dll+9d9b4|C:\Windows\System32\KERNELBASE.dll+338ae|C:\Users\tcolby\AppData\Local\Microsoft\OneDrive\24.216.1027.0003\FileSyncClient.dll+5e7821|C:\Users\tcolby\AppData\Local\Microsoft\OneDrive\24.216.1027.0003\FileSyncClient.dll+89a76|C:\Users\tcolby\AppData\Local\Microsoft\OneDrive\24.216.1027.0003\FileSyncClient.dll+897f7|C:\Users\tcolby\AppData\Local\Microsoft\OneDrive\24.216.1027.0003\FileSyncClient.dll+896e6|C:\Users\tcolby\AppData\Local\Microsoft\OneDrive\24.216.1027.0003\FileSyncEvents.dll+edb1|C:\Users\tcolby\AppData\Local\Microsoft\OneDrive\24.216.1027.0003\FileSyncHost.DLL+ce95|C:\Users\tcolby\AppData\Local\Microsoft\OneDrive\24.216.1027.0003\FileSyncHost.DLL+f665|C:\Windows\System32\ucrtbase.dll+21bb2|C:\Windows\System32\KERNEL32.DLL+17374|C:\Windows\SYSTEM32\ntdll.dll+4cc91</Data><Data Name='SourceUser'>ECORP\tcolby</Data><Data Name='TargetUser'>ECORP\tcolby</Data></EventData></Event>","2024-12-01T15:46:23.119-0500",allowed,,,,,,,20,1,46,december,23,sunday,2024,0,,"wrk-colby.Ecorp.local",,,,,"wrk-colby.Ecorp.local",,"WRK-COLBY",240593,"endpoint_services_processes ms-sysmon-process windows_event_signature",,,,,,,0x101411,"WRK-COLBY",,,240593,main,1,,,,,,,,,"Microsoft Windows",,"OneDrive.exe","{fc7e85d2-7dc4-674c-4102-000000002400}",8356,"OneDrive.exe","C:\Users\tcolby\AppData\Local\Microsoft\OneDrive\OneDrive.exe",,,,"svchost.exe","{fc7e85d2-7d9e-674c-a401-000000002400}",,4256,,"svchost.exe","C:\Windows\system32\svchost.exe",,,"<_='://../////'><><_='--'_='{----}'/><></><></><><",,,,,,,,,,,,,,,,,,,,,informational,4,ProcessAccess,10,"XmlWinEventLog:Microsoft-Windows-Sysmon/Operational",XmlWinEventLog,"wrk-colby",,,,,,,,,,,,"process
report
track_event_signatures",,"process
report
track_event_signatures",712,689,,,,,,,tcolby,,"'S-1-5-18'",,"Microsoft Sysmon"
,"C:\Windows\SYSTEM32\ntdll.dll+9d9b4|C:\Windows\System32\KERNELBASE.dll+338ae|C:\Users\tcolby\AppData\Local\Microsoft\OneDrive\24.216.1027.0003\FileSyncClient.dll+5e7821|C:\Users\tcolby\AppData\Local\Microsoft\OneDrive\24.216.1027.0003\FileSyncClient.dll+89a76|C:\Users\tcolby\AppData\Local\Microsoft\OneDrive\24.216.1027.0003\FileSyncClient.dll+897f7|C:\Users\tcolby\AppData\Local\Microsoft\OneDrive\24.216.1027.0003\FileSyncClient.dll+896e6|C:\Users\tcolby\AppData\Local\Microsoft\OneDrive\24.216.1027.0003\FileSyncEvents.dll+edb1|C:\Users\tcolby\AppData\Local\Microsoft\OneDrive\24.216.1027.0003\FileSyncHost.DLL+ce95|C:\Users\tcolby\AppData\Local\Microsoft\OneDrive\24.216.1027.0003\FileSyncHost.DLL+f665|C:\Windows\System32\ucrtbase.dll+21bb2|C:\Windows\System32\KERNEL32.DLL+17374|C:\Windows\SYSTEM32\ntdll.dll+4cc91",,"Microsoft-Windows-Sysmon/Operational",,,,"wrk-colby.Ecorp.local",,,,,,,,,,,,"Microsoft-Windows-Sysmon/Operational",10,"<Data Name='RuleName'>technique_id=T1036,technique_name=Masquerading</Data><Data Name='UtcTime'>2024-12-01 20:46:23.119</Data><Data Name='SourceProcessGUID'>{fc7e85d2-7dc4-674c-4102-000000002400}</Data><Data Name='SourceProcessId'>8356</Data><Data Name='SourceThreadId'>5044</Data><Data Name='SourceImage'>C:\Users\tcolby\AppData\Local\Microsoft\OneDrive\OneDrive.exe</Data><Data Name='TargetProcessGUID'>{fc7e85d2-7d9e-674c-a301-000000002400}</Data><Data Name='TargetProcessId'>6712</Data><Data Name='TargetImage'>C:\Windows\system32\sihost.exe</Data><Data Name='GrantedAccess'>0x101411</Data><Data Name='CallTrace'>C:\Windows\SYSTEM32\ntdll.dll+9d9b4|C:\Windows\System32\KERNELBASE.dll+338ae|C:\Users\tcolby\AppData\Local\Microsoft\OneDrive\24.216.1027.0003\FileSyncClient.dll+5e7821|C:\Users\tcolby\AppData\Local\Microsoft\OneDrive\24.216.1027.0003\FileSyncClient.dll+89a76|C:\Users\tcolby\AppData\Local\Microsoft\OneDrive\24.216.1027.0003\FileSyncClient.dll+897f7|C:\Users\tcolby\AppData\Local\Microsoft\OneDrive\24.216.1027.0003\FileSyncClient.dll+896e6|C:\Users\tcolby\AppData\Local\Microsoft\OneDrive\24.216.1027.0003\FileSyncEvents.dll+edb1|C:\Users\tcolby\AppData\Local\Microsoft\OneDrive\24.216.1027.0003\FileSyncHost.DLL+ce95|C:\Users\tcolby\AppData\Local\Microsoft\OneDrive\24.216.1027.0003\FileSyncHost.DLL+f665|C:\Windows\System32\ucrtbase.dll+21bb2|C:\Windows\System32\KERNEL32.DLL+17374|C:\Windows\SYSTEM32\ntdll.dll+4cc91</Data><Data Name='SourceUser'>ECORP\tcolby</Data><Data Name='TargetUser'>ECORP\tcolby</Data>",ProcessAccess,10,240592,,,,0x101411,"'{5770385f-c22a-43e0-bf4c-06f5698ffbd9}'",,,,,,,,,0x8000000000000000,4,,,,"'Microsoft-Windows-Sysmon'",0,,,,,,,,,"'3144'",,,,,,,240592,240592,,"technique_id=T1036,technique_name=Masquerading",,,"S-1-5-18",,,,,"C:\Users\tcolby\AppData\Local\Microsoft\OneDrive\OneDrive.exe",,,,,"{fc7e85d2-7dc4-674c-4102-000000002400}",8356,5044,"ECORP\tcolby",,"'2024-12-01T20:46:23.1200871Z'","<Provider Name='Microsoft-Windows-Sysmon' Guid='{5770385f-c22a-43e0-bf4c-06f5698ffbd9}'/><EventID>10</EventID><Version>3</Version><Level>4</Level><Task>10</Task><Opcode>0</Opcode><Keywords>0x8000000000000000</Keywords><TimeCreated SystemTime='2024-12-01T20:46:23.1200871Z'/><EventRecordID>240592</EventRecordID><Correlation/><Execution ProcessID='3144' ThreadID='4456'/><Channel>Microsoft-Windows-Sysmon/Operational</Channel><Computer>wrk-colby.Ecorp.local</Computer><Security UserID='S-1-5-18'/>",,"C:\Windows\system32\sihost.exe",,"{fc7e85d2-7d9e-674c-a301-000000002400}",6712,"ECORP\tcolby",10,,"'4456'","2024-12-01T20:46:23.1200871Z",,"'S-1-5-18'","2024-12-01 20:46:23.119",3,"<Event xmlns='http://schemas.microsoft.com/win/2004/08/events/event'><System><Provider Name='Microsoft-Windows-Sysmon' Guid='{5770385f-c22a-43e0-bf4c-06f5698ffbd9}'/><EventID>10</EventID><Version>3</Version><Level>4</Level><Task>10</Task><Opcode>0</Opcode><Keywords>0x8000000000000000</Keywords><TimeCreated SystemTime='2024-12-01T20:46:23.1200871Z'/><EventRecordID>240592</EventRecordID><Correlation/><Execution ProcessID='3144' ThreadID='4456'/><Channel>Microsoft-Windows-Sysmon/Operational</Channel><Computer>wrk-colby.Ecorp.local</Computer><Security UserID='S-1-5-18'/></System><EventData><Data Name='RuleName'>technique_id=T1036,technique_name=Masquerading</Data><Data Name='UtcTime'>2024-12-01 20:46:23.119</Data><Data Name='SourceProcessGUID'>{fc7e85d2-7dc4-674c-4102-000000002400}</Data><Data Name='SourceProcessId'>8356</Data><Data Name='SourceThreadId'>5044</Data><Data Name='SourceImage'>C:\Users\tcolby\AppData\Local\Microsoft\OneDrive\OneDrive.exe</Data><Data Name='TargetProcessGUID'>{fc7e85d2-7d9e-674c-a301-000000002400}</Data><Data Name='TargetProcessId'>6712</Data><Data Name='TargetImage'>C:\Windows\system32\sihost.exe</Data><Data Name='GrantedAccess'>0x101411</Data><Data Name='CallTrace'>C:\Windows\SYSTEM32\ntdll.dll+9d9b4|C:\Windows\System32\KERNELBASE.dll+338ae|C:\Users\tcolby\AppData\Local\Microsoft\OneDrive\24.216.1027.0003\FileSyncClient.dll+5e7821|C:\Users\tcolby\AppData\Local\Microsoft\OneDrive\24.216.1027.0003\FileSyncClient.dll+89a76|C:\Users\tcolby\AppData\Local\Microsoft\OneDrive\24.216.1027.0003\FileSyncClient.dll+897f7|C:\Users\tcolby\AppData\Local\Microsoft\OneDrive\24.216.1027.0003\FileSyncClient.dll+896e6|C:\Users\tcolby\AppData\Local\Microsoft\OneDrive\24.216.1027.0003\FileSyncEvents.dll+edb1|C:\Users\tcolby\AppData\Local\Microsoft\OneDrive\24.216.1027.0003\FileSyncHost.DLL+ce95|C:\Users\tcolby\AppData\Local\Microsoft\OneDrive\24.216.1027.0003\FileSyncHost.DLL+f665|C:\Windows\System32\ucrtbase.dll+21bb2|C:\Windows\System32\KERNEL32.DLL+17374|C:\Windows\SYSTEM32\ntdll.dll+4cc91</Data><Data Name='SourceUser'>ECORP\tcolby</Data><Data Name='TargetUser'>ECORP\tcolby</Data></EventData></Event>","2024-12-01T15:46:23.119-0500",allowed,,,,,,,20,1,46,december,23,sunday,2024,0,,"wrk-colby.Ecorp.local",,,,,"wrk-colby.Ecorp.local",,"WRK-COLBY",240592,"endpoint_services_processes ms-sysmon-process windows_event_signature",,,,,,,0x101411,"WRK-COLBY",,,240592,main,1,,,,,,,,,"Microsoft Windows",,"OneDrive.exe","{fc7e85d2-7dc4-674c-4102-000000002400}",8356,"OneDrive.exe","C:\Users\tcolby\AppData\Local\Microsoft\OneDrive\OneDrive.exe",,,,"sihost.exe","{fc7e85d2-7d9e-674c-a301-000000002400}",,6712,,"sihost.exe","C:\Windows\system32\sihost.exe",,,"<_='://../////'><><_='--'_='{----}'/><></><></><><",,,,,,,,,,,,,,,,,,,,,informational,4,ProcessAccess,10,"XmlWinEventLog:Microsoft-Windows-Sysmon/Operational",XmlWinEventLog,"wrk-colby",,,,,,,,,,,,"process
report
track_event_signatures",,"process
report
track_event_signatures",712,689,,,,,,,tcolby,,"'S-1-5-18'",,"Microsoft Sysmon"
,,,"Microsoft-Windows-Sysmon/Operational",,,,"wrk-colby.Ecorp.local",,,,,,,,,,,,"Microsoft-Windows-Sysmon/Operational",22,"<Data Name='RuleName'>-</Data><Data Name='UtcTime'>2024-12-01 20:44:20.311</Data><Data Name='ProcessGuid'>{fc7e85d2-c967-674c-c0da-000000002400}</Data><Data Name='ProcessId'>8388</Data><Data Name='QueryName'>WRK-COLBY</Data><Data Name='QueryStatus'>0</Data><Data Name='QueryResults'>fe80::766c:53d1:4937:4cff;::ffff:10.6.6.5;</Data><Data Name='Image'>C:\Windows\System32\mmc.exe</Data><Data Name='User'>ECORP\tcolby</Data>","DNSEvent (DNS query)",22,240590,,,,,"'{5770385f-c22a-43e0-bf4c-06f5698ffbd9}'",,,"C:\Windows\System32\mmc.exe",,,,,,0x8000000000000000,4,,,,"'Microsoft-Windows-Sysmon'",0,,,,,,,,"{fc7e85d2-c967-674c-c0da-000000002400}","'3144'",8388,,,"WRK-COLBY","fe80::766c:53d1:4937:4cff;::ffff:10.6.6.5;",0,240590,240590,,"-",,,"S-1-5-18",,,,,,,,,,,,,,,"'2024-12-01T20:44:21.1725310Z'","<Provider Name='Microsoft-Windows-Sysmon' Guid='{5770385f-c22a-43e0-bf4c-06f5698ffbd9}'/><EventID>22</EventID><Version>5</Version><Level>4</Level><Task>22</Task><Opcode>0</Opcode><Keywords>0x8000000000000000</Keywords><TimeCreated SystemTime='2024-12-01T20:44:21.1725310Z'/><EventRecordID>240590</EventRecordID><Correlation/><Execution ProcessID='3144' ThreadID='4476'/><Channel>Microsoft-Windows-Sysmon/Operational</Channel><Computer>wrk-colby.Ecorp.local</Computer><Security UserID='S-1-5-18'/>",,,,,,,22,,"'4476'","2024-12-01T20:44:21.1725310Z","ECORP\tcolby","'S-1-5-18'","2024-12-01 20:44:20.311",5,"<Event xmlns='http://schemas.microsoft.com/win/2004/08/events/event'><System><Provider Name='Microsoft-Windows-Sysmon' Guid='{5770385f-c22a-43e0-bf4c-06f5698ffbd9}'/><EventID>22</EventID><Version>5</Version><Level>4</Level><Task>22</Task><Opcode>0</Opcode><Keywords>0x8000000000000000</Keywords><TimeCreated SystemTime='2024-12-01T20:44:21.1725310Z'/><EventRecordID>240590</EventRecordID><Correlation/><Execution ProcessID='3144' ThreadID='4476'/><Channel>Microsoft-Windows-Sysmon/Operational</Channel><Computer>wrk-colby.Ecorp.local</Computer><Security UserID='S-1-5-18'/></System><EventData><Data Name='RuleName'>-</Data><Data Name='UtcTime'>2024-12-01 20:44:20.311</Data><Data Name='ProcessGuid'>{fc7e85d2-c967-674c-c0da-000000002400}</Data><Data Name='ProcessId'>8388</Data><Data Name='QueryName'>WRK-COLBY</Data><Data Name='QueryStatus'>0</Data><Data Name='QueryResults'>fe80::766c:53d1:4937:4cff;::ffff:10.6.6.5;</Data><Data Name='Image'>C:\Windows\System32\mmc.exe</Data><Data Name='User'>ECORP\tcolby</Data></EventData></Event>","2024-12-01T15:44:20.311-0500",,"fe80::766c:53d1:4937:4cff
::ffff:10.6.6.5",2,,,,,20,1,44,december,20,sunday,2024,0,,,,,,,"wrk-colby.Ecorp.local",,"WRK-COLBY",240590,"endpoint_services_processes ms-sysmon-dns windows_event_signature",,,,,,,,"WRK-COLBY",,,240590,main,1,,,,,,,,,,,,,,,,,,,"mmc.exe","{fc7e85d2-c967-674c-c0da-000000002400}",,,,"mmc.exe",,,,"<_='://../////'><><_='--'_='{----}'/><></><></><><","WRK-COLBY",1,,,,,,,,,0,,,,,,,,,,informational,4,"DNSEvent (DNS query)",22,"XmlWinEventLog:Microsoft-Windows-Sysmon/Operational",XmlWinEventLog,"wrk-colby",,"wrk-colby.Ecorp.local",,,,,,,,,,"dns
network
resolution
track_event_signatures",,"dns
network
resolution
track_event_signatures",667,644,,,,,,,tcolby,,"'S-1-5-18'",,"Microsoft Sysmon"
,,,"Microsoft-Windows-Sysmon/Operational",,,,"wrk-colby.Ecorp.local",,,,,,"-","10.6.6.3",false,49667,"-",,"Microsoft-Windows-Sysmon/Operational",3,"<Data Name='RuleName'>technique_id=T1543.003,technique_name=Windows Service</Data><Data Name='UtcTime'>2024-12-01 20:44:20.201</Data><Data Name='ProcessGuid'>{fc7e85d2-c967-674c-c0da-000000002400}</Data><Data Name='ProcessId'>8388</Data><Data Name='Image'>C:\Windows\System32\mmc.exe</Data><Data Name='User'>ECORP\tcolby</Data><Data Name='Protocol'>tcp</Data><Data Name='Initiated'>true</Data><Data Name='SourceIsIpv6'>false</Data><Data Name='SourceIp'>10.6.6.5</Data><Data Name='SourceHostname'>-</Data><Data Name='SourcePort'>54128</Data><Data Name='SourcePortName'>-</Data><Data Name='DestinationIsIpv6'>false</Data><Data Name='DestinationIp'>10.6.6.3</Data><Data Name='DestinationHostname'>-</Data><Data Name='DestinationPort'>49667</Data><Data Name='DestinationPortName'>-</Data>","Network connection",3,240591,,,,,"'{5770385f-c22a-43e0-bf4c-06f5698ffbd9}'",,,"C:\Windows\System32\mmc.exe",,,true,,,0x8000000000000000,4,,,,"'Microsoft-Windows-Sysmon'",0,,,,,,,,"{fc7e85d2-c967-674c-c0da-000000002400}","'3144'",8388,,tcp,,,,240591,240591,,"technique_id=T1543.003,technique_name=Windows Service",,,"S-1-5-18",,,,"-",,"10.6.6.5",false,54128,"-",,,,,,"'2024-12-01T20:44:22.3047850Z'","<Provider Name='Microsoft-Windows-Sysmon' Guid='{5770385f-c22a-43e0-bf4c-06f5698ffbd9}'/><EventID>3</EventID><Version>5</Version><Level>4</Level><Task>3</Task><Opcode>0</Opcode><Keywords>0x8000000000000000</Keywords><TimeCreated SystemTime='2024-12-01T20:44:22.3047850Z'/><EventRecordID>240591</EventRecordID><Correlation/><Execution ProcessID='3144' ThreadID='4180'/><Channel>Microsoft-Windows-Sysmon/Operational</Channel><Computer>wrk-colby.Ecorp.local</Computer><Security UserID='S-1-5-18'/>",,,,,,,3,,"'4180'","2024-12-01T20:44:22.3047850Z","ECORP\tcolby","'S-1-5-18'","2024-12-01 20:44:20.201",5,"<Event xmlns='http://schemas.microsoft.com/win/2004/08/events/event'><System><Provider Name='Microsoft-Windows-Sysmon' Guid='{5770385f-c22a-43e0-bf4c-06f5698ffbd9}'/><EventID>3</EventID><Version>5</Version><Level>4</Level><Task>3</Task><Opcode>0</Opcode><Keywords>0x8000000000000000</Keywords><TimeCreated SystemTime='2024-12-01T20:44:22.3047850Z'/><EventRecordID>240591</EventRecordID><Correlation/><Execution ProcessID='3144' ThreadID='4180'/><Channel>Microsoft-Windows-Sysmon/Operational</Channel><Computer>wrk-colby.Ecorp.local</Computer><Security UserID='S-1-5-18'/></System><EventData><Data Name='RuleName'>technique_id=T1543.003,technique_name=Windows Service</Data><Data Name='UtcTime'>2024-12-01 20:44:20.201</Data><Data Name='ProcessGuid'>{fc7e85d2-c967-674c-c0da-000000002400}</Data><Data Name='ProcessId'>8388</Data><Data Name='Image'>C:\Windows\System32\mmc.exe</Data><Data Name='User'>ECORP\tcolby</Data><Data Name='Protocol'>tcp</Data><Data Name='Initiated'>true</Data><Data Name='SourceIsIpv6'>false</Data><Data Name='SourceIp'>10.6.6.5</Data><Data Name='SourceHostname'>-</Data><Data Name='SourcePort'>54128</Data><Data Name='SourcePortName'>-</Data><Data Name='DestinationIsIpv6'>false</Data><Data Name='DestinationIp'>10.6.6.3</Data><Data Name='DestinationHostname'>-</Data><Data Name='DestinationPort'>49667</Data><Data Name='DestinationPortName'>-</Data></EventData></Event>","2024-12-01T15:44:20.201-0500",allowed,,,"C:\Windows\System32\mmc.exe",,,"2024-12-01 20:44:20.201",20,1,44,december,20,sunday,2024,0,,"10.6.6.3",,"10.6.6.3",49667,outbound,"wrk-colby.Ecorp.local","10.6.6.5","WRK-COLBY",240591,"endpoint_services_processes ms-sysmon-network windows_event_signature",,,,,,,,"WRK-COLBY",,,240591,main,1,,,,,,,,,,,,,,,,,,,"mmc.exe","{fc7e85d2-c967-674c-c0da-000000002400}",,8388,,"mmc.exe",,ip,ipv4,"<_='://../////'><><_='--'_='{----}'/><></><></><><",,,,,,,,,,,,,"technique_id=T1543.003,technique_name=Windows Service",,,,,,,,informational,4,"Network connection",3,"XmlWinEventLog:Microsoft-Windows-Sysmon/Operational",XmlWinEventLog,"wrk-colby",,"10.6.6.5",,,,"10.6.6.5",,54128,established,,,"communicate
network
track_event_signatures",,"communicate
network
track_event_signatures",717,694,tcp,"tcp/49667",,,,,tcolby,,"'S-1-5-18'",,"Microsoft Sysmon"
,,,"Microsoft-Windows-Sysmon/Operational",,,,"wrk-colby.Ecorp.local",,,,,,,,,,,,"Microsoft-Windows-Sysmon/Operational",22,"<Data Name='RuleName'>-</Data><Data Name='UtcTime'>2024-12-01 20:44:19.999</Data><Data Name='ProcessGuid'>{fc7e85d2-c967-674c-c0da-000000002400}</Data><Data Name='ProcessId'>8388</Data><Data Name='QueryName'>wrk-colby.Ecorp.local</Data><Data Name='QueryStatus'>0</Data><Data Name='QueryResults'>fe80::766c:53d1:4937:4cff;::ffff:10.6.6.5;</Data><Data Name='Image'>C:\Windows\System32\mmc.exe</Data><Data Name='User'>ECORP\tcolby</Data>","DNSEvent (DNS query)",22,240589,,,,,"'{5770385f-c22a-43e0-bf4c-06f5698ffbd9}'",,,"C:\Windows\System32\mmc.exe",,,,,,0x8000000000000000,4,,,,"'Microsoft-Windows-Sysmon'",0,,,,,,,,"{fc7e85d2-c967-674c-c0da-000000002400}","'3144'",8388,,,"wrk-colby.Ecorp.local","fe80::766c:53d1:4937:4cff;::ffff:10.6.6.5;",0,240589,240589,,"-",,,"S-1-5-18",,,,,,,,,,,,,,,"'2024-12-01T20:44:21.1725092Z'","<Provider Name='Microsoft-Windows-Sysmon' Guid='{5770385f-c22a-43e0-bf4c-06f5698ffbd9}'/><EventID>22</EventID><Version>5</Version><Level>4</Level><Task>22</Task><Opcode>0</Opcode><Keywords>0x8000000000000000</Keywords><TimeCreated SystemTime='2024-12-01T20:44:21.1725092Z'/><EventRecordID>240589</EventRecordID><Correlation/><Execution ProcessID='3144' ThreadID='4476'/><Channel>Microsoft-Windows-Sysmon/Operational</Channel><Computer>wrk-colby.Ecorp.local</Computer><Security UserID='S-1-5-18'/>",,,,,,,22,,"'4476'","2024-12-01T20:44:21.1725092Z","ECORP\tcolby","'S-1-5-18'","2024-12-01 20:44:19.999",5,"<Event xmlns='http://schemas.microsoft.com/win/2004/08/events/event'><System><Provider Name='Microsoft-Windows-Sysmon' Guid='{5770385f-c22a-43e0-bf4c-06f5698ffbd9}'/><EventID>22</EventID><Version>5</Version><Level>4</Level><Task>22</Task><Opcode>0</Opcode><Keywords>0x8000000000000000</Keywords><TimeCreated SystemTime='2024-12-01T20:44:21.1725092Z'/><EventRecordID>240589</EventRecordID><Correlation/><Execution ProcessID='3144' ThreadID='4476'/><Channel>Microsoft-Windows-Sysmon/Operational</Channel><Computer>wrk-colby.Ecorp.local</Computer><Security UserID='S-1-5-18'/></System><EventData><Data Name='RuleName'>-</Data><Data Name='UtcTime'>2024-12-01 20:44:19.999</Data><Data Name='ProcessGuid'>{fc7e85d2-c967-674c-c0da-000000002400}</Data><Data Name='ProcessId'>8388</Data><Data Name='QueryName'>wrk-colby.Ecorp.local</Data><Data Name='QueryStatus'>0</Data><Data Name='QueryResults'>fe80::766c:53d1:4937:4cff;::ffff:10.6.6.5;</Data><Data Name='Image'>C:\Windows\System32\mmc.exe</Data><Data Name='User'>ECORP\tcolby</Data></EventData></Event>","2024-12-01T15:44:19.999-0500",,"fe80::766c:53d1:4937:4cff
::ffff:10.6.6.5",2,,,,,20,1,44,december,19,sunday,2024,0,,,,,,,"wrk-colby.Ecorp.local",,"WRK-COLBY",240589,"endpoint_services_processes ms-sysmon-dns windows_event_signature",,,,,,,,"WRK-COLBY",,,240589,main,1,,,,,,,,,,,,,,,,,,,"mmc.exe","{fc7e85d2-c967-674c-c0da-000000002400}",,,,"mmc.exe",,,,"<_='://../////'><><_='--'_='{----}'/><></><></><><","wrk-colby.Ecorp.local",1,,,,,,,,,0,,,,,,,,,,informational,4,"DNSEvent (DNS query)",22,"XmlWinEventLog:Microsoft-Windows-Sysmon/Operational",XmlWinEventLog,"wrk-colby",,"wrk-colby.Ecorp.local",,,,,,,,,,"dns
network
resolution
track_event_signatures",,"dns
network
resolution
track_event_signatures",667,644,,,,,,,tcolby,,"'S-1-5-18'",,"Microsoft Sysmon"
,,,"Microsoft-Windows-Sysmon/Operational",,,,"wrk-colby.Ecorp.local",,,,,,,,,,,,"Microsoft-Windows-Sysmon/Operational",22,"<Data Name='RuleName'>-</Data><Data Name='UtcTime'>2024-12-01 20:44:19.995</Data><Data Name='ProcessGuid'>{fc7e85d2-c967-674c-c0da-000000002400}</Data><Data Name='ProcessId'>8388</Data><Data Name='QueryName'>WRK-COLBY</Data><Data Name='QueryStatus'>0</Data><Data Name='QueryResults'>fe80::766c:53d1:4937:4cff;::ffff:10.6.6.5;</Data><Data Name='Image'>C:\Windows\system32\mmc.exe</Data><Data Name='User'>ECORP\tcolby</Data>","DNSEvent (DNS query)",22,240588,,,,,"'{5770385f-c22a-43e0-bf4c-06f5698ffbd9}'",,,"C:\Windows\system32\mmc.exe",,,,,,0x8000000000000000,4,,,,"'Microsoft-Windows-Sysmon'",0,,,,,,,,"{fc7e85d2-c967-674c-c0da-000000002400}","'3144'",8388,,,"WRK-COLBY","fe80::766c:53d1:4937:4cff;::ffff:10.6.6.5;",0,240588,240588,,"-",,,"S-1-5-18",,,,,,,,,,,,,,,"'2024-12-01T20:44:21.1722464Z'","<Provider Name='Microsoft-Windows-Sysmon' Guid='{5770385f-c22a-43e0-bf4c-06f5698ffbd9}'/><EventID>22</EventID><Version>5</Version><Level>4</Level><Task>22</Task><Opcode>0</Opcode><Keywords>0x8000000000000000</Keywords><TimeCreated SystemTime='2024-12-01T20:44:21.1722464Z'/><EventRecordID>240588</EventRecordID><Correlation/><Execution ProcessID='3144' ThreadID='4476'/><Channel>Microsoft-Windows-Sysmon/Operational</Channel><Computer>wrk-colby.Ecorp.local</Computer><Security UserID='S-1-5-18'/>",,,,,,,22,,"'4476'","2024-12-01T20:44:21.1722464Z","ECORP\tcolby","'S-1-5-18'","2024-12-01 20:44:19.995",5,"<Event xmlns='http://schemas.microsoft.com/win/2004/08/events/event'><System><Provider Name='Microsoft-Windows-Sysmon' Guid='{5770385f-c22a-43e0-bf4c-06f5698ffbd9}'/><EventID>22</EventID><Version>5</Version><Level>4</Level><Task>22</Task><Opcode>0</Opcode><Keywords>0x8000000000000000</Keywords><TimeCreated SystemTime='2024-12-01T20:44:21.1722464Z'/><EventRecordID>240588</EventRecordID><Correlation/><Execution ProcessID='3144' ThreadID='4476'/><Channel>Microsoft-Windows-Sysmon/Operational</Channel><Computer>wrk-colby.Ecorp.local</Computer><Security UserID='S-1-5-18'/></System><EventData><Data Name='RuleName'>-</Data><Data Name='UtcTime'>2024-12-01 20:44:19.995</Data><Data Name='ProcessGuid'>{fc7e85d2-c967-674c-c0da-000000002400}</Data><Data Name='ProcessId'>8388</Data><Data Name='QueryName'>WRK-COLBY</Data><Data Name='QueryStatus'>0</Data><Data Name='QueryResults'>fe80::766c:53d1:4937:4cff;::ffff:10.6.6.5;</Data><Data Name='Image'>C:\Windows\system32\mmc.exe</Data><Data Name='User'>ECORP\tcolby</Data></EventData></Event>","2024-