12-01T15:51:59.158-0500",allowed,,,"C:\Users\tcolby\Downloads\fsociety2 (1).exe",,,"2024-12-01 20:51:59.158",20,1,51,december,59,sunday,2024,0,,"10.6.6.6",,"10.6.6.6",8000,outbound,"wrk-colby.Ecorp.local","10.6.6.5","WRK-COLBY",240668,"endpoint_services_processes ms-sysmon-network windows_event_signature",,,,,,,,"WRK-COLBY",,,240668,main,1,,,,,,,,,,,,,,,,,,,"fsociety2 (1).exe","{fc7e85d2-c560-674c-45cf-000000002400}",,10148,,"fsociety2 (1).exe",,ip,ipv4,"<_='://../////'><><_='--'_='{----}'/><></><></><><",,,,,,,,,,,,,"technique_id=T1036,technique_name=Masquerading",,,,,,,,informational,4,"Network connection",3,"XmlWinEventLog:Microsoft-Windows-Sysmon/Operational",XmlWinEventLog,"wrk-colby",,"10.6.6.5",,,,"10.6.6.5",,54852,established,,,"communicate
network
track_event_signatures",,"communicate
network
track_event_signatures",710,687,tcp,"tcp/8000",,,,,tcolby,,"'S-1-5-18'",,"Microsoft Sysmon"
,,,"Microsoft-Windows-Sysmon/Operational",,,,"wrk-colby.Ecorp.local",,,,,,,,,,,,"Microsoft-Windows-Sysmon/Operational",17,"<Data Name='RuleName'>-</Data><Data Name='EventType'>CreatePipe</Data><Data Name='UtcTime'>2024-12-01 20:51:57.145</Data><Data Name='ProcessGuid'>{fc7e85d2-c560-674c-45cf-000000002400}</Data><Data Name='ProcessId'>10148</Data><Data Name='PipeName'>\PSHost.133775581124579548.10148.DefaultAppDomain.fsociety2 (1)</Data><Data Name='Image'>C:\Users\tcolby\Downloads\fsociety2 (1).exe</Data><Data Name='User'>ECORP\tcolby</Data>","PipeEvent (Pipe Created)",17,240665,CreatePipe,,,,"'{5770385f-c22a-43e0-bf4c-06f5698ffbd9}'",,,"C:\Users\tcolby\Downloads\fsociety2 (1).exe",,,,,,0x8000000000000000,4,,,,"'Microsoft-Windows-Sysmon'",0,,,,,,,"\PSHost.133775581124579548.10148.DefaultAppDomain.fsociety2 (1)","{fc7e85d2-c560-674c-45cf-000000002400}","'3144'",10148,,,,,,240665,240665,,"-",,,"S-1-5-18",,,,,,,,,,,,,,,"'2024-12-01T20:51:57.1588988Z'","<Provider Name='Microsoft-Windows-Sysmon' Guid='{5770385f-c22a-43e0-bf4c-06f5698ffbd9}'/><EventID>17</EventID><Version>1</Version><Level>4</Level><Task>17</Task><Opcode>0</Opcode><Keywords>0x8000000000000000</Keywords><TimeCreated SystemTime='2024-12-01T20:51:57.1588988Z'/><EventRecordID>240665</EventRecordID><Correlation/><Execution ProcessID='3144' ThreadID='4456'/><Channel>Microsoft-Windows-Sysmon/Operational</Channel><Computer>wrk-colby.Ecorp.local</Computer><Security UserID='S-1-5-18'/>",,,,,,,17,,"'4456'","2024-12-01T20:51:57.1588988Z","ECORP\tcolby","'S-1-5-18'","2024-12-01 20:51:57.145",1,"<Event xmlns='http://schemas.microsoft.com/win/2004/08/events/event'><System><Provider Name='Microsoft-Windows-Sysmon' Guid='{5770385f-c22a-43e0-bf4c-06f5698ffbd9}'/><EventID>17</EventID><Version>1</Version><Level>4</Level><Task>17</Task><Opcode>0</Opcode><Keywords>0x8000000000000000</Keywords><TimeCreated SystemTime='2024-12-01T20:51:57.1588988Z'/><EventRecordID>240665</EventRecordID><Correlation/><Execution ProcessID='3144' ThreadID='4456'/><Channel>Microsoft-Windows-Sysmon/Operational</Channel><Computer>wrk-colby.Ecorp.local</Computer><Security UserID='S-1-5-18'/></System><EventData><Data Name='RuleName'>-</Data><Data Name='EventType'>CreatePipe</Data><Data Name='UtcTime'>2024-12-01 20:51:57.145</Data><Data Name='ProcessGuid'>{fc7e85d2-c560-674c-45cf-000000002400}</Data><Data Name='ProcessId'>10148</Data><Data Name='PipeName'>\PSHost.133775581124579548.10148.DefaultAppDomain.fsociety2 (1)</Data><Data Name='Image'>C:\Users\tcolby\Downloads\fsociety2 (1).exe</Data><Data Name='User'>ECORP\tcolby</Data></EventData></Event>","2024-12-01T15:51:57.145-0500",allowed,,,,,,,20,1,51,december,57,sunday,2024,0,,"wrk-colby.Ecorp.local",,,,,"wrk-colby.Ecorp.local",,"WRK-COLBY",240665,"endpoint_services_processes ms-sysmon-process windows_event_signature",,,,,,,,"WRK-COLBY",,,240665,main,1,,,,,,,,,"Microsoft Windows",,,,,,,"\PSHost.133775581124579548.10148.DefaultAppDomain.fsociety2 (1)",,,"fsociety2 (1).exe","{fc7e85d2-c560-674c-45cf-000000002400}",,10148,,"fsociety2 (1).exe","C:\Users\tcolby\Downloads\fsociety2 (1).exe",,,"<_='://../////'><><_='--'_='{----}'/><></><></><><",,,,,,,,,,,,,,,,,,,,,informational,4,"PipeEvent (Pipe Created)",17,"XmlWinEventLog:Microsoft-Windows-Sysmon/Operational",XmlWinEventLog,"wrk-colby",,,,,,,,,,,,"process
report
track_event_signatures",,"process
report
track_event_signatures",707,684,,,,,,,tcolby,,"'S-1-5-18'",,"Microsoft Sysmon"
true,,,"Microsoft-Windows-Sysmon/Operational",,,,"wrk-colby.Ecorp.local",,,,,,,,,,,,"Microsoft-Windows-Sysmon/Operational",23,"<Data Name='RuleName'>Scripts and payloads</Data><Data Name='UtcTime'>2024-12-01 20:51:56.844</Data><Data Name='ProcessGuid'>{fc7e85d2-c560-674c-45cf-000000002400}</Data><Data Name='ProcessId'>10148</Data><Data Name='User'>ECORP\tcolby</Data><Data Name='Image'>C:\Users\tcolby\Downloads\fsociety2 (1).exe</Data><Data Name='TargetFilename'>C:\Users\tcolby\AppData\Local\Temp\__PSScriptPolicyTest_qffs0nic.2vz.ps1</Data><Data Name='Hashes'>SHA1=6AB83620379FC69F80C0242105DDFFD7D98D5D9D,MD5=D17FE0A3F47BE24A6453E9EF58C94641,SHA256=96AD1146EB96877EAB5942AE0736B82D8B5E2039A80D3D6932665C1A4C87DCF7,IMPHASH=00000000000000000000000000000000</Data><Data Name='IsExecutable'>false</Data><Data Name='Archived'>true</Data>","FileDelete (File Delete archived)",23,240664,,,,,"'{5770385f-c22a-43e0-bf4c-06f5698ffbd9}'","SHA1=6AB83620379FC69F80C0242105DDFFD7D98D5D9D,MD5=D17FE0A3F47BE24A6453E9EF58C94641,SHA256=96AD1146EB96877EAB5942AE0736B82D8B5E2039A80D3D6932665C1A4C87DCF7,IMPHASH=00000000000000000000000000000000",00000000000000000000000000000000,"C:\Users\tcolby\Downloads\fsociety2 (1).exe",,,,,false,0x8000000000000000,4,,,D17FE0A3F47BE24A6453E9EF58C94641,"'Microsoft-Windows-Sysmon'",0,,,,,,,,"{fc7e85d2-c560-674c-45cf-000000002400}","'3144'",10148,,,,,,240664,240664,,"Scripts and payloads",6AB83620379FC69F80C0242105DDFFD7D98D5D9D,96AD1146EB96877EAB5942AE0736B82D8B5E2039A80D3D6932665C1A4C87DCF7,"S-1-5-18",,,,,,,,,,,,,,,"'2024-12-01T20:51:56.8464599Z'","<Provider Name='Microsoft-Windows-Sysmon' Guid='{5770385f-c22a-43e0-bf4c-06f5698ffbd9}'/><EventID>23</EventID><Version>5</Version><Level>4</Level><Task>23</Task><Opcode>0</Opcode><Keywords>0x8000000000000000</Keywords><TimeCreated SystemTime='2024-12-01T20:51:56.8464599Z'/><EventRecordID>240664</EventRecordID><Correlation/><Execution ProcessID='3144' ThreadID='4456'/><Channel>Microsoft-Windows-Sysmon/Operational</Channel><Computer>wrk-colby.Ecorp.local</Computer><Security UserID='S-1-5-18'/>","C:\Users\tcolby\AppData\Local\Temp\__PSScriptPolicyTest_qffs0nic.2vz.ps1",,,,,,23,,"'4456'","2024-12-01T20:51:56.8464599Z","ECORP\tcolby","'S-1-5-18'","2024-12-01 20:51:56.844",5,"<Event xmlns='http://schemas.microsoft.com/win/2004/08/events/event'><System><Provider Name='Microsoft-Windows-Sysmon' Guid='{5770385f-c22a-43e0-bf4c-06f5698ffbd9}'/><EventID>23</EventID><Version>5</Version><Level>4</Level><Task>23</Task><Opcode>0</Opcode><Keywords>0x8000000000000000</Keywords><TimeCreated SystemTime='2024-12-01T20:51:56.8464599Z'/><EventRecordID>240664</EventRecordID><Correlation/><Execution ProcessID='3144' ThreadID='4456'/><Channel>Microsoft-Windows-Sysmon/Operational</Channel><Computer>wrk-colby.Ecorp.local</Computer><Security UserID='S-1-5-18'/></System><EventData><Data Name='RuleName'>Scripts and payloads</Data><Data Name='UtcTime'>2024-12-01 20:51:56.844</Data><Data Name='ProcessGuid'>{fc7e85d2-c560-674c-45cf-000000002400}</Data><Data Name='ProcessId'>10148</Data><Data Name='User'>ECORP\tcolby</Data><Data Name='Image'>C:\Users\tcolby\Downloads\fsociety2 (1).exe</Data><Data Name='TargetFilename'>C:\Users\tcolby\AppData\Local\Temp\__PSScriptPolicyTest_qffs0nic.2vz.ps1</Data><Data Name='Hashes'>SHA1=6AB83620379FC69F80C0242105DDFFD7D98D5D9D,MD5=D17FE0A3F47BE24A6453E9EF58C94641,SHA256=96AD1146EB96877EAB5942AE0736B82D8B5E2039A80D3D6932665C1A4C87DCF7,IMPHASH=00000000000000000000000000000000</Data><Data Name='IsExecutable'>false</Data><Data Name='Archived'>true</Data></EventData></Event>","2024-12-01T15:51:56.844-0500",deleted,,,,,,,20,1,51,december,56,sunday,2024,0,,"wrk-colby.Ecorp.local",,,,,"wrk-colby.Ecorp.local",,"WRK-COLBY",240664,"endpoint_services_processes ms-sysmon-filemod windows_event_signature",,,"SHA1=6AB83620379FC69F80C0242105DDFFD7D98D5D9D,MD5=D17FE0A3F47BE24A6453E9EF58C94641,SHA256=96AD1146EB96877EAB5942AE0736B82D8B5E2039A80D3D6932665C1A4C87DCF7,IMPHASH=00000000000000000000000000000000","2024-12-01 20:51:56.844","__PSScriptPolicyTest_qffs0nic.2vz.ps1","C:\Users\tcolby\AppData\Local\Temp\__PSScriptPolicyTest_qffs0nic.2vz.ps1",,"WRK-COLBY",,,240664,main,1,,,,,,file,,,,,,,,,,,,,"fsociety2 (1).exe","{fc7e85d2-c560-674c-45cf-000000002400}",,10148,,"fsociety2 (1).exe","C:\Users\tcolby\Downloads\fsociety2 (1).exe",,,"<_='://../////'><><_='--'_='{----}'/><></><></><><",,,,,,,,,,,,,,,,,,,,,informational,4,"FileDelete (File Delete archived)",23,"XmlWinEventLog:Microsoft-Windows-Sysmon/Operational",XmlWinEventLog,"wrk-colby",,,,,,,,,,,,"endpoint
filesystem
track_event_signatures",,"endpoint
filesystem
track_event_signatures",686,663,,,,,,,tcolby,,"'S-1-5-18'",,"Microsoft Sysmon"
,,,"Microsoft-Windows-Sysmon/Operational",,,,"wrk-colby.Ecorp.local",,"2024-12-01 20:51:56.663",,,,,,,,,,"Microsoft-Windows-Sysmon/Operational",11,"<Data Name='RuleName'>technique_id=T1059.001,technique_name=PowerShell</Data><Data Name='UtcTime'>2024-12-01 20:51:56.663</Data><Data Name='ProcessGuid'>{fc7e85d2-c560-674c-45cf-000000002400}</Data><Data Name='ProcessId'>10148</Data><Data Name='Image'>C:\Users\tcolby\Downloads\fsociety2 (1).exe</Data><Data Name='TargetFilename'>C:\Users\tcolby\AppData\Local\Temp\__PSScriptPolicyTest_qffs0nic.2vz.ps1</Data><Data Name='CreationUtcTime'>2024-12-01 20:51:56.663</Data><Data Name='User'>ECORP\tcolby</Data>",FileCreate,11,240663,,,,,"'{5770385f-c22a-43e0-bf4c-06f5698ffbd9}'",,,"C:\Users\tcolby\Downloads\fsociety2 (1).exe",,,,,,0x8000000000000000,4,,,,"'Microsoft-Windows-Sysmon'",0,,,,,,,,"{fc7e85d2-c560-674c-45cf-000000002400}","'3144'",10148,,,,,,240663,240663,,"technique_id=T1059.001,technique_name=PowerShell",,,"S-1-5-18",,,,,,,,,,,,,,,"'2024-12-01T20:51:56.6700604Z'","<Provider Name='Microsoft-Windows-Sysmon' Guid='{5770385f-c22a-43e0-bf4c-06f5698ffbd9}'/><EventID>11</EventID><Version>2</Version><Level>4</Level><Task>11</Task><Opcode>0</Opcode><Keywords>0x8000000000000000</Keywords><TimeCreated SystemTime='2024-12-01T20:51:56.6700604Z'/><EventRecordID>240663</EventRecordID><Correlation/><Execution ProcessID='3144' ThreadID='4456'/><Channel>Microsoft-Windows-Sysmon/Operational</Channel><Computer>wrk-colby.Ecorp.local</Computer><Security UserID='S-1-5-18'/>","C:\Users\tcolby\AppData\Local\Temp\__PSScriptPolicyTest_qffs0nic.2vz.ps1",,,,,,11,,"'4456'","2024-12-01T20:51:56.6700604Z","ECORP\tcolby","'S-1-5-18'","2024-12-01 20:51:56.663",2,"<Event xmlns='http://schemas.microsoft.com/win/2004/08/events/event'><System><Provider Name='Microsoft-Windows-Sysmon' Guid='{5770385f-c22a-43e0-bf4c-06f5698ffbd9}'/><EventID>11</EventID><Version>2</Version><Level>4</Level><Task>11</Task><Opcode>0</Opcode><Keywords>0x8000000000000000</Keywords><TimeCreated SystemTime='2024-12-01T20:51:56.6700604Z'/><EventRecordID>240663</EventRecordID><Correlation/><Execution ProcessID='3144' ThreadID='4456'/><Channel>Microsoft-Windows-Sysmon/Operational</Channel><Computer>wrk-colby.Ecorp.local</Computer><Security UserID='S-1-5-18'/></System><EventData><Data Name='RuleName'>technique_id=T1059.001,technique_name=PowerShell</Data><Data Name='UtcTime'>2024-12-01 20:51:56.663</Data><Data Name='ProcessGuid'>{fc7e85d2-c560-674c-45cf-000000002400}</Data><Data Name='ProcessId'>10148</Data><Data Name='Image'>C:\Users\tcolby\Downloads\fsociety2 (1).exe</Data><Data Name='TargetFilename'>C:\Users\tcolby\AppData\Local\Temp\__PSScriptPolicyTest_qffs0nic.2vz.ps1</Data><Data Name='CreationUtcTime'>2024-12-01 20:51:56.663</Data><Data Name='User'>ECORP\tcolby</Data></EventData></Event>","2024-12-01T15:51:56.663-0500",created,,,,,,,20,1,51,december,56,sunday,2024,0,,"wrk-colby.Ecorp.local",,,,,"wrk-colby.Ecorp.local",,"WRK-COLBY",240663,"endpoint_services_processes ms-sysmon-filemod windows_event_signature",,"2024-12-01 20:51:56.663",,,"__PSScriptPolicyTest_qffs0nic.2vz.ps1","C:\Users\tcolby\AppData\Local\Temp\__PSScriptPolicyTest_qffs0nic.2vz.ps1",,"WRK-COLBY",,,240663,main,1,,,,,,file,,,,,,,,,,,,,"fsociety2 (1).exe","{fc7e85d2-c560-674c-45cf-000000002400}",,10148,,"fsociety2 (1).exe","C:\Users\tcolby\Downloads\fsociety2 (1).exe",,,"<_='://../////'><><_='--'_='{----}'/><></><></><><",,,,,,,,,,,,,,,,,,,,,informational,4,FileCreate,11,"XmlWinEventLog:Microsoft-Windows-Sysmon/Operational",XmlWinEventLog,"wrk-colby",,,,,,,,,,,,"endpoint
filesystem
track_event_signatures",,"endpoint
filesystem
track_event_signatures",714,691,,,,,,,tcolby,,"'S-1-5-18'",,"Microsoft Sysmon"
,,,"Microsoft-Windows-Sysmon/Operational",,,"Microsoft Corporation","wrk-colby.Ecorp.local",,,,WMI,,,,,,,,"Microsoft-Windows-Sysmon/Operational",7,"<Data Name='RuleName'>technique_id=T1047,technique_name=Windows Management Instrumentation</Data><Data Name='UtcTime'>2024-12-01 20:51:20.271</Data><Data Name='ProcessGuid'>{fc7e85d2-cc48-674c-18e3-000000002400}</Data><Data Name='ProcessId'>7796</Data><Data Name='Image'>C:\Windows\System32\wbem\WmiPrvSE.exe</Data><Data Name='ImageLoaded'>C:\Windows\System32\wbem\wmiutils.dll</Data><Data Name='FileVersion'>10.0.19041.4474 (WinBuild.160101.0800)</Data><Data Name='Description'>WMI</Data><Data Name='Product'>Microsoft® Windows® Operating System</Data><Data Name='Company'>Microsoft Corporation</Data><Data Name='OriginalFileName'>wmiutils.dll</Data><Data Name='Hashes'>SHA1=B0A2BB829A84EBD3AE771C7827DFB18A769CFA4F,MD5=772DC322542BA8EB2FDF4242C54DDECA,SHA256=460C31B0EAB2954B5FB3B2E30BA47C1A0BC5EA972108FF4B42D3BB5A5A42E3F5,IMPHASH=0D31E6D27B954AD879CB4DF742982F1A</Data><Data Name='Signed'>true</Data><Data Name='Signature'>Microsoft Windows</Data><Data Name='SignatureStatus'>Valid</Data><Data Name='User'>NT AUTHORITY\NETWORK SERVICE</Data>","Image loaded",7,240662,,"10.0.19041.4474 (WinBuild.160101.0800)",,,"'{5770385f-c22a-43e0-bf4c-06f5698ffbd9}'","SHA1=B0A2BB829A84EBD3AE771C7827DFB18A769CFA4F,MD5=772DC322542BA8EB2FDF4242C54DDECA,SHA256=460C31B0EAB2954B5FB3B2E30BA47C1A0BC5EA972108FF4B42D3BB5A5A42E3F5,IMPHASH=0D31E6D27B954AD879CB4DF742982F1A",0D31E6D27B954AD879CB4DF742982F1A,"C:\Windows\System32\wbem\WmiPrvSE.exe","C:\Windows\System32\wbem\wmiutils.dll",,,,,0x8000000000000000,4,,,772DC322542BA8EB2FDF4242C54DDECA,"'Microsoft-Windows-Sysmon'",0,"wmiutils.dll",,,,,,,"{fc7e85d2-cc48-674c-18e3-000000002400}","'3144'",7796,"Microsoft® Windows® Operating System",,,,,240662,240662,,"technique_id=T1047,technique_name=Windows Management Instrumentation",B0A2BB829A84EBD3AE771C7827DFB18A769CFA4F,460C31B0EAB2954B5FB3B2E30BA47C1A0BC5EA972108FF4B42D3BB5A5A42E3F5,"S-1-5-18","Microsoft Windows",Valid,true,,,,,,,,,,,,"'2024-12-01T20:51:20.2751721Z'","<Provider Name='Microsoft-Windows-Sysmon' Guid='{5770385f-c22a-43e0-bf4c-06f5698ffbd9}'/><EventID>7</EventID><Version>3</Version><Level>4</Level><Task>7</Task><Opcode>0</Opcode><Keywords>0x8000000000000000</Keywords><TimeCreated SystemTime='2024-12-01T20:51:20.2751721Z'/><EventRecordID>240662</EventRecordID><Correlation/><Execution ProcessID='3144' ThreadID='4456'/><Channel>Microsoft-Windows-Sysmon/Operational</Channel><Computer>wrk-colby.Ecorp.local</Computer><Security UserID='S-1-5-18'/>",,,,,,,7,,"'4456'","2024-12-01T20:51:20.2751721Z","NT AUTHORITY\NETWORK SERVICE","'S-1-5-18'","2024-12-01 20:51:20.271",3,"<Event xmlns='http://schemas.microsoft.com/win/2004/08/events/event'><System><Provider Name='Microsoft-Windows-Sysmon' Guid='{5770385f-c22a-43e0-bf4c-06f5698ffbd9}'/><EventID>7</EventID><Version>3</Version><Level>4</Level><Task>7</Task><Opcode>0</Opcode><Keywords>0x8000000000000000</Keywords><TimeCreated SystemTime='2024-12-01T20:51:20.2751721Z'/><EventRecordID>240662</EventRecordID><Correlation/><Execution ProcessID='3144' ThreadID='4456'/><Channel>Microsoft-Windows-Sysmon/Operational</Channel><Computer>wrk-colby.Ecorp.local</Computer><Security UserID='S-1-5-18'/></System><EventData><Data Name='RuleName'>technique_id=T1047,technique_name=Windows Management Instrumentation</Data><Data Name='UtcTime'>2024-12-01 20:51:20.271</Data><Data Name='ProcessGuid'>{fc7e85d2-cc48-674c-18e3-000000002400}</Data><Data Name='ProcessId'>7796</Data><Data Name='Image'>C:\Windows\System32\wbem\WmiPrvSE.exe</Data><Data Name='ImageLoaded'>C:\Windows\System32\wbem\wmiutils.dll</Data><Data Name='FileVersion'>10.0.19041.4474 (WinBuild.160101.0800)</Data><Data Name='Description'>WMI</Data><Data Name='Product'>Microsoft® Windows® Operating System</Data><Data Name='Company'>Microsoft Corporation</Data><Data Name='OriginalFileName'>wmiutils.dll</Data><Data Name='Hashes'>SHA1=B0A2BB829A84EBD3AE771C7827DFB18A769CFA4F,MD5=772DC322542BA8EB2FDF4242C54DDECA,SHA256=460C31B0EAB2954B5FB3B2E30BA47C1A0BC5EA972108FF4B42D3BB5A5A42E3F5,IMPHASH=0D31E6D27B954AD879CB4DF742982F1A</Data><Data Name='Signed'>true</Data><Data Name='Signature'>Microsoft Windows</Data><Data Name='SignatureStatus'>Valid</Data><Data Name='User'>NT AUTHORITY\NETWORK SERVICE</Data></EventData></Event>","2024-12-01T15:51:20.271-0500",success,,,,,,,20,1,51,december,20,sunday,2024,0,,"wrk-colby.Ecorp.local",,,,,"wrk-colby.Ecorp.local",,"WRK-COLBY",240662,"endpoint_services_processes ms-sysmon-process windows_event_signature",,,,,,,,"WRK-COLBY",,,240662,main,1,"wmiutils.dll","C:\Windows\System32\wbem\wmiutils.dll",,,,,,"wmiutils.dll","Microsoft Windows",,,,,,,,,,"WmiPrvSE.exe","{fc7e85d2-cc48-674c-18e3-000000002400}","SHA1=B0A2BB829A84EBD3AE771C7827DFB18A769CFA4F,MD5=772DC322542BA8EB2FDF4242C54DDECA,SHA256=460C31B0EAB2954B5FB3B2E30BA47C1A0BC5EA972108FF4B42D3BB5A5A42E3F5,IMPHASH=0D31E6D27B954AD879CB4DF742982F1A",7796,,"WmiPrvSE.exe","C:\Windows\System32\wbem\WmiPrvSE.exe",,,"<_='://../////'><><_='--'_='{----}'/><></><></><><",,,,,,,,,,,,,,,true,true,,,,,informational,4,"Image loaded",7,"XmlWinEventLog:Microsoft-Windows-Sysmon/Operational",XmlWinEventLog,"wrk-colby",,,,,,,,,,,,"process
report
track_event_signatures",,"process
report
track_event_signatures",732,709,,,,,,,"NETWORK SERVICE",,"'S-1-5-18'",,"Microsoft Sysmon"
,,,"Microsoft-Windows-Sysmon/Operational",,"C:\Windows\system32\wbem\wmiprvse.exe -secured -Embedding","Microsoft Corporation","wrk-colby.Ecorp.local",,,"C:\Windows\system32\","WMI Provider Host",,,,,,,,"Microsoft-Windows-Sysmon/Operational",1,"<Data Name='RuleName'>technique_id=T1047,technique_name=Windows Management Instrumentation</Data><Data Name='UtcTime'>2024-12-01 20:51:20.117</Data><Data Name='ProcessGuid'>{fc7e85d2-cc48-674c-18e3-000000002400}</Data><Data Name='ProcessId'>7796</Data><Data Name='Image'>C:\Windows\System32\wbem\WmiPrvSE.exe</Data><Data Name='FileVersion'>10.0.19041.3636 (WinBuild.160101.0800)</Data><Data Name='Description'>WMI Provider Host</Data><Data Name='Product'>Microsoft® Windows® Operating System</Data><Data Name='Company'>Microsoft Corporation</Data><Data Name='OriginalFileName'>Wmiprvse.exe</Data><Data Name='CommandLine'>C:\Windows\system32\wbem\wmiprvse.exe -secured -Embedding</Data><Data Name='CurrentDirectory'>C:\Windows\system32\</Data><Data Name='User'>NT AUTHORITY\NETWORK SERVICE</Data><Data Name='LogonGuid'>{fc7e85d2-7d4f-674c-e403-000000000000}</Data><Data Name='LogonId'>0x3e4</Data><Data Name='TerminalSessionId'>0</Data><Data Name='IntegrityLevel'>System</Data><Data Name='Hashes'>SHA1=7F530281C5BA86B81AE4230DAB1617CB55260D9E,MD5=8BB61C2B1E34FF3C778CF150BDF08238,SHA256=8BBDEAD7357AF7BF0EFE397F9FD7E0EC578755EB8BDBAA65AE4F28EF00087AD5,IMPHASH=B71CB3AC5C352BEC857C940CBC95F0F3</Data><Data Name='ParentProcessGuid'>{00000000-0000-0000-0000-000000000000}</Data><Data Name='ParentProcessId'>784</Data><Data Name='ParentImage'>-</Data><Data Name='ParentCommandLine'>-</Data><Data Name='ParentUser'>-</Data>","Process creation",1,240661,,"10.0.19041.3636 (WinBuild.160101.0800)",,,"'{5770385f-c22a-43e0-bf4c-06f5698ffbd9}'","SHA1=7F530281C5BA86B81AE4230DAB1617CB55260D9E,MD5=8BB61C2B1E34FF3C778CF150BDF08238,SHA256=8BBDEAD7357AF7BF0EFE397F9FD7E0EC578755EB8BDBAA65AE4F28EF00087AD5,IMPHASH=B71CB3AC5C352BEC857C940CBC95F0F3",B71CB3AC5C352BEC857C940CBC95F0F3,"C:\Windows\System32\wbem\WmiPrvSE.exe",,,,System,,0x8000000000000000,4,"{fc7e85d2-7d4f-674c-e403-000000000000}",0x3e4,8BB61C2B1E34FF3C778CF150BDF08238,"'Microsoft-Windows-Sysmon'",0,"Wmiprvse.exe","-","-","{00000000-0000-0000-0000-000000000000}",784,"-",,"{fc7e85d2-cc48-674c-18e3-000000002400}","'3144'",7796,"Microsoft® Windows® Operating System",,,,,240661,240661,,"technique_id=T1047,technique_name=Windows Management Instrumentation",7F530281C5BA86B81AE4230DAB1617CB55260D9E,8BBDEAD7357AF7BF0EFE397F9FD7E0EC578755EB8BDBAA65AE4F28EF00087AD5,"S-1-5-18",,,,,,,,,,,,,,,"'2024-12-01T20:51:20.1218155Z'","<Provider Name='Microsoft-Windows-Sysmon' Guid='{5770385f-c22a-43e0-bf4c-06f5698ffbd9}'/><EventID>1</EventID><Version>5</Version><Level>4</Level><Task>1</Task><Opcode>0</Opcode><Keywords>0x8000000000000000</Keywords><TimeCreated SystemTime='2024-12-01T20:51:20.1218155Z'/><EventRecordID>240661</EventRecordID><Correlation/><Execution ProcessID='3144' ThreadID='4456'/><Channel>Microsoft-Windows-Sysmon/Operational</Channel><Computer>wrk-colby.Ecorp.local</Computer><Security UserID='S-1-5-18'/>",,,,,,,1,0,"'4456'","2024-12-01T20:51:20.1218155Z","NT AUTHORITY\NETWORK SERVICE","'S-1-5-18'","2024-12-01 20:51:20.117",5,"<Event xmlns='http://schemas.microsoft.com/win/2004/08/events/event'><System><Provider Name='Microsoft-Windows-Sysmon' Guid='{5770385f-c22a-43e0-bf4c-06f5698ffbd9}'/><EventID>1</EventID><Version>5</Version><Level>4</Level><Task>1</Task><Opcode>0</Opcode><Keywords>0x8000000000000000</Keywords><TimeCreated SystemTime='2024-12-01T20:51:20.1218155Z'/><EventRecordID>240661</EventRecordID><Correlation/><Execution ProcessID='3144' ThreadID='4456'/><Channel>Microsoft-Windows-Sysmon/Operational</Channel><Computer>wrk-colby.Ecorp.local</Computer><Security UserID='S-1-5-18'/></System><EventData><Data Name='RuleName'>technique_id=T1047,technique_name=Windows Management Instrumentation</Data><Data Name='UtcTime'>2024-12-01 20:51:20.117</Data><Data Name='ProcessGuid'>{fc7e85d2-cc48-674c-18e3-000000002400}</Data><Data Name='ProcessId'>7796</Data><Data Name='Image'>C:\Windows\System32\wbem\WmiPrvSE.exe</Data><Data Name='FileVersion'>10.0.19041.3636 (WinBuild.160101.0800)</Data><Data Name='Description'>WMI Provider Host</Data><Data Name='Product'>Microsoft® Windows® Operating System</Data><Data Name='Company'>Microsoft Corporation</Data><Data Name='OriginalFileName'>Wmiprvse.exe</Data><Data Name='CommandLine'>C:\Windows\system32\wbem\wmiprvse.exe -secured -Embedding</Data><Data Name='CurrentDirectory'>C:\Windows\system32\</Data><Data Name='User'>NT AUTHORITY\NETWORK SERVICE</Data><Data Name='LogonGuid'>{fc7e85d2-7d4f-674c-e403-000000000000}</Data><Data Name='LogonId'>0x3e4</Data><Data Name='TerminalSessionId'>0</Data><Data Name='IntegrityLevel'>System</Data><Data Name='Hashes'>SHA1=7F530281C5BA86B81AE4230DAB1617CB55260D9E,MD5=8BB61C2B1E34FF3C778CF150BDF08238,SHA256=8BBDEAD7357AF7BF0EFE397F9FD7E0EC578755EB8BDBAA65AE4F28EF00087AD5,IMPHASH=B71CB3AC5C352BEC857C940CBC95F0F3</Data><Data Name='ParentProcessGuid'>{00000000-0000-0000-0000-000000000000}</Data><Data Name='ParentProcessId'>784</Data><Data Name='ParentImage'>-</Data><Data Name='ParentCommandLine'>-</Data><Data Name='ParentUser'>-</Data></EventData></Event>","2024-12-01T15:51:20.117-0500",allowed,,,,,,,20,1,51,december,20,sunday,2024,0,,"wrk-colby.Ecorp.local",,,,,"wrk-colby.Ecorp.local",,"WRK-COLBY",240661,"endpoint_services_processes ms-sysmon-process windows_event_signature",,,,,,,,"WRK-COLBY",,,240661,main,1,,,,,,,,"Wmiprvse.exe","Microsoft Windows",,"-","{00000000-0000-0000-0000-000000000000}",784,"-","-",,"C:\Windows\system32\wbem\wmiprvse.exe -secured -Embedding","C:\Windows\system32\","WmiPrvSE.exe","{fc7e85d2-cc48-674c-18e3-000000002400}","SHA1=7F530281C5BA86B81AE4230DAB1617CB55260D9E,MD5=8BB61C2B1E34FF3C778CF150BDF08238,SHA256=8BBDEAD7357AF7BF0EFE397F9FD7E0EC578755EB8BDBAA65AE4F28EF00087AD5,IMPHASH=B71CB3AC5C352BEC857C940CBC95F0F3",7796,System,"WmiPrvSE.exe","C:\Windows\System32\wbem\WmiPrvSE.exe",,,"<_='://../////'><><_='--'_='{----}'/><></><></><><",,,,,,,,,,,,,,,,,,,,,informational,4,"Process creation",1,"XmlWinEventLog:Microsoft-Windows-Sysmon/Operational",XmlWinEventLog,"wrk-colby",,,,,,,,,,,,"process
report
track_event_signatures",,"process
report
track_event_signatures",732,709,,,,,,,"NETWORK SERVICE",,"'S-1-5-18'",,"Microsoft Sysmon"
,,,"Microsoft-Windows-Sysmon/Operational",,,"Microsoft Corporation","wrk-colby.Ecorp.local",,,,"IOfficeAntiVirus Module",,,,,,,,"Microsoft-Windows-Sysmon/Operational",7,"<Data Name='RuleName'>technique_id=T1574.002,technique_name=DLL Side-Loading</Data><Data Name='UtcTime'>2024-12-01 20:51:19.931</Data><Data Name='ProcessGuid'>{fc7e85d2-cc46-674c-16e3-000000002400}</Data><Data Name='ProcessId'>1048</Data><Data Name='Image'>C:\Program Files\Splunk\bin\splunk-wmi.exe</Data><Data Name='ImageLoaded'>C:\ProgramData\Microsoft\Windows Defender\Platform\4.18.24090.11-0\MpOAV.dll</Data><Data Name='FileVersion'>4.18.24090.11 (26d75470953920f90fd0438874501e9d9a31e621)</Data><Data Name='Description'>IOfficeAntiVirus Module</Data><Data Name='Product'>Microsoft® Windows® Operating System</Data><Data Name='Company'>Microsoft Corporation</Data><Data Name='OriginalFileName'>MpOAV.dll</Data><Data Name='Hashes'>SHA1=F2D73FFE3A240FF5F0B30FFE05EB72E52A28B912,MD5=53F017C0946F9B96A1C1A2E63BCB8CEC,SHA256=45D3B9A1B0D0FB10CEBFC970F4FDC822516AF88BBE0D310E00441432F191B0CB,IMPHASH=28D3DE166C9E9C46DC0EA2089E2AC74E</Data><Data Name='Signed'>true</Data><Data Name='Signature'>Microsoft Windows</Data><Data Name='SignatureStatus'>Valid</Data><Data Name='User'>NT AUTHORITY\SYSTEM</Data>","Image loaded",7,240660,,"4.18.24090.11 (26d75470953920f90fd0438874501e9d9a31e621)",,,"'{5770385f-c22a-43e0-bf4c-06f5698ffbd9}'","SHA1=F2D73FFE3A240FF5F0B30FFE05EB72E52A28B912,MD5=53F017C0946F9B96A1C1A2E63BCB8CEC,SHA256=45D3B9A1B0D0FB10CEBFC970F4FDC822516AF88BBE0D310E00441432F191B0CB,IMPHASH=28D3DE166C9E9C46DC0EA2089E2AC74E",28D3DE166C9E9C46DC0EA2089E2AC74E,"C:\Program Files\Splunk\bin\splunk-wmi.exe","C:\ProgramData\Microsoft\Windows Defender\Platform\4.18.24090.11-0\MpOAV.dll",,,,,0x8000000000000000,4,,,53F017C0946F9B96A1C1A2E63BCB8CEC,"'Microsoft-Windows-Sysmon'",0,"MpOAV.dll",,,,,,,"{fc7e85d2-cc46-674c-16e3-000000002400}","'3144'",1048,"Microsoft® Windows® Operating System",,,,,240660,240660,,"technique_id=T1574.002,technique_name=DLL Side-Loading",F2D73FFE3A240FF5F0B30FFE05EB72E52A28B912,45D3B9A1B0D0FB10CEBFC970F4FDC822516AF88BBE0D310E00441432F191B0CB,"S-1-5-18","Microsoft Windows",Valid,true,,,,,,,,,,,,"'2024-12-01T20:51:19.9540606Z'","<Provider Name='Microsoft-Windows-Sysmon' Guid='{5770385f-c22a-43e0-bf4c-06f5698ffbd9}'/><EventID>7</EventID><Version>3</Version><Level>4</Level><Task>7</Task><Opcode>0</Opcode><Keywords>0x8000000000000000</Keywords><TimeCreated SystemTime='2024-12-01T20:51:19.9540606Z'/><EventRecordID>240660</EventRecordID><Correlation/><Execution ProcessID='3144' ThreadID='4460'/><Channel>Microsoft-Windows-Sysmon/Operational</Channel><Computer>wrk-colby.Ecorp.local</Computer><Security UserID='S-1-5-18'/>",,,,,,,7,,"'4460'","2024-12-01T20:51:19.9540606Z","NT AUTHORITY\SYSTEM","'S-1-5-18'","2024-12-01 20:51:19.931",3,"<Event xmlns='http://schemas.microsoft.com/win/2004/08/events/event'><System><Provider Name='Microsoft-Windows-Sysmon' Guid='{5770385f-c22a-43e0-bf4c-06f5698ffbd9}'/><EventID>7</EventID><Version>3</Version><Level>4</Level><Task>7</Task><Opcode>0</Opcode><Keywords>0x8000000000000000</Keywords><TimeCreated SystemTime='2024-12-01T20:51:19.9540606Z'/><EventRecordID>240660</EventRecordID><Correlation/><Execution ProcessID='3144' ThreadID='4460'/><Channel>Microsoft-Windows-Sysmon/Operational</Channel><Computer>wrk-colby.Ecorp.local</Computer><Security UserID='S-1-5-18'/></System><EventData><Data Name='RuleName'>technique_id=T1574.002,technique_name=DLL Side-Loading</Data><Data Name='UtcTime'>2024-12-01 20:51:19.931</Data><Data Name='ProcessGuid'>{fc7e85d2-cc46-674c-16e3-000000002400}</Data><Data Name='ProcessId'>1048</Data><Data Name='Image'>C:\Program Files\Splunk\bin\splunk-wmi.exe</Data><Data Name='ImageLoaded'>C:\ProgramData\Microsoft\Windows Defender\Platform\4.18.24090.11-0\MpOAV.dll</Data><Data Name='FileVersion'>4.18.24090.11 (26d75470953920f90fd0438874501e9d9a31e621)</Data><Data Name='Description'>IOfficeAntiVirus Module</Data><Data Name='Product'>Microsoft® Windows® Operating System</Data><Data Name='Company'>Microsoft Corporation</Data><Data Name='OriginalFileName'>MpOAV.dll</Data><Data Name='Hashes'>SHA1=F2D73FFE3A240FF5F0B30FFE05EB72E52A28B912,MD5=53F017C0946F9B96A1C1A2E63BCB8CEC,SHA256=45D3B9A1B0D0FB10CEBFC970F4FDC822516AF88BBE0D310E00441432F191B0CB,IMPHASH=28D3DE166C9E9C46DC0EA2089E2AC74E</Data><Data Name='Signed'>true</Data><Data Name='Signature'>Microsoft Windows</Data><Data Name='SignatureStatus'>Valid</Data><Data Name='User'>NT AUTHORITY\SYSTEM</Data></EventData></Event>","2024-12-01T15:51:19.931-0500",success,,,,,,,20,1,51,december,19,sunday,2024,0,,"wrk-colby.Ecorp.local",,,,,"wrk-colby.Ecorp.local",,"WRK-COLBY",240660,"endpoint_services_processes ms-sysmon-process windows_event_signature",,,,,,,,"WRK-COLBY",,,240660,main,1,"MpOAV.dll","C:\ProgramData\Microsoft\Windows Defender\Platform\4.18.24090.11-0\MpOAV.dll",,,,,,"MpOAV.dll","Microsoft Windows",,,,,,,,,,"splunk-wmi.exe","{fc7e85d2-cc46-674c-16e3-000000002400}","SHA1=F2D73FFE3A240FF5F0B30FFE05EB72E52A28B912,MD5=53F017C0946F9B96A1C1A2E63BCB8CEC,SHA256=45D3B9A1B0D0FB10CEBFC970F4FDC822516AF88BBE0D310E00441432F191B0CB,IMPHASH=28D3DE166C9E9C46DC0EA2089E2AC74E",1048,,"splunk-wmi.exe","C:\Program Files\Splunk\bin\splunk-wmi.exe",,,"<_='://../////'><><_='--'_='{----}'/><></><></><><",,,,,,,,,,,,,,,true,true,,,,,informational,4,"Image loaded",7,"XmlWinEventLog:Microsoft-Windows-Sysmon/Operational",XmlWinEventLog,"wrk-colby",,,,,,,,,,,,"process
report
track_event_signatures",,"process
report
track_event_signatures",718,695,,,,,,,SYSTEM,,"'S-1-5-18'",,"Microsoft Sysmon"
,,,"Microsoft-Windows-Sysmon/Operational",,,"Microsoft Corporation","wrk-colby.Ecorp.local",,,,"Anti-Malware Scan Interface",,,,,,,,"Microsoft-Windows-Sysmon/Operational",7,"<Data Name='RuleName'>technique_id=T1059.001,technique_name=PowerShell</Data><Data Name='UtcTime'>2024-12-01 20:51:19.917</Data><Data Name='ProcessGuid'>{fc7e85d2-cc46-674c-16e3-000000002400}</Data><Data Name='ProcessId'>1048</Data><Data Name='Image'>C:\Program Files\Splunk\bin\splunk-wmi.exe</Data><Data Name='ImageLoaded'>C:\Windows\System32\amsi.dll</Data><Data Name='FileVersion'>10.0.19041.4355 (WinBuild.160101.0800)</Data><Data Name='Description'>Anti-Malware Scan Interface</Data><Data Name='Product'>Microsoft® Windows® Operating System</Data><Data Name='Company'>Microsoft Corporation</Data><Data Name='OriginalFileName'>amsi.dll</Data><Data Name='Hashes'>SHA1=347368018E1DAAF4F52C9A4119526313A82ECEEC,MD5=4933108BD5B3219F74AD807DFE8835AD,SHA256=66F7A134F6A4D9FE63DD7D6FF88DDED5796E4D5C7E33BA606DFF4D87D9258C0D,IMPHASH=C414C6B76EBCEEF67B5B752A7E51D4D2</Data><Data Name='Signed'>true</Data><Data Name='Signature'>Microsoft Windows</Data><Data Name='SignatureStatus'>Valid</Data><Data Name='User'>NT AUTHORITY\SYSTEM</Data>","Image loaded",7,240659,,"10.0.19041.4355 (WinBuild.160101.0800)",,,"'{5770385f-c22a-43e0-bf4c-06f5698ffbd9}'","SHA1=347368018E1DAAF4F52C9A4119526313A82ECEEC,MD5=4933108BD5B3219F74AD807DFE8835AD,SHA256=66F7A134F6A4D9FE63DD7D6FF88DDED5796E4D5C7E33BA606DFF4D87D9258C0D,IMPHASH=C414C6B76EBCEEF67B5B752A7E51D4D2",C414C6B76EBCEEF67B5B752A7E51D4D2,"C:\Program Files\Splunk\bin\splunk-wmi.exe","C:\Windows\System32\amsi.dll",,,,,0x8000000000000000,4,,,4933108BD5B3219F74AD807DFE8835AD,"'Microsoft-Windows-Sysmon'",0,"amsi.dll",,,,,,,"{fc7e85d2-cc46-674c-16e3-000000002400}","'3144'",1048,"Microsoft® Windows® Operating System",,,,,240659,240659,,"technique_id=T1059.001,technique_name=PowerShell",347368018E1DAAF4F52C9A4119526313A82ECEEC,66F7A134F6A4D9FE63DD7D6FF88DDED5796E4D5C7E33BA606DFF4D87D9258C0D,"S-1-5-18","Microsoft Windows",Valid,true,,,,,,,,,,,,"'2024-12-01T20:51:19.9435698Z'","<Provider Name='Microsoft-Windows-Sysmon' Guid='{5770385f-c22a-43e0-bf4c-06f5698ffbd9}'/><EventID>7</EventID><Version>3</Version><Level>4</Level><Task>7</Task><Opcode>0</Opcode><Keywords>0x8000000000000000</Keywords><TimeCreated SystemTime='2024-12-01T20:51:19.9435698Z'/><EventRecordID>240659</EventRecordID><Correlation/><Execution ProcessID='3144' ThreadID='4460'/><Channel>Microsoft-Windows-Sysmon/Operational</Channel><Computer>wrk-colby.Ecorp.local</Computer><Security UserID='S-1-5-18'/>",,,,,,,7,,"'4460'","2024-12-01T20:51:19.9435698Z","NT AUTHORITY\SYSTEM","'S-1-5-18'","2024-12-01 20:51:19.917",3,"<Event xmlns='http://schemas.microsoft.com/win/2004/08/events/event'><System><Provider Name='Microsoft-Windows-Sysmon' Guid='{5770385f-c22a-43e0-bf4c-06f5698ffbd9}'/><EventID>7</EventID><Version>3</Version><Level>4</Level><Task>7</Task><Opcode>0</Opcode><Keywords>0x8000000000000000</Keywords><TimeCreated SystemTime='2024-12-01T20:51:19.9435698Z'/><EventRecordID>240659</EventRecordID><Correlation/><Execution ProcessID='3144' ThreadID='4460'/><Channel>Microsoft-Windows-Sysmon/Operational</Channel><Computer>wrk-colby.Ecorp.local</Computer><Security UserID='S-1-5-18'/></System><EventData><Data Name='RuleName'>technique_id=T1059.001,technique_name=PowerShell</Data><Data Name='UtcTime'>2024-12-01 20:51:19.917</Data><Data Name='ProcessGuid'>{fc7e85d2-cc46-674c-16e3-000000002400}</Data><Data Name='ProcessId'>1048</Data><Data Name='Image'>C:\Program Files\Splunk\bin\splunk-wmi.exe</Data><Data Name='ImageLoaded'>C:\Windows\System32\amsi.dll</Data><Data Name='FileVersion'>10.0.19041.4355 (WinBuild.160101.0800)</Data><Data Name='Description'>Anti-Malware Scan Interface</Data><Data Name='Product'>Microsoft® Windows® Operating System</Data><Data Name='Company'>Microsoft Corporation</Data><Data Name='OriginalFileName'>amsi.dll</Data><Data Name='Hashes'>SHA1=347368018E1DAAF4F52C9A4119526313A82ECEEC,MD5=4933108BD5B3219F74AD807DFE8835AD,SHA256=66F7A134F6A4D9FE63DD7D6FF88DDED5796E4D5C7E33BA606DFF4D87D9258C0D,IMPHASH=C414C6B76EBCEEF67B5B752A7E51D4D2</Data><Data Name='Signed'>true</Data><Data Name='Signature'>Microsoft Windows</Data><Data Name='SignatureStatus'>Valid</Data><Data Name='User'>NT AUTHORITY\SYSTEM</Data></EventData></Event>","2024-12-01T15:51:19.917-0500",success,,,,,,,20,1,51,december,19,sunday,2024,0,,"wrk-colby.Ecorp.local",,,,,"wrk-colby.Ecorp.local",,"WRK-COLBY",240659,"endpoint_services_processes ms-sysmon-process windows_event_signature",,,,,,,,"WRK-COLBY",,,240659,main,1,"amsi.dll","C:\Windows\System32\amsi.dll",,,,,,"amsi.dll","Microsoft Windows",,,,,,,,,,"splunk-wmi.exe","{fc7e85d2-cc46-674c-16e3-000000002400}","SHA1=347368018E1DAAF4F52C9A4119526313A82ECEEC,MD5=4933108BD5B3219F74AD807DFE8835AD,SHA256=66F7A134F6A4D9FE63DD7D6FF88DDED5796E4D5C7E33BA606DFF4D87D9258C0D,IMPHASH=C414C6B76EBCEEF67B5B752A7E51D4D2",1048,,"splunk-wmi.exe","C:\Program Files\Splunk\bin\splunk-wmi.exe",,,"<_='://../////'><><_='--'_='{----}'/><></><></><><",,,,,,,,,,,,,,,true,true,,,,,informational,4,"Image loaded",7,"XmlWinEventLog:Microsoft-Windows-Sysmon/Operational",XmlWinEventLog,"wrk-colby",,,,,,,,,,,,"process
report
track_event_signatures",,"process
report
track_event_signatures",712,689,,,,,,,SYSTEM,,"'S-1-5-18'",,"Microsoft Sysmon"
,,,"Microsoft-Windows-Sysmon/Operational",,,,"wrk-colby.Ecorp.local",,,,,,,,,,,,"Microsoft-Windows-Sysmon/Operational",22,"<Data Name='RuleName'>-</Data><Data Name='UtcTime'>2024-12-01 20:50:58.311</Data><Data Name='ProcessGuid'>{fc7e85d2-c422-674c-9ecb-000000002400}</Data><Data Name='ProcessId'>9656</Data><Data Name='QueryName'>e1345286.api.splkmobile.com</Data><Data Name='QueryStatus'>9002</Data><Data Name='QueryResults'>-</Data><Data Name='Image'>C:\Program Files (x86)\Microsoft\Edge\Application\msedge.exe</Data><Data Name='User'>ECORP\tcolby</Data>","DNSEvent (DNS query)",22,240658,,,,,"'{5770385f-c22a-43e0-bf4c-06f5698ffbd9}'",,,"C:\Program Files (x86)\Microsoft\Edge\Application\msedge.exe",,,,,,0x8000000000000000,4,,,,"'Microsoft-Windows-Sysmon'",0,,,,,,,,"{fc7e85d2-c422-674c-9ecb-000000002400}","'3144'",9656,,,"e1345286.api.splkmobile.com","-",9002,240658,240658,,"-",,,"S-1-5-18",,,,,,,,,,,,,,,"'2024-12-01T20:51:00.6617178Z'","<Provider Name='Microsoft-Windows-Sysmon' Guid='{5770385f-c22a-43e0-bf4c-06f5698ffbd9}'/><EventID>22</EventID><Version>5</Version><Level>4</Level><Task>22</Task><Opcode>0</Opcode><Keywords>0x8000000000000000</Keywords><TimeCreated SystemTime='2024-12-01T20:51:00.6617178Z'/><EventRecordID>240658</EventRecordID><Correlation/><Execution ProcessID='3144' ThreadID='4476'/><Channel>Microsoft-Windows-Sysmon/Operational</Channel><Computer>wrk-colby.Ecorp.local</Computer><Security UserID='S-1-5-18'/>",,,,,,,22,,"'4476'","2024-12-01T20:51:00.6617178Z","ECORP\tcolby","'S-1-5-18'","2024-12-01 20:50:58.311",5,"<Event xmlns='http://schemas.microsoft.com/win/2004/08/events/event'><System><Provider Name='Microsoft-Windows-Sysmon' Guid='{5770385f-c22a-43e0-bf4c-06f5698ffbd9}'/><EventID>22</EventID><Version>5</Version><Level>4</Level><Task>22</Task><Opcode>0</Opcode><Keywords>0x8000000000000000</Keywords><TimeCreated SystemTime='2024-12-01T20:51:00.6617178Z'/><EventRecordID>240658</EventRecordID><Correlation/><Execution ProcessID='3144' ThreadID='4476'/><Channel>Microsoft-Windows-Sysmon/Operational</Channel><Computer>wrk-colby.Ecorp.local</Computer><Security UserID='S-1-5-18'/></System><EventData><Data Name='RuleName'>-</Data><Data Name='UtcTime'>2024-12-01 20:50:58.311</Data><Data Name='ProcessGuid'>{fc7e85d2-c422-674c-9ecb-000000002400}</Data><Data Name='ProcessId'>9656</Data><Data Name='QueryName'>e1345286.api.splkmobile.com</Data><Data Name='QueryStatus'>9002</Data><Data Name='QueryResults'>-</Data><Data Name='Image'>C:\Program Files (x86)\Microsoft\Edge\Application\msedge.exe</Data><Data Name='User'>ECORP\tcolby</Data></EventData></Event>","2024-12-01T15:50:58.311-0500",,,,,,,,20,1,50,december,58,sunday,2024,0,,,,,,,"wrk-colby.Ecorp.local",,"WRK-COLBY",240658,"endpoint_services_processes ms-sysmon-dns windows_event_signature",,,,,,,,"WRK-COLBY",,,240658,main,1,,,,,,,,,,,,,,,,,,,"msedge.exe","{fc7e85d2-c422-674c-9ecb-000000002400}",,,,"msedge.exe",,,,"<_='://../////'><><_='--'_='{----}'/><></><></><><","e1345286.api.splkmobile.com",1,,,,,,,,,9002,,,,,,,,,,informational,4,"DNSEvent (DNS query)",22,"XmlWinEventLog:Microsoft-Windows-Sysmon/Operational",XmlWinEventLog,"wrk-colby",,"wrk-colby.Ecorp.local",,,,,,,,,,"dns
network
resolution
track_event_signatures",,"dns
network
resolution
track_event_signatures",667,644,,,,,,,tcolby,,"'S-1-5-18'",,"Microsoft Sysmon"
,,,"Microsoft-Windows-Sysmon/Operational",,,"Microsoft Corporation","wrk-colby.Ecorp.local",,,,WMI,,,,,,,,"Microsoft-Windows-Sysmon/Operational",7,"<Data Name='RuleName'>technique_id=T1047,technique_name=Windows Management Instrumentation</Data><Data Name='UtcTime'>2024-12-01 20:50:54.639</Data><Data Name='ProcessGuid'>{fc7e85d2-7d52-674c-4b00-000000002400}</Data><Data Name='ProcessId'>3132</Data><Data Name='Image'>C:\Program Files\Splunk\bin\splunkd.exe</Data><Data Name='ImageLoaded'>C:\Windows\System32\wbem\wmiutils.dll</Data><Data Name='FileVersion'>10.0.19041.4474 (WinBuild.160101.0800)</Data><Data Name='Description'>WMI</Data><Data Name='Product'>Microsoft® Windows® Operating System</Data><Data Name='Company'>Microsoft Corporation</Data><Data Name='OriginalFileName'>wmiutils.dll</Data><Data Name='Hashes'>SHA1=B0A2BB829A84EBD3AE771C7827DFB18A769CFA4F,MD5=772DC322542BA8EB2FDF4242C54DDECA,SHA256=460C31B0EAB2954B5FB3B2E30BA47C1A0BC5EA972108FF4B42D3BB5A5A42E3F5,IMPHASH=0D31E6D27B954AD879CB4DF742982F1A</Data><Data Name='Signed'>true</Data><Data Name='Signature'>Microsoft Windows</Data><Data Name='SignatureStatus'>Valid</Data><Data Name='User'>NT AUTHORITY\SYSTEM</Data>","Image loaded",7,240657,,"10.0.19041.4474 (WinBuild.160101.0800)",,,"'{5770385f-c22a-43e0-bf4c-06f5698ffbd9}'","SHA1=B0A2BB829A84EBD3AE771C7827DFB18A769CFA4F,MD5=772DC322542BA8EB2FDF4242C54DDECA,SHA256=460C31B0EAB2954B5FB3B2E30BA47C1A0BC5EA972108FF4B42D3BB5A5A42E3F5,IMPHASH=0D31E6D27B954AD879CB4DF742982F1A",0D31E6D27B954AD879CB4DF742982F1A,"C:\Program Files\Splunk\bin\splunkd.exe","C:\Windows\System32\wbem\wmiutils.dll",,,,,0x8000000000000000,4,,,772DC322542BA8EB2FDF4242C54DDECA,"'Microsoft-Windows-Sysmon'",0,"wmiutils.dll",,,,,,,"{fc7e85d2-7d52-674c-4b00-000000002400}","'3144'",3132,"Microsoft® Windows® Operating System",,,,,240657,240657,,"technique_id=T1047,technique_name=Windows Management Instrumentation",B0A2BB829A84EBD3AE771C7827DFB18A769CFA4F,460C31B0EAB2954B5FB3B2E30BA47C1A0BC5EA972108FF4B42D3BB5A5A42E3F5,"S-1-5-18","Microsoft Windows",Valid,true,,,,,,,,,,,,"'2024-12-01T20:50:54.6825798Z'","<Provider Name='Microsoft-Windows-Sysmon' Guid='{5770385f-c22a-43e0-bf4c-06f5698ffbd9}'/><EventID>7</EventID><Version>3</Version><Level>4</Level><Task>7</Task><Opcode>0</Opcode><Keywords>0x8000000000000000</Keywords><TimeCreated SystemTime='2024-12-01T20:50:54.6825798Z'/><EventRecordID>240657</EventRecordID><Correlation/><Execution ProcessID='3144' ThreadID='4460'/><Channel>Microsoft-Windows-Sysmon/Operational</Channel><Computer>wrk-colby.Ecorp.local</Computer><Security UserID='S-1-5-18'/>",,,,,,,7,,"'4460'","2024-12-01T20:50:54.6825798Z","NT AUTHORITY\SYSTEM","'S-1-5-18'","2024-12-01 20:50:54.639",3,"<Event xmlns='http://schemas.microsoft.com/win/2004/08/events/event'><System><Provider Name='Microsoft-Windows-Sysmon' Guid='{5770385f-c22a-43e0-bf4c-06f5698ffbd9}'/><EventID>7</EventID><Version>3</Version><Level>4</Level><Task>7</Task><Opcode>0</Opcode><Keywords>0x8000000000000000</Keywords><TimeCreated SystemTime='2024-12-01T20:50:54.6825798Z'/><EventRecordID>240657</EventRecordID><Correlation/><Execution ProcessID='3144' ThreadID='4460'/><Channel>Microsoft-Windows-Sysmon/Operational</Channel><Computer>wrk-colby.Ecorp.local</Computer><Security UserID='S-1-5-18'/></System><EventData><Data Name='RuleName'>technique_id=T1047,technique_name=Windows Management Instrumentation</Data><Data Name='UtcTime'>2024-12-01 20:50:54.639</Data><Data Name='ProcessGuid'>{fc7e85d2-7d52-674c-4b00-000000002400}</Data><Data Name='ProcessId'>3132</Data><Data Name='Image'>C:\Program Files\Splunk\bin\splunkd.exe</Data><Data Name='ImageLoaded'>C:\Windows\System32\wbem\wmiutils.dll</Data><Data Name='FileVersion'>10.0.19041.4474 (WinBuild.160101.0800)</Data><Data Name='Description'>WMI</Data><Data Name='Product'>Microsoft® Windows® Operating System</Data><Data Name='Company'>Microsoft Corporation</Data><Data Name='OriginalFileName'>wmiutils.dll</Data><Data Name='Hashes'>SHA1=B0A2BB829A84EBD3AE771C7827DFB18A769CFA4F,MD5=772DC322542BA8EB2FDF4242C54DDECA,SHA256=460C31B0EAB2954B5FB3B2E30BA47C1A0BC5EA972108FF4B42D3BB5A5A42E3F5,IMPHASH=0D31E6D27B954AD879CB4DF742982F1A</Data><Data Name='Signed'>true</Data><Data Name='Signature'>Microsoft Windows</Data><Data Name='SignatureStatus'>Valid</Data><Data Name='User'>NT AUTHORITY\SYSTEM</Data></EventData></Event>","2024-12-01T15:50:54.639-0500",success,,,,,,,20,1,50,december,54,sunday,2024,0,,"wrk-colby.Ecorp.local",,,,,"wrk-colby.Ecorp.local",,"WRK-COLBY",240657,"endpoint_services_processes ms-sysmon-process windows_event_signature",,,,,,,,"WRK-COLBY",,,240657,main,1,"wmiutils.dll","C:\Windows\System32\wbem\wmiutils.dll",,,,,,"wmiutils.dll","Microsoft Windows",,,,,,,,,,"splunkd.exe","{fc7e85d2-7d52-674c-4b00-000000002400}","SHA1=B0A2BB829A84EBD3AE771C7827DFB18A769CFA4F,MD5=772DC322542BA8EB2FDF4242C54DDECA,SHA256=460C31B0EAB2954B5FB3B2E30BA47C1A0BC5EA972108FF4B42D3BB5A5A42E3F5,IMPHASH=0D31E6D27B954AD879CB4DF742982F1A",3132,,"splunkd.exe","C:\Program Files\Splunk\bin\splunkd.exe",,,"<_='://../////'><><_='--'_='{----}'/><></><></><><",,,,,,,,,,,,,,,true,true,,,,,informational,4,"Image loaded",7,"XmlWinEventLog:Microsoft-Windows-Sysmon/Operational",XmlWinEventLog,"wrk-colby",,,,,,,,,,,,"process
report
track_event_signatures",,"process
report
track_event_signatures",732,709,,,,,,,SYSTEM,,"'S-1-5-18'",,"Microsoft Sysmon"
,,,"Microsoft-Windows-Sysmon/Operational",,,,"wrk-colby.Ecorp.local",,,,,,"-","fe80:0:0:0:3b35:d16f:100b:6c48",true,5353,"-",,"Microsoft-Windows-Sysmon/Operational",3,"<Data Name='RuleName'>technique_id=T1571,technique_name=Non-Standard Port</Data><Data Name='UtcTime'>2024-12-01 20:50:49.235</Data><Data Name='ProcessGuid'>{fc7e85d2-c420-674c-9bcb-000000002400}</Data><Data Name='ProcessId'>5616</Data><Data Name='Image'>C:\Program Files (x86)\Microsoft\Edge\Application\msedge.exe</Data><Data Name='User'>ECORP\tcolby</Data><Data Name='Protocol'>udp</Data><Data Name='Initiated'>false</Data><Data Name='SourceIsIpv6'>true</Data><Data Name='SourceIp'>ff02:0:0:0:0:0:0:fb</Data><Data Name='SourceHostname'>-</Data><Data Name='SourcePort'>5353</Data><Data Name='SourcePortName'>-</Data><Data Name='DestinationIsIpv6'>true</Data><Data Name='DestinationIp'>fe80:0:0:0:3b35:d16f:100b:6c48</Data><Data Name='DestinationHostname'>-</Data><Data Name='DestinationPort'>5353</Data><Data Name='DestinationPortName'>-</Data>","Network connection",3,240656,,,,,"'{5770385f-c22a-43e0-bf4c-06f5698ffbd9}'",,,"C:\Program Files (x86)\Microsoft\Edge\Application\msedge.exe",,,false,,,0x8000000000000000,4,,,,"'Microsoft-Windows-Sysmon'",0,,,,,,,,"{fc7e85d2-c420-674c-9bcb-000000002400}","'3144'",5616,,udp,,,,240656,240656,,"technique_id=T1571,technique_name=Non-Standard Port",,,"S-1-5-18",,,,"-",,"ff02:0:0:0:0:0:0:fb",true,5353,"-",,,,,,"'2024-12-01T20:50:51.1755138Z'","<Provider Name='Microsoft-Windows-Sysmon' Guid='{5770385f-c22a-43e0-bf4c-06f5698ffbd9}'/><EventID>3</EventID><Version>5</Version><Level>4</Level><Task>3</Task><Opcode>0</Opcode><Keywords>0x8000000000000000</Keywords><TimeCreated SystemTime='2024-12-01T20:50:51.1755138Z'/><EventRecordID>240656</EventRecordID><Correlation/><Execution ProcessID='3144' ThreadID='4180'/><Channel>Microsoft-Windows-Sysmon/Operational</Channel><Computer>wrk-colby.Ecorp.local</Computer><Security UserID='S-1-5-18'/>",,,,,,,3,,"'4180'","2024-12-01T20:50:51.1755138Z","ECORP\tcolby","'S-1-5-18'","2024-12-01 20:50:49.235",5,"<Event xmlns='http://schemas.microsoft.com/win/2004/08/events/event'><System><Provider Name='Microsoft-Windows-Sysmon' Guid='{5770385f-c22a-43e0-bf4c-06f5698ffbd9}'/><EventID>3</EventID><Version>5</Version><Level>4</Level><Task>3</Task><Opcode>0</Opcode><Keywords>0x8000000000000000</Keywords><TimeCreated SystemTime='2024-12-01T20:50:51.1755138Z'/><EventRecordID>240656</EventRecordID><Correlation/><Execution ProcessID='3144' ThreadID='4180'/><Channel>Microsoft-Windows-Sysmon/Operational</Channel><Computer>wrk-colby.Ecorp.local</Computer><Security UserID='S-1-5-18'/></System><EventData><Data Name='RuleName'>technique_id=T1571,technique_name=Non-Standard Port</Data><Data Name='UtcTime'>2024-12-01 20:50:49.235</Data><Data Name='ProcessGuid'>{fc7e85d2-c420-674c-9bcb-000000002400}</Data><Data Name='ProcessId'>5616</Data><Data Name='Image'>C:\Program Files (x86)\Microsoft\Edge\Application\msedge.exe</Data><Data Name='User'>ECORP\tcolby</Data><Data Name='Protocol'>udp</Data><Data Name='Initiated'>false</Data><Data Name='SourceIsIpv6'>true</Data><Data Name='SourceIp'>ff02:0:0:0:0:0:0:fb</Data><Data Name='SourceHostname'>-</Data><Data Name='SourcePort'>5353</Data><Data Name='SourcePortName'>-</Data><Data Name='DestinationIsIpv6'>true</Data><Data Name='DestinationIp'>fe80:0:0:0:3b35:d16f:100b:6c48</Data><Data Name='DestinationHostname'>-</Data><Data Name='DestinationPort'>5353</Data><Data Name='DestinationPortName'>-</Data></EventData></Event>","2024-