12-01T15:21:15.330-0500",modified,,,,,,,20,1,21,december,15,sunday,2024,0,,"wrk-colby.Ecorp.local",,,,,"wrk-colby.Ecorp.local",,"WRK-COLBY",240531,"endpoint_services_processes ms-sysmon-regmod windows_event_signature",,,,,,,,"WRK-COLBY",,,240531,main,1,,,,,,registry,"HKLM\System\CurrentControlSet\Services\bam\State\UserSettings\S-1-5-21-921492421-3060855610-3380895733-1106\Microsoft.Windows.Search_cw5n1h2txyewy",,,,,,,,,,,,"msedgewebview2.exe","{fc7e85d2-c53a-674c-e1ce-000000002400}",,5804,,"msedgewebview2.exe","C:\Program Files (x86)\Microsoft\EdgeWebView\Application\131.0.2903.63\msedgewebview2.exe",,,"<_='://../////'><><_='--'_='{----}'/><></><></><><",,,,,"HKEY_LOCAL_MACHINE\\System","HKLM\System\CurrentControlSet\Services\bam\State\UserSettings\S-1-5-21-921492421-3060855610-3380895733-1106\Microsoft.Windows.Search_cw5n1h2txyewy","HKLM\System\CurrentControlSet\Services\bam\State\UserSettings\S-1-5-21-921492421-3060855610-3380895733-1106\Microsoft.Windows.Search_cw5n1h2txyewy","Binary Data","HKLM\System\CurrentControlSet\Services\bam\State\UserSettings\S-1-5-21-921492421-3060855610-3380895733-1106\Microsoft.Windows.Search_cw5n1h2txyewy",,,,,,,,,,,,informational,4,"RegistryEvent (Value Set)",13,"XmlWinEventLog:Microsoft-Windows-Sysmon/Operational",XmlWinEventLog,"wrk-colby",,,,,,,,,,success,,"endpoint
registry
track_event_signatures",,"endpoint
registry
track_event_signatures",705,682,,,,,,,tcolby,,"'S-1-5-18'",,"Microsoft Sysmon"
,,,"Microsoft-Windows-Sysmon/Operational",,,,"wrk-colby.Ecorp.local",,,,,,,,,,,"Binary Data","Microsoft-Windows-Sysmon/Operational",13,"<Data Name='RuleName'>-</Data><Data Name='EventType'>SetValue</Data><Data Name='UtcTime'>2024-12-01 20:21:14.910</Data><Data Name='ProcessGuid'>{fc7e85d2-7e60-674c-4004-000000002400}</Data><Data Name='ProcessId'>8740</Data><Data Name='Image'>C:\Program Files (x86)\Microsoft\EdgeWebView\Application\131.0.2903.63\msedgewebview2.exe</Data><Data Name='TargetObject'>HKLM\System\CurrentControlSet\Services\bam\State\UserSettings\S-1-5-21-921492421-3060855610-3380895733-1106\Microsoft.Windows.Search_cw5n1h2txyewy</Data><Data Name='Details'>Binary Data</Data><Data Name='User'>ECORP\tcolby</Data>","RegistryEvent (Value Set)",13,240530,SetValue,,,,"'{5770385f-c22a-43e0-bf4c-06f5698ffbd9}'",,,"C:\Program Files (x86)\Microsoft\EdgeWebView\Application\131.0.2903.63\msedgewebview2.exe",,,,,,0x8000000000000000,4,,,,"'Microsoft-Windows-Sysmon'",0,,,,,,,,"{fc7e85d2-7e60-674c-4004-000000002400}","'3144'",8740,,,,,,240530,240530,,"-",,,"S-1-5-18",,,,,,,,,,,,,,,"'2024-12-01T20:21:14.9176077Z'","<Provider Name='Microsoft-Windows-Sysmon' Guid='{5770385f-c22a-43e0-bf4c-06f5698ffbd9}'/><EventID>13</EventID><Version>2</Version><Level>4</Level><Task>13</Task><Opcode>0</Opcode><Keywords>0x8000000000000000</Keywords><TimeCreated SystemTime='2024-12-01T20:21:14.9176077Z'/><EventRecordID>240530</EventRecordID><Correlation/><Execution ProcessID='3144' ThreadID='4456'/><Channel>Microsoft-Windows-Sysmon/Operational</Channel><Computer>wrk-colby.Ecorp.local</Computer><Security UserID='S-1-5-18'/>",,,"HKLM\System\CurrentControlSet\Services\bam\State\UserSettings\S-1-5-21-921492421-3060855610-3380895733-1106\Microsoft.Windows.Search_cw5n1h2txyewy",,,,13,,"'4456'","2024-12-01T20:21:14.9176077Z","ECORP\tcolby","'S-1-5-18'","2024-12-01 20:21:14.910",2,"<Event xmlns='http://schemas.microsoft.com/win/2004/08/events/event'><System><Provider Name='Microsoft-Windows-Sysmon' Guid='{5770385f-c22a-43e0-bf4c-06f5698ffbd9}'/><EventID>13</EventID><Version>2</Version><Level>4</Level><Task>13</Task><Opcode>0</Opcode><Keywords>0x8000000000000000</Keywords><TimeCreated SystemTime='2024-12-01T20:21:14.9176077Z'/><EventRecordID>240530</EventRecordID><Correlation/><Execution ProcessID='3144' ThreadID='4456'/><Channel>Microsoft-Windows-Sysmon/Operational</Channel><Computer>wrk-colby.Ecorp.local</Computer><Security UserID='S-1-5-18'/></System><EventData><Data Name='RuleName'>-</Data><Data Name='EventType'>SetValue</Data><Data Name='UtcTime'>2024-12-01 20:21:14.910</Data><Data Name='ProcessGuid'>{fc7e85d2-7e60-674c-4004-000000002400}</Data><Data Name='ProcessId'>8740</Data><Data Name='Image'>C:\Program Files (x86)\Microsoft\EdgeWebView\Application\131.0.2903.63\msedgewebview2.exe</Data><Data Name='TargetObject'>HKLM\System\CurrentControlSet\Services\bam\State\UserSettings\S-1-5-21-921492421-3060855610-3380895733-1106\Microsoft.Windows.Search_cw5n1h2txyewy</Data><Data Name='Details'>Binary Data</Data><Data Name='User'>ECORP\tcolby</Data></EventData></Event>","2024-12-01T15:21:14.910-0500",modified,,,,,,,20,1,21,december,14,sunday,2024,0,,"wrk-colby.Ecorp.local",,,,,"wrk-colby.Ecorp.local",,"WRK-COLBY",240530,"endpoint_services_processes ms-sysmon-regmod windows_event_signature",,,,,,,,"WRK-COLBY",,,240530,main,1,,,,,,registry,"HKLM\System\CurrentControlSet\Services\bam\State\UserSettings\S-1-5-21-921492421-3060855610-3380895733-1106\Microsoft.Windows.Search_cw5n1h2txyewy",,,,,,,,,,,,"msedgewebview2.exe","{fc7e85d2-7e60-674c-4004-000000002400}",,8740,,"msedgewebview2.exe","C:\Program Files (x86)\Microsoft\EdgeWebView\Application\131.0.2903.63\msedgewebview2.exe",,,"<_='://../////'><><_='--'_='{----}'/><></><></><><",,,,,"HKEY_LOCAL_MACHINE\\System","HKLM\System\CurrentControlSet\Services\bam\State\UserSettings\S-1-5-21-921492421-3060855610-3380895733-1106\Microsoft.Windows.Search_cw5n1h2txyewy","HKLM\System\CurrentControlSet\Services\bam\State\UserSettings\S-1-5-21-921492421-3060855610-3380895733-1106\Microsoft.Windows.Search_cw5n1h2txyewy","Binary Data","HKLM\System\CurrentControlSet\Services\bam\State\UserSettings\S-1-5-21-921492421-3060855610-3380895733-1106\Microsoft.Windows.Search_cw5n1h2txyewy",,,,,,,,,,,,informational,4,"RegistryEvent (Value Set)",13,"XmlWinEventLog:Microsoft-Windows-Sysmon/Operational",XmlWinEventLog,"wrk-colby",,,,,,,,,,success,,"endpoint
registry
track_event_signatures",,"endpoint
registry
track_event_signatures",705,682,,,,,,,tcolby,,"'S-1-5-18'",,"Microsoft Sysmon"
,,,"Microsoft-Windows-Sysmon/Operational",,,,"wrk-colby.Ecorp.local",,,,,,,,,,,,"Microsoft-Windows-Sysmon/Operational",17,"<Data Name='RuleName'>-</Data><Data Name='EventType'>CreatePipe</Data><Data Name='UtcTime'>2024-12-01 20:21:14.901</Data><Data Name='ProcessGuid'>{fc7e85d2-7e60-674c-4004-000000002400}</Data><Data Name='ProcessId'>8740</Data><Data Name='PipeName'>\LOCAL\mojo.8740.2716.2738104584017938964</Data><Data Name='Image'>C:\Program Files (x86)\Microsoft\EdgeWebView\Application\131.0.2903.63\msedgewebview2.exe</Data><Data Name='User'>ECORP\tcolby</Data>","PipeEvent (Pipe Created)",17,240529,CreatePipe,,,,"'{5770385f-c22a-43e0-bf4c-06f5698ffbd9}'",,,"C:\Program Files (x86)\Microsoft\EdgeWebView\Application\131.0.2903.63\msedgewebview2.exe",,,,,,0x8000000000000000,4,,,,"'Microsoft-Windows-Sysmon'",0,,,,,,,"\LOCAL\mojo.8740.2716.2738104584017938964","{fc7e85d2-7e60-674c-4004-000000002400}","'3144'",8740,,,,,,240529,240529,,"-",,,"S-1-5-18",,,,,,,,,,,,,,,"'2024-12-01T20:21:14.9075386Z'","<Provider Name='Microsoft-Windows-Sysmon' Guid='{5770385f-c22a-43e0-bf4c-06f5698ffbd9}'/><EventID>17</EventID><Version>1</Version><Level>4</Level><Task>17</Task><Opcode>0</Opcode><Keywords>0x8000000000000000</Keywords><TimeCreated SystemTime='2024-12-01T20:21:14.9075386Z'/><EventRecordID>240529</EventRecordID><Correlation/><Execution ProcessID='3144' ThreadID='4456'/><Channel>Microsoft-Windows-Sysmon/Operational</Channel><Computer>wrk-colby.Ecorp.local</Computer><Security UserID='S-1-5-18'/>",,,,,,,17,,"'4456'","2024-12-01T20:21:14.9075386Z","ECORP\tcolby","'S-1-5-18'","2024-12-01 20:21:14.901",1,"<Event xmlns='http://schemas.microsoft.com/win/2004/08/events/event'><System><Provider Name='Microsoft-Windows-Sysmon' Guid='{5770385f-c22a-43e0-bf4c-06f5698ffbd9}'/><EventID>17</EventID><Version>1</Version><Level>4</Level><Task>17</Task><Opcode>0</Opcode><Keywords>0x8000000000000000</Keywords><TimeCreated SystemTime='2024-12-01T20:21:14.9075386Z'/><EventRecordID>240529</EventRecordID><Correlation/><Execution ProcessID='3144' ThreadID='4456'/><Channel>Microsoft-Windows-Sysmon/Operational</Channel><Computer>wrk-colby.Ecorp.local</Computer><Security UserID='S-1-5-18'/></System><EventData><Data Name='RuleName'>-</Data><Data Name='EventType'>CreatePipe</Data><Data Name='UtcTime'>2024-12-01 20:21:14.901</Data><Data Name='ProcessGuid'>{fc7e85d2-7e60-674c-4004-000000002400}</Data><Data Name='ProcessId'>8740</Data><Data Name='PipeName'>\LOCAL\mojo.8740.2716.2738104584017938964</Data><Data Name='Image'>C:\Program Files (x86)\Microsoft\EdgeWebView\Application\131.0.2903.63\msedgewebview2.exe</Data><Data Name='User'>ECORP\tcolby</Data></EventData></Event>","2024-12-01T15:21:14.901-0500",allowed,,,,,,,20,1,21,december,14,sunday,2024,0,,"wrk-colby.Ecorp.local",,,,,"wrk-colby.Ecorp.local",,"WRK-COLBY",240529,"endpoint_services_processes ms-sysmon-process windows_event_signature",,,,,,,,"WRK-COLBY",,,240529,main,1,,,,,,,,,"Microsoft Windows",,,,,,,"\LOCAL\mojo.8740.2716.2738104584017938964",,,"msedgewebview2.exe","{fc7e85d2-7e60-674c-4004-000000002400}",,8740,,"msedgewebview2.exe","C:\Program Files (x86)\Microsoft\EdgeWebView\Application\131.0.2903.63\msedgewebview2.exe",,,"<_='://../////'><><_='--'_='{----}'/><></><></><><",,,,,,,,,,,,,,,,,,,,,informational,4,"PipeEvent (Pipe Created)",17,"XmlWinEventLog:Microsoft-Windows-Sysmon/Operational",XmlWinEventLog,"wrk-colby",,,,,,,,,,,,"process
report
track_event_signatures",,"process
report
track_event_signatures",707,684,,,,,,,tcolby,,"'S-1-5-18'",,"Microsoft Sysmon"
,,,"Microsoft-Windows-Sysmon/Operational",,,,"wrk-colby.Ecorp.local",,,,,,,,,,,,"Microsoft-Windows-Sysmon/Operational",22,"<Data Name='RuleName'>-</Data><Data Name='UtcTime'>2024-12-01 20:21:14.182</Data><Data Name='ProcessGuid'>{fc7e85d2-7e62-674c-4304-000000002400}</Data><Data Name='ProcessId'>7788</Data><Data Name='QueryName'>wpad</Data><Data Name='QueryStatus'>9003</Data><Data Name='QueryResults'>-</Data><Data Name='Image'>C:\Program Files (x86)\Microsoft\EdgeWebView\Application\131.0.2903.63\msedgewebview2.exe</Data><Data Name='User'>ECORP\tcolby</Data>","DNSEvent (DNS query)",22,240532,,,,,"'{5770385f-c22a-43e0-bf4c-06f5698ffbd9}'",,,"C:\Program Files (x86)\Microsoft\EdgeWebView\Application\131.0.2903.63\msedgewebview2.exe",,,,,,0x8000000000000000,4,,,,"'Microsoft-Windows-Sysmon'",0,,,,,,,,"{fc7e85d2-7e62-674c-4304-000000002400}","'3144'",7788,,,wpad,"-",9003,240532,240532,,"-",,,"S-1-5-18",,,,,,,,,,,,,,,"'2024-12-01T20:21:16.6382537Z'","<Provider Name='Microsoft-Windows-Sysmon' Guid='{5770385f-c22a-43e0-bf4c-06f5698ffbd9}'/><EventID>22</EventID><Version>5</Version><Level>4</Level><Task>22</Task><Opcode>0</Opcode><Keywords>0x8000000000000000</Keywords><TimeCreated SystemTime='2024-12-01T20:21:16.6382537Z'/><EventRecordID>240532</EventRecordID><Correlation/><Execution ProcessID='3144' ThreadID='4476'/><Channel>Microsoft-Windows-Sysmon/Operational</Channel><Computer>wrk-colby.Ecorp.local</Computer><Security UserID='S-1-5-18'/>",,,,,,,22,,"'4476'","2024-12-01T20:21:16.6382537Z","ECORP\tcolby","'S-1-5-18'","2024-12-01 20:21:14.182",5,"<Event xmlns='http://schemas.microsoft.com/win/2004/08/events/event'><System><Provider Name='Microsoft-Windows-Sysmon' Guid='{5770385f-c22a-43e0-bf4c-06f5698ffbd9}'/><EventID>22</EventID><Version>5</Version><Level>4</Level><Task>22</Task><Opcode>0</Opcode><Keywords>0x8000000000000000</Keywords><TimeCreated SystemTime='2024-12-01T20:21:16.6382537Z'/><EventRecordID>240532</EventRecordID><Correlation/><Execution ProcessID='3144' ThreadID='4476'/><Channel>Microsoft-Windows-Sysmon/Operational</Channel><Computer>wrk-colby.Ecorp.local</Computer><Security UserID='S-1-5-18'/></System><EventData><Data Name='RuleName'>-</Data><Data Name='UtcTime'>2024-12-01 20:21:14.182</Data><Data Name='ProcessGuid'>{fc7e85d2-7e62-674c-4304-000000002400}</Data><Data Name='ProcessId'>7788</Data><Data Name='QueryName'>wpad</Data><Data Name='QueryStatus'>9003</Data><Data Name='QueryResults'>-</Data><Data Name='Image'>C:\Program Files (x86)\Microsoft\EdgeWebView\Application\131.0.2903.63\msedgewebview2.exe</Data><Data Name='User'>ECORP\tcolby</Data></EventData></Event>","2024-12-01T15:21:14.182-0500",,,,,,,,20,1,21,december,14,sunday,2024,0,,,,,,,"wrk-colby.Ecorp.local",,"WRK-COLBY",240532,"endpoint_services_processes ms-sysmon-dns windows_event_signature",,,,,,,,"WRK-COLBY",,,240532,main,1,,,,,,,,,,,,,,,,,,,"msedgewebview2.exe","{fc7e85d2-7e62-674c-4304-000000002400}",,,,"msedgewebview2.exe",,,,"<_='://../////'><><_='--'_='{----}'/><></><></><><",wpad,1,,,,,,,,,9003,,,,,,,,,,informational,4,"DNSEvent (DNS query)",22,"XmlWinEventLog:Microsoft-Windows-Sysmon/Operational",XmlWinEventLog,"wrk-colby",,"wrk-colby.Ecorp.local",,,,,,,,,,"dns
network
resolution
track_event_signatures",,"dns
network
resolution
track_event_signatures",667,644,,,,,,,tcolby,,"'S-1-5-18'",,"Microsoft Sysmon"
,,,"Microsoft-Windows-Sysmon/Operational",,,,"wrk-colby.Ecorp.local",,,,,,,,,,,,"Microsoft-Windows-Sysmon/Operational",22,"<Data Name='RuleName'>-</Data><Data Name='UtcTime'>2024-12-01 20:20:49.067</Data><Data Name='ProcessGuid'>{00000000-0000-0000-0000-000000000000}</Data><Data Name='ProcessId'>3452</Data><Data Name='QueryName'>Ecorp-DC.Ecorp.local</Data><Data Name='QueryStatus'>0</Data><Data Name='QueryResults'>::ffff:10.6.6.3;</Data><Data Name='Image'>&lt;unknown process&gt;</Data><Data Name='User'>NT AUTHORITY\SYSTEM</Data>","DNSEvent (DNS query)",22,240528,,,,,"'{5770385f-c22a-43e0-bf4c-06f5698ffbd9}'",,,"&lt;unknown process&gt;",,,,,,0x8000000000000000,4,,,,"'Microsoft-Windows-Sysmon'",0,,,,,,,,"{00000000-0000-0000-0000-000000000000}","'3144'",3452,,,"Ecorp-DC.Ecorp.local","::ffff:10.6.6.3;",0,240528,240528,,"-",,,"S-1-5-18",,,,,,,,,,,,,,,"'2024-12-01T20:20:50.7165151Z'","<Provider Name='Microsoft-Windows-Sysmon' Guid='{5770385f-c22a-43e0-bf4c-06f5698ffbd9}'/><EventID>22</EventID><Version>5</Version><Level>4</Level><Task>22</Task><Opcode>0</Opcode><Keywords>0x8000000000000000</Keywords><TimeCreated SystemTime='2024-12-01T20:20:50.7165151Z'/><EventRecordID>240528</EventRecordID><Correlation/><Execution ProcessID='3144' ThreadID='4476'/><Channel>Microsoft-Windows-Sysmon/Operational</Channel><Computer>wrk-colby.Ecorp.local</Computer><Security UserID='S-1-5-18'/>",,,,,,,22,,"'4476'","2024-12-01T20:20:50.7165151Z","NT AUTHORITY\SYSTEM","'S-1-5-18'","2024-12-01 20:20:49.067",5,"<Event xmlns='http://schemas.microsoft.com/win/2004/08/events/event'><System><Provider Name='Microsoft-Windows-Sysmon' Guid='{5770385f-c22a-43e0-bf4c-06f5698ffbd9}'/><EventID>22</EventID><Version>5</Version><Level>4</Level><Task>22</Task><Opcode>0</Opcode><Keywords>0x8000000000000000</Keywords><TimeCreated SystemTime='2024-12-01T20:20:50.7165151Z'/><EventRecordID>240528</EventRecordID><Correlation/><Execution ProcessID='3144' ThreadID='4476'/><Channel>Microsoft-Windows-Sysmon/Operational</Channel><Computer>wrk-colby.Ecorp.local</Computer><Security UserID='S-1-5-18'/></System><EventData><Data Name='RuleName'>-</Data><Data Name='UtcTime'>2024-12-01 20:20:49.067</Data><Data Name='ProcessGuid'>{00000000-0000-0000-0000-000000000000}</Data><Data Name='ProcessId'>3452</Data><Data Name='QueryName'>Ecorp-DC.Ecorp.local</Data><Data Name='QueryStatus'>0</Data><Data Name='QueryResults'>::ffff:10.6.6.3;</Data><Data Name='Image'>&lt;unknown process&gt;</Data><Data Name='User'>NT AUTHORITY\SYSTEM</Data></EventData></Event>","2024-12-01T15:20:49.067-0500",,"::ffff:10.6.6.3",1,,,,,20,1,20,december,49,sunday,2024,0,,,,,,,"wrk-colby.Ecorp.local",,"WRK-COLBY",240528,"endpoint_services_processes ms-sysmon-dns windows_event_signature",,,,,,,,"WRK-COLBY",,,240528,main,1,,,,,,,,,,,,,,,,,,,"&lt;unknown process&gt;","{00000000-0000-0000-0000-000000000000}",,,,"&lt;unknown process&gt;",,,,"<_='://../////'><><_='--'_='{----}'/><></><></><><","Ecorp-DC.Ecorp.local",1,,,,,,,,,0,,,,,,,,,,informational,4,"DNSEvent (DNS query)",22,"XmlWinEventLog:Microsoft-Windows-Sysmon/Operational",XmlWinEventLog,"wrk-colby",,"wrk-colby.Ecorp.local",,,,,,,,,,"dns
network
resolution
track_event_signatures",,"dns
network
resolution
track_event_signatures",667,644,,,,,,,SYSTEM,,"'S-1-5-18'",,"Microsoft Sysmon"
,,,"Microsoft-Windows-Sysmon/Operational",,,"Microsoft Corporation","wrk-colby.Ecorp.local",,,,"OLE32 Extensions for Win32",,,,,,,,"Microsoft-Windows-Sysmon/Operational",7,"<Data Name='RuleName'>-</Data><Data Name='UtcTime'>2024-12-01 20:20:38.385</Data><Data Name='ProcessGuid'>{fc7e85d2-c516-674c-62ce-000000002400}</Data><Data Name='ProcessId'>8528</Data><Data Name='Image'>C:\Windows\System32\backgroundTaskHost.exe</Data><Data Name='ImageLoaded'>C:\Windows\System32\urlmon.dll</Data><Data Name='FileVersion'>11.00.19041.5072 (WinBuild.160101.0800)</Data><Data Name='Description'>OLE32 Extensions for Win32</Data><Data Name='Product'>Internet Explorer</Data><Data Name='Company'>Microsoft Corporation</Data><Data Name='OriginalFileName'>UrlMon.dll</Data><Data Name='Hashes'>SHA1=1DB1F9F5C4E4A65FF74E1BA55027C756E01BC7E8,MD5=1B26A1939226185340ABCF4F112D52C5,SHA256=B5AC75AE86CAC11FE4063B271273B5E695824E2324A54C7E9A77BDE7BB6C6A88,IMPHASH=22019FF0DD6B140CC5C75C9E26641C22</Data><Data Name='Signed'>true</Data><Data Name='Signature'>Microsoft Windows</Data><Data Name='SignatureStatus'>Valid</Data><Data Name='User'>ECORP\tcolby</Data>","Image loaded",7,240524,,"11.00.19041.5072 (WinBuild.160101.0800)",,,"'{5770385f-c22a-43e0-bf4c-06f5698ffbd9}'","SHA1=1DB1F9F5C4E4A65FF74E1BA55027C756E01BC7E8,MD5=1B26A1939226185340ABCF4F112D52C5,SHA256=B5AC75AE86CAC11FE4063B271273B5E695824E2324A54C7E9A77BDE7BB6C6A88,IMPHASH=22019FF0DD6B140CC5C75C9E26641C22",22019FF0DD6B140CC5C75C9E26641C22,"C:\Windows\System32\backgroundTaskHost.exe","C:\Windows\System32\urlmon.dll",,,,,0x8000000000000000,4,,,1B26A1939226185340ABCF4F112D52C5,"'Microsoft-Windows-Sysmon'",0,"UrlMon.dll",,,,,,,"{fc7e85d2-c516-674c-62ce-000000002400}","'3144'",8528,"Internet Explorer",,,,,240524,240524,,"-",1DB1F9F5C4E4A65FF74E1BA55027C756E01BC7E8,B5AC75AE86CAC11FE4063B271273B5E695824E2324A54C7E9A77BDE7BB6C6A88,"S-1-5-18","Microsoft Windows",Valid,true,,,,,,,,,,,,"'2024-12-01T20:20:38.4013543Z'","<Provider Name='Microsoft-Windows-Sysmon' Guid='{5770385f-c22a-43e0-bf4c-06f5698ffbd9}'/><EventID>7</EventID><Version>3</Version><Level>4</Level><Task>7</Task><Opcode>0</Opcode><Keywords>0x8000000000000000</Keywords><TimeCreated SystemTime='2024-12-01T20:20:38.4013543Z'/><EventRecordID>240524</EventRecordID><Correlation/><Execution ProcessID='3144' ThreadID='4460'/><Channel>Microsoft-Windows-Sysmon/Operational</Channel><Computer>wrk-colby.Ecorp.local</Computer><Security UserID='S-1-5-18'/>",,,,,,,7,,"'4460'","2024-12-01T20:20:38.4013543Z","ECORP\tcolby","'S-1-5-18'","2024-12-01 20:20:38.385",3,"<Event xmlns='http://schemas.microsoft.com/win/2004/08/events/event'><System><Provider Name='Microsoft-Windows-Sysmon' Guid='{5770385f-c22a-43e0-bf4c-06f5698ffbd9}'/><EventID>7</EventID><Version>3</Version><Level>4</Level><Task>7</Task><Opcode>0</Opcode><Keywords>0x8000000000000000</Keywords><TimeCreated SystemTime='2024-12-01T20:20:38.4013543Z'/><EventRecordID>240524</EventRecordID><Correlation/><Execution ProcessID='3144' ThreadID='4460'/><Channel>Microsoft-Windows-Sysmon/Operational</Channel><Computer>wrk-colby.Ecorp.local</Computer><Security UserID='S-1-5-18'/></System><EventData><Data Name='RuleName'>-</Data><Data Name='UtcTime'>2024-12-01 20:20:38.385</Data><Data Name='ProcessGuid'>{fc7e85d2-c516-674c-62ce-000000002400}</Data><Data Name='ProcessId'>8528</Data><Data Name='Image'>C:\Windows\System32\backgroundTaskHost.exe</Data><Data Name='ImageLoaded'>C:\Windows\System32\urlmon.dll</Data><Data Name='FileVersion'>11.00.19041.5072 (WinBuild.160101.0800)</Data><Data Name='Description'>OLE32 Extensions for Win32</Data><Data Name='Product'>Internet Explorer</Data><Data Name='Company'>Microsoft Corporation</Data><Data Name='OriginalFileName'>UrlMon.dll</Data><Data Name='Hashes'>SHA1=1DB1F9F5C4E4A65FF74E1BA55027C756E01BC7E8,MD5=1B26A1939226185340ABCF4F112D52C5,SHA256=B5AC75AE86CAC11FE4063B271273B5E695824E2324A54C7E9A77BDE7BB6C6A88,IMPHASH=22019FF0DD6B140CC5C75C9E26641C22</Data><Data Name='Signed'>true</Data><Data Name='Signature'>Microsoft Windows</Data><Data Name='SignatureStatus'>Valid</Data><Data Name='User'>ECORP\tcolby</Data></EventData></Event>","2024-12-01T15:20:38.385-0500",success,,,,,,,20,1,20,december,38,sunday,2024,0,,"wrk-colby.Ecorp.local",,,,,"wrk-colby.Ecorp.local",,"WRK-COLBY",240524,"endpoint_services_processes ms-sysmon-process windows_event_signature",,,,,,,,"WRK-COLBY",,,240524,main,1,"urlmon.dll","C:\Windows\System32\urlmon.dll",,,,,,"UrlMon.dll","Microsoft Windows",,,,,,,,,,"backgroundTaskHost.exe","{fc7e85d2-c516-674c-62ce-000000002400}","SHA1=1DB1F9F5C4E4A65FF74E1BA55027C756E01BC7E8,MD5=1B26A1939226185340ABCF4F112D52C5,SHA256=B5AC75AE86CAC11FE4063B271273B5E695824E2324A54C7E9A77BDE7BB6C6A88,IMPHASH=22019FF0DD6B140CC5C75C9E26641C22",8528,,"backgroundTaskHost.exe","C:\Windows\System32\backgroundTaskHost.exe",,,"<_='://../////'><><_='--'_='{----}'/><></><></><><",,,,,,,,,,,,,,,true,true,,,,,informational,4,"Image loaded",7,"XmlWinEventLog:Microsoft-Windows-Sysmon/Operational",XmlWinEventLog,"wrk-colby",,,,,,,,,,,,"process
report
track_event_signatures",,"process
report
track_event_signatures",665,642,,,,,,,tcolby,,"'S-1-5-18'",,"Microsoft Sysmon"
,,,"Microsoft-Windows-Sysmon/Operational",,,,"wrk-colby.Ecorp.local",,,,,,,,,,,,"Microsoft-Windows-Sysmon/Operational",22,"<Data Name='RuleName'>-</Data><Data Name='UtcTime'>2024-12-01 20:20:37.607</Data><Data Name='ProcessGuid'>{fc7e85d2-c516-674c-62ce-000000002400}</Data><Data Name='ProcessId'>8528</Data><Data Name='QueryName'>Ecorp-DC.Ecorp.local</Data><Data Name='QueryStatus'>0</Data><Data Name='QueryResults'>::ffff:10.6.6.3;</Data><Data Name='Image'>C:\Windows\system32\BackgroundTaskHost.exe</Data><Data Name='User'>ECORP\tcolby</Data>","DNSEvent (DNS query)",22,240527,,,,,"'{5770385f-c22a-43e0-bf4c-06f5698ffbd9}'",,,"C:\Windows\system32\BackgroundTaskHost.exe",,,,,,0x8000000000000000,4,,,,"'Microsoft-Windows-Sysmon'",0,,,,,,,,"{fc7e85d2-c516-674c-62ce-000000002400}","'3144'",8528,,,"Ecorp-DC.Ecorp.local","::ffff:10.6.6.3;",0,240527,240527,,"-",,,"S-1-5-18",,,,,,,,,,,,,,,"'2024-12-01T20:20:38.7723988Z'","<Provider Name='Microsoft-Windows-Sysmon' Guid='{5770385f-c22a-43e0-bf4c-06f5698ffbd9}'/><EventID>22</EventID><Version>5</Version><Level>4</Level><Task>22</Task><Opcode>0</Opcode><Keywords>0x8000000000000000</Keywords><TimeCreated SystemTime='2024-12-01T20:20:38.7723988Z'/><EventRecordID>240527</EventRecordID><Correlation/><Execution ProcessID='3144' ThreadID='4476'/><Channel>Microsoft-Windows-Sysmon/Operational</Channel><Computer>wrk-colby.Ecorp.local</Computer><Security UserID='S-1-5-18'/>",,,,,,,22,,"'4476'","2024-12-01T20:20:38.7723988Z","ECORP\tcolby","'S-1-5-18'","2024-12-01 20:20:37.607",5,"<Event xmlns='http://schemas.microsoft.com/win/2004/08/events/event'><System><Provider Name='Microsoft-Windows-Sysmon' Guid='{5770385f-c22a-43e0-bf4c-06f5698ffbd9}'/><EventID>22</EventID><Version>5</Version><Level>4</Level><Task>22</Task><Opcode>0</Opcode><Keywords>0x8000000000000000</Keywords><TimeCreated SystemTime='2024-12-01T20:20:38.7723988Z'/><EventRecordID>240527</EventRecordID><Correlation/><Execution ProcessID='3144' ThreadID='4476'/><Channel>Microsoft-Windows-Sysmon/Operational</Channel><Computer>wrk-colby.Ecorp.local</Computer><Security UserID='S-1-5-18'/></System><EventData><Data Name='RuleName'>-</Data><Data Name='UtcTime'>2024-12-01 20:20:37.607</Data><Data Name='ProcessGuid'>{fc7e85d2-c516-674c-62ce-000000002400}</Data><Data Name='ProcessId'>8528</Data><Data Name='QueryName'>Ecorp-DC.Ecorp.local</Data><Data Name='QueryStatus'>0</Data><Data Name='QueryResults'>::ffff:10.6.6.3;</Data><Data Name='Image'>C:\Windows\system32\BackgroundTaskHost.exe</Data><Data Name='User'>ECORP\tcolby</Data></EventData></Event>","2024-12-01T15:20:37.607-0500",,"::ffff:10.6.6.3",1,,,,,20,1,20,december,37,sunday,2024,0,,,,,,,"wrk-colby.Ecorp.local",,"WRK-COLBY",240527,"endpoint_services_processes ms-sysmon-dns windows_event_signature",,,,,,,,"WRK-COLBY",,,240527,main,1,,,,,,,,,,,,,,,,,,,"BackgroundTaskHost.exe","{fc7e85d2-c516-674c-62ce-000000002400}",,,,"BackgroundTaskHost.exe",,,,"<_='://../////'><><_='--'_='{----}'/><></><></><><","Ecorp-DC.Ecorp.local",1,,,,,,,,,0,,,,,,,,,,informational,4,"DNSEvent (DNS query)",22,"XmlWinEventLog:Microsoft-Windows-Sysmon/Operational",XmlWinEventLog,"wrk-colby",,"wrk-colby.Ecorp.local",,,,,,,,,,"dns
network
resolution
track_event_signatures",,"dns
network
resolution
track_event_signatures",667,644,,,,,,,tcolby,,"'S-1-5-18'",,"Microsoft Sysmon"
,,,"Microsoft-Windows-Sysmon/Operational",,,,"wrk-colby.Ecorp.local",,,,,,,,,,,,"Microsoft-Windows-Sysmon/Operational",22,"<Data Name='RuleName'>-</Data><Data Name='UtcTime'>2024-12-01 20:20:37.578</Data><Data Name='ProcessGuid'>{fc7e85d2-c516-674c-62ce-000000002400}</Data><Data Name='ProcessId'>8528</Data><Data Name='QueryName'>Ecorp-DC.Ecorp.local</Data><Data Name='QueryStatus'>0</Data><Data Name='QueryResults'>::ffff:10.6.6.3;</Data><Data Name='Image'>C:\Windows\system32\BackgroundTaskHost.exe</Data><Data Name='User'>ECORP\tcolby</Data>","DNSEvent (DNS query)",22,240526,,,,,"'{5770385f-c22a-43e0-bf4c-06f5698ffbd9}'",,,"C:\Windows\system32\BackgroundTaskHost.exe",,,,,,0x8000000000000000,4,,,,"'Microsoft-Windows-Sysmon'",0,,,,,,,,"{fc7e85d2-c516-674c-62ce-000000002400}","'3144'",8528,,,"Ecorp-DC.Ecorp.local","::ffff:10.6.6.3;",0,240526,240526,,"-",,,"S-1-5-18",,,,,,,,,,,,,,,"'2024-12-01T20:20:38.7718341Z'","<Provider Name='Microsoft-Windows-Sysmon' Guid='{5770385f-c22a-43e0-bf4c-06f5698ffbd9}'/><EventID>22</EventID><Version>5</Version><Level>4</Level><Task>22</Task><Opcode>0</Opcode><Keywords>0x8000000000000000</Keywords><TimeCreated SystemTime='2024-12-01T20:20:38.7718341Z'/><EventRecordID>240526</EventRecordID><Correlation/><Execution ProcessID='3144' ThreadID='4476'/><Channel>Microsoft-Windows-Sysmon/Operational</Channel><Computer>wrk-colby.Ecorp.local</Computer><Security UserID='S-1-5-18'/>",,,,,,,22,,"'4476'","2024-12-01T20:20:38.7718341Z","ECORP\tcolby","'S-1-5-18'","2024-12-01 20:20:37.578",5,"<Event xmlns='http://schemas.microsoft.com/win/2004/08/events/event'><System><Provider Name='Microsoft-Windows-Sysmon' Guid='{5770385f-c22a-43e0-bf4c-06f5698ffbd9}'/><EventID>22</EventID><Version>5</Version><Level>4</Level><Task>22</Task><Opcode>0</Opcode><Keywords>0x8000000000000000</Keywords><TimeCreated SystemTime='2024-12-01T20:20:38.7718341Z'/><EventRecordID>240526</EventRecordID><Correlation/><Execution ProcessID='3144' ThreadID='4476'/><Channel>Microsoft-Windows-Sysmon/Operational</Channel><Computer>wrk-colby.Ecorp.local</Computer><Security UserID='S-1-5-18'/></System><EventData><Data Name='RuleName'>-</Data><Data Name='UtcTime'>2024-12-01 20:20:37.578</Data><Data Name='ProcessGuid'>{fc7e85d2-c516-674c-62ce-000000002400}</Data><Data Name='ProcessId'>8528</Data><Data Name='QueryName'>Ecorp-DC.Ecorp.local</Data><Data Name='QueryStatus'>0</Data><Data Name='QueryResults'>::ffff:10.6.6.3;</Data><Data Name='Image'>C:\Windows\system32\BackgroundTaskHost.exe</Data><Data Name='User'>ECORP\tcolby</Data></EventData></Event>","2024-12-01T15:20:37.578-0500",,"::ffff:10.6.6.3",1,,,,,20,1,20,december,37,sunday,2024,0,,,,,,,"wrk-colby.Ecorp.local",,"WRK-COLBY",240526,"endpoint_services_processes ms-sysmon-dns windows_event_signature",,,,,,,,"WRK-COLBY",,,240526,main,1,,,,,,,,,,,,,,,,,,,"BackgroundTaskHost.exe","{fc7e85d2-c516-674c-62ce-000000002400}",,,,"BackgroundTaskHost.exe",,,,"<_='://../////'><><_='--'_='{----}'/><></><></><><","Ecorp-DC.Ecorp.local",1,,,,,,,,,0,,,,,,,,,,informational,4,"DNSEvent (DNS query)",22,"XmlWinEventLog:Microsoft-Windows-Sysmon/Operational",XmlWinEventLog,"wrk-colby",,"wrk-colby.Ecorp.local",,,,,,,,,,"dns
network
resolution
track_event_signatures",,"dns
network
resolution
track_event_signatures",667,644,,,,,,,tcolby,,"'S-1-5-18'",,"Microsoft Sysmon"
,,,"Microsoft-Windows-Sysmon/Operational",,,,"wrk-colby.Ecorp.local",,,,,,,,,,,,"Microsoft-Windows-Sysmon/Operational",22,"<Data Name='RuleName'>-</Data><Data Name='UtcTime'>2024-12-01 20:20:37.575</Data><Data Name='ProcessGuid'>{fc7e85d2-c516-674c-62ce-000000002400}</Data><Data Name='ProcessId'>8528</Data><Data Name='QueryName'>Ecorp-DC.Ecorp.local</Data><Data Name='QueryStatus'>0</Data><Data Name='QueryResults'>::ffff:10.6.6.3;</Data><Data Name='Image'>C:\Windows\system32\BackgroundTaskHost.exe</Data><Data Name='User'>ECORP\tcolby</Data>","DNSEvent (DNS query)",22,240525,,,,,"'{5770385f-c22a-43e0-bf4c-06f5698ffbd9}'",,,"C:\Windows\system32\BackgroundTaskHost.exe",,,,,,0x8000000000000000,4,,,,"'Microsoft-Windows-Sysmon'",0,,,,,,,,"{fc7e85d2-c516-674c-62ce-000000002400}","'3144'",8528,,,"Ecorp-DC.Ecorp.local","::ffff:10.6.6.3;",0,240525,240525,,"-",,,"S-1-5-18",,,,,,,,,,,,,,,"'2024-12-01T20:20:38.7712639Z'","<Provider Name='Microsoft-Windows-Sysmon' Guid='{5770385f-c22a-43e0-bf4c-06f5698ffbd9}'/><EventID>22</EventID><Version>5</Version><Level>4</Level><Task>22</Task><Opcode>0</Opcode><Keywords>0x8000000000000000</Keywords><TimeCreated SystemTime='2024-12-01T20:20:38.7712639Z'/><EventRecordID>240525</EventRecordID><Correlation/><Execution ProcessID='3144' ThreadID='4476'/><Channel>Microsoft-Windows-Sysmon/Operational</Channel><Computer>wrk-colby.Ecorp.local</Computer><Security UserID='S-1-5-18'/>",,,,,,,22,,"'4476'","2024-12-01T20:20:38.7712639Z","ECORP\tcolby","'S-1-5-18'","2024-12-01 20:20:37.575",5,"<Event xmlns='http://schemas.microsoft.com/win/2004/08/events/event'><System><Provider Name='Microsoft-Windows-Sysmon' Guid='{5770385f-c22a-43e0-bf4c-06f5698ffbd9}'/><EventID>22</EventID><Version>5</Version><Level>4</Level><Task>22</Task><Opcode>0</Opcode><Keywords>0x8000000000000000</Keywords><TimeCreated SystemTime='2024-12-01T20:20:38.7712639Z'/><EventRecordID>240525</EventRecordID><Correlation/><Execution ProcessID='3144' ThreadID='4476'/><Channel>Microsoft-Windows-Sysmon/Operational</Channel><Computer>wrk-colby.Ecorp.local</Computer><Security UserID='S-1-5-18'/></System><EventData><Data Name='RuleName'>-</Data><Data Name='UtcTime'>2024-12-01 20:20:37.575</Data><Data Name='ProcessGuid'>{fc7e85d2-c516-674c-62ce-000000002400}</Data><Data Name='ProcessId'>8528</Data><Data Name='QueryName'>Ecorp-DC.Ecorp.local</Data><Data Name='QueryStatus'>0</Data><Data Name='QueryResults'>::ffff:10.6.6.3;</Data><Data Name='Image'>C:\Windows\system32\BackgroundTaskHost.exe</Data><Data Name='User'>ECORP\tcolby</Data></EventData></Event>","2024-12-01T15:20:37.575-0500",,"::ffff:10.6.6.3",1,,,,,20,1,20,december,37,sunday,2024,0,,,,,,,"wrk-colby.Ecorp.local",,"WRK-COLBY",240525,"endpoint_services_processes ms-sysmon-dns windows_event_signature",,,,,,,,"WRK-COLBY",,,240525,main,1,,,,,,,,,,,,,,,,,,,"BackgroundTaskHost.exe","{fc7e85d2-c516-674c-62ce-000000002400}",,,,"BackgroundTaskHost.exe",,,,"<_='://../////'><><_='--'_='{----}'/><></><></><><","Ecorp-DC.Ecorp.local",1,,,,,,,,,0,,,,,,,,,,informational,4,"DNSEvent (DNS query)",22,"XmlWinEventLog:Microsoft-Windows-Sysmon/Operational",XmlWinEventLog,"wrk-colby",,"wrk-colby.Ecorp.local",,,,,,,,,,"dns
network
resolution
track_event_signatures",,"dns
network
resolution
track_event_signatures",667,644,,,,,,,tcolby,,"'S-1-5-18'",,"Microsoft Sysmon"
,,,"Microsoft-Windows-Sysmon/Operational",,,,"wrk-colby.Ecorp.local",,,,,,,,,,,,"Microsoft-Windows-Sysmon/Operational",22,"<Data Name='RuleName'>-</Data><Data Name='UtcTime'>2024-12-01 20:19:33.430</Data><Data Name='ProcessGuid'>{fc7e85d2-c422-674c-9ecb-000000002400}</Data><Data Name='ProcessId'>9656</Data><Data Name='QueryName'>wpad</Data><Data Name='QueryStatus'>9003</Data><Data Name='QueryResults'>-</Data><Data Name='Image'>C:\Program Files (x86)\Microsoft\Edge\Application\msedge.exe</Data><Data Name='User'>ECORP\tcolby</Data>","DNSEvent (DNS query)",22,240523,,,,,"'{5770385f-c22a-43e0-bf4c-06f5698ffbd9}'",,,"C:\Program Files (x86)\Microsoft\Edge\Application\msedge.exe",,,,,,0x8000000000000000,4,,,,"'Microsoft-Windows-Sysmon'",0,,,,,,,,"{fc7e85d2-c422-674c-9ecb-000000002400}","'3144'",9656,,,wpad,"-",9003,240523,240523,,"-",,,"S-1-5-18",,,,,,,,,,,,,,,"'2024-12-01T20:19:36.1962799Z'","<Provider Name='Microsoft-Windows-Sysmon' Guid='{5770385f-c22a-43e0-bf4c-06f5698ffbd9}'/><EventID>22</EventID><Version>5</Version><Level>4</Level><Task>22</Task><Opcode>0</Opcode><Keywords>0x8000000000000000</Keywords><TimeCreated SystemTime='2024-12-01T20:19:36.1962799Z'/><EventRecordID>240523</EventRecordID><Correlation/><Execution ProcessID='3144' ThreadID='4476'/><Channel>Microsoft-Windows-Sysmon/Operational</Channel><Computer>wrk-colby.Ecorp.local</Computer><Security UserID='S-1-5-18'/>",,,,,,,22,,"'4476'","2024-12-01T20:19:36.1962799Z","ECORP\tcolby","'S-1-5-18'","2024-12-01 20:19:33.430",5,"<Event xmlns='http://schemas.microsoft.com/win/2004/08/events/event'><System><Provider Name='Microsoft-Windows-Sysmon' Guid='{5770385f-c22a-43e0-bf4c-06f5698ffbd9}'/><EventID>22</EventID><Version>5</Version><Level>4</Level><Task>22</Task><Opcode>0</Opcode><Keywords>0x8000000000000000</Keywords><TimeCreated SystemTime='2024-12-01T20:19:36.1962799Z'/><EventRecordID>240523</EventRecordID><Correlation/><Execution ProcessID='3144' ThreadID='4476'/><Channel>Microsoft-Windows-Sysmon/Operational</Channel><Computer>wrk-colby.Ecorp.local</Computer><Security UserID='S-1-5-18'/></System><EventData><Data Name='RuleName'>-</Data><Data Name='UtcTime'>2024-12-01 20:19:33.430</Data><Data Name='ProcessGuid'>{fc7e85d2-c422-674c-9ecb-000000002400}</Data><Data Name='ProcessId'>9656</Data><Data Name='QueryName'>wpad</Data><Data Name='QueryStatus'>9003</Data><Data Name='QueryResults'>-</Data><Data Name='Image'>C:\Program Files (x86)\Microsoft\Edge\Application\msedge.exe</Data><Data Name='User'>ECORP\tcolby</Data></EventData></Event>","2024-12-01T15:19:33.430-0500",,,,,,,,20,1,19,december,33,sunday,2024,0,,,,,,,"wrk-colby.Ecorp.local",,"WRK-COLBY",240523,"endpoint_services_processes ms-sysmon-dns windows_event_signature",,,,,,,,"WRK-COLBY",,,240523,main,1,,,,,,,,,,,,,,,,,,,"msedge.exe","{fc7e85d2-c422-674c-9ecb-000000002400}",,,,"msedge.exe",,,,"<_='://../////'><><_='--'_='{----}'/><></><></><><",wpad,1,,,,,,,,,9003,,,,,,,,,,informational,4,"DNSEvent (DNS query)",22,"XmlWinEventLog:Microsoft-Windows-Sysmon/Operational",XmlWinEventLog,"wrk-colby",,"wrk-colby.Ecorp.local",,,,,,,,,,"dns
network
resolution
track_event_signatures",,"dns
network
resolution
track_event_signatures",667,644,,,,,,,tcolby,,"'S-1-5-18'",,"Microsoft Sysmon"
,,,"Microsoft-Windows-Sysmon/Operational",,,,"wrk-colby.Ecorp.local",,,,,,,,,,,,"Microsoft-Windows-Sysmon/Operational",22,"<Data Name='RuleName'>-</Data><Data Name='UtcTime'>2024-12-01 20:17:43.296</Data><Data Name='ProcessGuid'>{fc7e85d2-c422-674c-9ecb-000000002400}</Data><Data Name='ProcessId'>9656</Data><Data Name='QueryName'>static.edge.microsoftapp.net</Data><Data Name='QueryStatus'>9002</Data><Data Name='QueryResults'>-</Data><Data Name='Image'>C:\Program Files (x86)\Microsoft\Edge\Application\msedge.exe</Data><Data Name='User'>ECORP\tcolby</Data>","DNSEvent (DNS query)",22,240522,,,,,"'{5770385f-c22a-43e0-bf4c-06f5698ffbd9}'",,,"C:\Program Files (x86)\Microsoft\Edge\Application\msedge.exe",,,,,,0x8000000000000000,4,,,,"'Microsoft-Windows-Sysmon'",0,,,,,,,,"{fc7e85d2-c422-674c-9ecb-000000002400}","'3144'",9656,,,"static.edge.microsoftapp.net","-",9002,240522,240522,,"-",,,"S-1-5-18",,,,,,,,,,,,,,,"'2024-12-01T20:17:44.9792911Z'","<Provider Name='Microsoft-Windows-Sysmon' Guid='{5770385f-c22a-43e0-bf4c-06f5698ffbd9}'/><EventID>22</EventID><Version>5</Version><Level>4</Level><Task>22</Task><Opcode>0</Opcode><Keywords>0x8000000000000000</Keywords><TimeCreated SystemTime='2024-12-01T20:17:44.9792911Z'/><EventRecordID>240522</EventRecordID><Correlation/><Execution ProcessID='3144' ThreadID='4476'/><Channel>Microsoft-Windows-Sysmon/Operational</Channel><Computer>wrk-colby.Ecorp.local</Computer><Security UserID='S-1-5-18'/>",,,,,,,22,,"'4476'","2024-12-01T20:17:44.9792911Z","ECORP\tcolby","'S-1-5-18'","2024-12-01 20:17:43.296",5,"<Event xmlns='http://schemas.microsoft.com/win/2004/08/events/event'><System><Provider Name='Microsoft-Windows-Sysmon' Guid='{5770385f-c22a-43e0-bf4c-06f5698ffbd9}'/><EventID>22</EventID><Version>5</Version><Level>4</Level><Task>22</Task><Opcode>0</Opcode><Keywords>0x8000000000000000</Keywords><TimeCreated SystemTime='2024-12-01T20:17:44.9792911Z'/><EventRecordID>240522</EventRecordID><Correlation/><Execution ProcessID='3144' ThreadID='4476'/><Channel>Microsoft-Windows-Sysmon/Operational</Channel><Computer>wrk-colby.Ecorp.local</Computer><Security UserID='S-1-5-18'/></System><EventData><Data Name='RuleName'>-</Data><Data Name='UtcTime'>2024-12-01 20:17:43.296</Data><Data Name='ProcessGuid'>{fc7e85d2-c422-674c-9ecb-000000002400}</Data><Data Name='ProcessId'>9656</Data><Data Name='QueryName'>static.edge.microsoftapp.net</Data><Data Name='QueryStatus'>9002</Data><Data Name='QueryResults'>-</Data><Data Name='Image'>C:\Program Files (x86)\Microsoft\Edge\Application\msedge.exe</Data><Data Name='User'>ECORP\tcolby</Data></EventData></Event>","2024-12-01T15:17:43.296-0500",,,,,,,,20,1,17,december,43,sunday,2024,0,,,,,,,"wrk-colby.Ecorp.local",,"WRK-COLBY",240522,"endpoint_services_processes ms-sysmon-dns windows_event_signature",,,,,,,,"WRK-COLBY",,,240522,main,1,,,,,,,,,,,,,,,,,,,"msedge.exe","{fc7e85d2-c422-674c-9ecb-000000002400}",,,,"msedge.exe",,,,"<_='://../////'><><_='--'_='{----}'/><></><></><><","static.edge.microsoftapp.net",1,,,,,,,,,9002,,,,,,,,,,informational,4,"DNSEvent (DNS query)",22,"XmlWinEventLog:Microsoft-Windows-Sysmon/Operational",XmlWinEventLog,"wrk-colby",,"wrk-colby.Ecorp.local",,,,,,,,,,"dns
network
resolution
track_event_signatures",,"dns
network
resolution
track_event_signatures",667,644,,,,,,,tcolby,,"'S-1-5-18'",,"Microsoft Sysmon"
,,,"Microsoft-Windows-Sysmon/Operational",,,,"wrk-colby.Ecorp.local",,,,,,,,,,,,"Microsoft-Windows-Sysmon/Operational",22,"<Data Name='RuleName'>-</Data><Data Name='UtcTime'>2024-12-01 20:17:43.295</Data><Data Name='ProcessGuid'>{fc7e85d2-c422-674c-9ecb-000000002400}</Data><Data Name='ProcessId'>9656</Data><Data Name='QueryName'>static.edge.microsoftapp.net</Data><Data Name='QueryStatus'>9002</Data><Data Name='QueryResults'>-</Data><Data Name='Image'>C:\Program Files (x86)\Microsoft\Edge\Application\msedge.exe</Data><Data Name='User'>ECORP\tcolby</Data>","DNSEvent (DNS query)",22,240521,,,,,"'{5770385f-c22a-43e0-bf4c-06f5698ffbd9}'",,,"C:\Program Files (x86)\Microsoft\Edge\Application\msedge.exe",,,,,,0x8000000000000000,4,,,,"'Microsoft-Windows-Sysmon'",0,,,,,,,,"{fc7e85d2-c422-674c-9ecb-000000002400}","'3144'",9656,,,"static.edge.microsoftapp.net","-",9002,240521,240521,,"-",,,"S-1-5-18",,,,,,,,,,,,,,,"'2024-12-01T20:17:44.9792518Z'","<Provider Name='Microsoft-Windows-Sysmon' Guid='{5770385f-c22a-43e0-bf4c-06f5698ffbd9}'/><EventID>22</EventID><Version>5</Version><Level>4</Level><Task>22</Task><Opcode>0</Opcode><Keywords>0x8000000000000000</Keywords><TimeCreated SystemTime='2024-12-01T20:17:44.9792518Z'/><EventRecordID>240521</EventRecordID><Correlation/><Execution ProcessID='3144' ThreadID='4476'/><Channel>Microsoft-Windows-Sysmon/Operational</Channel><Computer>wrk-colby.Ecorp.local</Computer><Security UserID='S-1-5-18'/>",,,,,,,22,,"'4476'","2024-12-01T20:17:44.9792518Z","ECORP\tcolby","'S-1-5-18'","2024-12-01 20:17:43.295",5,"<Event xmlns='http://schemas.microsoft.com/win/2004/08/events/event'><System><Provider Name='Microsoft-Windows-Sysmon' Guid='{5770385f-c22a-43e0-bf4c-06f5698ffbd9}'/><EventID>22</EventID><Version>5</Version><Level>4</Level><Task>22</Task><Opcode>0</Opcode><Keywords>0x8000000000000000</Keywords><TimeCreated SystemTime='2024-12-01T20:17:44.9792518Z'/><EventRecordID>240521</EventRecordID><Correlation/><Execution ProcessID='3144' ThreadID='4476'/><Channel>Microsoft-Windows-Sysmon/Operational</Channel><Computer>wrk-colby.Ecorp.local</Computer><Security UserID='S-1-5-18'/></System><EventData><Data Name='RuleName'>-</Data><Data Name='UtcTime'>2024-12-01 20:17:43.295</Data><Data Name='ProcessGuid'>{fc7e85d2-c422-674c-9ecb-000000002400}</Data><Data Name='ProcessId'>9656</Data><Data Name='QueryName'>static.edge.microsoftapp.net</Data><Data Name='QueryStatus'>9002</Data><Data Name='QueryResults'>-</Data><Data Name='Image'>C:\Program Files (x86)\Microsoft\Edge\Application\msedge.exe</Data><Data Name='User'>ECORP\tcolby</Data></EventData></Event>","2024-12-01T15:17:43.295-0500",,,,,,,,20,1,17,december,43,sunday,2024,0,,,,,,,"wrk-colby.Ecorp.local",,"WRK-COLBY",240521,"endpoint_services_processes ms-sysmon-dns windows_event_signature",,,,,,,,"WRK-COLBY",,,240521,main,1,,,,,,,,,,,,,,,,,,,"msedge.exe","{fc7e85d2-c422-674c-9ecb-000000002400}",,,,"msedge.exe",,,,"<_='://../////'><><_='--'_='{----}'/><></><></><><","static.edge.microsoftapp.net",1,,,,,,,,,9002,,,,,,,,,,informational,4,"DNSEvent (DNS query)",22,"XmlWinEventLog:Microsoft-Windows-Sysmon/Operational",XmlWinEventLog,"wrk-colby",,"wrk-colby.Ecorp.local",,,,,,,,,,"dns
network
resolution
track_event_signatures",,"dns
network
resolution
track_event_signatures",667,644,,,,,,,tcolby,,"'S-1-5-18'",,"Microsoft Sysmon"
,,,"Microsoft-Windows-Sysmon/Operational",,,,"wrk-colby.Ecorp.local",,,,,,,,,,,,"Microsoft-Windows-Sysmon/Operational",22,"<Data Name='RuleName'>-</Data><Data Name='UtcTime'>2024-12-01 20:17:16.077</Data><Data Name='ProcessGuid'>{fc7e85d2-c422-674c-9ecb-000000002400}</Data><Data Name='ProcessId'>9656</Data><Data Name='QueryName'>edge-consumer-static.azureedge.net</Data><Data Name='QueryStatus'>9002</Data><Data Name='QueryResults'>-</Data><Data Name='Image'>C:\Program Files (x86)\Microsoft\Edge\Application\msedge.exe</Data><Data Name='User'>ECORP\tcolby</Data>","DNSEvent (DNS query)",22,240520,,,,,"'{5770385f-c22a-43e0-bf4c-06f5698ffbd9}'",,,"C:\Program Files (x86)\Microsoft\Edge\Application\msedge.exe",,,,,,0x8000000000000000,4,,,,"'Microsoft-Windows-Sysmon'",0,,,,,,,,"{fc7e85d2-c422-674c-9ecb-000000002400}","'3144'",9656,,,"edge-consumer-static.azureedge.net","-",9002,240520,240520,,"-",,,"S-1-5-18",,,,,,,,,,,,,,,"'2024-12-01T20:17:17.0464863Z'","<Provider Name='Microsoft-Windows-Sysmon' Guid='{5770385f-c22a-43e0-bf4c-06f5698ffbd9}'/><EventID>22</EventID><Version>5</Version><Level>4</Level><Task>22</Task><Opcode>0</Opcode><Keywords>0x8000000000000000</Keywords><TimeCreated SystemTime='2024-12-01T20:17:17.0464863Z'/><EventRecordID>240520</EventRecordID><Correlation/><Execution ProcessID='3144' ThreadID='4476'/><Channel>Microsoft-Windows-Sysmon/Operational</Channel><Computer>wrk-colby.Ecorp.local</Computer><Security UserID='S-1-5-18'/>",,,,,,,22,,"'4476'","2024-12-01T20:17:17.0464863Z","ECORP\tcolby","'S-1-5-18'","2024-12-01 20:17:16.077",5,"<Event xmlns='http://schemas.microsoft.com/win/2004/08/events/event'><System><Provider Name='Microsoft-Windows-Sysmon' Guid='{5770385f-c22a-43e0-bf4c-06f5698ffbd9}'/><EventID>22</EventID><Version>5</Version><Level>4</Level><Task>22</Task><Opcode>0</Opcode><Keywords>0x8000000000000000</Keywords><TimeCreated SystemTime='2024-12-01T20:17:17.0464863Z'/><EventRecordID>240520</EventRecordID><Correlation/><Execution ProcessID='3144' ThreadID='4476'/><Channel>Microsoft-Windows-Sysmon/Operational</Channel><Computer>wrk-colby.Ecorp.local</Computer><Security UserID='S-1-5-18'/></System><EventData><Data Name='RuleName'>-</Data><Data Name='UtcTime'>2024-12-01 20:17:16.077</Data><Data Name='ProcessGuid'>{fc7e85d2-c422-674c-9ecb-000000002400}</Data><Data Name='ProcessId'>9656</Data><Data Name='QueryName'>edge-consumer-static.azureedge.net</Data><Data Name='QueryStatus'>9002</Data><Data Name='QueryResults'>-</Data><Data Name='Image'>C:\Program Files (x86)\Microsoft\Edge\Application\msedge.exe</Data><Data Name='User'>ECORP\tcolby</Data></EventData></Event>","2024-12-01T15:17:16.077-0500",,,,,,,,20,1,17,december,16,sunday,2024,0,,,,,,,"wrk-colby.Ecorp.local",,"WRK-COLBY",240520,"endpoint_services_processes ms-sysmon-dns windows_event_signature",,,,,,,,"WRK-COLBY",,,240520,main,1,,,,,,,,,,,,,,,,,,,"msedge.exe","{fc7e85d2-c422-674c-9ecb-000000002400}",,,,"msedge.exe",,,,"<_='://../////'><><_='--'_='{----}'/><></><></><><","edge-consumer-static.azureedge.net",1,,,,,,,,,9002,,,,,,,,,,informational,4,"DNSEvent (DNS query)",22,"XmlWinEventLog:Microsoft-Windows-Sysmon/Operational",XmlWinEventLog,"wrk-colby",,"wrk-colby.Ecorp.local",,,,,,,,,,"dns
network
resolution
track_event_signatures",,"dns
network
resolution
track_event_signatures",667,644,,,,,,,tcolby,,"'S-1-5-18'",,"Microsoft Sysmon"
,,,"Microsoft-Windows-Sysmon/Operational",,,"Microsoft Corporation","wrk-colby.Ecorp.local",,,,"OLE32 Extensions for Win32",,,,,,,,"Microsoft-Windows-Sysmon/Operational",7,"<Data Name='RuleName'>-</Data><Data Name='UtcTime'>2024-12-01 20:17:04.072</Data><Data Name='ProcessGuid'>{fc7e85d2-c440-674c-f4cb-000000002400}</Data><Data Name='ProcessId'>5732</Data><Data Name='Image'>C:\Program Files (x86)\Microsoft\Edge\Application\msedge.exe</Data><Data Name='ImageLoaded'>C:\Windows\System32\urlmon.dll</Data><Data Name='FileVersion'>11.00.19041.5072 (WinBuild.160101.0800)</Data><Data Name='Description'>OLE32 Extensions for Win32</Data><Data Name='Product'>Internet Explorer</Data><Data Name='Company'>Microsoft Corporation</Data><Data Name='OriginalFileName'>UrlMon.dll</Data><Data Name='Hashes'>SHA1=1DB1F9F5C4E4A65FF74E1BA55027C756E01BC7E8,MD5=1B26A1939226185340ABCF4F112D52C5,SHA256=B5AC75AE86CAC11FE4063B271273B5E695824E2324A54C7E9A77BDE7BB6C6A88,IMPHASH=22019FF0DD6B140CC5C75C9E26641C22</Data><Data Name='Signed'>true</Data><Data Name='Signature'>Microsoft Windows</Data><Data Name='SignatureStatus'>Valid</Data><Data Name='User'>ECORP\tcolby</Data>","Image loaded",7,240519,,"11.00.19041.5072 (WinBuild.160101.0800)",,,"'{5770385f-c22a-43e0-bf4c-06f5698ffbd9}'","SHA1=1DB1F9F5C4E4A65FF74E1BA55027C756E01BC7E8,MD5=1B26A1939226185340ABCF4F112D52C5,SHA256=B5AC75AE86CAC11FE4063B271273B5E695824E2324A54C7E9A77BDE7BB6C6A88,IMPHASH=22019FF0DD6B140CC5C75C9E26641C22",22019FF0DD6B140CC5C75C9E26641C22,"C:\Program Files (x86)\Microsoft\Edge\Application\msedge.exe","C:\Windows\System32\urlmon.dll",,,,,0x8000000000000000,4,,,1B26A1939226185340ABCF4F112D52C5,"'Microsoft-Windows-Sysmon'",0,"UrlMon.dll",,,,,,,"{fc7e85d2-c440-674c-f4cb-000000002400}","'3144'",5732,"Internet Explorer",,,,,240519,240519,,"-",1DB1F9F5C4E4A65FF74E1BA55027C756E01BC7E8,B5AC75AE86CAC11FE4063B271273B5E695824E2324A54C7E9A77BDE7BB6C6A88,"S-1-5-18","Microsoft Windows",Valid,true,,,,,,,,,,,,"'2024-12-01T20:17:04.0736240Z'","<Provider Name='Microsoft-Windows-Sysmon' Guid='{5770385f-c22a-43e0-bf4c-06f5698ffbd9}'/><EventID>7</EventID><Version>3</Version><Level>4</Level><Task>7</Task><Opcode>0</Opcode><Keywords>0x8000000000000000</Keywords><TimeCreated SystemTime='2024-12-01T20:17:04.0736240Z'/><EventRecordID>240519</EventRecordID><Correlation/><Execution ProcessID='3144' ThreadID='4456'/><Channel>Microsoft-Windows-Sysmon/Operational</Channel><Computer>wrk-colby.Ecorp.local</Computer><Security UserID='S-1-5-18'/>",,,,,,,7,,"'4456'","2024-12-01T20:17:04.0736240Z","ECORP\tcolby","'S-1-5-18'","2024-12-01 20:17:04.072",3,"<Event xmlns='http://schemas.microsoft.com/win/2004/08/events/event'><System><Provider Name='Microsoft-Windows-Sysmon' Guid='{5770385f-c22a-43e0-bf4c-06f5698ffbd9}'/><EventID>7</EventID><Version>3</Version><Level>4</Level><Task>7</Task><Opcode>0</Opcode><Keywords>0x8000000000000000</Keywords><TimeCreated SystemTime='2024-12-01T20:17:04.0736240Z'/><EventRecordID>240519</EventRecordID><Correlation/><Execution ProcessID='3144' ThreadID='4456'/><Channel>Microsoft-Windows-Sysmon/Operational</Channel><Computer>wrk-colby.Ecorp.local</Computer><Security UserID='S-1-5-18'/></System><EventData><Data Name='RuleName'>-</Data><Data Name='UtcTime'>2024-12-01 20:17:04.072</Data><Data Name='ProcessGuid'>{fc7e85d2-c440-674c-f4cb-000000002400}</Data><Data Name='ProcessId'>5732</Data><Data Name='Image'>C:\Program Files (x86)\Microsoft\Edge\Application\msedge.exe</Data><Data Name='ImageLoaded'>C:\Windows\System32\urlmon.dll</Data><Data Name='FileVersion'>11.00.19041.5072 (WinBuild.160101.0800)</Data><Data Name='Description'>OLE32 Extensions for Win32</Data><Data Name='Product'>Internet Explorer</Data><Data Name='Company'>Microsoft Corporation</Data><Data Name='OriginalFileName'>UrlMon.dll</Data><Data Name='Hashes'>SHA1=1DB1F9F5C4E4A65FF74E1BA55027C756E01BC7E8,MD5=1B26A1939226185340ABCF4F112D52C5,SHA256=B5AC75AE86CAC11FE4063B271273B5E695824E2324A54C7E9A77BDE7BB6C6A88,IMPHASH=22019FF0DD6B140CC5C75C9E26641C22</Data><Data Name='Signed'>true</Data><Data Name='Signature'>Microsoft Windows</Data><Data Name='SignatureStatus'>Valid</Data><Data Name='User'>ECORP\tcolby</Data></EventData></Event>","2024-