12-01T15:35:18.208-0500",success,,,,,,,20,1,35,december,18,sunday,2024,0,,"wrk-colby.Ecorp.local",,,,,"wrk-colby.Ecorp.local",,"WRK-COLBY",240559,"endpoint_services_processes ms-sysmon-process windows_event_signature",,,,,,,,"WRK-COLBY",,,240559,main,1,"urlmon.dll","C:\Windows\System32\urlmon.dll",,,,,,"UrlMon.dll","Microsoft Windows",,,,,,,,,,"smartscreen.exe","{fc7e85d2-c886-674c-55d8-000000002400}","SHA1=1DB1F9F5C4E4A65FF74E1BA55027C756E01BC7E8,MD5=1B26A1939226185340ABCF4F112D52C5,SHA256=B5AC75AE86CAC11FE4063B271273B5E695824E2324A54C7E9A77BDE7BB6C6A88,IMPHASH=22019FF0DD6B140CC5C75C9E26641C22",3004,,"smartscreen.exe","C:\Windows\System32\smartscreen.exe",,,"<_='://../////'><><_='--'_='{----}'/><></><></><><",,,,,,,,,,,,,,,true,true,,,,,informational,4,"Image loaded",7,"XmlWinEventLog:Microsoft-Windows-Sysmon/Operational",XmlWinEventLog,"wrk-colby",,,,,,,,,,,,"process
report
track_event_signatures",,"process
report
track_event_signatures",665,642,,,,,,,tcolby,,"'S-1-5-18'",,"Microsoft Sysmon"
,,,"Microsoft-Windows-Sysmon/Operational",,,"Microsoft Corporation","wrk-colby.Ecorp.local",,,,"Task Scheduler COM API",,,,,,,,"Microsoft-Windows-Sysmon/Operational",7,"<Data Name='RuleName'>technique_id=T1053,technique_name=Scheduled Task</Data><Data Name='UtcTime'>2024-12-01 20:33:48.117</Data><Data Name='ProcessGuid'>{fc7e85d2-c82b-674c-3dd7-000000002400}</Data><Data Name='ProcessId'>3512</Data><Data Name='Image'>C:\Windows\System32\taskhostw.exe</Data><Data Name='ImageLoaded'>C:\Windows\System32\taskschd.dll</Data><Data Name='FileVersion'>10.0.19041.3636 (WinBuild.160101.0800)</Data><Data Name='Description'>Task Scheduler COM API</Data><Data Name='Product'>Microsoft® Windows® Operating System</Data><Data Name='Company'>Microsoft Corporation</Data><Data Name='OriginalFileName'>taskschd.dll</Data><Data Name='Hashes'>SHA1=633C92F5A5000CDE3235C7FDC306B2B04C501C48,MD5=84F942C1A4BD60C94EBEC6643E0216C9,SHA256=BBE733452E6CE871D5D2064948847AAB2A71F7FEDA2C962BA4002F64E2D198F2,IMPHASH=B7A4477FA36E2E5287EE76AC4AFCB05B</Data><Data Name='Signed'>true</Data><Data Name='Signature'>Microsoft Windows</Data><Data Name='SignatureStatus'>Valid</Data><Data Name='User'>ECORP\tcolby</Data>","Image loaded",7,240558,,"10.0.19041.3636 (WinBuild.160101.0800)",,,"'{5770385f-c22a-43e0-bf4c-06f5698ffbd9}'","SHA1=633C92F5A5000CDE3235C7FDC306B2B04C501C48,MD5=84F942C1A4BD60C94EBEC6643E0216C9,SHA256=BBE733452E6CE871D5D2064948847AAB2A71F7FEDA2C962BA4002F64E2D198F2,IMPHASH=B7A4477FA36E2E5287EE76AC4AFCB05B",B7A4477FA36E2E5287EE76AC4AFCB05B,"C:\Windows\System32\taskhostw.exe","C:\Windows\System32\taskschd.dll",,,,,0x8000000000000000,4,,,84F942C1A4BD60C94EBEC6643E0216C9,"'Microsoft-Windows-Sysmon'",0,"taskschd.dll",,,,,,,"{fc7e85d2-c82b-674c-3dd7-000000002400}","'3144'",3512,"Microsoft® Windows® Operating System",,,,,240558,240558,,"technique_id=T1053,technique_name=Scheduled Task",633C92F5A5000CDE3235C7FDC306B2B04C501C48,BBE733452E6CE871D5D2064948847AAB2A71F7FEDA2C962BA4002F64E2D198F2,"S-1-5-18","Microsoft Windows",Valid,true,,,,,,,,,,,,"'2024-12-01T20:33:48.1194298Z'","<Provider Name='Microsoft-Windows-Sysmon' Guid='{5770385f-c22a-43e0-bf4c-06f5698ffbd9}'/><EventID>7</EventID><Version>3</Version><Level>4</Level><Task>7</Task><Opcode>0</Opcode><Keywords>0x8000000000000000</Keywords><TimeCreated SystemTime='2024-12-01T20:33:48.1194298Z'/><EventRecordID>240558</EventRecordID><Correlation/><Execution ProcessID='3144' ThreadID='4456'/><Channel>Microsoft-Windows-Sysmon/Operational</Channel><Computer>wrk-colby.Ecorp.local</Computer><Security UserID='S-1-5-18'/>",,,,,,,7,,"'4456'","2024-12-01T20:33:48.1194298Z","ECORP\tcolby","'S-1-5-18'","2024-12-01 20:33:48.117",3,"<Event xmlns='http://schemas.microsoft.com/win/2004/08/events/event'><System><Provider Name='Microsoft-Windows-Sysmon' Guid='{5770385f-c22a-43e0-bf4c-06f5698ffbd9}'/><EventID>7</EventID><Version>3</Version><Level>4</Level><Task>7</Task><Opcode>0</Opcode><Keywords>0x8000000000000000</Keywords><TimeCreated SystemTime='2024-12-01T20:33:48.1194298Z'/><EventRecordID>240558</EventRecordID><Correlation/><Execution ProcessID='3144' ThreadID='4456'/><Channel>Microsoft-Windows-Sysmon/Operational</Channel><Computer>wrk-colby.Ecorp.local</Computer><Security UserID='S-1-5-18'/></System><EventData><Data Name='RuleName'>technique_id=T1053,technique_name=Scheduled Task</Data><Data Name='UtcTime'>2024-12-01 20:33:48.117</Data><Data Name='ProcessGuid'>{fc7e85d2-c82b-674c-3dd7-000000002400}</Data><Data Name='ProcessId'>3512</Data><Data Name='Image'>C:\Windows\System32\taskhostw.exe</Data><Data Name='ImageLoaded'>C:\Windows\System32\taskschd.dll</Data><Data Name='FileVersion'>10.0.19041.3636 (WinBuild.160101.0800)</Data><Data Name='Description'>Task Scheduler COM API</Data><Data Name='Product'>Microsoft® Windows® Operating System</Data><Data Name='Company'>Microsoft Corporation</Data><Data Name='OriginalFileName'>taskschd.dll</Data><Data Name='Hashes'>SHA1=633C92F5A5000CDE3235C7FDC306B2B04C501C48,MD5=84F942C1A4BD60C94EBEC6643E0216C9,SHA256=BBE733452E6CE871D5D2064948847AAB2A71F7FEDA2C962BA4002F64E2D198F2,IMPHASH=B7A4477FA36E2E5287EE76AC4AFCB05B</Data><Data Name='Signed'>true</Data><Data Name='Signature'>Microsoft Windows</Data><Data Name='SignatureStatus'>Valid</Data><Data Name='User'>ECORP\tcolby</Data></EventData></Event>","2024-12-01T15:33:48.117-0500",success,,,,,,,20,1,33,december,48,sunday,2024,0,,"wrk-colby.Ecorp.local",,,,,"wrk-colby.Ecorp.local",,"WRK-COLBY",240558,"endpoint_services_processes ms-sysmon-process windows_event_signature",,,,,,,,"WRK-COLBY",,,240558,main,1,"taskschd.dll","C:\Windows\System32\taskschd.dll",,,,,,"taskschd.dll","Microsoft Windows",,,,,,,,,,"taskhostw.exe","{fc7e85d2-c82b-674c-3dd7-000000002400}","SHA1=633C92F5A5000CDE3235C7FDC306B2B04C501C48,MD5=84F942C1A4BD60C94EBEC6643E0216C9,SHA256=BBE733452E6CE871D5D2064948847AAB2A71F7FEDA2C962BA4002F64E2D198F2,IMPHASH=B7A4477FA36E2E5287EE76AC4AFCB05B",3512,,"taskhostw.exe","C:\Windows\System32\taskhostw.exe",,,"<_='://../////'><><_='--'_='{----}'/><></><></><><",,,,,,,,,,,,,,,true,true,,,,,informational,4,"Image loaded",7,"XmlWinEventLog:Microsoft-Windows-Sysmon/Operational",XmlWinEventLog,"wrk-colby",,,,,,,,,,,,"process
report
track_event_signatures",,"process
report
track_event_signatures",712,689,,,,,,,tcolby,,"'S-1-5-18'",,"Microsoft Sysmon"
,,,"Microsoft-Windows-Sysmon/Operational",,,"Microsoft Corporation","wrk-colby.Ecorp.local",,,,"IOfficeAntiVirus Module",,,,,,,,"Microsoft-Windows-Sysmon/Operational",7,"<Data Name='RuleName'>technique_id=T1574.002,technique_name=DLL Side-Loading</Data><Data Name='UtcTime'>2024-12-01 20:32:29.737</Data><Data Name='ProcessGuid'>{fc7e85d2-c7a7-674c-d1d5-000000002400}</Data><Data Name='ProcessId'>516</Data><Data Name='Image'>C:\Windows\System32\svchost.exe</Data><Data Name='ImageLoaded'>C:\ProgramData\Microsoft\Windows Defender\Platform\4.18.24090.11-0\MpOAV.dll</Data><Data Name='FileVersion'>4.18.24090.11 (26d75470953920f90fd0438874501e9d9a31e621)</Data><Data Name='Description'>IOfficeAntiVirus Module</Data><Data Name='Product'>Microsoft® Windows® Operating System</Data><Data Name='Company'>Microsoft Corporation</Data><Data Name='OriginalFileName'>MpOAV.dll</Data><Data Name='Hashes'>SHA1=F2D73FFE3A240FF5F0B30FFE05EB72E52A28B912,MD5=53F017C0946F9B96A1C1A2E63BCB8CEC,SHA256=45D3B9A1B0D0FB10CEBFC970F4FDC822516AF88BBE0D310E00441432F191B0CB,IMPHASH=28D3DE166C9E9C46DC0EA2089E2AC74E</Data><Data Name='Signed'>true</Data><Data Name='Signature'>Microsoft Windows</Data><Data Name='SignatureStatus'>Valid</Data><Data Name='User'>NT AUTHORITY\SYSTEM</Data>","Image loaded",7,240557,,"4.18.24090.11 (26d75470953920f90fd0438874501e9d9a31e621)",,,"'{5770385f-c22a-43e0-bf4c-06f5698ffbd9}'","SHA1=F2D73FFE3A240FF5F0B30FFE05EB72E52A28B912,MD5=53F017C0946F9B96A1C1A2E63BCB8CEC,SHA256=45D3B9A1B0D0FB10CEBFC970F4FDC822516AF88BBE0D310E00441432F191B0CB,IMPHASH=28D3DE166C9E9C46DC0EA2089E2AC74E",28D3DE166C9E9C46DC0EA2089E2AC74E,"C:\Windows\System32\svchost.exe","C:\ProgramData\Microsoft\Windows Defender\Platform\4.18.24090.11-0\MpOAV.dll",,,,,0x8000000000000000,4,,,53F017C0946F9B96A1C1A2E63BCB8CEC,"'Microsoft-Windows-Sysmon'",0,"MpOAV.dll",,,,,,,"{fc7e85d2-c7a7-674c-d1d5-000000002400}","'3144'",516,"Microsoft® Windows® Operating System",,,,,240557,240557,,"technique_id=T1574.002,technique_name=DLL Side-Loading",F2D73FFE3A240FF5F0B30FFE05EB72E52A28B912,45D3B9A1B0D0FB10CEBFC970F4FDC822516AF88BBE0D310E00441432F191B0CB,"S-1-5-18","Microsoft Windows",Valid,true,,,,,,,,,,,,"'2024-12-01T20:32:29.7384318Z'","<Provider Name='Microsoft-Windows-Sysmon' Guid='{5770385f-c22a-43e0-bf4c-06f5698ffbd9}'/><EventID>7</EventID><Version>3</Version><Level>4</Level><Task>7</Task><Opcode>0</Opcode><Keywords>0x8000000000000000</Keywords><TimeCreated SystemTime='2024-12-01T20:32:29.7384318Z'/><EventRecordID>240557</EventRecordID><Correlation/><Execution ProcessID='3144' ThreadID='4456'/><Channel>Microsoft-Windows-Sysmon/Operational</Channel><Computer>wrk-colby.Ecorp.local</Computer><Security UserID='S-1-5-18'/>",,,,,,,7,,"'4456'","2024-12-01T20:32:29.7384318Z","NT AUTHORITY\SYSTEM","'S-1-5-18'","2024-12-01 20:32:29.737",3,"<Event xmlns='http://schemas.microsoft.com/win/2004/08/events/event'><System><Provider Name='Microsoft-Windows-Sysmon' Guid='{5770385f-c22a-43e0-bf4c-06f5698ffbd9}'/><EventID>7</EventID><Version>3</Version><Level>4</Level><Task>7</Task><Opcode>0</Opcode><Keywords>0x8000000000000000</Keywords><TimeCreated SystemTime='2024-12-01T20:32:29.7384318Z'/><EventRecordID>240557</EventRecordID><Correlation/><Execution ProcessID='3144' ThreadID='4456'/><Channel>Microsoft-Windows-Sysmon/Operational</Channel><Computer>wrk-colby.Ecorp.local</Computer><Security UserID='S-1-5-18'/></System><EventData><Data Name='RuleName'>technique_id=T1574.002,technique_name=DLL Side-Loading</Data><Data Name='UtcTime'>2024-12-01 20:32:29.737</Data><Data Name='ProcessGuid'>{fc7e85d2-c7a7-674c-d1d5-000000002400}</Data><Data Name='ProcessId'>516</Data><Data Name='Image'>C:\Windows\System32\svchost.exe</Data><Data Name='ImageLoaded'>C:\ProgramData\Microsoft\Windows Defender\Platform\4.18.24090.11-0\MpOAV.dll</Data><Data Name='FileVersion'>4.18.24090.11 (26d75470953920f90fd0438874501e9d9a31e621)</Data><Data Name='Description'>IOfficeAntiVirus Module</Data><Data Name='Product'>Microsoft® Windows® Operating System</Data><Data Name='Company'>Microsoft Corporation</Data><Data Name='OriginalFileName'>MpOAV.dll</Data><Data Name='Hashes'>SHA1=F2D73FFE3A240FF5F0B30FFE05EB72E52A28B912,MD5=53F017C0946F9B96A1C1A2E63BCB8CEC,SHA256=45D3B9A1B0D0FB10CEBFC970F4FDC822516AF88BBE0D310E00441432F191B0CB,IMPHASH=28D3DE166C9E9C46DC0EA2089E2AC74E</Data><Data Name='Signed'>true</Data><Data Name='Signature'>Microsoft Windows</Data><Data Name='SignatureStatus'>Valid</Data><Data Name='User'>NT AUTHORITY\SYSTEM</Data></EventData></Event>","2024-12-01T15:32:29.737-0500",success,,,,,,,20,1,32,december,29,sunday,2024,0,,"wrk-colby.Ecorp.local",,,,,"wrk-colby.Ecorp.local",,"WRK-COLBY",240557,"endpoint_services_processes ms-sysmon-process windows_event_signature",,,,,,,,"WRK-COLBY",,,240557,main,1,"MpOAV.dll","C:\ProgramData\Microsoft\Windows Defender\Platform\4.18.24090.11-0\MpOAV.dll",,,,,,"MpOAV.dll","Microsoft Windows",,,,,,,,,,"svchost.exe","{fc7e85d2-c7a7-674c-d1d5-000000002400}","SHA1=F2D73FFE3A240FF5F0B30FFE05EB72E52A28B912,MD5=53F017C0946F9B96A1C1A2E63BCB8CEC,SHA256=45D3B9A1B0D0FB10CEBFC970F4FDC822516AF88BBE0D310E00441432F191B0CB,IMPHASH=28D3DE166C9E9C46DC0EA2089E2AC74E",516,,"svchost.exe","C:\Windows\System32\svchost.exe",,,"<_='://../////'><><_='--'_='{----}'/><></><></><><",,,,,,,,,,,,,,,true,true,,,,,informational,4,"Image loaded",7,"XmlWinEventLog:Microsoft-Windows-Sysmon/Operational",XmlWinEventLog,"wrk-colby",,,,,,,,,,,,"process
report
track_event_signatures",,"process
report
track_event_signatures",718,695,,,,,,,SYSTEM,,"'S-1-5-18'",,"Microsoft Sysmon"
,,,"Microsoft-Windows-Sysmon/Operational",,,"Microsoft Corporation","wrk-colby.Ecorp.local",,,,"Anti-Malware Scan Interface",,,,,,,,"Microsoft-Windows-Sysmon/Operational",7,"<Data Name='RuleName'>technique_id=T1059.001,technique_name=PowerShell</Data><Data Name='UtcTime'>2024-12-01 20:32:29.736</Data><Data Name='ProcessGuid'>{fc7e85d2-c7a7-674c-d1d5-000000002400}</Data><Data Name='ProcessId'>516</Data><Data Name='Image'>C:\Windows\System32\svchost.exe</Data><Data Name='ImageLoaded'>C:\Windows\System32\amsi.dll</Data><Data Name='FileVersion'>10.0.19041.4355 (WinBuild.160101.0800)</Data><Data Name='Description'>Anti-Malware Scan Interface</Data><Data Name='Product'>Microsoft® Windows® Operating System</Data><Data Name='Company'>Microsoft Corporation</Data><Data Name='OriginalFileName'>amsi.dll</Data><Data Name='Hashes'>SHA1=347368018E1DAAF4F52C9A4119526313A82ECEEC,MD5=4933108BD5B3219F74AD807DFE8835AD,SHA256=66F7A134F6A4D9FE63DD7D6FF88DDED5796E4D5C7E33BA606DFF4D87D9258C0D,IMPHASH=C414C6B76EBCEEF67B5B752A7E51D4D2</Data><Data Name='Signed'>true</Data><Data Name='Signature'>Microsoft Windows</Data><Data Name='SignatureStatus'>Valid</Data><Data Name='User'>NT AUTHORITY\SYSTEM</Data>","Image loaded",7,240556,,"10.0.19041.4355 (WinBuild.160101.0800)",,,"'{5770385f-c22a-43e0-bf4c-06f5698ffbd9}'","SHA1=347368018E1DAAF4F52C9A4119526313A82ECEEC,MD5=4933108BD5B3219F74AD807DFE8835AD,SHA256=66F7A134F6A4D9FE63DD7D6FF88DDED5796E4D5C7E33BA606DFF4D87D9258C0D,IMPHASH=C414C6B76EBCEEF67B5B752A7E51D4D2",C414C6B76EBCEEF67B5B752A7E51D4D2,"C:\Windows\System32\svchost.exe","C:\Windows\System32\amsi.dll",,,,,0x8000000000000000,4,,,4933108BD5B3219F74AD807DFE8835AD,"'Microsoft-Windows-Sysmon'",0,"amsi.dll",,,,,,,"{fc7e85d2-c7a7-674c-d1d5-000000002400}","'3144'",516,"Microsoft® Windows® Operating System",,,,,240556,240556,,"technique_id=T1059.001,technique_name=PowerShell",347368018E1DAAF4F52C9A4119526313A82ECEEC,66F7A134F6A4D9FE63DD7D6FF88DDED5796E4D5C7E33BA606DFF4D87D9258C0D,"S-1-5-18","Microsoft Windows",Valid,true,,,,,,,,,,,,"'2024-12-01T20:32:29.7362266Z'","<Provider Name='Microsoft-Windows-Sysmon' Guid='{5770385f-c22a-43e0-bf4c-06f5698ffbd9}'/><EventID>7</EventID><Version>3</Version><Level>4</Level><Task>7</Task><Opcode>0</Opcode><Keywords>0x8000000000000000</Keywords><TimeCreated SystemTime='2024-12-01T20:32:29.7362266Z'/><EventRecordID>240556</EventRecordID><Correlation/><Execution ProcessID='3144' ThreadID='4456'/><Channel>Microsoft-Windows-Sysmon/Operational</Channel><Computer>wrk-colby.Ecorp.local</Computer><Security UserID='S-1-5-18'/>",,,,,,,7,,"'4456'","2024-12-01T20:32:29.7362266Z","NT AUTHORITY\SYSTEM","'S-1-5-18'","2024-12-01 20:32:29.736",3,"<Event xmlns='http://schemas.microsoft.com/win/2004/08/events/event'><System><Provider Name='Microsoft-Windows-Sysmon' Guid='{5770385f-c22a-43e0-bf4c-06f5698ffbd9}'/><EventID>7</EventID><Version>3</Version><Level>4</Level><Task>7</Task><Opcode>0</Opcode><Keywords>0x8000000000000000</Keywords><TimeCreated SystemTime='2024-12-01T20:32:29.7362266Z'/><EventRecordID>240556</EventRecordID><Correlation/><Execution ProcessID='3144' ThreadID='4456'/><Channel>Microsoft-Windows-Sysmon/Operational</Channel><Computer>wrk-colby.Ecorp.local</Computer><Security UserID='S-1-5-18'/></System><EventData><Data Name='RuleName'>technique_id=T1059.001,technique_name=PowerShell</Data><Data Name='UtcTime'>2024-12-01 20:32:29.736</Data><Data Name='ProcessGuid'>{fc7e85d2-c7a7-674c-d1d5-000000002400}</Data><Data Name='ProcessId'>516</Data><Data Name='Image'>C:\Windows\System32\svchost.exe</Data><Data Name='ImageLoaded'>C:\Windows\System32\amsi.dll</Data><Data Name='FileVersion'>10.0.19041.4355 (WinBuild.160101.0800)</Data><Data Name='Description'>Anti-Malware Scan Interface</Data><Data Name='Product'>Microsoft® Windows® Operating System</Data><Data Name='Company'>Microsoft Corporation</Data><Data Name='OriginalFileName'>amsi.dll</Data><Data Name='Hashes'>SHA1=347368018E1DAAF4F52C9A4119526313A82ECEEC,MD5=4933108BD5B3219F74AD807DFE8835AD,SHA256=66F7A134F6A4D9FE63DD7D6FF88DDED5796E4D5C7E33BA606DFF4D87D9258C0D,IMPHASH=C414C6B76EBCEEF67B5B752A7E51D4D2</Data><Data Name='Signed'>true</Data><Data Name='Signature'>Microsoft Windows</Data><Data Name='SignatureStatus'>Valid</Data><Data Name='User'>NT AUTHORITY\SYSTEM</Data></EventData></Event>","2024-12-01T15:32:29.736-0500",success,,,,,,,20,1,32,december,29,sunday,2024,0,,"wrk-colby.Ecorp.local",,,,,"wrk-colby.Ecorp.local",,"WRK-COLBY",240556,"endpoint_services_processes ms-sysmon-process windows_event_signature",,,,,,,,"WRK-COLBY",,,240556,main,1,"amsi.dll","C:\Windows\System32\amsi.dll",,,,,,"amsi.dll","Microsoft Windows",,,,,,,,,,"svchost.exe","{fc7e85d2-c7a7-674c-d1d5-000000002400}","SHA1=347368018E1DAAF4F52C9A4119526313A82ECEEC,MD5=4933108BD5B3219F74AD807DFE8835AD,SHA256=66F7A134F6A4D9FE63DD7D6FF88DDED5796E4D5C7E33BA606DFF4D87D9258C0D,IMPHASH=C414C6B76EBCEEF67B5B752A7E51D4D2",516,,"svchost.exe","C:\Windows\System32\svchost.exe",,,"<_='://../////'><><_='--'_='{----}'/><></><></><><",,,,,,,,,,,,,,,true,true,,,,,informational,4,"Image loaded",7,"XmlWinEventLog:Microsoft-Windows-Sysmon/Operational",XmlWinEventLog,"wrk-colby",,,,,,,,,,,,"process
report
track_event_signatures",,"process
report
track_event_signatures",712,689,,,,,,,SYSTEM,,"'S-1-5-18'",,"Microsoft Sysmon"
,,,"Microsoft-Windows-Sysmon/Operational",,,"Microsoft Corporation","wrk-colby.Ecorp.local",,,,"Task Scheduler COM API",,,,,,,,"Microsoft-Windows-Sysmon/Operational",7,"<Data Name='RuleName'>technique_id=T1053,technique_name=Scheduled Task</Data><Data Name='UtcTime'>2024-12-01 20:32:29.725</Data><Data Name='ProcessGuid'>{fc7e85d2-c7a7-674c-d1d5-000000002400}</Data><Data Name='ProcessId'>516</Data><Data Name='Image'>C:\Windows\System32\svchost.exe</Data><Data Name='ImageLoaded'>C:\Windows\System32\taskschd.dll</Data><Data Name='FileVersion'>10.0.19041.3636 (WinBuild.160101.0800)</Data><Data Name='Description'>Task Scheduler COM API</Data><Data Name='Product'>Microsoft® Windows® Operating System</Data><Data Name='Company'>Microsoft Corporation</Data><Data Name='OriginalFileName'>taskschd.dll</Data><Data Name='Hashes'>SHA1=633C92F5A5000CDE3235C7FDC306B2B04C501C48,MD5=84F942C1A4BD60C94EBEC6643E0216C9,SHA256=BBE733452E6CE871D5D2064948847AAB2A71F7FEDA2C962BA4002F64E2D198F2,IMPHASH=B7A4477FA36E2E5287EE76AC4AFCB05B</Data><Data Name='Signed'>true</Data><Data Name='Signature'>Microsoft Windows</Data><Data Name='SignatureStatus'>Valid</Data><Data Name='User'>NT AUTHORITY\SYSTEM</Data>","Image loaded",7,240555,,"10.0.19041.3636 (WinBuild.160101.0800)",,,"'{5770385f-c22a-43e0-bf4c-06f5698ffbd9}'","SHA1=633C92F5A5000CDE3235C7FDC306B2B04C501C48,MD5=84F942C1A4BD60C94EBEC6643E0216C9,SHA256=BBE733452E6CE871D5D2064948847AAB2A71F7FEDA2C962BA4002F64E2D198F2,IMPHASH=B7A4477FA36E2E5287EE76AC4AFCB05B",B7A4477FA36E2E5287EE76AC4AFCB05B,"C:\Windows\System32\svchost.exe","C:\Windows\System32\taskschd.dll",,,,,0x8000000000000000,4,,,84F942C1A4BD60C94EBEC6643E0216C9,"'Microsoft-Windows-Sysmon'",0,"taskschd.dll",,,,,,,"{fc7e85d2-c7a7-674c-d1d5-000000002400}","'3144'",516,"Microsoft® Windows® Operating System",,,,,240555,240555,,"technique_id=T1053,technique_name=Scheduled Task",633C92F5A5000CDE3235C7FDC306B2B04C501C48,BBE733452E6CE871D5D2064948847AAB2A71F7FEDA2C962BA4002F64E2D198F2,"S-1-5-18","Microsoft Windows",Valid,true,,,,,,,,,,,,"'2024-12-01T20:32:29.7256592Z'","<Provider Name='Microsoft-Windows-Sysmon' Guid='{5770385f-c22a-43e0-bf4c-06f5698ffbd9}'/><EventID>7</EventID><Version>3</Version><Level>4</Level><Task>7</Task><Opcode>0</Opcode><Keywords>0x8000000000000000</Keywords><TimeCreated SystemTime='2024-12-01T20:32:29.7256592Z'/><EventRecordID>240555</EventRecordID><Correlation/><Execution ProcessID='3144' ThreadID='4456'/><Channel>Microsoft-Windows-Sysmon/Operational</Channel><Computer>wrk-colby.Ecorp.local</Computer><Security UserID='S-1-5-18'/>",,,,,,,7,,"'4456'","2024-12-01T20:32:29.7256592Z","NT AUTHORITY\SYSTEM","'S-1-5-18'","2024-12-01 20:32:29.725",3,"<Event xmlns='http://schemas.microsoft.com/win/2004/08/events/event'><System><Provider Name='Microsoft-Windows-Sysmon' Guid='{5770385f-c22a-43e0-bf4c-06f5698ffbd9}'/><EventID>7</EventID><Version>3</Version><Level>4</Level><Task>7</Task><Opcode>0</Opcode><Keywords>0x8000000000000000</Keywords><TimeCreated SystemTime='2024-12-01T20:32:29.7256592Z'/><EventRecordID>240555</EventRecordID><Correlation/><Execution ProcessID='3144' ThreadID='4456'/><Channel>Microsoft-Windows-Sysmon/Operational</Channel><Computer>wrk-colby.Ecorp.local</Computer><Security UserID='S-1-5-18'/></System><EventData><Data Name='RuleName'>technique_id=T1053,technique_name=Scheduled Task</Data><Data Name='UtcTime'>2024-12-01 20:32:29.725</Data><Data Name='ProcessGuid'>{fc7e85d2-c7a7-674c-d1d5-000000002400}</Data><Data Name='ProcessId'>516</Data><Data Name='Image'>C:\Windows\System32\svchost.exe</Data><Data Name='ImageLoaded'>C:\Windows\System32\taskschd.dll</Data><Data Name='FileVersion'>10.0.19041.3636 (WinBuild.160101.0800)</Data><Data Name='Description'>Task Scheduler COM API</Data><Data Name='Product'>Microsoft® Windows® Operating System</Data><Data Name='Company'>Microsoft Corporation</Data><Data Name='OriginalFileName'>taskschd.dll</Data><Data Name='Hashes'>SHA1=633C92F5A5000CDE3235C7FDC306B2B04C501C48,MD5=84F942C1A4BD60C94EBEC6643E0216C9,SHA256=BBE733452E6CE871D5D2064948847AAB2A71F7FEDA2C962BA4002F64E2D198F2,IMPHASH=B7A4477FA36E2E5287EE76AC4AFCB05B</Data><Data Name='Signed'>true</Data><Data Name='Signature'>Microsoft Windows</Data><Data Name='SignatureStatus'>Valid</Data><Data Name='User'>NT AUTHORITY\SYSTEM</Data></EventData></Event>","2024-12-01T15:32:29.725-0500",success,,,,,,,20,1,32,december,29,sunday,2024,0,,"wrk-colby.Ecorp.local",,,,,"wrk-colby.Ecorp.local",,"WRK-COLBY",240555,"endpoint_services_processes ms-sysmon-process windows_event_signature",,,,,,,,"WRK-COLBY",,,240555,main,1,"taskschd.dll","C:\Windows\System32\taskschd.dll",,,,,,"taskschd.dll","Microsoft Windows",,,,,,,,,,"svchost.exe","{fc7e85d2-c7a7-674c-d1d5-000000002400}","SHA1=633C92F5A5000CDE3235C7FDC306B2B04C501C48,MD5=84F942C1A4BD60C94EBEC6643E0216C9,SHA256=BBE733452E6CE871D5D2064948847AAB2A71F7FEDA2C962BA4002F64E2D198F2,IMPHASH=B7A4477FA36E2E5287EE76AC4AFCB05B",516,,"svchost.exe","C:\Windows\System32\svchost.exe",,,"<_='://../////'><><_='--'_='{----}'/><></><></><><",,,,,,,,,,,,,,,true,true,,,,,informational,4,"Image loaded",7,"XmlWinEventLog:Microsoft-Windows-Sysmon/Operational",XmlWinEventLog,"wrk-colby",,,,,,,,,,,,"process
report
track_event_signatures",,"process
report
track_event_signatures",712,689,,,,,,,SYSTEM,,"'S-1-5-18'",,"Microsoft Sysmon"
,,,"Microsoft-Windows-Sysmon/Operational",,,,"wrk-colby.Ecorp.local",,,,,,,,,,,,"Microsoft-Windows-Sysmon/Operational",22,"<Data Name='RuleName'>-</Data><Data Name='UtcTime'>2024-12-01 20:32:28.506</Data><Data Name='ProcessGuid'>{fc7e85d2-c7a7-674c-d1d5-000000002400}</Data><Data Name='ProcessId'>516</Data><Data Name='QueryName'>Ecorp-DC.Ecorp.local</Data><Data Name='QueryStatus'>0</Data><Data Name='QueryResults'>::ffff:10.6.6.3;</Data><Data Name='Image'>C:\Windows\System32\svchost.exe</Data><Data Name='User'>NT AUTHORITY\SYSTEM</Data>","DNSEvent (DNS query)",22,240554,,,,,"'{5770385f-c22a-43e0-bf4c-06f5698ffbd9}'",,,"C:\Windows\System32\svchost.exe",,,,,,0x8000000000000000,4,,,,"'Microsoft-Windows-Sysmon'",0,,,,,,,,"{fc7e85d2-c7a7-674c-d1d5-000000002400}","'3144'",516,,,"Ecorp-DC.Ecorp.local","::ffff:10.6.6.3;",0,240554,240554,,"-",,,"S-1-5-18",,,,,,,,,,,,,,,"'2024-12-01T20:32:29.6486198Z'","<Provider Name='Microsoft-Windows-Sysmon' Guid='{5770385f-c22a-43e0-bf4c-06f5698ffbd9}'/><EventID>22</EventID><Version>5</Version><Level>4</Level><Task>22</Task><Opcode>0</Opcode><Keywords>0x8000000000000000</Keywords><TimeCreated SystemTime='2024-12-01T20:32:29.6486198Z'/><EventRecordID>240554</EventRecordID><Correlation/><Execution ProcessID='3144' ThreadID='4476'/><Channel>Microsoft-Windows-Sysmon/Operational</Channel><Computer>wrk-colby.Ecorp.local</Computer><Security UserID='S-1-5-18'/>",,,,,,,22,,"'4476'","2024-12-01T20:32:29.6486198Z","NT AUTHORITY\SYSTEM","'S-1-5-18'","2024-12-01 20:32:28.506",5,"<Event xmlns='http://schemas.microsoft.com/win/2004/08/events/event'><System><Provider Name='Microsoft-Windows-Sysmon' Guid='{5770385f-c22a-43e0-bf4c-06f5698ffbd9}'/><EventID>22</EventID><Version>5</Version><Level>4</Level><Task>22</Task><Opcode>0</Opcode><Keywords>0x8000000000000000</Keywords><TimeCreated SystemTime='2024-12-01T20:32:29.6486198Z'/><EventRecordID>240554</EventRecordID><Correlation/><Execution ProcessID='3144' ThreadID='4476'/><Channel>Microsoft-Windows-Sysmon/Operational</Channel><Computer>wrk-colby.Ecorp.local</Computer><Security UserID='S-1-5-18'/></System><EventData><Data Name='RuleName'>-</Data><Data Name='UtcTime'>2024-12-01 20:32:28.506</Data><Data Name='ProcessGuid'>{fc7e85d2-c7a7-674c-d1d5-000000002400}</Data><Data Name='ProcessId'>516</Data><Data Name='QueryName'>Ecorp-DC.Ecorp.local</Data><Data Name='QueryStatus'>0</Data><Data Name='QueryResults'>::ffff:10.6.6.3;</Data><Data Name='Image'>C:\Windows\System32\svchost.exe</Data><Data Name='User'>NT AUTHORITY\SYSTEM</Data></EventData></Event>","2024-12-01T15:32:28.506-0500",,"::ffff:10.6.6.3",1,,,,,20,1,32,december,28,sunday,2024,0,,,,,,,"wrk-colby.Ecorp.local",,"WRK-COLBY",240554,"endpoint_services_processes ms-sysmon-dns windows_event_signature",,,,,,,,"WRK-COLBY",,,240554,main,1,,,,,,,,,,,,,,,,,,,"svchost.exe","{fc7e85d2-c7a7-674c-d1d5-000000002400}",,,,"svchost.exe",,,,"<_='://../////'><><_='--'_='{----}'/><></><></><><","Ecorp-DC.Ecorp.local",1,,,,,,,,,0,,,,,,,,,,informational,4,"DNSEvent (DNS query)",22,"XmlWinEventLog:Microsoft-Windows-Sysmon/Operational",XmlWinEventLog,"wrk-colby",,"wrk-colby.Ecorp.local",,,,,,,,,,"dns
network
resolution
track_event_signatures",,"dns
network
resolution
track_event_signatures",667,644,,,,,,,SYSTEM,,"'S-1-5-18'",,"Microsoft Sysmon"
,,,"Microsoft-Windows-Sysmon/Operational",,,,"wrk-colby.Ecorp.local",,,,,,,,,,,,"Microsoft-Windows-Sysmon/Operational",22,"<Data Name='RuleName'>-</Data><Data Name='UtcTime'>2024-12-01 20:32:28.184</Data><Data Name='ProcessGuid'>{fc7e85d2-c7a7-674c-d1d5-000000002400}</Data><Data Name='ProcessId'>516</Data><Data Name='QueryName'>Ecorp-DC.Ecorp.local</Data><Data Name='QueryStatus'>0</Data><Data Name='QueryResults'>::ffff:10.6.6.3;</Data><Data Name='Image'>C:\Windows\system32\svchost.exe</Data><Data Name='User'>NT AUTHORITY\SYSTEM</Data>","DNSEvent (DNS query)",22,240553,,,,,"'{5770385f-c22a-43e0-bf4c-06f5698ffbd9}'",,,"C:\Windows\system32\svchost.exe",,,,,,0x8000000000000000,4,,,,"'Microsoft-Windows-Sysmon'",0,,,,,,,,"{fc7e85d2-c7a7-674c-d1d5-000000002400}","'3144'",516,,,"Ecorp-DC.Ecorp.local","::ffff:10.6.6.3;",0,240553,240553,,"-",,,"S-1-5-18",,,,,,,,,,,,,,,"'2024-12-01T20:32:29.6485771Z'","<Provider Name='Microsoft-Windows-Sysmon' Guid='{5770385f-c22a-43e0-bf4c-06f5698ffbd9}'/><EventID>22</EventID><Version>5</Version><Level>4</Level><Task>22</Task><Opcode>0</Opcode><Keywords>0x8000000000000000</Keywords><TimeCreated SystemTime='2024-12-01T20:32:29.6485771Z'/><EventRecordID>240553</EventRecordID><Correlation/><Execution ProcessID='3144' ThreadID='4476'/><Channel>Microsoft-Windows-Sysmon/Operational</Channel><Computer>wrk-colby.Ecorp.local</Computer><Security UserID='S-1-5-18'/>",,,,,,,22,,"'4476'","2024-12-01T20:32:29.6485771Z","NT AUTHORITY\SYSTEM","'S-1-5-18'","2024-12-01 20:32:28.184",5,"<Event xmlns='http://schemas.microsoft.com/win/2004/08/events/event'><System><Provider Name='Microsoft-Windows-Sysmon' Guid='{5770385f-c22a-43e0-bf4c-06f5698ffbd9}'/><EventID>22</EventID><Version>5</Version><Level>4</Level><Task>22</Task><Opcode>0</Opcode><Keywords>0x8000000000000000</Keywords><TimeCreated SystemTime='2024-12-01T20:32:29.6485771Z'/><EventRecordID>240553</EventRecordID><Correlation/><Execution ProcessID='3144' ThreadID='4476'/><Channel>Microsoft-Windows-Sysmon/Operational</Channel><Computer>wrk-colby.Ecorp.local</Computer><Security UserID='S-1-5-18'/></System><EventData><Data Name='RuleName'>-</Data><Data Name='UtcTime'>2024-12-01 20:32:28.184</Data><Data Name='ProcessGuid'>{fc7e85d2-c7a7-674c-d1d5-000000002400}</Data><Data Name='ProcessId'>516</Data><Data Name='QueryName'>Ecorp-DC.Ecorp.local</Data><Data Name='QueryStatus'>0</Data><Data Name='QueryResults'>::ffff:10.6.6.3;</Data><Data Name='Image'>C:\Windows\system32\svchost.exe</Data><Data Name='User'>NT AUTHORITY\SYSTEM</Data></EventData></Event>","2024-12-01T15:32:28.184-0500",,"::ffff:10.6.6.3",1,,,,,20,1,32,december,28,sunday,2024,0,,,,,,,"wrk-colby.Ecorp.local",,"WRK-COLBY",240553,"endpoint_services_processes ms-sysmon-dns windows_event_signature",,,,,,,,"WRK-COLBY",,,240553,main,1,,,,,,,,,,,,,,,,,,,"svchost.exe","{fc7e85d2-c7a7-674c-d1d5-000000002400}",,,,"svchost.exe",,,,"<_='://../////'><><_='--'_='{----}'/><></><></><><","Ecorp-DC.Ecorp.local",1,,,,,,,,,0,,,,,,,,,,informational,4,"DNSEvent (DNS query)",22,"XmlWinEventLog:Microsoft-Windows-Sysmon/Operational",XmlWinEventLog,"wrk-colby",,"wrk-colby.Ecorp.local",,,,,,,,,,"dns
network
resolution
track_event_signatures",,"dns
network
resolution
track_event_signatures",667,644,,,,,,,SYSTEM,,"'S-1-5-18'",,"Microsoft Sysmon"
,,,"Microsoft-Windows-Sysmon/Operational",,,"Microsoft Corporation","wrk-colby.Ecorp.local",,,,"Task Scheduler COM API",,,,,,,,"Microsoft-Windows-Sysmon/Operational",7,"<Data Name='RuleName'>technique_id=T1053,technique_name=Scheduled Task</Data><Data Name='UtcTime'>2024-12-01 20:29:26.491</Data><Data Name='ProcessGuid'>{fc7e85d2-c724-674c-53d4-000000002400}</Data><Data Name='ProcessId'>8864</Data><Data Name='Image'>C:\Program Files (x86)\Microsoft\EdgeUpdate\MicrosoftEdgeUpdate.exe</Data><Data Name='ImageLoaded'>C:\Windows\SysWOW64\taskschd.dll</Data><Data Name='FileVersion'>10.0.19041.3636 (WinBuild.160101.0800)</Data><Data Name='Description'>Task Scheduler COM API</Data><Data Name='Product'>Microsoft® Windows® Operating System</Data><Data Name='Company'>Microsoft Corporation</Data><Data Name='OriginalFileName'>taskschd.dll</Data><Data Name='Hashes'>SHA1=C94CEC3A6F102EF38EB1D913D61A03B2100983FE,MD5=FF11E73B7D8A3A0822E95DD68DA10B13,SHA256=0F15534DC00A65E980CAA2E11F5D5251518D528F2F28165E9881B598BF64BDD1,IMPHASH=59BF7D0FAD0B5B7F706EA9250167BD5B</Data><Data Name='Signed'>true</Data><Data Name='Signature'>Microsoft Windows</Data><Data Name='SignatureStatus'>Valid</Data><Data Name='User'>NT AUTHORITY\SYSTEM</Data>","Image loaded",7,240552,,"10.0.19041.3636 (WinBuild.160101.0800)",,,"'{5770385f-c22a-43e0-bf4c-06f5698ffbd9}'","SHA1=C94CEC3A6F102EF38EB1D913D61A03B2100983FE,MD5=FF11E73B7D8A3A0822E95DD68DA10B13,SHA256=0F15534DC00A65E980CAA2E11F5D5251518D528F2F28165E9881B598BF64BDD1,IMPHASH=59BF7D0FAD0B5B7F706EA9250167BD5B",59BF7D0FAD0B5B7F706EA9250167BD5B,"C:\Program Files (x86)\Microsoft\EdgeUpdate\MicrosoftEdgeUpdate.exe","C:\Windows\SysWOW64\taskschd.dll",,,,,0x8000000000000000,4,,,FF11E73B7D8A3A0822E95DD68DA10B13,"'Microsoft-Windows-Sysmon'",0,"taskschd.dll",,,,,,,"{fc7e85d2-c724-674c-53d4-000000002400}","'3144'",8864,"Microsoft® Windows® Operating System",,,,,240552,240552,,"technique_id=T1053,technique_name=Scheduled Task",C94CEC3A6F102EF38EB1D913D61A03B2100983FE,0F15534DC00A65E980CAA2E11F5D5251518D528F2F28165E9881B598BF64BDD1,"S-1-5-18","Microsoft Windows",Valid,true,,,,,,,,,,,,"'2024-12-01T20:29:26.4930104Z'","<Provider Name='Microsoft-Windows-Sysmon' Guid='{5770385f-c22a-43e0-bf4c-06f5698ffbd9}'/><EventID>7</EventID><Version>3</Version><Level>4</Level><Task>7</Task><Opcode>0</Opcode><Keywords>0x8000000000000000</Keywords><TimeCreated SystemTime='2024-12-01T20:29:26.4930104Z'/><EventRecordID>240552</EventRecordID><Correlation/><Execution ProcessID='3144' ThreadID='4456'/><Channel>Microsoft-Windows-Sysmon/Operational</Channel><Computer>wrk-colby.Ecorp.local</Computer><Security UserID='S-1-5-18'/>",,,,,,,7,,"'4456'","2024-12-01T20:29:26.4930104Z","NT AUTHORITY\SYSTEM","'S-1-5-18'","2024-12-01 20:29:26.491",3,"<Event xmlns='http://schemas.microsoft.com/win/2004/08/events/event'><System><Provider Name='Microsoft-Windows-Sysmon' Guid='{5770385f-c22a-43e0-bf4c-06f5698ffbd9}'/><EventID>7</EventID><Version>3</Version><Level>4</Level><Task>7</Task><Opcode>0</Opcode><Keywords>0x8000000000000000</Keywords><TimeCreated SystemTime='2024-12-01T20:29:26.4930104Z'/><EventRecordID>240552</EventRecordID><Correlation/><Execution ProcessID='3144' ThreadID='4456'/><Channel>Microsoft-Windows-Sysmon/Operational</Channel><Computer>wrk-colby.Ecorp.local</Computer><Security UserID='S-1-5-18'/></System><EventData><Data Name='RuleName'>technique_id=T1053,technique_name=Scheduled Task</Data><Data Name='UtcTime'>2024-12-01 20:29:26.491</Data><Data Name='ProcessGuid'>{fc7e85d2-c724-674c-53d4-000000002400}</Data><Data Name='ProcessId'>8864</Data><Data Name='Image'>C:\Program Files (x86)\Microsoft\EdgeUpdate\MicrosoftEdgeUpdate.exe</Data><Data Name='ImageLoaded'>C:\Windows\SysWOW64\taskschd.dll</Data><Data Name='FileVersion'>10.0.19041.3636 (WinBuild.160101.0800)</Data><Data Name='Description'>Task Scheduler COM API</Data><Data Name='Product'>Microsoft® Windows® Operating System</Data><Data Name='Company'>Microsoft Corporation</Data><Data Name='OriginalFileName'>taskschd.dll</Data><Data Name='Hashes'>SHA1=C94CEC3A6F102EF38EB1D913D61A03B2100983FE,MD5=FF11E73B7D8A3A0822E95DD68DA10B13,SHA256=0F15534DC00A65E980CAA2E11F5D5251518D528F2F28165E9881B598BF64BDD1,IMPHASH=59BF7D0FAD0B5B7F706EA9250167BD5B</Data><Data Name='Signed'>true</Data><Data Name='Signature'>Microsoft Windows</Data><Data Name='SignatureStatus'>Valid</Data><Data Name='User'>NT AUTHORITY\SYSTEM</Data></EventData></Event>","2024-12-01T15:29:26.491-0500",success,,,,,,,20,1,29,december,26,sunday,2024,0,,"wrk-colby.Ecorp.local",,,,,"wrk-colby.Ecorp.local",,"WRK-COLBY",240552,"endpoint_services_processes ms-sysmon-process windows_event_signature",,,,,,,,"WRK-COLBY",,,240552,main,1,"taskschd.dll","C:\Windows\SysWOW64\taskschd.dll",,,,,,"taskschd.dll","Microsoft Windows",,,,,,,,,,"MicrosoftEdgeUpdate.exe","{fc7e85d2-c724-674c-53d4-000000002400}","SHA1=C94CEC3A6F102EF38EB1D913D61A03B2100983FE,MD5=FF11E73B7D8A3A0822E95DD68DA10B13,SHA256=0F15534DC00A65E980CAA2E11F5D5251518D528F2F28165E9881B598BF64BDD1,IMPHASH=59BF7D0FAD0B5B7F706EA9250167BD5B",8864,,"MicrosoftEdgeUpdate.exe","C:\Program Files (x86)\Microsoft\EdgeUpdate\MicrosoftEdgeUpdate.exe",,,"<_='://../////'><><_='--'_='{----}'/><></><></><><",,,,,,,,,,,,,,,true,true,,,,,informational,4,"Image loaded",7,"XmlWinEventLog:Microsoft-Windows-Sysmon/Operational",XmlWinEventLog,"wrk-colby",,,,,,,,,,,,"process
report
track_event_signatures",,"process
report
track_event_signatures",712,689,,,,,,,SYSTEM,,"'S-1-5-18'",,"Microsoft Sysmon"
,,,"Microsoft-Windows-Sysmon/Operational",,,,"wrk-colby.Ecorp.local",,,,,,,,,,,"Binary Data","Microsoft-Windows-Sysmon/Operational",13,"<Data Name='RuleName'>-</Data><Data Name='EventType'>SetValue</Data><Data Name='UtcTime'>2024-12-01 20:25:56.462</Data><Data Name='ProcessGuid'>{fc7e85d2-c654-674c-1bd2-000000002400}</Data><Data Name='ProcessId'>4972</Data><Data Name='Image'>C:\Windows\system32\rundll32.exe</Data><Data Name='TargetObject'>HKLM\System\CurrentControlSet\Services\bam\State\UserSettings\S-1-5-18\\Device\HarddiskVolume2\Windows\System32\rundll32.exe</Data><Data Name='Details'>Binary Data</Data><Data Name='User'>NT AUTHORITY\SYSTEM</Data>","RegistryEvent (Value Set)",13,240551,SetValue,,,,"'{5770385f-c22a-43e0-bf4c-06f5698ffbd9}'",,,"C:\Windows\system32\rundll32.exe",,,,,,0x8000000000000000,4,,,,"'Microsoft-Windows-Sysmon'",0,,,,,,,,"{fc7e85d2-c654-674c-1bd2-000000002400}","'3144'",4972,,,,,,240551,240551,,"-",,,"S-1-5-18",,,,,,,,,,,,,,,"'2024-12-01T20:25:56.4623943Z'","<Provider Name='Microsoft-Windows-Sysmon' Guid='{5770385f-c22a-43e0-bf4c-06f5698ffbd9}'/><EventID>13</EventID><Version>2</Version><Level>4</Level><Task>13</Task><Opcode>0</Opcode><Keywords>0x8000000000000000</Keywords><TimeCreated SystemTime='2024-12-01T20:25:56.4623943Z'/><EventRecordID>240551</EventRecordID><Correlation/><Execution ProcessID='3144' ThreadID='4456'/><Channel>Microsoft-Windows-Sysmon/Operational</Channel><Computer>wrk-colby.Ecorp.local</Computer><Security UserID='S-1-5-18'/>",,,"HKLM\System\CurrentControlSet\Services\bam\State\UserSettings\S-1-5-18\\Device\HarddiskVolume2\Windows\System32\rundll32.exe",,,,13,,"'4456'","2024-12-01T20:25:56.4623943Z","NT AUTHORITY\SYSTEM","'S-1-5-18'","2024-12-01 20:25:56.462",2,"<Event xmlns='http://schemas.microsoft.com/win/2004/08/events/event'><System><Provider Name='Microsoft-Windows-Sysmon' Guid='{5770385f-c22a-43e0-bf4c-06f5698ffbd9}'/><EventID>13</EventID><Version>2</Version><Level>4</Level><Task>13</Task><Opcode>0</Opcode><Keywords>0x8000000000000000</Keywords><TimeCreated SystemTime='2024-12-01T20:25:56.4623943Z'/><EventRecordID>240551</EventRecordID><Correlation/><Execution ProcessID='3144' ThreadID='4456'/><Channel>Microsoft-Windows-Sysmon/Operational</Channel><Computer>wrk-colby.Ecorp.local</Computer><Security UserID='S-1-5-18'/></System><EventData><Data Name='RuleName'>-</Data><Data Name='EventType'>SetValue</Data><Data Name='UtcTime'>2024-12-01 20:25:56.462</Data><Data Name='ProcessGuid'>{fc7e85d2-c654-674c-1bd2-000000002400}</Data><Data Name='ProcessId'>4972</Data><Data Name='Image'>C:\Windows\system32\rundll32.exe</Data><Data Name='TargetObject'>HKLM\System\CurrentControlSet\Services\bam\State\UserSettings\S-1-5-18\\Device\HarddiskVolume2\Windows\System32\rundll32.exe</Data><Data Name='Details'>Binary Data</Data><Data Name='User'>NT AUTHORITY\SYSTEM</Data></EventData></Event>","2024-12-01T15:25:56.462-0500",modified,,,,,,,20,1,25,december,56,sunday,2024,0,,"wrk-colby.Ecorp.local",,,,,"wrk-colby.Ecorp.local",,"WRK-COLBY",240551,"endpoint_services_processes ms-sysmon-regmod windows_event_signature",,,,,,,,"WRK-COLBY",,,240551,main,1,,,,,,registry,"HKLM\System\CurrentControlSet\Services\bam\State\UserSettings\S-1-5-18\\Device\HarddiskVolume2\Windows\System32\rundll32.exe",,,,,,,,,,,,"rundll32.exe","{fc7e85d2-c654-674c-1bd2-000000002400}",,4972,,"rundll32.exe","C:\Windows\system32\rundll32.exe",,,"<_='://../////'><><_='--'_='{----}'/><></><></><><",,,,,"HKEY_LOCAL_MACHINE\\System","HKLM\System\CurrentControlSet\Services\bam\State\UserSettings\S-1-5-18\\Device\HarddiskVolume2\Windows\System32\rundll32.exe","HKLM\System\CurrentControlSet\Services\bam\State\UserSettings\S-1-5-18\\Device\HarddiskVolume2\Windows\System32\rundll32.exe","Binary Data","HKLM\System\CurrentControlSet\Services\bam\State\UserSettings\S-1-5-18\\Device\HarddiskVolume2\Windows\System32\rundll32.exe",,,,,,,,,,,,informational,4,"RegistryEvent (Value Set)",13,"XmlWinEventLog:Microsoft-Windows-Sysmon/Operational",XmlWinEventLog,"wrk-colby",,,,,,,,,,success,,"endpoint
registry
track_event_signatures",,"endpoint
registry
track_event_signatures",705,682,,,,,,,SYSTEM,,"'S-1-5-18'",,"Microsoft Sysmon"
,,,"Microsoft-Windows-Sysmon/Operational",,"""C:\Windows\system32\rundll32.exe"" C:\Windows\system32\PcaSvc.dll,PcaPatchSdbTask","Microsoft Corporation","wrk-colby.Ecorp.local",,,"C:\Windows\system32\","Windows host process (Rundll32)",,,,,,,,"Microsoft-Windows-Sysmon/Operational",1,"<Data Name='RuleName'>technique_id=T1218.011,technique_name=rundll32.exe</Data><Data Name='UtcTime'>2024-12-01 20:25:56.346</Data><Data Name='ProcessGuid'>{fc7e85d2-c654-674c-1bd2-000000002400}</Data><Data Name='ProcessId'>4972</Data><Data Name='Image'>C:\Windows\System32\rundll32.exe</Data><Data Name='FileVersion'>10.0.19041.4648 (WinBuild.160101.0800)</Data><Data Name='Description'>Windows host process (Rundll32)</Data><Data Name='Product'>Microsoft® Windows® Operating System</Data><Data Name='Company'>Microsoft Corporation</Data><Data Name='OriginalFileName'>RUNDLL32.EXE</Data><Data Name='CommandLine'>""C:\Windows\system32\rundll32.exe"" C:\Windows\system32\PcaSvc.dll,PcaPatchSdbTask</Data><Data Name='CurrentDirectory'>C:\Windows\system32\</Data><Data Name='User'>NT AUTHORITY\SYSTEM</Data><Data Name='LogonGuid'>{fc7e85d2-7d4f-674c-e703-000000000000}</Data><Data Name='LogonId'>0x3e7</Data><Data Name='TerminalSessionId'>0</Data><Data Name='IntegrityLevel'>System</Data><Data Name='Hashes'>SHA1=34661F530C6BC94AA1F307DF30F75733E5D87382,MD5=D28778D07C8F7CA59B7569E4EDA54512,SHA256=770832DA77324F205306B4D89C02BA2B98DCE87207A82D4BF9B1D076608862D6,IMPHASH=F207A867D6098266EE63A3CA677EB0FF</Data><Data Name='ParentProcessGuid'>{00000000-0000-0000-0000-000000000000}</Data><Data Name='ParentProcessId'>1344</Data><Data Name='ParentImage'>-</Data><Data Name='ParentCommandLine'>-</Data><Data Name='ParentUser'>-</Data>","Process creation",1,240550,,"10.0.19041.4648 (WinBuild.160101.0800)",,,"'{5770385f-c22a-43e0-bf4c-06f5698ffbd9}'","SHA1=34661F530C6BC94AA1F307DF30F75733E5D87382,MD5=D28778D07C8F7CA59B7569E4EDA54512,SHA256=770832DA77324F205306B4D89C02BA2B98DCE87207A82D4BF9B1D076608862D6,IMPHASH=F207A867D6098266EE63A3CA677EB0FF",F207A867D6098266EE63A3CA677EB0FF,"C:\Windows\System32\rundll32.exe",,,,System,,0x8000000000000000,4,"{fc7e85d2-7d4f-674c-e703-000000000000}",0x3e7,D28778D07C8F7CA59B7569E4EDA54512,"'Microsoft-Windows-Sysmon'",0,"RUNDLL32.EXE","-","-","{00000000-0000-0000-0000-000000000000}",1344,"-",,"{fc7e85d2-c654-674c-1bd2-000000002400}","'3144'",4972,"Microsoft® Windows® Operating System",,,,,240550,240550,,"technique_id=T1218.011,technique_name=rundll32.exe",34661F530C6BC94AA1F307DF30F75733E5D87382,770832DA77324F205306B4D89C02BA2B98DCE87207A82D4BF9B1D076608862D6,"S-1-5-18",,,,,,,,,,,,,,,"'2024-12-01T20:25:56.3478795Z'","<Provider Name='Microsoft-Windows-Sysmon' Guid='{5770385f-c22a-43e0-bf4c-06f5698ffbd9}'/><EventID>1</EventID><Version>5</Version><Level>4</Level><Task>1</Task><Opcode>0</Opcode><Keywords>0x8000000000000000</Keywords><TimeCreated SystemTime='2024-12-01T20:25:56.3478795Z'/><EventRecordID>240550</EventRecordID><Correlation/><Execution ProcessID='3144' ThreadID='4456'/><Channel>Microsoft-Windows-Sysmon/Operational</Channel><Computer>wrk-colby.Ecorp.local</Computer><Security UserID='S-1-5-18'/>",,,,,,,1,0,"'4456'","2024-12-01T20:25:56.3478795Z","NT AUTHORITY\SYSTEM","'S-1-5-18'","2024-12-01 20:25:56.346",5,"<Event xmlns='http://schemas.microsoft.com/win/2004/08/events/event'><System><Provider Name='Microsoft-Windows-Sysmon' Guid='{5770385f-c22a-43e0-bf4c-06f5698ffbd9}'/><EventID>1</EventID><Version>5</Version><Level>4</Level><Task>1</Task><Opcode>0</Opcode><Keywords>0x8000000000000000</Keywords><TimeCreated SystemTime='2024-12-01T20:25:56.3478795Z'/><EventRecordID>240550</EventRecordID><Correlation/><Execution ProcessID='3144' ThreadID='4456'/><Channel>Microsoft-Windows-Sysmon/Operational</Channel><Computer>wrk-colby.Ecorp.local</Computer><Security UserID='S-1-5-18'/></System><EventData><Data Name='RuleName'>technique_id=T1218.011,technique_name=rundll32.exe</Data><Data Name='UtcTime'>2024-12-01 20:25:56.346</Data><Data Name='ProcessGuid'>{fc7e85d2-c654-674c-1bd2-000000002400}</Data><Data Name='ProcessId'>4972</Data><Data Name='Image'>C:\Windows\System32\rundll32.exe</Data><Data Name='FileVersion'>10.0.19041.4648 (WinBuild.160101.0800)</Data><Data Name='Description'>Windows host process (Rundll32)</Data><Data Name='Product'>Microsoft® Windows® Operating System</Data><Data Name='Company'>Microsoft Corporation</Data><Data Name='OriginalFileName'>RUNDLL32.EXE</Data><Data Name='CommandLine'>""C:\Windows\system32\rundll32.exe"" C:\Windows\system32\PcaSvc.dll,PcaPatchSdbTask</Data><Data Name='CurrentDirectory'>C:\Windows\system32\</Data><Data Name='User'>NT AUTHORITY\SYSTEM</Data><Data Name='LogonGuid'>{fc7e85d2-7d4f-674c-e703-000000000000}</Data><Data Name='LogonId'>0x3e7</Data><Data Name='TerminalSessionId'>0</Data><Data Name='IntegrityLevel'>System</Data><Data Name='Hashes'>SHA1=34661F530C6BC94AA1F307DF30F75733E5D87382,MD5=D28778D07C8F7CA59B7569E4EDA54512,SHA256=770832DA77324F205306B4D89C02BA2B98DCE87207A82D4BF9B1D076608862D6,IMPHASH=F207A867D6098266EE63A3CA677EB0FF</Data><Data Name='ParentProcessGuid'>{00000000-0000-0000-0000-000000000000}</Data><Data Name='ParentProcessId'>1344</Data><Data Name='ParentImage'>-</Data><Data Name='ParentCommandLine'>-</Data><Data Name='ParentUser'>-</Data></EventData></Event>","2024-12-01T15:25:56.346-0500",allowed,,,,,,,20,1,25,december,56,sunday,2024,0,,"wrk-colby.Ecorp.local",,,,,"wrk-colby.Ecorp.local",,"WRK-COLBY",240550,"endpoint_services_processes ms-sysmon-process windows_event_signature",,,,,,,,"WRK-COLBY",,,240550,main,1,,,,,,,,"RUNDLL32.EXE","Microsoft Windows",,"-","{00000000-0000-0000-0000-000000000000}",1344,"-","-",,"""C:\Windows\system32\rundll32.exe"" C:\Windows\system32\PcaSvc.dll,PcaPatchSdbTask","C:\Windows\system32\","rundll32.exe","{fc7e85d2-c654-674c-1bd2-000000002400}","SHA1=34661F530C6BC94AA1F307DF30F75733E5D87382,MD5=D28778D07C8F7CA59B7569E4EDA54512,SHA256=770832DA77324F205306B4D89C02BA2B98DCE87207A82D4BF9B1D076608862D6,IMPHASH=F207A867D6098266EE63A3CA677EB0FF",4972,System,"rundll32.exe","C:\Windows\System32\rundll32.exe",,,"<_='://../////'><><_='--'_='{----}'/><></><></><><",,,,,,,,,,,,,,,,,,,,,informational,4,"Process creation",1,"XmlWinEventLog:Microsoft-Windows-Sysmon/Operational",XmlWinEventLog,"wrk-colby",,,,,,,,,,,,"process
report
track_event_signatures",,"process
report
track_event_signatures",714,691,,,,,,,SYSTEM,,"'S-1-5-18'",,"Microsoft Sysmon"
,,,"Microsoft-Windows-Sysmon/Operational",,,"Microsoft Corporation","wrk-colby.Ecorp.local",,,,"System.Management.Automation",,,,,,,,"Microsoft-Windows-Sysmon/Operational",7,"<Data Name='RuleName'>technique_id=T1059.001,technique_name=PowerShell</Data><Data Name='UtcTime'>2024-12-01 20:21:53.078</Data><Data Name='ProcessGuid'>{fc7e85d2-c560-674c-45cf-000000002400}</Data><Data Name='ProcessId'>10148</Data><Data Name='Image'>C:\Users\tcolby\Downloads\fsociety2 (1).exe</Data><Data Name='ImageLoaded'>C:\Windows\assembly\NativeImages_v4.0.30319_64\System.Manaa57fc8cc#\0971a8b6c82f7f67d4baa729d17ad00a\System.Management.Automation.ni.dll</Data><Data Name='FileVersion'>10.0.19041.5129</Data><Data Name='Description'>System.Management.Automation</Data><Data Name='Product'>Microsoft (R) Windows (R) Operating System</Data><Data Name='Company'>Microsoft Corporation</Data><Data Name='OriginalFileName'>System.Management.Automation.dll</Data><Data Name='Hashes'>SHA1=E15C94FFCBB873D0AD51C5AC500610F26202E1F3,MD5=B01191D70BD6552BF47C3C15B47CD986,SHA256=134176EDAD255055ECC54AA30D1FCBD0A2024D3EAC88886DD1AE9D9D40F45A06,IMPHASH=00000000000000000000000000000000</Data><Data Name='Signed'>false</Data><Data Name='Signature'>-</Data><Data Name='SignatureStatus'>Unavailable</Data><Data Name='User'>ECORP\tcolby</Data>","Image loaded",7,240548,,"10.0.19041.5129",,,"'{5770385f-c22a-43e0-bf4c-06f5698ffbd9}'","SHA1=E15C94FFCBB873D0AD51C5AC500610F26202E1F3,MD5=B01191D70BD6552BF47C3C15B47CD986,SHA256=134176EDAD255055ECC54AA30D1FCBD0A2024D3EAC88886DD1AE9D9D40F45A06,IMPHASH=00000000000000000000000000000000",00000000000000000000000000000000,"C:\Users\tcolby\Downloads\fsociety2 (1).exe","C:\Windows\assembly\NativeImages_v4.0.30319_64\System.Manaa57fc8cc#\0971a8b6c82f7f67d4baa729d17ad00a\System.Management.Automation.ni.dll",,,,,0x8000000000000000,4,,,B01191D70BD6552BF47C3C15B47CD986,"'Microsoft-Windows-Sysmon'",0,"System.Management.Automation.dll",,,,,,,"{fc7e85d2-c560-674c-45cf-000000002400}","'3144'",10148,"Microsoft (R) Windows (R) Operating System",,,,,240548,240548,,"technique_id=T1059.001,technique_name=PowerShell",E15C94FFCBB873D0AD51C5AC500610F26202E1F3,134176EDAD255055ECC54AA30D1FCBD0A2024D3EAC88886DD1AE9D9D40F45A06,"S-1-5-18","-",Unavailable,false,,,,,,,,,,,,"'2024-12-01T20:21:53.2534862Z'","<Provider Name='Microsoft-Windows-Sysmon' Guid='{5770385f-c22a-43e0-bf4c-06f5698ffbd9}'/><EventID>7</EventID><Version>3</Version><Level>4</Level><Task>7</Task><Opcode>0</Opcode><Keywords>0x8000000000000000</Keywords><TimeCreated SystemTime='2024-12-01T20:21:53.2534862Z'/><EventRecordID>240548</EventRecordID><Correlation/><Execution ProcessID='3144' ThreadID='4460'/><Channel>Microsoft-Windows-Sysmon/Operational</Channel><Computer>wrk-colby.Ecorp.local</Computer><Security UserID='S-1-5-18'/>",,,,,,,7,,"'4460'","2024-12-01T20:21:53.2534862Z","ECORP\tcolby","'S-1-5-18'","2024-12-01 20:21:53.078",3,"<Event xmlns='http://schemas.microsoft.com/win/2004/08/events/event'><System><Provider Name='Microsoft-Windows-Sysmon' Guid='{5770385f-c22a-43e0-bf4c-06f5698ffbd9}'/><EventID>7</EventID><Version>3</Version><Level>4</Level><Task>7</Task><Opcode>0</Opcode><Keywords>0x8000000000000000</Keywords><TimeCreated SystemTime='2024-12-01T20:21:53.2534862Z'/><EventRecordID>240548</EventRecordID><Correlation/><Execution ProcessID='3144' ThreadID='4460'/><Channel>Microsoft-Windows-Sysmon/Operational</Channel><Computer>wrk-colby.Ecorp.local</Computer><Security UserID='S-1-5-18'/></System><EventData><Data Name='RuleName'>technique_id=T1059.001,technique_name=PowerShell</Data><Data Name='UtcTime'>2024-12-01 20:21:53.078</Data><Data Name='ProcessGuid'>{fc7e85d2-c560-674c-45cf-000000002400}</Data><Data Name='ProcessId'>10148</Data><Data Name='Image'>C:\Users\tcolby\Downloads\fsociety2 (1).exe</Data><Data Name='ImageLoaded'>C:\Windows\assembly\NativeImages_v4.0.30319_64\System.Manaa57fc8cc#\0971a8b6c82f7f67d4baa729d17ad00a\System.Management.Automation.ni.dll</Data><Data Name='FileVersion'>10.0.19041.5129</Data><Data Name='Description'>System.Management.Automation</Data><Data Name='Product'>Microsoft (R) Windows (R) Operating System</Data><Data Name='Company'>Microsoft Corporation</Data><Data Name='OriginalFileName'>System.Management.Automation.dll</Data><Data Name='Hashes'>SHA1=E15C94FFCBB873D0AD51C5AC500610F26202E1F3,MD5=B01191D70BD6552BF47C3C15B47CD986,SHA256=134176EDAD255055ECC54AA30D1FCBD0A2024D3EAC88886DD1AE9D9D40F45A06,IMPHASH=00000000000000000000000000000000</Data><Data Name='Signed'>false</Data><Data Name='Signature'>-</Data><Data Name='SignatureStatus'>Unavailable</Data><Data Name='User'>ECORP\tcolby</Data></EventData></Event>","2024-