12-01T15:39:08.128-0500",deleted,,,,,,,20,1,39,december,8,sunday,2024,0,,"wrk-colby.Ecorp.local",,,,,"wrk-colby.Ecorp.local",,"WRK-COLBY",240577,"endpoint_services_processes ms-sysmon-filemod windows_event_signature",,,"SHA1=84CA73037789F3D7743BEA2C78A3C048F018AEEA,MD5=B68A1A6D1F8657144DE8C51217C6A2AC,SHA256=45B27C888DCB78588110AD2472FE7AE9126EF1F24237CE466A2812BAAB3A6168,IMPHASH=00000000000000000000000000000000","2024-12-01 20:39:08.128","www.bing[1].xml","C:\Users\tcolby\AppData\Local\Packages\Microsoft.Windows.Search_cw5n1h2txyewy\AC\Microsoft\Internet Explorer\DOMStore\H8JSA3V2\www.bing[1].xml",,"WRK-COLBY",,,240577,main,1,,,,,,file,,,,,,,,,,,,,"SearchApp.exe","{fc7e85d2-7e4d-674c-0f04-000000002400}",,7880,,"SearchApp.exe","C:\Windows\SystemApps\Microsoft.Windows.Search_cw5n1h2txyewy\SearchApp.exe",,,"<_='://../////'><><_='--'_='{----}'/><></><></><><",,,,,,,,,,,,,,,,,,,,,informational,4,"FileDelete (File Delete archived)",23,"XmlWinEventLog:Microsoft-Windows-Sysmon/Operational",XmlWinEventLog,"wrk-colby",,,,,,,,,,,,"endpoint
filesystem
track_event_signatures",,"endpoint
filesystem
track_event_signatures",667,644,,,,,,,tcolby,,"'S-1-5-18'",,"Microsoft Sysmon"
,,,"Microsoft-Windows-Sysmon/Operational",,,"Microsoft Corporation","wrk-colby.Ecorp.local",,,,"Microsoft .NET Runtime Just-In-Time Compiler",,,,,,,,"Microsoft-Windows-Sysmon/Operational",7,"<Data Name='RuleName'>technique_id=T1055,technique_name=Process Injection</Data><Data Name='UtcTime'>2024-12-01 20:39:04.644</Data><Data Name='ProcessGuid'>{fc7e85d2-c967-674c-c0da-000000002400}</Data><Data Name='ProcessId'>8388</Data><Data Name='Image'>C:\Windows\System32\mmc.exe</Data><Data Name='ImageLoaded'>C:\Windows\Microsoft.NET\Framework64\v4.0.30319\clrjit.dll</Data><Data Name='FileVersion'>4.8.9282.0 built by: NET481REL1LAST_C</Data><Data Name='Description'>Microsoft .NET Runtime Just-In-Time Compiler</Data><Data Name='Product'>Microsoft® .NET Framework</Data><Data Name='Company'>Microsoft Corporation</Data><Data Name='OriginalFileName'>clrjit.dll</Data><Data Name='Hashes'>SHA1=7A25AF21D2DDD330535A34A4210DB1CD2BA0AA94,MD5=3E39EF1226D09D39B1361F44FDDE2F3A,SHA256=300CD0FAAAB4664D43C72C3AEB0AA7332BB93B4268088407C1AE4D025D44EA7B,IMPHASH=F2AFE1578B0645F42EFCA5A3FB0CE765</Data><Data Name='Signed'>true</Data><Data Name='Signature'>Microsoft Corporation</Data><Data Name='SignatureStatus'>Valid</Data><Data Name='User'>ECORP\tcolby</Data>","Image loaded",7,240576,,"4.8.9282.0 built by: NET481REL1LAST_C",,,"'{5770385f-c22a-43e0-bf4c-06f5698ffbd9}'","SHA1=7A25AF21D2DDD330535A34A4210DB1CD2BA0AA94,MD5=3E39EF1226D09D39B1361F44FDDE2F3A,SHA256=300CD0FAAAB4664D43C72C3AEB0AA7332BB93B4268088407C1AE4D025D44EA7B,IMPHASH=F2AFE1578B0645F42EFCA5A3FB0CE765",F2AFE1578B0645F42EFCA5A3FB0CE765,"C:\Windows\System32\mmc.exe","C:\Windows\Microsoft.NET\Framework64\v4.0.30319\clrjit.dll",,,,,0x8000000000000000,4,,,3E39EF1226D09D39B1361F44FDDE2F3A,"'Microsoft-Windows-Sysmon'",0,"clrjit.dll",,,,,,,"{fc7e85d2-c967-674c-c0da-000000002400}","'3144'",8388,"Microsoft® .NET Framework",,,,,240576,240576,,"technique_id=T1055,technique_name=Process Injection",7A25AF21D2DDD330535A34A4210DB1CD2BA0AA94,300CD0FAAAB4664D43C72C3AEB0AA7332BB93B4268088407C1AE4D025D44EA7B,"S-1-5-18","Microsoft Corporation",Valid,true,,,,,,,,,,,,"'2024-12-01T20:39:04.6570985Z'","<Provider Name='Microsoft-Windows-Sysmon' Guid='{5770385f-c22a-43e0-bf4c-06f5698ffbd9}'/><EventID>7</EventID><Version>3</Version><Level>4</Level><Task>7</Task><Opcode>0</Opcode><Keywords>0x8000000000000000</Keywords><TimeCreated SystemTime='2024-12-01T20:39:04.6570985Z'/><EventRecordID>240576</EventRecordID><Correlation/><Execution ProcessID='3144' ThreadID='4456'/><Channel>Microsoft-Windows-Sysmon/Operational</Channel><Computer>wrk-colby.Ecorp.local</Computer><Security UserID='S-1-5-18'/>",,,,,,,7,,"'4456'","2024-12-01T20:39:04.6570985Z","ECORP\tcolby","'S-1-5-18'","2024-12-01 20:39:04.644",3,"<Event xmlns='http://schemas.microsoft.com/win/2004/08/events/event'><System><Provider Name='Microsoft-Windows-Sysmon' Guid='{5770385f-c22a-43e0-bf4c-06f5698ffbd9}'/><EventID>7</EventID><Version>3</Version><Level>4</Level><Task>7</Task><Opcode>0</Opcode><Keywords>0x8000000000000000</Keywords><TimeCreated SystemTime='2024-12-01T20:39:04.6570985Z'/><EventRecordID>240576</EventRecordID><Correlation/><Execution ProcessID='3144' ThreadID='4456'/><Channel>Microsoft-Windows-Sysmon/Operational</Channel><Computer>wrk-colby.Ecorp.local</Computer><Security UserID='S-1-5-18'/></System><EventData><Data Name='RuleName'>technique_id=T1055,technique_name=Process Injection</Data><Data Name='UtcTime'>2024-12-01 20:39:04.644</Data><Data Name='ProcessGuid'>{fc7e85d2-c967-674c-c0da-000000002400}</Data><Data Name='ProcessId'>8388</Data><Data Name='Image'>C:\Windows\System32\mmc.exe</Data><Data Name='ImageLoaded'>C:\Windows\Microsoft.NET\Framework64\v4.0.30319\clrjit.dll</Data><Data Name='FileVersion'>4.8.9282.0 built by: NET481REL1LAST_C</Data><Data Name='Description'>Microsoft .NET Runtime Just-In-Time Compiler</Data><Data Name='Product'>Microsoft® .NET Framework</Data><Data Name='Company'>Microsoft Corporation</Data><Data Name='OriginalFileName'>clrjit.dll</Data><Data Name='Hashes'>SHA1=7A25AF21D2DDD330535A34A4210DB1CD2BA0AA94,MD5=3E39EF1226D09D39B1361F44FDDE2F3A,SHA256=300CD0FAAAB4664D43C72C3AEB0AA7332BB93B4268088407C1AE4D025D44EA7B,IMPHASH=F2AFE1578B0645F42EFCA5A3FB0CE765</Data><Data Name='Signed'>true</Data><Data Name='Signature'>Microsoft Corporation</Data><Data Name='SignatureStatus'>Valid</Data><Data Name='User'>ECORP\tcolby</Data></EventData></Event>","2024-12-01T15:39:04.644-0500",success,,,,,,,20,1,39,december,4,sunday,2024,0,,"wrk-colby.Ecorp.local",,,,,"wrk-colby.Ecorp.local",,"WRK-COLBY",240576,"endpoint_services_processes ms-sysmon-process windows_event_signature",,,,,,,,"WRK-COLBY",,,240576,main,1,"clrjit.dll","C:\Windows\Microsoft.NET\Framework64\v4.0.30319\clrjit.dll",,,,,,"clrjit.dll","Microsoft Windows",,,,,,,,,,"mmc.exe","{fc7e85d2-c967-674c-c0da-000000002400}","SHA1=7A25AF21D2DDD330535A34A4210DB1CD2BA0AA94,MD5=3E39EF1226D09D39B1361F44FDDE2F3A,SHA256=300CD0FAAAB4664D43C72C3AEB0AA7332BB93B4268088407C1AE4D025D44EA7B,IMPHASH=F2AFE1578B0645F42EFCA5A3FB0CE765",8388,,"mmc.exe","C:\Windows\System32\mmc.exe",,,"<_='://../////'><><_='--'_='{----}'/><></><></><><",,,,,,,,,,,,,,,true,true,,,,,informational,4,"Image loaded",7,"XmlWinEventLog:Microsoft-Windows-Sysmon/Operational",XmlWinEventLog,"wrk-colby",,,,,,,,,,,,"process
report
track_event_signatures",,"process
report
track_event_signatures",715,692,,,,,,,tcolby,,"'S-1-5-18'",,"Microsoft Sysmon"
,,,"Microsoft-Windows-Sysmon/Operational",,,"Microsoft Corporation","wrk-colby.Ecorp.local",,,,"Microsoft Common Language Runtime Class Library",,,,,,,,"Microsoft-Windows-Sysmon/Operational",7,"<Data Name='RuleName'>technique_id=T1055,technique_name=Process Injection</Data><Data Name='UtcTime'>2024-12-01 20:39:04.245</Data><Data Name='ProcessGuid'>{fc7e85d2-c967-674c-c0da-000000002400}</Data><Data Name='ProcessId'>8388</Data><Data Name='Image'>C:\Windows\System32\mmc.exe</Data><Data Name='ImageLoaded'>C:\Windows\assembly\NativeImages_v4.0.30319_64\mscorlib\9a860ac99a94a0422dc04d0dd9b0e341\mscorlib.ni.dll</Data><Data Name='FileVersion'>4.8.9282.0 built by: NET481REL1LAST_C</Data><Data Name='Description'>Microsoft Common Language Runtime Class Library</Data><Data Name='Product'>Microsoft® .NET Framework</Data><Data Name='Company'>Microsoft Corporation</Data><Data Name='OriginalFileName'>mscorlib.dll</Data><Data Name='Hashes'>SHA1=934A60242F1FC4864D74B276427E6DFC69F77F3E,MD5=762EB0F86A72D5DD9130DDC4849F03EF,SHA256=F2ED2622AB213A3A3D9702A8CCC0BE087B7D9308DD953F9C10D435599DC1800B,IMPHASH=00000000000000000000000000000000</Data><Data Name='Signed'>true</Data><Data Name='Signature'>Microsoft Corporation</Data><Data Name='SignatureStatus'>Valid</Data><Data Name='User'>ECORP\tcolby</Data>","Image loaded",7,240575,,"4.8.9282.0 built by: NET481REL1LAST_C",,,"'{5770385f-c22a-43e0-bf4c-06f5698ffbd9}'","SHA1=934A60242F1FC4864D74B276427E6DFC69F77F3E,MD5=762EB0F86A72D5DD9130DDC4849F03EF,SHA256=F2ED2622AB213A3A3D9702A8CCC0BE087B7D9308DD953F9C10D435599DC1800B,IMPHASH=00000000000000000000000000000000",00000000000000000000000000000000,"C:\Windows\System32\mmc.exe","C:\Windows\assembly\NativeImages_v4.0.30319_64\mscorlib\9a860ac99a94a0422dc04d0dd9b0e341\mscorlib.ni.dll",,,,,0x8000000000000000,4,,,762EB0F86A72D5DD9130DDC4849F03EF,"'Microsoft-Windows-Sysmon'",0,"mscorlib.dll",,,,,,,"{fc7e85d2-c967-674c-c0da-000000002400}","'3144'",8388,"Microsoft® .NET Framework",,,,,240575,240575,,"technique_id=T1055,technique_name=Process Injection",934A60242F1FC4864D74B276427E6DFC69F77F3E,F2ED2622AB213A3A3D9702A8CCC0BE087B7D9308DD953F9C10D435599DC1800B,"S-1-5-18","Microsoft Corporation",Valid,true,,,,,,,,,,,,"'2024-12-01T20:39:04.2458456Z'","<Provider Name='Microsoft-Windows-Sysmon' Guid='{5770385f-c22a-43e0-bf4c-06f5698ffbd9}'/><EventID>7</EventID><Version>3</Version><Level>4</Level><Task>7</Task><Opcode>0</Opcode><Keywords>0x8000000000000000</Keywords><TimeCreated SystemTime='2024-12-01T20:39:04.2458456Z'/><EventRecordID>240575</EventRecordID><Correlation/><Execution ProcessID='3144' ThreadID='4456'/><Channel>Microsoft-Windows-Sysmon/Operational</Channel><Computer>wrk-colby.Ecorp.local</Computer><Security UserID='S-1-5-18'/>",,,,,,,7,,"'4456'","2024-12-01T20:39:04.2458456Z","ECORP\tcolby","'S-1-5-18'","2024-12-01 20:39:04.245",3,"<Event xmlns='http://schemas.microsoft.com/win/2004/08/events/event'><System><Provider Name='Microsoft-Windows-Sysmon' Guid='{5770385f-c22a-43e0-bf4c-06f5698ffbd9}'/><EventID>7</EventID><Version>3</Version><Level>4</Level><Task>7</Task><Opcode>0</Opcode><Keywords>0x8000000000000000</Keywords><TimeCreated SystemTime='2024-12-01T20:39:04.2458456Z'/><EventRecordID>240575</EventRecordID><Correlation/><Execution ProcessID='3144' ThreadID='4456'/><Channel>Microsoft-Windows-Sysmon/Operational</Channel><Computer>wrk-colby.Ecorp.local</Computer><Security UserID='S-1-5-18'/></System><EventData><Data Name='RuleName'>technique_id=T1055,technique_name=Process Injection</Data><Data Name='UtcTime'>2024-12-01 20:39:04.245</Data><Data Name='ProcessGuid'>{fc7e85d2-c967-674c-c0da-000000002400}</Data><Data Name='ProcessId'>8388</Data><Data Name='Image'>C:\Windows\System32\mmc.exe</Data><Data Name='ImageLoaded'>C:\Windows\assembly\NativeImages_v4.0.30319_64\mscorlib\9a860ac99a94a0422dc04d0dd9b0e341\mscorlib.ni.dll</Data><Data Name='FileVersion'>4.8.9282.0 built by: NET481REL1LAST_C</Data><Data Name='Description'>Microsoft Common Language Runtime Class Library</Data><Data Name='Product'>Microsoft® .NET Framework</Data><Data Name='Company'>Microsoft Corporation</Data><Data Name='OriginalFileName'>mscorlib.dll</Data><Data Name='Hashes'>SHA1=934A60242F1FC4864D74B276427E6DFC69F77F3E,MD5=762EB0F86A72D5DD9130DDC4849F03EF,SHA256=F2ED2622AB213A3A3D9702A8CCC0BE087B7D9308DD953F9C10D435599DC1800B,IMPHASH=00000000000000000000000000000000</Data><Data Name='Signed'>true</Data><Data Name='Signature'>Microsoft Corporation</Data><Data Name='SignatureStatus'>Valid</Data><Data Name='User'>ECORP\tcolby</Data></EventData></Event>","2024-12-01T15:39:04.245-0500",success,,,,,,,20,1,39,december,4,sunday,2024,0,,"wrk-colby.Ecorp.local",,,,,"wrk-colby.Ecorp.local",,"WRK-COLBY",240575,"endpoint_services_processes ms-sysmon-process windows_event_signature",,,,,,,,"WRK-COLBY",,,240575,main,1,"mscorlib.ni.dll","C:\Windows\assembly\NativeImages_v4.0.30319_64\mscorlib\9a860ac99a94a0422dc04d0dd9b0e341\mscorlib.ni.dll",,,,,,"mscorlib.dll","Microsoft Windows",,,,,,,,,,"mmc.exe","{fc7e85d2-c967-674c-c0da-000000002400}","SHA1=934A60242F1FC4864D74B276427E6DFC69F77F3E,MD5=762EB0F86A72D5DD9130DDC4849F03EF,SHA256=F2ED2622AB213A3A3D9702A8CCC0BE087B7D9308DD953F9C10D435599DC1800B,IMPHASH=00000000000000000000000000000000",8388,,"mmc.exe","C:\Windows\System32\mmc.exe",,,"<_='://../////'><><_='--'_='{----}'/><></><></><><",,,,,,,,,,,,,,,true,true,,,,,informational,4,"Image loaded",7,"XmlWinEventLog:Microsoft-Windows-Sysmon/Operational",XmlWinEventLog,"wrk-colby",,,,,,,,,,,,"process
report
track_event_signatures",,"process
report
track_event_signatures",715,692,,,,,,,tcolby,,"'S-1-5-18'",,"Microsoft Sysmon"
true,,,"Microsoft-Windows-Sysmon/Operational",,,,"wrk-colby.Ecorp.local",,,,,,,,,,,,"Microsoft-Windows-Sysmon/Operational",23,"<Data Name='RuleName'>-</Data><Data Name='UtcTime'>2024-12-01 20:39:04.205</Data><Data Name='ProcessGuid'>{fc7e85d2-7e4d-674c-0f04-000000002400}</Data><Data Name='ProcessId'>7880</Data><Data Name='User'>ECORP\tcolby</Data><Data Name='Image'>C:\Windows\SystemApps\Microsoft.Windows.Search_cw5n1h2txyewy\SearchApp.exe</Data><Data Name='TargetFilename'>C:\Users\tcolby\AppData\Local\Packages\Microsoft.Windows.Search_cw5n1h2txyewy\AC\Microsoft\Internet Explorer\DOMStore\H8JSA3V2\www.bing[1].xml</Data><Data Name='Hashes'>SHA1=46338C05B2E93F4BC4C97CC05E2E8A58522A3FF3,MD5=D2DEA2C357A958D34763BF65C61D4AEF,SHA256=A6309252AB72137FF86F9BF3A8E1D209000FEF9DA25FE529E5499C32BD51A6C0,IMPHASH=00000000000000000000000000000000</Data><Data Name='IsExecutable'>false</Data><Data Name='Archived'>true</Data>","FileDelete (File Delete archived)",23,240574,,,,,"'{5770385f-c22a-43e0-bf4c-06f5698ffbd9}'","SHA1=46338C05B2E93F4BC4C97CC05E2E8A58522A3FF3,MD5=D2DEA2C357A958D34763BF65C61D4AEF,SHA256=A6309252AB72137FF86F9BF3A8E1D209000FEF9DA25FE529E5499C32BD51A6C0,IMPHASH=00000000000000000000000000000000",00000000000000000000000000000000,"C:\Windows\SystemApps\Microsoft.Windows.Search_cw5n1h2txyewy\SearchApp.exe",,,,,false,0x8000000000000000,4,,,D2DEA2C357A958D34763BF65C61D4AEF,"'Microsoft-Windows-Sysmon'",0,,,,,,,,"{fc7e85d2-7e4d-674c-0f04-000000002400}","'3144'",7880,,,,,,240574,240574,,"-",46338C05B2E93F4BC4C97CC05E2E8A58522A3FF3,A6309252AB72137FF86F9BF3A8E1D209000FEF9DA25FE529E5499C32BD51A6C0,"S-1-5-18",,,,,,,,,,,,,,,"'2024-12-01T20:39:04.2063744Z'","<Provider Name='Microsoft-Windows-Sysmon' Guid='{5770385f-c22a-43e0-bf4c-06f5698ffbd9}'/><EventID>23</EventID><Version>5</Version><Level>4</Level><Task>23</Task><Opcode>0</Opcode><Keywords>0x8000000000000000</Keywords><TimeCreated SystemTime='2024-12-01T20:39:04.2063744Z'/><EventRecordID>240574</EventRecordID><Correlation/><Execution ProcessID='3144' ThreadID='4456'/><Channel>Microsoft-Windows-Sysmon/Operational</Channel><Computer>wrk-colby.Ecorp.local</Computer><Security UserID='S-1-5-18'/>","C:\Users\tcolby\AppData\Local\Packages\Microsoft.Windows.Search_cw5n1h2txyewy\AC\Microsoft\Internet Explorer\DOMStore\H8JSA3V2\www.bing[1].xml",,,,,,23,,"'4456'","2024-12-01T20:39:04.2063744Z","ECORP\tcolby","'S-1-5-18'","2024-12-01 20:39:04.205",5,"<Event xmlns='http://schemas.microsoft.com/win/2004/08/events/event'><System><Provider Name='Microsoft-Windows-Sysmon' Guid='{5770385f-c22a-43e0-bf4c-06f5698ffbd9}'/><EventID>23</EventID><Version>5</Version><Level>4</Level><Task>23</Task><Opcode>0</Opcode><Keywords>0x8000000000000000</Keywords><TimeCreated SystemTime='2024-12-01T20:39:04.2063744Z'/><EventRecordID>240574</EventRecordID><Correlation/><Execution ProcessID='3144' ThreadID='4456'/><Channel>Microsoft-Windows-Sysmon/Operational</Channel><Computer>wrk-colby.Ecorp.local</Computer><Security UserID='S-1-5-18'/></System><EventData><Data Name='RuleName'>-</Data><Data Name='UtcTime'>2024-12-01 20:39:04.205</Data><Data Name='ProcessGuid'>{fc7e85d2-7e4d-674c-0f04-000000002400}</Data><Data Name='ProcessId'>7880</Data><Data Name='User'>ECORP\tcolby</Data><Data Name='Image'>C:\Windows\SystemApps\Microsoft.Windows.Search_cw5n1h2txyewy\SearchApp.exe</Data><Data Name='TargetFilename'>C:\Users\tcolby\AppData\Local\Packages\Microsoft.Windows.Search_cw5n1h2txyewy\AC\Microsoft\Internet Explorer\DOMStore\H8JSA3V2\www.bing[1].xml</Data><Data Name='Hashes'>SHA1=46338C05B2E93F4BC4C97CC05E2E8A58522A3FF3,MD5=D2DEA2C357A958D34763BF65C61D4AEF,SHA256=A6309252AB72137FF86F9BF3A8E1D209000FEF9DA25FE529E5499C32BD51A6C0,IMPHASH=00000000000000000000000000000000</Data><Data Name='IsExecutable'>false</Data><Data Name='Archived'>true</Data></EventData></Event>","2024-12-01T15:39:04.205-0500",deleted,,,,,,,20,1,39,december,4,sunday,2024,0,,"wrk-colby.Ecorp.local",,,,,"wrk-colby.Ecorp.local",,"WRK-COLBY",240574,"endpoint_services_processes ms-sysmon-filemod windows_event_signature",,,"SHA1=46338C05B2E93F4BC4C97CC05E2E8A58522A3FF3,MD5=D2DEA2C357A958D34763BF65C61D4AEF,SHA256=A6309252AB72137FF86F9BF3A8E1D209000FEF9DA25FE529E5499C32BD51A6C0,IMPHASH=00000000000000000000000000000000","2024-12-01 20:39:04.205","www.bing[1].xml","C:\Users\tcolby\AppData\Local\Packages\Microsoft.Windows.Search_cw5n1h2txyewy\AC\Microsoft\Internet Explorer\DOMStore\H8JSA3V2\www.bing[1].xml",,"WRK-COLBY",,,240574,main,1,,,,,,file,,,,,,,,,,,,,"SearchApp.exe","{fc7e85d2-7e4d-674c-0f04-000000002400}",,7880,,"SearchApp.exe","C:\Windows\SystemApps\Microsoft.Windows.Search_cw5n1h2txyewy\SearchApp.exe",,,"<_='://../////'><><_='--'_='{----}'/><></><></><><",,,,,,,,,,,,,,,,,,,,,informational,4,"FileDelete (File Delete archived)",23,"XmlWinEventLog:Microsoft-Windows-Sysmon/Operational",XmlWinEventLog,"wrk-colby",,,,,,,,,,,,"endpoint
filesystem
track_event_signatures",,"endpoint
filesystem
track_event_signatures",667,644,,,,,,,tcolby,,"'S-1-5-18'",,"Microsoft Sysmon"
,,,"Microsoft-Windows-Sysmon/Operational",,,"Microsoft Corporation","wrk-colby.Ecorp.local",,,,"Microsoft .NET Runtime Common Language Runtime - WorkStation",,,,,,,,"Microsoft-Windows-Sysmon/Operational",7,"<Data Name='RuleName'>technique_id=T1055,technique_name=Process Injection</Data><Data Name='UtcTime'>2024-12-01 20:39:04.110</Data><Data Name='ProcessGuid'>{fc7e85d2-c967-674c-c0da-000000002400}</Data><Data Name='ProcessId'>8388</Data><Data Name='Image'>C:\Windows\System32\mmc.exe</Data><Data Name='ImageLoaded'>C:\Windows\Microsoft.NET\Framework64\v4.0.30319\clr.dll</Data><Data Name='FileVersion'>4.8.9282.0 built by: NET481REL1LAST_C</Data><Data Name='Description'>Microsoft .NET Runtime Common Language Runtime - WorkStation</Data><Data Name='Product'>Microsoft® .NET Framework</Data><Data Name='Company'>Microsoft Corporation</Data><Data Name='OriginalFileName'>clr.dll</Data><Data Name='Hashes'>SHA1=B12C4496FBB3EC12B183E79E38EB456482F4D49C,MD5=1911979D17F27BADA24BD6A42F93D43F,SHA256=707564FC98C58247D088183731C2E5A0F51923D6D9A94646B0F2158EB5704DF4,IMPHASH=01E0958B232430E87E27DC8010111684</Data><Data Name='Signed'>true</Data><Data Name='Signature'>Microsoft Corporation</Data><Data Name='SignatureStatus'>Valid</Data><Data Name='User'>ECORP\tcolby</Data>","Image loaded",7,240573,,"4.8.9282.0 built by: NET481REL1LAST_C",,,"'{5770385f-c22a-43e0-bf4c-06f5698ffbd9}'","SHA1=B12C4496FBB3EC12B183E79E38EB456482F4D49C,MD5=1911979D17F27BADA24BD6A42F93D43F,SHA256=707564FC98C58247D088183731C2E5A0F51923D6D9A94646B0F2158EB5704DF4,IMPHASH=01E0958B232430E87E27DC8010111684",01E0958B232430E87E27DC8010111684,"C:\Windows\System32\mmc.exe","C:\Windows\Microsoft.NET\Framework64\v4.0.30319\clr.dll",,,,,0x8000000000000000,4,,,1911979D17F27BADA24BD6A42F93D43F,"'Microsoft-Windows-Sysmon'",0,"clr.dll",,,,,,,"{fc7e85d2-c967-674c-c0da-000000002400}","'3144'",8388,"Microsoft® .NET Framework",,,,,240573,240573,,"technique_id=T1055,technique_name=Process Injection",B12C4496FBB3EC12B183E79E38EB456482F4D49C,707564FC98C58247D088183731C2E5A0F51923D6D9A94646B0F2158EB5704DF4,"S-1-5-18","Microsoft Corporation",Valid,true,,,,,,,,,,,,"'2024-12-01T20:39:04.1115825Z'","<Provider Name='Microsoft-Windows-Sysmon' Guid='{5770385f-c22a-43e0-bf4c-06f5698ffbd9}'/><EventID>7</EventID><Version>3</Version><Level>4</Level><Task>7</Task><Opcode>0</Opcode><Keywords>0x8000000000000000</Keywords><TimeCreated SystemTime='2024-12-01T20:39:04.1115825Z'/><EventRecordID>240573</EventRecordID><Correlation/><Execution ProcessID='3144' ThreadID='4456'/><Channel>Microsoft-Windows-Sysmon/Operational</Channel><Computer>wrk-colby.Ecorp.local</Computer><Security UserID='S-1-5-18'/>",,,,,,,7,,"'4456'","2024-12-01T20:39:04.1115825Z","ECORP\tcolby","'S-1-5-18'","2024-12-01 20:39:04.110",3,"<Event xmlns='http://schemas.microsoft.com/win/2004/08/events/event'><System><Provider Name='Microsoft-Windows-Sysmon' Guid='{5770385f-c22a-43e0-bf4c-06f5698ffbd9}'/><EventID>7</EventID><Version>3</Version><Level>4</Level><Task>7</Task><Opcode>0</Opcode><Keywords>0x8000000000000000</Keywords><TimeCreated SystemTime='2024-12-01T20:39:04.1115825Z'/><EventRecordID>240573</EventRecordID><Correlation/><Execution ProcessID='3144' ThreadID='4456'/><Channel>Microsoft-Windows-Sysmon/Operational</Channel><Computer>wrk-colby.Ecorp.local</Computer><Security UserID='S-1-5-18'/></System><EventData><Data Name='RuleName'>technique_id=T1055,technique_name=Process Injection</Data><Data Name='UtcTime'>2024-12-01 20:39:04.110</Data><Data Name='ProcessGuid'>{fc7e85d2-c967-674c-c0da-000000002400}</Data><Data Name='ProcessId'>8388</Data><Data Name='Image'>C:\Windows\System32\mmc.exe</Data><Data Name='ImageLoaded'>C:\Windows\Microsoft.NET\Framework64\v4.0.30319\clr.dll</Data><Data Name='FileVersion'>4.8.9282.0 built by: NET481REL1LAST_C</Data><Data Name='Description'>Microsoft .NET Runtime Common Language Runtime - WorkStation</Data><Data Name='Product'>Microsoft® .NET Framework</Data><Data Name='Company'>Microsoft Corporation</Data><Data Name='OriginalFileName'>clr.dll</Data><Data Name='Hashes'>SHA1=B12C4496FBB3EC12B183E79E38EB456482F4D49C,MD5=1911979D17F27BADA24BD6A42F93D43F,SHA256=707564FC98C58247D088183731C2E5A0F51923D6D9A94646B0F2158EB5704DF4,IMPHASH=01E0958B232430E87E27DC8010111684</Data><Data Name='Signed'>true</Data><Data Name='Signature'>Microsoft Corporation</Data><Data Name='SignatureStatus'>Valid</Data><Data Name='User'>ECORP\tcolby</Data></EventData></Event>","2024-12-01T15:39:04.110-0500",success,,,,,,,20,1,39,december,4,sunday,2024,0,,"wrk-colby.Ecorp.local",,,,,"wrk-colby.Ecorp.local",,"WRK-COLBY",240573,"endpoint_services_processes ms-sysmon-process windows_event_signature",,,,,,,,"WRK-COLBY",,,240573,main,1,"clr.dll","C:\Windows\Microsoft.NET\Framework64\v4.0.30319\clr.dll",,,,,,"clr.dll","Microsoft Windows",,,,,,,,,,"mmc.exe","{fc7e85d2-c967-674c-c0da-000000002400}","SHA1=B12C4496FBB3EC12B183E79E38EB456482F4D49C,MD5=1911979D17F27BADA24BD6A42F93D43F,SHA256=707564FC98C58247D088183731C2E5A0F51923D6D9A94646B0F2158EB5704DF4,IMPHASH=01E0958B232430E87E27DC8010111684",8388,,"mmc.exe","C:\Windows\System32\mmc.exe",,,"<_='://../////'><><_='--'_='{----}'/><></><></><><",,,,,,,,,,,,,,,true,true,,,,,informational,4,"Image loaded",7,"XmlWinEventLog:Microsoft-Windows-Sysmon/Operational",XmlWinEventLog,"wrk-colby",,,,,,,,,,,,"process
report
track_event_signatures",,"process
report
track_event_signatures",715,692,,,,,,,tcolby,,"'S-1-5-18'",,"Microsoft Sysmon"
,,,"Microsoft-Windows-Sysmon/Operational",,,"Microsoft Corporation","wrk-colby.Ecorp.local",,,,"Microsoft .NET Runtime Execution Engine",,,,,,,,"Microsoft-Windows-Sysmon/Operational",7,"<Data Name='RuleName'>technique_id=T1055,technique_name=Process Injection</Data><Data Name='UtcTime'>2024-12-01 20:39:04.057</Data><Data Name='ProcessGuid'>{fc7e85d2-c967-674c-c0da-000000002400}</Data><Data Name='ProcessId'>8388</Data><Data Name='Image'>C:\Windows\System32\mmc.exe</Data><Data Name='ImageLoaded'>C:\Windows\Microsoft.NET\Framework64\v4.0.30319\mscoreei.dll</Data><Data Name='FileVersion'>4.8.9093.0 built by: NET481REL1LAST_C</Data><Data Name='Description'>Microsoft .NET Runtime Execution Engine</Data><Data Name='Product'>Microsoft® .NET Framework</Data><Data Name='Company'>Microsoft Corporation</Data><Data Name='OriginalFileName'>mscoreei.dll</Data><Data Name='Hashes'>SHA1=2186F29C0312A9BE5B9D08BD3A95DFC14A7BB0A4,MD5=89AB48AC59F9E5302E10A6A2ED5E9F9E,SHA256=791E1A6F0C1024B2AC8142F0D85B25A7510B57606EF2D903289BE76970ADE9DD,IMPHASH=BDAAD270BEE58C9A3A7622CD1CA3EF79</Data><Data Name='Signed'>true</Data><Data Name='Signature'>Microsoft Corporation</Data><Data Name='SignatureStatus'>Valid</Data><Data Name='User'>ECORP\tcolby</Data>","Image loaded",7,240572,,"4.8.9093.0 built by: NET481REL1LAST_C",,,"'{5770385f-c22a-43e0-bf4c-06f5698ffbd9}'","SHA1=2186F29C0312A9BE5B9D08BD3A95DFC14A7BB0A4,MD5=89AB48AC59F9E5302E10A6A2ED5E9F9E,SHA256=791E1A6F0C1024B2AC8142F0D85B25A7510B57606EF2D903289BE76970ADE9DD,IMPHASH=BDAAD270BEE58C9A3A7622CD1CA3EF79",BDAAD270BEE58C9A3A7622CD1CA3EF79,"C:\Windows\System32\mmc.exe","C:\Windows\Microsoft.NET\Framework64\v4.0.30319\mscoreei.dll",,,,,0x8000000000000000,4,,,89AB48AC59F9E5302E10A6A2ED5E9F9E,"'Microsoft-Windows-Sysmon'",0,"mscoreei.dll",,,,,,,"{fc7e85d2-c967-674c-c0da-000000002400}","'3144'",8388,"Microsoft® .NET Framework",,,,,240572,240572,,"technique_id=T1055,technique_name=Process Injection",2186F29C0312A9BE5B9D08BD3A95DFC14A7BB0A4,791E1A6F0C1024B2AC8142F0D85B25A7510B57606EF2D903289BE76970ADE9DD,"S-1-5-18","Microsoft Corporation",Valid,true,,,,,,,,,,,,"'2024-12-01T20:39:04.0581442Z'","<Provider Name='Microsoft-Windows-Sysmon' Guid='{5770385f-c22a-43e0-bf4c-06f5698ffbd9}'/><EventID>7</EventID><Version>3</Version><Level>4</Level><Task>7</Task><Opcode>0</Opcode><Keywords>0x8000000000000000</Keywords><TimeCreated SystemTime='2024-12-01T20:39:04.0581442Z'/><EventRecordID>240572</EventRecordID><Correlation/><Execution ProcessID='3144' ThreadID='4456'/><Channel>Microsoft-Windows-Sysmon/Operational</Channel><Computer>wrk-colby.Ecorp.local</Computer><Security UserID='S-1-5-18'/>",,,,,,,7,,"'4456'","2024-12-01T20:39:04.0581442Z","ECORP\tcolby","'S-1-5-18'","2024-12-01 20:39:04.057",3,"<Event xmlns='http://schemas.microsoft.com/win/2004/08/events/event'><System><Provider Name='Microsoft-Windows-Sysmon' Guid='{5770385f-c22a-43e0-bf4c-06f5698ffbd9}'/><EventID>7</EventID><Version>3</Version><Level>4</Level><Task>7</Task><Opcode>0</Opcode><Keywords>0x8000000000000000</Keywords><TimeCreated SystemTime='2024-12-01T20:39:04.0581442Z'/><EventRecordID>240572</EventRecordID><Correlation/><Execution ProcessID='3144' ThreadID='4456'/><Channel>Microsoft-Windows-Sysmon/Operational</Channel><Computer>wrk-colby.Ecorp.local</Computer><Security UserID='S-1-5-18'/></System><EventData><Data Name='RuleName'>technique_id=T1055,technique_name=Process Injection</Data><Data Name='UtcTime'>2024-12-01 20:39:04.057</Data><Data Name='ProcessGuid'>{fc7e85d2-c967-674c-c0da-000000002400}</Data><Data Name='ProcessId'>8388</Data><Data Name='Image'>C:\Windows\System32\mmc.exe</Data><Data Name='ImageLoaded'>C:\Windows\Microsoft.NET\Framework64\v4.0.30319\mscoreei.dll</Data><Data Name='FileVersion'>4.8.9093.0 built by: NET481REL1LAST_C</Data><Data Name='Description'>Microsoft .NET Runtime Execution Engine</Data><Data Name='Product'>Microsoft® .NET Framework</Data><Data Name='Company'>Microsoft Corporation</Data><Data Name='OriginalFileName'>mscoreei.dll</Data><Data Name='Hashes'>SHA1=2186F29C0312A9BE5B9D08BD3A95DFC14A7BB0A4,MD5=89AB48AC59F9E5302E10A6A2ED5E9F9E,SHA256=791E1A6F0C1024B2AC8142F0D85B25A7510B57606EF2D903289BE76970ADE9DD,IMPHASH=BDAAD270BEE58C9A3A7622CD1CA3EF79</Data><Data Name='Signed'>true</Data><Data Name='Signature'>Microsoft Corporation</Data><Data Name='SignatureStatus'>Valid</Data><Data Name='User'>ECORP\tcolby</Data></EventData></Event>","2024-12-01T15:39:04.057-0500",success,,,,,,,20,1,39,december,4,sunday,2024,0,,"wrk-colby.Ecorp.local",,,,,"wrk-colby.Ecorp.local",,"WRK-COLBY",240572,"endpoint_services_processes ms-sysmon-process windows_event_signature",,,,,,,,"WRK-COLBY",,,240572,main,1,"mscoreei.dll","C:\Windows\Microsoft.NET\Framework64\v4.0.30319\mscoreei.dll",,,,,,"mscoreei.dll","Microsoft Windows",,,,,,,,,,"mmc.exe","{fc7e85d2-c967-674c-c0da-000000002400}","SHA1=2186F29C0312A9BE5B9D08BD3A95DFC14A7BB0A4,MD5=89AB48AC59F9E5302E10A6A2ED5E9F9E,SHA256=791E1A6F0C1024B2AC8142F0D85B25A7510B57606EF2D903289BE76970ADE9DD,IMPHASH=BDAAD270BEE58C9A3A7622CD1CA3EF79",8388,,"mmc.exe","C:\Windows\System32\mmc.exe",,,"<_='://../////'><><_='--'_='{----}'/><></><></><><",,,,,,,,,,,,,,,true,true,,,,,informational,4,"Image loaded",7,"XmlWinEventLog:Microsoft-Windows-Sysmon/Operational",XmlWinEventLog,"wrk-colby",,,,,,,,,,,,"process
report
track_event_signatures",,"process
report
track_event_signatures",715,692,,,,,,,tcolby,,"'S-1-5-18'",,"Microsoft Sysmon"
,,,"Microsoft-Windows-Sysmon/Operational",,,"Microsoft Corporation","wrk-colby.Ecorp.local",,,,"Microsoft .NET Runtime Execution Engine",,,,,,,,"Microsoft-Windows-Sysmon/Operational",7,"<Data Name='RuleName'>technique_id=T1055,technique_name=Process Injection</Data><Data Name='UtcTime'>2024-12-01 20:39:04.053</Data><Data Name='ProcessGuid'>{fc7e85d2-c967-674c-c0da-000000002400}</Data><Data Name='ProcessId'>8388</Data><Data Name='Image'>C:\Windows\System32\mmc.exe</Data><Data Name='ImageLoaded'>C:\Windows\System32\mscoree.dll</Data><Data Name='FileVersion'>10.0.19041.1 (WinBuild.160101.0800)</Data><Data Name='Description'>Microsoft .NET Runtime Execution Engine</Data><Data Name='Product'>Microsoft® Windows® Operating System</Data><Data Name='Company'>Microsoft Corporation</Data><Data Name='OriginalFileName'>mscoree.dll</Data><Data Name='Hashes'>SHA1=CFEF8F0BA040939B87B74F101970A6BBEB5DA15F,MD5=D5971EF71DE1BDD46D537203ABFCC756,SHA256=8828DE042D008783BA5B31C82935A3ED38D5996927C3399B3E1FC6FE723FC84E,IMPHASH=65F23EFA1EB51A5DAAB399BFAA840074</Data><Data Name='Signed'>true</Data><Data Name='Signature'>Microsoft Windows</Data><Data Name='SignatureStatus'>Valid</Data><Data Name='User'>ECORP\tcolby</Data>","Image loaded",7,240571,,"10.0.19041.1 (WinBuild.160101.0800)",,,"'{5770385f-c22a-43e0-bf4c-06f5698ffbd9}'","SHA1=CFEF8F0BA040939B87B74F101970A6BBEB5DA15F,MD5=D5971EF71DE1BDD46D537203ABFCC756,SHA256=8828DE042D008783BA5B31C82935A3ED38D5996927C3399B3E1FC6FE723FC84E,IMPHASH=65F23EFA1EB51A5DAAB399BFAA840074",65F23EFA1EB51A5DAAB399BFAA840074,"C:\Windows\System32\mmc.exe","C:\Windows\System32\mscoree.dll",,,,,0x8000000000000000,4,,,D5971EF71DE1BDD46D537203ABFCC756,"'Microsoft-Windows-Sysmon'",0,"mscoree.dll",,,,,,,"{fc7e85d2-c967-674c-c0da-000000002400}","'3144'",8388,"Microsoft® Windows® Operating System",,,,,240571,240571,,"technique_id=T1055,technique_name=Process Injection",CFEF8F0BA040939B87B74F101970A6BBEB5DA15F,8828DE042D008783BA5B31C82935A3ED38D5996927C3399B3E1FC6FE723FC84E,"S-1-5-18","Microsoft Windows",Valid,true,,,,,,,,,,,,"'2024-12-01T20:39:04.0540218Z'","<Provider Name='Microsoft-Windows-Sysmon' Guid='{5770385f-c22a-43e0-bf4c-06f5698ffbd9}'/><EventID>7</EventID><Version>3</Version><Level>4</Level><Task>7</Task><Opcode>0</Opcode><Keywords>0x8000000000000000</Keywords><TimeCreated SystemTime='2024-12-01T20:39:04.0540218Z'/><EventRecordID>240571</EventRecordID><Correlation/><Execution ProcessID='3144' ThreadID='4456'/><Channel>Microsoft-Windows-Sysmon/Operational</Channel><Computer>wrk-colby.Ecorp.local</Computer><Security UserID='S-1-5-18'/>",,,,,,,7,,"'4456'","2024-12-01T20:39:04.0540218Z","ECORP\tcolby","'S-1-5-18'","2024-12-01 20:39:04.053",3,"<Event xmlns='http://schemas.microsoft.com/win/2004/08/events/event'><System><Provider Name='Microsoft-Windows-Sysmon' Guid='{5770385f-c22a-43e0-bf4c-06f5698ffbd9}'/><EventID>7</EventID><Version>3</Version><Level>4</Level><Task>7</Task><Opcode>0</Opcode><Keywords>0x8000000000000000</Keywords><TimeCreated SystemTime='2024-12-01T20:39:04.0540218Z'/><EventRecordID>240571</EventRecordID><Correlation/><Execution ProcessID='3144' ThreadID='4456'/><Channel>Microsoft-Windows-Sysmon/Operational</Channel><Computer>wrk-colby.Ecorp.local</Computer><Security UserID='S-1-5-18'/></System><EventData><Data Name='RuleName'>technique_id=T1055,technique_name=Process Injection</Data><Data Name='UtcTime'>2024-12-01 20:39:04.053</Data><Data Name='ProcessGuid'>{fc7e85d2-c967-674c-c0da-000000002400}</Data><Data Name='ProcessId'>8388</Data><Data Name='Image'>C:\Windows\System32\mmc.exe</Data><Data Name='ImageLoaded'>C:\Windows\System32\mscoree.dll</Data><Data Name='FileVersion'>10.0.19041.1 (WinBuild.160101.0800)</Data><Data Name='Description'>Microsoft .NET Runtime Execution Engine</Data><Data Name='Product'>Microsoft® Windows® Operating System</Data><Data Name='Company'>Microsoft Corporation</Data><Data Name='OriginalFileName'>mscoree.dll</Data><Data Name='Hashes'>SHA1=CFEF8F0BA040939B87B74F101970A6BBEB5DA15F,MD5=D5971EF71DE1BDD46D537203ABFCC756,SHA256=8828DE042D008783BA5B31C82935A3ED38D5996927C3399B3E1FC6FE723FC84E,IMPHASH=65F23EFA1EB51A5DAAB399BFAA840074</Data><Data Name='Signed'>true</Data><Data Name='Signature'>Microsoft Windows</Data><Data Name='SignatureStatus'>Valid</Data><Data Name='User'>ECORP\tcolby</Data></EventData></Event>","2024-12-01T15:39:04.053-0500",success,,,,,,,20,1,39,december,4,sunday,2024,0,,"wrk-colby.Ecorp.local",,,,,"wrk-colby.Ecorp.local",,"WRK-COLBY",240571,"endpoint_services_processes ms-sysmon-process windows_event_signature",,,,,,,,"WRK-COLBY",,,240571,main,1,"mscoree.dll","C:\Windows\System32\mscoree.dll",,,,,,"mscoree.dll","Microsoft Windows",,,,,,,,,,"mmc.exe","{fc7e85d2-c967-674c-c0da-000000002400}","SHA1=CFEF8F0BA040939B87B74F101970A6BBEB5DA15F,MD5=D5971EF71DE1BDD46D537203ABFCC756,SHA256=8828DE042D008783BA5B31C82935A3ED38D5996927C3399B3E1FC6FE723FC84E,IMPHASH=65F23EFA1EB51A5DAAB399BFAA840074",8388,,"mmc.exe","C:\Windows\System32\mmc.exe",,,"<_='://../////'><><_='--'_='{----}'/><></><></><><",,,,,,,,,,,,,,,true,true,,,,,informational,4,"Image loaded",7,"XmlWinEventLog:Microsoft-Windows-Sysmon/Operational",XmlWinEventLog,"wrk-colby",,,,,,,,,,,,"process
report
track_event_signatures",,"process
report
track_event_signatures",715,692,,,,,,,tcolby,,"'S-1-5-18'",,"Microsoft Sysmon"
,,,"Microsoft-Windows-Sysmon/Operational",,,"Microsoft Corporation","wrk-colby.Ecorp.local",,,,"OLE32 Extensions for Win32",,,,,,,,"Microsoft-Windows-Sysmon/Operational",7,"<Data Name='RuleName'>-</Data><Data Name='UtcTime'>2024-12-01 20:39:03.893</Data><Data Name='ProcessGuid'>{fc7e85d2-c967-674c-c0da-000000002400}</Data><Data Name='ProcessId'>8388</Data><Data Name='Image'>C:\Windows\System32\mmc.exe</Data><Data Name='ImageLoaded'>C:\Windows\System32\urlmon.dll</Data><Data Name='FileVersion'>11.00.19041.5072 (WinBuild.160101.0800)</Data><Data Name='Description'>OLE32 Extensions for Win32</Data><Data Name='Product'>Internet Explorer</Data><Data Name='Company'>Microsoft Corporation</Data><Data Name='OriginalFileName'>UrlMon.dll</Data><Data Name='Hashes'>SHA1=1DB1F9F5C4E4A65FF74E1BA55027C756E01BC7E8,MD5=1B26A1939226185340ABCF4F112D52C5,SHA256=B5AC75AE86CAC11FE4063B271273B5E695824E2324A54C7E9A77BDE7BB6C6A88,IMPHASH=22019FF0DD6B140CC5C75C9E26641C22</Data><Data Name='Signed'>true</Data><Data Name='Signature'>Microsoft Windows</Data><Data Name='SignatureStatus'>Valid</Data><Data Name='User'>ECORP\tcolby</Data>","Image loaded",7,240570,,"11.00.19041.5072 (WinBuild.160101.0800)",,,"'{5770385f-c22a-43e0-bf4c-06f5698ffbd9}'","SHA1=1DB1F9F5C4E4A65FF74E1BA55027C756E01BC7E8,MD5=1B26A1939226185340ABCF4F112D52C5,SHA256=B5AC75AE86CAC11FE4063B271273B5E695824E2324A54C7E9A77BDE7BB6C6A88,IMPHASH=22019FF0DD6B140CC5C75C9E26641C22",22019FF0DD6B140CC5C75C9E26641C22,"C:\Windows\System32\mmc.exe","C:\Windows\System32\urlmon.dll",,,,,0x8000000000000000,4,,,1B26A1939226185340ABCF4F112D52C5,"'Microsoft-Windows-Sysmon'",0,"UrlMon.dll",,,,,,,"{fc7e85d2-c967-674c-c0da-000000002400}","'3144'",8388,"Internet Explorer",,,,,240570,240570,,"-",1DB1F9F5C4E4A65FF74E1BA55027C756E01BC7E8,B5AC75AE86CAC11FE4063B271273B5E695824E2324A54C7E9A77BDE7BB6C6A88,"S-1-5-18","Microsoft Windows",Valid,true,,,,,,,,,,,,"'2024-12-01T20:39:03.8938184Z'","<Provider Name='Microsoft-Windows-Sysmon' Guid='{5770385f-c22a-43e0-bf4c-06f5698ffbd9}'/><EventID>7</EventID><Version>3</Version><Level>4</Level><Task>7</Task><Opcode>0</Opcode><Keywords>0x8000000000000000</Keywords><TimeCreated SystemTime='2024-12-01T20:39:03.8938184Z'/><EventRecordID>240570</EventRecordID><Correlation/><Execution ProcessID='3144' ThreadID='4456'/><Channel>Microsoft-Windows-Sysmon/Operational</Channel><Computer>wrk-colby.Ecorp.local</Computer><Security UserID='S-1-5-18'/>",,,,,,,7,,"'4456'","2024-12-01T20:39:03.8938184Z","ECORP\tcolby","'S-1-5-18'","2024-12-01 20:39:03.893",3,"<Event xmlns='http://schemas.microsoft.com/win/2004/08/events/event'><System><Provider Name='Microsoft-Windows-Sysmon' Guid='{5770385f-c22a-43e0-bf4c-06f5698ffbd9}'/><EventID>7</EventID><Version>3</Version><Level>4</Level><Task>7</Task><Opcode>0</Opcode><Keywords>0x8000000000000000</Keywords><TimeCreated SystemTime='2024-12-01T20:39:03.8938184Z'/><EventRecordID>240570</EventRecordID><Correlation/><Execution ProcessID='3144' ThreadID='4456'/><Channel>Microsoft-Windows-Sysmon/Operational</Channel><Computer>wrk-colby.Ecorp.local</Computer><Security UserID='S-1-5-18'/></System><EventData><Data Name='RuleName'>-</Data><Data Name='UtcTime'>2024-12-01 20:39:03.893</Data><Data Name='ProcessGuid'>{fc7e85d2-c967-674c-c0da-000000002400}</Data><Data Name='ProcessId'>8388</Data><Data Name='Image'>C:\Windows\System32\mmc.exe</Data><Data Name='ImageLoaded'>C:\Windows\System32\urlmon.dll</Data><Data Name='FileVersion'>11.00.19041.5072 (WinBuild.160101.0800)</Data><Data Name='Description'>OLE32 Extensions for Win32</Data><Data Name='Product'>Internet Explorer</Data><Data Name='Company'>Microsoft Corporation</Data><Data Name='OriginalFileName'>UrlMon.dll</Data><Data Name='Hashes'>SHA1=1DB1F9F5C4E4A65FF74E1BA55027C756E01BC7E8,MD5=1B26A1939226185340ABCF4F112D52C5,SHA256=B5AC75AE86CAC11FE4063B271273B5E695824E2324A54C7E9A77BDE7BB6C6A88,IMPHASH=22019FF0DD6B140CC5C75C9E26641C22</Data><Data Name='Signed'>true</Data><Data Name='Signature'>Microsoft Windows</Data><Data Name='SignatureStatus'>Valid</Data><Data Name='User'>ECORP\tcolby</Data></EventData></Event>","2024-12-01T15:39:03.893-0500",success,,,,,,,20,1,39,december,3,sunday,2024,0,,"wrk-colby.Ecorp.local",,,,,"wrk-colby.Ecorp.local",,"WRK-COLBY",240570,"endpoint_services_processes ms-sysmon-process windows_event_signature",,,,,,,,"WRK-COLBY",,,240570,main,1,"urlmon.dll","C:\Windows\System32\urlmon.dll",,,,,,"UrlMon.dll","Microsoft Windows",,,,,,,,,,"mmc.exe","{fc7e85d2-c967-674c-c0da-000000002400}","SHA1=1DB1F9F5C4E4A65FF74E1BA55027C756E01BC7E8,MD5=1B26A1939226185340ABCF4F112D52C5,SHA256=B5AC75AE86CAC11FE4063B271273B5E695824E2324A54C7E9A77BDE7BB6C6A88,IMPHASH=22019FF0DD6B140CC5C75C9E26641C22",8388,,"mmc.exe","C:\Windows\System32\mmc.exe",,,"<_='://../////'><><_='--'_='{----}'/><></><></><><",,,,,,,,,,,,,,,true,true,,,,,informational,4,"Image loaded",7,"XmlWinEventLog:Microsoft-Windows-Sysmon/Operational",XmlWinEventLog,"wrk-colby",,,,,,,,,,,,"process
report
track_event_signatures",,"process
report
track_event_signatures",665,642,,,,,,,tcolby,,"'S-1-5-18'",,"Microsoft Sysmon"
,,,"Microsoft-Windows-Sysmon/Operational",,"""C:\Windows\system32\mmc.exe"" ""C:\Windows\system32\eventvwr.msc"" /s","Microsoft Corporation","wrk-colby.Ecorp.local",,,"C:\Windows\system32\","Microsoft Management Console",,,,,,,,"Microsoft-Windows-Sysmon/Operational",1,"<Data Name='RuleName'>technique_id=T1204,technique_name=User Execution</Data><Data Name='UtcTime'>2024-12-01 20:39:03.832</Data><Data Name='ProcessGuid'>{fc7e85d2-c967-674c-c0da-000000002400}</Data><Data Name='ProcessId'>8388</Data><Data Name='Image'>C:\Windows\System32\mmc.exe</Data><Data Name='FileVersion'>10.0.19041.5072 (WinBuild.160101.0800)</Data><Data Name='Description'>Microsoft Management Console</Data><Data Name='Product'>Microsoft® Windows® Operating System</Data><Data Name='Company'>Microsoft Corporation</Data><Data Name='OriginalFileName'>mmc.exe</Data><Data Name='CommandLine'>""C:\Windows\system32\mmc.exe"" ""C:\Windows\system32\eventvwr.msc"" /s</Data><Data Name='CurrentDirectory'>C:\Windows\system32\</Data><Data Name='User'>ECORP\tcolby</Data><Data Name='LogonGuid'>{fc7e85d2-7d9d-674c-7e54-180000000000}</Data><Data Name='LogonId'>0x18547e</Data><Data Name='TerminalSessionId'>1</Data><Data Name='IntegrityLevel'>High</Data><Data Name='Hashes'>SHA1=E375655D5895BF15EC511CB141C109930A4DD9E4,MD5=BE698EA9EE453030A8EF764696986076,SHA256=653305BC206CDD38446C524E9508E4078FC169AD3D6064348145F88BA900C132,IMPHASH=5AEF584EA4BCED674B66847FE9D61F23</Data><Data Name='ParentProcessGuid'>{fc7e85d2-7e46-674c-ee03-000000002400}</Data><Data Name='ParentProcessId'>4676</Data><Data Name='ParentImage'>C:\Windows\explorer.exe</Data><Data Name='ParentCommandLine'>""C:\Windows\explorer.exe"" /LOADSAVEDWINDOWS</Data><Data Name='ParentUser'>ECORP\tcolby</Data>","Process creation",1,240569,,"10.0.19041.5072 (WinBuild.160101.0800)",,,"'{5770385f-c22a-43e0-bf4c-06f5698ffbd9}'","SHA1=E375655D5895BF15EC511CB141C109930A4DD9E4,MD5=BE698EA9EE453030A8EF764696986076,SHA256=653305BC206CDD38446C524E9508E4078FC169AD3D6064348145F88BA900C132,IMPHASH=5AEF584EA4BCED674B66847FE9D61F23",5AEF584EA4BCED674B66847FE9D61F23,"C:\Windows\System32\mmc.exe",,,,High,,0x8000000000000000,4,"{fc7e85d2-7d9d-674c-7e54-180000000000}",0x18547e,BE698EA9EE453030A8EF764696986076,"'Microsoft-Windows-Sysmon'",0,"mmc.exe","""C:\Windows\explorer.exe"" /LOADSAVEDWINDOWS","C:\Windows\explorer.exe","{fc7e85d2-7e46-674c-ee03-000000002400}",4676,"ECORP\tcolby",,"{fc7e85d2-c967-674c-c0da-000000002400}","'3144'",8388,"Microsoft® Windows® Operating System",,,,,240569,240569,,"technique_id=T1204,technique_name=User Execution",E375655D5895BF15EC511CB141C109930A4DD9E4,653305BC206CDD38446C524E9508E4078FC169AD3D6064348145F88BA900C132,"S-1-5-18",,,,,,,,,,,,,,,"'2024-12-01T20:39:03.8329287Z'","<Provider Name='Microsoft-Windows-Sysmon' Guid='{5770385f-c22a-43e0-bf4c-06f5698ffbd9}'/><EventID>1</EventID><Version>5</Version><Level>4</Level><Task>1</Task><Opcode>0</Opcode><Keywords>0x8000000000000000</Keywords><TimeCreated SystemTime='2024-12-01T20:39:03.8329287Z'/><EventRecordID>240569</EventRecordID><Correlation/><Execution ProcessID='3144' ThreadID='4456'/><Channel>Microsoft-Windows-Sysmon/Operational</Channel><Computer>wrk-colby.Ecorp.local</Computer><Security UserID='S-1-5-18'/>",,,,,,,1,1,"'4456'","2024-12-01T20:39:03.8329287Z","ECORP\tcolby","'S-1-5-18'","2024-12-01 20:39:03.832",5,"<Event xmlns='http://schemas.microsoft.com/win/2004/08/events/event'><System><Provider Name='Microsoft-Windows-Sysmon' Guid='{5770385f-c22a-43e0-bf4c-06f5698ffbd9}'/><EventID>1</EventID><Version>5</Version><Level>4</Level><Task>1</Task><Opcode>0</Opcode><Keywords>0x8000000000000000</Keywords><TimeCreated SystemTime='2024-12-01T20:39:03.8329287Z'/><EventRecordID>240569</EventRecordID><Correlation/><Execution ProcessID='3144' ThreadID='4456'/><Channel>Microsoft-Windows-Sysmon/Operational</Channel><Computer>wrk-colby.Ecorp.local</Computer><Security UserID='S-1-5-18'/></System><EventData><Data Name='RuleName'>technique_id=T1204,technique_name=User Execution</Data><Data Name='UtcTime'>2024-12-01 20:39:03.832</Data><Data Name='ProcessGuid'>{fc7e85d2-c967-674c-c0da-000000002400}</Data><Data Name='ProcessId'>8388</Data><Data Name='Image'>C:\Windows\System32\mmc.exe</Data><Data Name='FileVersion'>10.0.19041.5072 (WinBuild.160101.0800)</Data><Data Name='Description'>Microsoft Management Console</Data><Data Name='Product'>Microsoft® Windows® Operating System</Data><Data Name='Company'>Microsoft Corporation</Data><Data Name='OriginalFileName'>mmc.exe</Data><Data Name='CommandLine'>""C:\Windows\system32\mmc.exe"" ""C:\Windows\system32\eventvwr.msc"" /s</Data><Data Name='CurrentDirectory'>C:\Windows\system32\</Data><Data Name='User'>ECORP\tcolby</Data><Data Name='LogonGuid'>{fc7e85d2-7d9d-674c-7e54-180000000000}</Data><Data Name='LogonId'>0x18547e</Data><Data Name='TerminalSessionId'>1</Data><Data Name='IntegrityLevel'>High</Data><Data Name='Hashes'>SHA1=E375655D5895BF15EC511CB141C109930A4DD9E4,MD5=BE698EA9EE453030A8EF764696986076,SHA256=653305BC206CDD38446C524E9508E4078FC169AD3D6064348145F88BA900C132,IMPHASH=5AEF584EA4BCED674B66847FE9D61F23</Data><Data Name='ParentProcessGuid'>{fc7e85d2-7e46-674c-ee03-000000002400}</Data><Data Name='ParentProcessId'>4676</Data><Data Name='ParentImage'>C:\Windows\explorer.exe</Data><Data Name='ParentCommandLine'>""C:\Windows\explorer.exe"" /LOADSAVEDWINDOWS</Data><Data Name='ParentUser'>ECORP\tcolby</Data></EventData></Event>","2024-12-01T15:39:03.832-0500",allowed,,,,,,,20,1,39,december,3,sunday,2024,0,,"wrk-colby.Ecorp.local",,,,,"wrk-colby.Ecorp.local",,"WRK-COLBY",240569,"endpoint_services_processes ms-sysmon-process windows_event_signature",,,,,,,,"WRK-COLBY",,,240569,main,1,,,,,,,,"mmc.exe","Microsoft Windows",,"explorer.exe","{fc7e85d2-7e46-674c-ee03-000000002400}",4676,"explorer.exe","C:\Windows\explorer.exe",,"""C:\Windows\system32\mmc.exe"" ""C:\Windows\system32\eventvwr.msc"" /s","C:\Windows\system32\","mmc.exe","{fc7e85d2-c967-674c-c0da-000000002400}","SHA1=E375655D5895BF15EC511CB141C109930A4DD9E4,MD5=BE698EA9EE453030A8EF764696986076,SHA256=653305BC206CDD38446C524E9508E4078FC169AD3D6064348145F88BA900C132,IMPHASH=5AEF584EA4BCED674B66847FE9D61F23",8388,High,"mmc.exe","C:\Windows\System32\mmc.exe",,,"<_='://../////'><><_='--'_='{----}'/><></><></><><",,,,,,,,,,,,,,,,,,,,,informational,4,"Process creation",1,"XmlWinEventLog:Microsoft-Windows-Sysmon/Operational",XmlWinEventLog,"wrk-colby",,,,,,,,,,,,"process
report
track_event_signatures",,"process
report
track_event_signatures",712,689,,,,,,,tcolby,,"'S-1-5-18'",,"Microsoft Sysmon"
,,,"Microsoft-Windows-Sysmon/Operational",,,"Microsoft Corporation","wrk-colby.Ecorp.local",,,,"OLE32 Extensions for Win32",,,,,,,,"Microsoft-Windows-Sysmon/Operational",7,"<Data Name='RuleName'>-</Data><Data Name='UtcTime'>2024-12-01 20:39:03.801</Data><Data Name='ProcessGuid'>{fc7e85d2-c967-674c-bfda-000000002400}</Data><Data Name='ProcessId'>1848</Data><Data Name='Image'>C:\Windows\System32\consent.exe</Data><Data Name='ImageLoaded'>C:\Windows\System32\urlmon.dll</Data><Data Name='FileVersion'>11.00.19041.5072 (WinBuild.160101.0800)</Data><Data Name='Description'>OLE32 Extensions for Win32</Data><Data Name='Product'>Internet Explorer</Data><Data Name='Company'>Microsoft Corporation</Data><Data Name='OriginalFileName'>UrlMon.dll</Data><Data Name='Hashes'>SHA1=1DB1F9F5C4E4A65FF74E1BA55027C756E01BC7E8,MD5=1B26A1939226185340ABCF4F112D52C5,SHA256=B5AC75AE86CAC11FE4063B271273B5E695824E2324A54C7E9A77BDE7BB6C6A88,IMPHASH=22019FF0DD6B140CC5C75C9E26641C22</Data><Data Name='Signed'>true</Data><Data Name='Signature'>Microsoft Windows</Data><Data Name='SignatureStatus'>Valid</Data><Data Name='User'>NT AUTHORITY\SYSTEM</Data>","Image loaded",7,240568,,"11.00.19041.5072 (WinBuild.160101.0800)",,,"'{5770385f-c22a-43e0-bf4c-06f5698ffbd9}'","SHA1=1DB1F9F5C4E4A65FF74E1BA55027C756E01BC7E8,MD5=1B26A1939226185340ABCF4F112D52C5,SHA256=B5AC75AE86CAC11FE4063B271273B5E695824E2324A54C7E9A77BDE7BB6C6A88,IMPHASH=22019FF0DD6B140CC5C75C9E26641C22",22019FF0DD6B140CC5C75C9E26641C22,"C:\Windows\System32\consent.exe","C:\Windows\System32\urlmon.dll",,,,,0x8000000000000000,4,,,1B26A1939226185340ABCF4F112D52C5,"'Microsoft-Windows-Sysmon'",0,"UrlMon.dll",,,,,,,"{fc7e85d2-c967-674c-bfda-000000002400}","'3144'",1848,"Internet Explorer",,,,,240568,240568,,"-",1DB1F9F5C4E4A65FF74E1BA55027C756E01BC7E8,B5AC75AE86CAC11FE4063B271273B5E695824E2324A54C7E9A77BDE7BB6C6A88,"S-1-5-18","Microsoft Windows",Valid,true,,,,,,,,,,,,"'2024-12-01T20:39:03.8019272Z'","<Provider Name='Microsoft-Windows-Sysmon' Guid='{5770385f-c22a-43e0-bf4c-06f5698ffbd9}'/><EventID>7</EventID><Version>3</Version><Level>4</Level><Task>7</Task><Opcode>0</Opcode><Keywords>0x8000000000000000</Keywords><TimeCreated SystemTime='2024-12-01T20:39:03.8019272Z'/><EventRecordID>240568</EventRecordID><Correlation/><Execution ProcessID='3144' ThreadID='4456'/><Channel>Microsoft-Windows-Sysmon/Operational</Channel><Computer>wrk-colby.Ecorp.local</Computer><Security UserID='S-1-5-18'/>",,,,,,,7,,"'4456'","2024-12-01T20:39:03.8019272Z","NT AUTHORITY\SYSTEM","'S-1-5-18'","2024-12-01 20:39:03.801",3,"<Event xmlns='http://schemas.microsoft.com/win/2004/08/events/event'><System><Provider Name='Microsoft-Windows-Sysmon' Guid='{5770385f-c22a-43e0-bf4c-06f5698ffbd9}'/><EventID>7</EventID><Version>3</Version><Level>4</Level><Task>7</Task><Opcode>0</Opcode><Keywords>0x8000000000000000</Keywords><TimeCreated SystemTime='2024-12-01T20:39:03.8019272Z'/><EventRecordID>240568</EventRecordID><Correlation/><Execution ProcessID='3144' ThreadID='4456'/><Channel>Microsoft-Windows-Sysmon/Operational</Channel><Computer>wrk-colby.Ecorp.local</Computer><Security UserID='S-1-5-18'/></System><EventData><Data Name='RuleName'>-</Data><Data Name='UtcTime'>2024-12-01 20:39:03.801</Data><Data Name='ProcessGuid'>{fc7e85d2-c967-674c-bfda-000000002400}</Data><Data Name='ProcessId'>1848</Data><Data Name='Image'>C:\Windows\System32\consent.exe</Data><Data Name='ImageLoaded'>C:\Windows\System32\urlmon.dll</Data><Data Name='FileVersion'>11.00.19041.5072 (WinBuild.160101.0800)</Data><Data Name='Description'>OLE32 Extensions for Win32</Data><Data Name='Product'>Internet Explorer</Data><Data Name='Company'>Microsoft Corporation</Data><Data Name='OriginalFileName'>UrlMon.dll</Data><Data Name='Hashes'>SHA1=1DB1F9F5C4E4A65FF74E1BA55027C756E01BC7E8,MD5=1B26A1939226185340ABCF4F112D52C5,SHA256=B5AC75AE86CAC11FE4063B271273B5E695824E2324A54C7E9A77BDE7BB6C6A88,IMPHASH=22019FF0DD6B140CC5C75C9E26641C22</Data><Data Name='Signed'>true</Data><Data Name='Signature'>Microsoft Windows</Data><Data Name='SignatureStatus'>Valid</Data><Data Name='User'>NT AUTHORITY\SYSTEM</Data></EventData></Event>","2024-