12-01T15:16:23.114-0500",allowed,,,,,,,20,1,16,december,23,sunday,2024,0,,"wrk-colby.Ecorp.local",,,,,"wrk-colby.Ecorp.local",,"WRK-COLBY",240480,"endpoint_services_processes ms-sysmon-process windows_event_signature",,,,,,,0x101411,"WRK-COLBY",,,240480,main,1,,,,,,,,,"Microsoft Windows",,"OneDrive.exe","{fc7e85d2-7dc4-674c-4102-000000002400}",8356,"OneDrive.exe","C:\Users\tcolby\AppData\Local\Microsoft\OneDrive\OneDrive.exe",,,,"VBoxTray.exe","{fc7e85d2-7dc3-674c-3a02-000000002400}",,7580,,"VBoxTray.exe","C:\Windows\System32\VBoxTray.exe",,,"<_='://../////'><><_='--'_='{----}'/><></><></><><",,,,,,,,,,,,,,,,,,,,,informational,4,ProcessAccess,10,"XmlWinEventLog:Microsoft-Windows-Sysmon/Operational",XmlWinEventLog,"wrk-colby",,,,,,,,,,,,"process
report
track_event_signatures",,"process
report
track_event_signatures",712,689,,,,,,,tcolby,,"'S-1-5-18'",,"Microsoft Sysmon"
,"C:\Windows\SYSTEM32\ntdll.dll+9d9b4|C:\Windows\System32\KERNELBASE.dll+338ae|C:\Users\tcolby\AppData\Local\Microsoft\OneDrive\24.216.1027.0003\FileSyncClient.dll+5e7821|C:\Users\tcolby\AppData\Local\Microsoft\OneDrive\24.216.1027.0003\FileSyncClient.dll+89a76|C:\Users\tcolby\AppData\Local\Microsoft\OneDrive\24.216.1027.0003\FileSyncClient.dll+897f7|C:\Users\tcolby\AppData\Local\Microsoft\OneDrive\24.216.1027.0003\FileSyncClient.dll+896e6|C:\Users\tcolby\AppData\Local\Microsoft\OneDrive\24.216.1027.0003\FileSyncEvents.dll+edb1|C:\Users\tcolby\AppData\Local\Microsoft\OneDrive\24.216.1027.0003\FileSyncHost.DLL+ce95|C:\Users\tcolby\AppData\Local\Microsoft\OneDrive\24.216.1027.0003\FileSyncHost.DLL+f665|C:\Windows\System32\ucrtbase.dll+21bb2|C:\Windows\System32\KERNEL32.DLL+17374|C:\Windows\SYSTEM32\ntdll.dll+4cc91",,"Microsoft-Windows-Sysmon/Operational",,,,"wrk-colby.Ecorp.local",,,,,,,,,,,,"Microsoft-Windows-Sysmon/Operational",10,"<Data Name='RuleName'>technique_id=T1036,technique_name=Masquerading</Data><Data Name='UtcTime'>2024-12-01 20:16:23.110</Data><Data Name='SourceProcessGUID'>{fc7e85d2-7dc4-674c-4102-000000002400}</Data><Data Name='SourceProcessId'>8356</Data><Data Name='SourceThreadId'>5736</Data><Data Name='SourceImage'>C:\Users\tcolby\AppData\Local\Microsoft\OneDrive\OneDrive.exe</Data><Data Name='TargetProcessGUID'>{fc7e85d2-7dc2-674c-3402-000000002400}</Data><Data Name='TargetProcessId'>7684</Data><Data Name='TargetImage'>C:\Windows\System32\SecurityHealthSystray.exe</Data><Data Name='GrantedAccess'>0x101411</Data><Data Name='CallTrace'>C:\Windows\SYSTEM32\ntdll.dll+9d9b4|C:\Windows\System32\KERNELBASE.dll+338ae|C:\Users\tcolby\AppData\Local\Microsoft\OneDrive\24.216.1027.0003\FileSyncClient.dll+5e7821|C:\Users\tcolby\AppData\Local\Microsoft\OneDrive\24.216.1027.0003\FileSyncClient.dll+89a76|C:\Users\tcolby\AppData\Local\Microsoft\OneDrive\24.216.1027.0003\FileSyncClient.dll+897f7|C:\Users\tcolby\AppData\Local\Microsoft\OneDrive\24.216.1027.0003\FileSyncClient.dll+896e6|C:\Users\tcolby\AppData\Local\Microsoft\OneDrive\24.216.1027.0003\FileSyncEvents.dll+edb1|C:\Users\tcolby\AppData\Local\Microsoft\OneDrive\24.216.1027.0003\FileSyncHost.DLL+ce95|C:\Users\tcolby\AppData\Local\Microsoft\OneDrive\24.216.1027.0003\FileSyncHost.DLL+f665|C:\Windows\System32\ucrtbase.dll+21bb2|C:\Windows\System32\KERNEL32.DLL+17374|C:\Windows\SYSTEM32\ntdll.dll+4cc91</Data><Data Name='SourceUser'>ECORP\tcolby</Data><Data Name='TargetUser'>ECORP\tcolby</Data>",ProcessAccess,10,240479,,,,0x101411,"'{5770385f-c22a-43e0-bf4c-06f5698ffbd9}'",,,,,,,,,0x8000000000000000,4,,,,"'Microsoft-Windows-Sysmon'",0,,,,,,,,,"'3144'",,,,,,,240479,240479,,"technique_id=T1036,technique_name=Masquerading",,,"S-1-5-18",,,,,"C:\Users\tcolby\AppData\Local\Microsoft\OneDrive\OneDrive.exe",,,,,"{fc7e85d2-7dc4-674c-4102-000000002400}",8356,5736,"ECORP\tcolby",,"'2024-12-01T20:16:23.1155973Z'","<Provider Name='Microsoft-Windows-Sysmon' Guid='{5770385f-c22a-43e0-bf4c-06f5698ffbd9}'/><EventID>10</EventID><Version>3</Version><Level>4</Level><Task>10</Task><Opcode>0</Opcode><Keywords>0x8000000000000000</Keywords><TimeCreated SystemTime='2024-12-01T20:16:23.1155973Z'/><EventRecordID>240479</EventRecordID><Correlation/><Execution ProcessID='3144' ThreadID='4456'/><Channel>Microsoft-Windows-Sysmon/Operational</Channel><Computer>wrk-colby.Ecorp.local</Computer><Security UserID='S-1-5-18'/>",,"C:\Windows\System32\SecurityHealthSystray.exe",,"{fc7e85d2-7dc2-674c-3402-000000002400}",7684,"ECORP\tcolby",10,,"'4456'","2024-12-01T20:16:23.1155973Z",,"'S-1-5-18'","2024-12-01 20:16:23.110",3,"<Event xmlns='http://schemas.microsoft.com/win/2004/08/events/event'><System><Provider Name='Microsoft-Windows-Sysmon' Guid='{5770385f-c22a-43e0-bf4c-06f5698ffbd9}'/><EventID>10</EventID><Version>3</Version><Level>4</Level><Task>10</Task><Opcode>0</Opcode><Keywords>0x8000000000000000</Keywords><TimeCreated SystemTime='2024-12-01T20:16:23.1155973Z'/><EventRecordID>240479</EventRecordID><Correlation/><Execution ProcessID='3144' ThreadID='4456'/><Channel>Microsoft-Windows-Sysmon/Operational</Channel><Computer>wrk-colby.Ecorp.local</Computer><Security UserID='S-1-5-18'/></System><EventData><Data Name='RuleName'>technique_id=T1036,technique_name=Masquerading</Data><Data Name='UtcTime'>2024-12-01 20:16:23.110</Data><Data Name='SourceProcessGUID'>{fc7e85d2-7dc4-674c-4102-000000002400}</Data><Data Name='SourceProcessId'>8356</Data><Data Name='SourceThreadId'>5736</Data><Data Name='SourceImage'>C:\Users\tcolby\AppData\Local\Microsoft\OneDrive\OneDrive.exe</Data><Data Name='TargetProcessGUID'>{fc7e85d2-7dc2-674c-3402-000000002400}</Data><Data Name='TargetProcessId'>7684</Data><Data Name='TargetImage'>C:\Windows\System32\SecurityHealthSystray.exe</Data><Data Name='GrantedAccess'>0x101411</Data><Data Name='CallTrace'>C:\Windows\SYSTEM32\ntdll.dll+9d9b4|C:\Windows\System32\KERNELBASE.dll+338ae|C:\Users\tcolby\AppData\Local\Microsoft\OneDrive\24.216.1027.0003\FileSyncClient.dll+5e7821|C:\Users\tcolby\AppData\Local\Microsoft\OneDrive\24.216.1027.0003\FileSyncClient.dll+89a76|C:\Users\tcolby\AppData\Local\Microsoft\OneDrive\24.216.1027.0003\FileSyncClient.dll+897f7|C:\Users\tcolby\AppData\Local\Microsoft\OneDrive\24.216.1027.0003\FileSyncClient.dll+896e6|C:\Users\tcolby\AppData\Local\Microsoft\OneDrive\24.216.1027.0003\FileSyncEvents.dll+edb1|C:\Users\tcolby\AppData\Local\Microsoft\OneDrive\24.216.1027.0003\FileSyncHost.DLL+ce95|C:\Users\tcolby\AppData\Local\Microsoft\OneDrive\24.216.1027.0003\FileSyncHost.DLL+f665|C:\Windows\System32\ucrtbase.dll+21bb2|C:\Windows\System32\KERNEL32.DLL+17374|C:\Windows\SYSTEM32\ntdll.dll+4cc91</Data><Data Name='SourceUser'>ECORP\tcolby</Data><Data Name='TargetUser'>ECORP\tcolby</Data></EventData></Event>","2024-12-01T15:16:23.110-0500",allowed,,,,,,,20,1,16,december,23,sunday,2024,0,,"wrk-colby.Ecorp.local",,,,,"wrk-colby.Ecorp.local",,"WRK-COLBY",240479,"endpoint_services_processes ms-sysmon-process windows_event_signature",,,,,,,0x101411,"WRK-COLBY",,,240479,main,1,,,,,,,,,"Microsoft Windows",,"OneDrive.exe","{fc7e85d2-7dc4-674c-4102-000000002400}",8356,"OneDrive.exe","C:\Users\tcolby\AppData\Local\Microsoft\OneDrive\OneDrive.exe",,,,"SecurityHealthSystray.exe","{fc7e85d2-7dc2-674c-3402-000000002400}",,7684,,"SecurityHealthSystray.exe","C:\Windows\System32\SecurityHealthSystray.exe",,,"<_='://../////'><><_='--'_='{----}'/><></><></><><",,,,,,,,,,,,,,,,,,,,,informational,4,ProcessAccess,10,"XmlWinEventLog:Microsoft-Windows-Sysmon/Operational",XmlWinEventLog,"wrk-colby",,,,,,,,,,,,"process
report
track_event_signatures",,"process
report
track_event_signatures",712,689,,,,,,,tcolby,,"'S-1-5-18'",,"Microsoft Sysmon"
,"C:\Windows\SYSTEM32\ntdll.dll+9d9b4|C:\Windows\System32\KERNELBASE.dll+338ae|C:\Users\tcolby\AppData\Local\Microsoft\OneDrive\24.216.1027.0003\FileSyncClient.dll+5e7821|C:\Users\tcolby\AppData\Local\Microsoft\OneDrive\24.216.1027.0003\FileSyncClient.dll+89a76|C:\Users\tcolby\AppData\Local\Microsoft\OneDrive\24.216.1027.0003\FileSyncClient.dll+897f7|C:\Users\tcolby\AppData\Local\Microsoft\OneDrive\24.216.1027.0003\FileSyncClient.dll+896e6|C:\Users\tcolby\AppData\Local\Microsoft\OneDrive\24.216.1027.0003\FileSyncEvents.dll+edb1|C:\Users\tcolby\AppData\Local\Microsoft\OneDrive\24.216.1027.0003\FileSyncHost.DLL+ce95|C:\Users\tcolby\AppData\Local\Microsoft\OneDrive\24.216.1027.0003\FileSyncHost.DLL+f665|C:\Windows\System32\ucrtbase.dll+21bb2|C:\Windows\System32\KERNEL32.DLL+17374|C:\Windows\SYSTEM32\ntdll.dll+4cc91",,"Microsoft-Windows-Sysmon/Operational",,,,"wrk-colby.Ecorp.local",,,,,,,,,,,,"Microsoft-Windows-Sysmon/Operational",10,"<Data Name='RuleName'>technique_id=T1036,technique_name=Masquerading</Data><Data Name='UtcTime'>2024-12-01 20:16:23.110</Data><Data Name='SourceProcessGUID'>{fc7e85d2-7dc4-674c-4102-000000002400}</Data><Data Name='SourceProcessId'>8356</Data><Data Name='SourceThreadId'>5736</Data><Data Name='SourceImage'>C:\Users\tcolby\AppData\Local\Microsoft\OneDrive\OneDrive.exe</Data><Data Name='TargetProcessGUID'>{fc7e85d2-7daf-674c-e401-000000002400}</Data><Data Name='TargetProcessId'>7328</Data><Data Name='TargetImage'>C:\Windows\System32\RuntimeBroker.exe</Data><Data Name='GrantedAccess'>0x101411</Data><Data Name='CallTrace'>C:\Windows\SYSTEM32\ntdll.dll+9d9b4|C:\Windows\System32\KERNELBASE.dll+338ae|C:\Users\tcolby\AppData\Local\Microsoft\OneDrive\24.216.1027.0003\FileSyncClient.dll+5e7821|C:\Users\tcolby\AppData\Local\Microsoft\OneDrive\24.216.1027.0003\FileSyncClient.dll+89a76|C:\Users\tcolby\AppData\Local\Microsoft\OneDrive\24.216.1027.0003\FileSyncClient.dll+897f7|C:\Users\tcolby\AppData\Local\Microsoft\OneDrive\24.216.1027.0003\FileSyncClient.dll+896e6|C:\Users\tcolby\AppData\Local\Microsoft\OneDrive\24.216.1027.0003\FileSyncEvents.dll+edb1|C:\Users\tcolby\AppData\Local\Microsoft\OneDrive\24.216.1027.0003\FileSyncHost.DLL+ce95|C:\Users\tcolby\AppData\Local\Microsoft\OneDrive\24.216.1027.0003\FileSyncHost.DLL+f665|C:\Windows\System32\ucrtbase.dll+21bb2|C:\Windows\System32\KERNEL32.DLL+17374|C:\Windows\SYSTEM32\ntdll.dll+4cc91</Data><Data Name='SourceUser'>ECORP\tcolby</Data><Data Name='TargetUser'>ECORP\tcolby</Data>",ProcessAccess,10,240478,,,,0x101411,"'{5770385f-c22a-43e0-bf4c-06f5698ffbd9}'",,,,,,,,,0x8000000000000000,4,,,,"'Microsoft-Windows-Sysmon'",0,,,,,,,,,"'3144'",,,,,,,240478,240478,,"technique_id=T1036,technique_name=Masquerading",,,"S-1-5-18",,,,,"C:\Users\tcolby\AppData\Local\Microsoft\OneDrive\OneDrive.exe",,,,,"{fc7e85d2-7dc4-674c-4102-000000002400}",8356,5736,"ECORP\tcolby",,"'2024-12-01T20:16:23.1147021Z'","<Provider Name='Microsoft-Windows-Sysmon' Guid='{5770385f-c22a-43e0-bf4c-06f5698ffbd9}'/><EventID>10</EventID><Version>3</Version><Level>4</Level><Task>10</Task><Opcode>0</Opcode><Keywords>0x8000000000000000</Keywords><TimeCreated SystemTime='2024-12-01T20:16:23.1147021Z'/><EventRecordID>240478</EventRecordID><Correlation/><Execution ProcessID='3144' ThreadID='4456'/><Channel>Microsoft-Windows-Sysmon/Operational</Channel><Computer>wrk-colby.Ecorp.local</Computer><Security UserID='S-1-5-18'/>",,"C:\Windows\System32\RuntimeBroker.exe",,"{fc7e85d2-7daf-674c-e401-000000002400}",7328,"ECORP\tcolby",10,,"'4456'","2024-12-01T20:16:23.1147021Z",,"'S-1-5-18'","2024-12-01 20:16:23.110",3,"<Event xmlns='http://schemas.microsoft.com/win/2004/08/events/event'><System><Provider Name='Microsoft-Windows-Sysmon' Guid='{5770385f-c22a-43e0-bf4c-06f5698ffbd9}'/><EventID>10</EventID><Version>3</Version><Level>4</Level><Task>10</Task><Opcode>0</Opcode><Keywords>0x8000000000000000</Keywords><TimeCreated SystemTime='2024-12-01T20:16:23.1147021Z'/><EventRecordID>240478</EventRecordID><Correlation/><Execution ProcessID='3144' ThreadID='4456'/><Channel>Microsoft-Windows-Sysmon/Operational</Channel><Computer>wrk-colby.Ecorp.local</Computer><Security UserID='S-1-5-18'/></System><EventData><Data Name='RuleName'>technique_id=T1036,technique_name=Masquerading</Data><Data Name='UtcTime'>2024-12-01 20:16:23.110</Data><Data Name='SourceProcessGUID'>{fc7e85d2-7dc4-674c-4102-000000002400}</Data><Data Name='SourceProcessId'>8356</Data><Data Name='SourceThreadId'>5736</Data><Data Name='SourceImage'>C:\Users\tcolby\AppData\Local\Microsoft\OneDrive\OneDrive.exe</Data><Data Name='TargetProcessGUID'>{fc7e85d2-7daf-674c-e401-000000002400}</Data><Data Name='TargetProcessId'>7328</Data><Data Name='TargetImage'>C:\Windows\System32\RuntimeBroker.exe</Data><Data Name='GrantedAccess'>0x101411</Data><Data Name='CallTrace'>C:\Windows\SYSTEM32\ntdll.dll+9d9b4|C:\Windows\System32\KERNELBASE.dll+338ae|C:\Users\tcolby\AppData\Local\Microsoft\OneDrive\24.216.1027.0003\FileSyncClient.dll+5e7821|C:\Users\tcolby\AppData\Local\Microsoft\OneDrive\24.216.1027.0003\FileSyncClient.dll+89a76|C:\Users\tcolby\AppData\Local\Microsoft\OneDrive\24.216.1027.0003\FileSyncClient.dll+897f7|C:\Users\tcolby\AppData\Local\Microsoft\OneDrive\24.216.1027.0003\FileSyncClient.dll+896e6|C:\Users\tcolby\AppData\Local\Microsoft\OneDrive\24.216.1027.0003\FileSyncEvents.dll+edb1|C:\Users\tcolby\AppData\Local\Microsoft\OneDrive\24.216.1027.0003\FileSyncHost.DLL+ce95|C:\Users\tcolby\AppData\Local\Microsoft\OneDrive\24.216.1027.0003\FileSyncHost.DLL+f665|C:\Windows\System32\ucrtbase.dll+21bb2|C:\Windows\System32\KERNEL32.DLL+17374|C:\Windows\SYSTEM32\ntdll.dll+4cc91</Data><Data Name='SourceUser'>ECORP\tcolby</Data><Data Name='TargetUser'>ECORP\tcolby</Data></EventData></Event>","2024-12-01T15:16:23.110-0500",allowed,,,,,,,20,1,16,december,23,sunday,2024,0,,"wrk-colby.Ecorp.local",,,,,"wrk-colby.Ecorp.local",,"WRK-COLBY",240478,"endpoint_services_processes ms-sysmon-process windows_event_signature",,,,,,,0x101411,"WRK-COLBY",,,240478,main,1,,,,,,,,,"Microsoft Windows",,"OneDrive.exe","{fc7e85d2-7dc4-674c-4102-000000002400}",8356,"OneDrive.exe","C:\Users\tcolby\AppData\Local\Microsoft\OneDrive\OneDrive.exe",,,,"RuntimeBroker.exe","{fc7e85d2-7daf-674c-e401-000000002400}",,7328,,"RuntimeBroker.exe","C:\Windows\System32\RuntimeBroker.exe",,,"<_='://../////'><><_='--'_='{----}'/><></><></><><",,,,,,,,,,,,,,,,,,,,,informational,4,ProcessAccess,10,"XmlWinEventLog:Microsoft-Windows-Sysmon/Operational",XmlWinEventLog,"wrk-colby",,,,,,,,,,,,"process
report
track_event_signatures",,"process
report
track_event_signatures",712,689,,,,,,,tcolby,,"'S-1-5-18'",,"Microsoft Sysmon"
,"C:\Windows\SYSTEM32\ntdll.dll+9d9b4|C:\Windows\System32\KERNELBASE.dll+338ae|C:\Users\tcolby\AppData\Local\Microsoft\OneDrive\24.216.1027.0003\FileSyncClient.dll+5e7821|C:\Users\tcolby\AppData\Local\Microsoft\OneDrive\24.216.1027.0003\FileSyncClient.dll+89a76|C:\Users\tcolby\AppData\Local\Microsoft\OneDrive\24.216.1027.0003\FileSyncClient.dll+897f7|C:\Users\tcolby\AppData\Local\Microsoft\OneDrive\24.216.1027.0003\FileSyncClient.dll+896e6|C:\Users\tcolby\AppData\Local\Microsoft\OneDrive\24.216.1027.0003\FileSyncEvents.dll+edb1|C:\Users\tcolby\AppData\Local\Microsoft\OneDrive\24.216.1027.0003\FileSyncHost.DLL+ce95|C:\Users\tcolby\AppData\Local\Microsoft\OneDrive\24.216.1027.0003\FileSyncHost.DLL+f665|C:\Windows\System32\ucrtbase.dll+21bb2|C:\Windows\System32\KERNEL32.DLL+17374|C:\Windows\SYSTEM32\ntdll.dll+4cc91",,"Microsoft-Windows-Sysmon/Operational",,,,"wrk-colby.Ecorp.local",,,,,,,,,,,,"Microsoft-Windows-Sysmon/Operational",10,"<Data Name='RuleName'>technique_id=T1036,technique_name=Masquerading</Data><Data Name='UtcTime'>2024-12-01 20:16:23.110</Data><Data Name='SourceProcessGUID'>{fc7e85d2-7dc4-674c-4102-000000002400}</Data><Data Name='SourceProcessId'>8356</Data><Data Name='SourceThreadId'>5736</Data><Data Name='SourceImage'>C:\Users\tcolby\AppData\Local\Microsoft\OneDrive\OneDrive.exe</Data><Data Name='TargetProcessGUID'>{fc7e85d2-7da9-674c-d901-000000002400}</Data><Data Name='TargetProcessId'>5572</Data><Data Name='TargetImage'>C:\Windows\System32\RuntimeBroker.exe</Data><Data Name='GrantedAccess'>0x101411</Data><Data Name='CallTrace'>C:\Windows\SYSTEM32\ntdll.dll+9d9b4|C:\Windows\System32\KERNELBASE.dll+338ae|C:\Users\tcolby\AppData\Local\Microsoft\OneDrive\24.216.1027.0003\FileSyncClient.dll+5e7821|C:\Users\tcolby\AppData\Local\Microsoft\OneDrive\24.216.1027.0003\FileSyncClient.dll+89a76|C:\Users\tcolby\AppData\Local\Microsoft\OneDrive\24.216.1027.0003\FileSyncClient.dll+897f7|C:\Users\tcolby\AppData\Local\Microsoft\OneDrive\24.216.1027.0003\FileSyncClient.dll+896e6|C:\Users\tcolby\AppData\Local\Microsoft\OneDrive\24.216.1027.0003\FileSyncEvents.dll+edb1|C:\Users\tcolby\AppData\Local\Microsoft\OneDrive\24.216.1027.0003\FileSyncHost.DLL+ce95|C:\Users\tcolby\AppData\Local\Microsoft\OneDrive\24.216.1027.0003\FileSyncHost.DLL+f665|C:\Windows\System32\ucrtbase.dll+21bb2|C:\Windows\System32\KERNEL32.DLL+17374|C:\Windows\SYSTEM32\ntdll.dll+4cc91</Data><Data Name='SourceUser'>ECORP\tcolby</Data><Data Name='TargetUser'>ECORP\tcolby</Data>",ProcessAccess,10,240477,,,,0x101411,"'{5770385f-c22a-43e0-bf4c-06f5698ffbd9}'",,,,,,,,,0x8000000000000000,4,,,,"'Microsoft-Windows-Sysmon'",0,,,,,,,,,"'3144'",,,,,,,240477,240477,,"technique_id=T1036,technique_name=Masquerading",,,"S-1-5-18",,,,,"C:\Users\tcolby\AppData\Local\Microsoft\OneDrive\OneDrive.exe",,,,,"{fc7e85d2-7dc4-674c-4102-000000002400}",8356,5736,"ECORP\tcolby",,"'2024-12-01T20:16:23.1146612Z'","<Provider Name='Microsoft-Windows-Sysmon' Guid='{5770385f-c22a-43e0-bf4c-06f5698ffbd9}'/><EventID>10</EventID><Version>3</Version><Level>4</Level><Task>10</Task><Opcode>0</Opcode><Keywords>0x8000000000000000</Keywords><TimeCreated SystemTime='2024-12-01T20:16:23.1146612Z'/><EventRecordID>240477</EventRecordID><Correlation/><Execution ProcessID='3144' ThreadID='4456'/><Channel>Microsoft-Windows-Sysmon/Operational</Channel><Computer>wrk-colby.Ecorp.local</Computer><Security UserID='S-1-5-18'/>",,"C:\Windows\System32\RuntimeBroker.exe",,"{fc7e85d2-7da9-674c-d901-000000002400}",5572,"ECORP\tcolby",10,,"'4456'","2024-12-01T20:16:23.1146612Z",,"'S-1-5-18'","2024-12-01 20:16:23.110",3,"<Event xmlns='http://schemas.microsoft.com/win/2004/08/events/event'><System><Provider Name='Microsoft-Windows-Sysmon' Guid='{5770385f-c22a-43e0-bf4c-06f5698ffbd9}'/><EventID>10</EventID><Version>3</Version><Level>4</Level><Task>10</Task><Opcode>0</Opcode><Keywords>0x8000000000000000</Keywords><TimeCreated SystemTime='2024-12-01T20:16:23.1146612Z'/><EventRecordID>240477</EventRecordID><Correlation/><Execution ProcessID='3144' ThreadID='4456'/><Channel>Microsoft-Windows-Sysmon/Operational</Channel><Computer>wrk-colby.Ecorp.local</Computer><Security UserID='S-1-5-18'/></System><EventData><Data Name='RuleName'>technique_id=T1036,technique_name=Masquerading</Data><Data Name='UtcTime'>2024-12-01 20:16:23.110</Data><Data Name='SourceProcessGUID'>{fc7e85d2-7dc4-674c-4102-000000002400}</Data><Data Name='SourceProcessId'>8356</Data><Data Name='SourceThreadId'>5736</Data><Data Name='SourceImage'>C:\Users\tcolby\AppData\Local\Microsoft\OneDrive\OneDrive.exe</Data><Data Name='TargetProcessGUID'>{fc7e85d2-7da9-674c-d901-000000002400}</Data><Data Name='TargetProcessId'>5572</Data><Data Name='TargetImage'>C:\Windows\System32\RuntimeBroker.exe</Data><Data Name='GrantedAccess'>0x101411</Data><Data Name='CallTrace'>C:\Windows\SYSTEM32\ntdll.dll+9d9b4|C:\Windows\System32\KERNELBASE.dll+338ae|C:\Users\tcolby\AppData\Local\Microsoft\OneDrive\24.216.1027.0003\FileSyncClient.dll+5e7821|C:\Users\tcolby\AppData\Local\Microsoft\OneDrive\24.216.1027.0003\FileSyncClient.dll+89a76|C:\Users\tcolby\AppData\Local\Microsoft\OneDrive\24.216.1027.0003\FileSyncClient.dll+897f7|C:\Users\tcolby\AppData\Local\Microsoft\OneDrive\24.216.1027.0003\FileSyncClient.dll+896e6|C:\Users\tcolby\AppData\Local\Microsoft\OneDrive\24.216.1027.0003\FileSyncEvents.dll+edb1|C:\Users\tcolby\AppData\Local\Microsoft\OneDrive\24.216.1027.0003\FileSyncHost.DLL+ce95|C:\Users\tcolby\AppData\Local\Microsoft\OneDrive\24.216.1027.0003\FileSyncHost.DLL+f665|C:\Windows\System32\ucrtbase.dll+21bb2|C:\Windows\System32\KERNEL32.DLL+17374|C:\Windows\SYSTEM32\ntdll.dll+4cc91</Data><Data Name='SourceUser'>ECORP\tcolby</Data><Data Name='TargetUser'>ECORP\tcolby</Data></EventData></Event>","2024-12-01T15:16:23.110-0500",allowed,,,,,,,20,1,16,december,23,sunday,2024,0,,"wrk-colby.Ecorp.local",,,,,"wrk-colby.Ecorp.local",,"WRK-COLBY",240477,"endpoint_services_processes ms-sysmon-process windows_event_signature",,,,,,,0x101411,"WRK-COLBY",,,240477,main,1,,,,,,,,,"Microsoft Windows",,"OneDrive.exe","{fc7e85d2-7dc4-674c-4102-000000002400}",8356,"OneDrive.exe","C:\Users\tcolby\AppData\Local\Microsoft\OneDrive\OneDrive.exe",,,,"RuntimeBroker.exe","{fc7e85d2-7da9-674c-d901-000000002400}",,5572,,"RuntimeBroker.exe","C:\Windows\System32\RuntimeBroker.exe",,,"<_='://../////'><><_='--'_='{----}'/><></><></><><",,,,,,,,,,,,,,,,,,,,,informational,4,ProcessAccess,10,"XmlWinEventLog:Microsoft-Windows-Sysmon/Operational",XmlWinEventLog,"wrk-colby",,,,,,,,,,,,"process
report
track_event_signatures",,"process
report
track_event_signatures",712,689,,,,,,,tcolby,,"'S-1-5-18'",,"Microsoft Sysmon"
,"C:\Windows\SYSTEM32\ntdll.dll+9d9b4|C:\Windows\System32\KERNELBASE.dll+338ae|C:\Users\tcolby\AppData\Local\Microsoft\OneDrive\24.216.1027.0003\FileSyncClient.dll+5e7821|C:\Users\tcolby\AppData\Local\Microsoft\OneDrive\24.216.1027.0003\FileSyncClient.dll+89a76|C:\Users\tcolby\AppData\Local\Microsoft\OneDrive\24.216.1027.0003\FileSyncClient.dll+897f7|C:\Users\tcolby\AppData\Local\Microsoft\OneDrive\24.216.1027.0003\FileSyncClient.dll+896e6|C:\Users\tcolby\AppData\Local\Microsoft\OneDrive\24.216.1027.0003\FileSyncEvents.dll+edb1|C:\Users\tcolby\AppData\Local\Microsoft\OneDrive\24.216.1027.0003\FileSyncHost.DLL+ce95|C:\Users\tcolby\AppData\Local\Microsoft\OneDrive\24.216.1027.0003\FileSyncHost.DLL+f665|C:\Windows\System32\ucrtbase.dll+21bb2|C:\Windows\System32\KERNEL32.DLL+17374|C:\Windows\SYSTEM32\ntdll.dll+4cc91",,"Microsoft-Windows-Sysmon/Operational",,,,"wrk-colby.Ecorp.local",,,,,,,,,,,,"Microsoft-Windows-Sysmon/Operational",10,"<Data Name='RuleName'>technique_id=T1036,technique_name=Masquerading</Data><Data Name='UtcTime'>2024-12-01 20:16:23.110</Data><Data Name='SourceProcessGUID'>{fc7e85d2-7dc4-674c-4102-000000002400}</Data><Data Name='SourceProcessId'>8356</Data><Data Name='SourceThreadId'>5736</Data><Data Name='SourceImage'>C:\Users\tcolby\AppData\Local\Microsoft\OneDrive\OneDrive.exe</Data><Data Name='TargetProcessGUID'>{fc7e85d2-7da2-674c-ba01-000000002400}</Data><Data Name='TargetProcessId'>5312</Data><Data Name='TargetImage'>C:\Windows\system32\svchost.exe</Data><Data Name='GrantedAccess'>0x101411</Data><Data Name='CallTrace'>C:\Windows\SYSTEM32\ntdll.dll+9d9b4|C:\Windows\System32\KERNELBASE.dll+338ae|C:\Users\tcolby\AppData\Local\Microsoft\OneDrive\24.216.1027.0003\FileSyncClient.dll+5e7821|C:\Users\tcolby\AppData\Local\Microsoft\OneDrive\24.216.1027.0003\FileSyncClient.dll+89a76|C:\Users\tcolby\AppData\Local\Microsoft\OneDrive\24.216.1027.0003\FileSyncClient.dll+897f7|C:\Users\tcolby\AppData\Local\Microsoft\OneDrive\24.216.1027.0003\FileSyncClient.dll+896e6|C:\Users\tcolby\AppData\Local\Microsoft\OneDrive\24.216.1027.0003\FileSyncEvents.dll+edb1|C:\Users\tcolby\AppData\Local\Microsoft\OneDrive\24.216.1027.0003\FileSyncHost.DLL+ce95|C:\Users\tcolby\AppData\Local\Microsoft\OneDrive\24.216.1027.0003\FileSyncHost.DLL+f665|C:\Windows\System32\ucrtbase.dll+21bb2|C:\Windows\System32\KERNEL32.DLL+17374|C:\Windows\SYSTEM32\ntdll.dll+4cc91</Data><Data Name='SourceUser'>ECORP\tcolby</Data><Data Name='TargetUser'>ECORP\tcolby</Data>",ProcessAccess,10,240476,,,,0x101411,"'{5770385f-c22a-43e0-bf4c-06f5698ffbd9}'",,,,,,,,,0x8000000000000000,4,,,,"'Microsoft-Windows-Sysmon'",0,,,,,,,,,"'3144'",,,,,,,240476,240476,,"technique_id=T1036,technique_name=Masquerading",,,"S-1-5-18",,,,,"C:\Users\tcolby\AppData\Local\Microsoft\OneDrive\OneDrive.exe",,,,,"{fc7e85d2-7dc4-674c-4102-000000002400}",8356,5736,"ECORP\tcolby",,"'2024-12-01T20:16:23.1146224Z'","<Provider Name='Microsoft-Windows-Sysmon' Guid='{5770385f-c22a-43e0-bf4c-06f5698ffbd9}'/><EventID>10</EventID><Version>3</Version><Level>4</Level><Task>10</Task><Opcode>0</Opcode><Keywords>0x8000000000000000</Keywords><TimeCreated SystemTime='2024-12-01T20:16:23.1146224Z'/><EventRecordID>240476</EventRecordID><Correlation/><Execution ProcessID='3144' ThreadID='4456'/><Channel>Microsoft-Windows-Sysmon/Operational</Channel><Computer>wrk-colby.Ecorp.local</Computer><Security UserID='S-1-5-18'/>",,"C:\Windows\system32\svchost.exe",,"{fc7e85d2-7da2-674c-ba01-000000002400}",5312,"ECORP\tcolby",10,,"'4456'","2024-12-01T20:16:23.1146224Z",,"'S-1-5-18'","2024-12-01 20:16:23.110",3,"<Event xmlns='http://schemas.microsoft.com/win/2004/08/events/event'><System><Provider Name='Microsoft-Windows-Sysmon' Guid='{5770385f-c22a-43e0-bf4c-06f5698ffbd9}'/><EventID>10</EventID><Version>3</Version><Level>4</Level><Task>10</Task><Opcode>0</Opcode><Keywords>0x8000000000000000</Keywords><TimeCreated SystemTime='2024-12-01T20:16:23.1146224Z'/><EventRecordID>240476</EventRecordID><Correlation/><Execution ProcessID='3144' ThreadID='4456'/><Channel>Microsoft-Windows-Sysmon/Operational</Channel><Computer>wrk-colby.Ecorp.local</Computer><Security UserID='S-1-5-18'/></System><EventData><Data Name='RuleName'>technique_id=T1036,technique_name=Masquerading</Data><Data Name='UtcTime'>2024-12-01 20:16:23.110</Data><Data Name='SourceProcessGUID'>{fc7e85d2-7dc4-674c-4102-000000002400}</Data><Data Name='SourceProcessId'>8356</Data><Data Name='SourceThreadId'>5736</Data><Data Name='SourceImage'>C:\Users\tcolby\AppData\Local\Microsoft\OneDrive\OneDrive.exe</Data><Data Name='TargetProcessGUID'>{fc7e85d2-7da2-674c-ba01-000000002400}</Data><Data Name='TargetProcessId'>5312</Data><Data Name='TargetImage'>C:\Windows\system32\svchost.exe</Data><Data Name='GrantedAccess'>0x101411</Data><Data Name='CallTrace'>C:\Windows\SYSTEM32\ntdll.dll+9d9b4|C:\Windows\System32\KERNELBASE.dll+338ae|C:\Users\tcolby\AppData\Local\Microsoft\OneDrive\24.216.1027.0003\FileSyncClient.dll+5e7821|C:\Users\tcolby\AppData\Local\Microsoft\OneDrive\24.216.1027.0003\FileSyncClient.dll+89a76|C:\Users\tcolby\AppData\Local\Microsoft\OneDrive\24.216.1027.0003\FileSyncClient.dll+897f7|C:\Users\tcolby\AppData\Local\Microsoft\OneDrive\24.216.1027.0003\FileSyncClient.dll+896e6|C:\Users\tcolby\AppData\Local\Microsoft\OneDrive\24.216.1027.0003\FileSyncEvents.dll+edb1|C:\Users\tcolby\AppData\Local\Microsoft\OneDrive\24.216.1027.0003\FileSyncHost.DLL+ce95|C:\Users\tcolby\AppData\Local\Microsoft\OneDrive\24.216.1027.0003\FileSyncHost.DLL+f665|C:\Windows\System32\ucrtbase.dll+21bb2|C:\Windows\System32\KERNEL32.DLL+17374|C:\Windows\SYSTEM32\ntdll.dll+4cc91</Data><Data Name='SourceUser'>ECORP\tcolby</Data><Data Name='TargetUser'>ECORP\tcolby</Data></EventData></Event>","2024-12-01T15:16:23.110-0500",allowed,,,,,,,20,1,16,december,23,sunday,2024,0,,"wrk-colby.Ecorp.local",,,,,"wrk-colby.Ecorp.local",,"WRK-COLBY",240476,"endpoint_services_processes ms-sysmon-process windows_event_signature",,,,,,,0x101411,"WRK-COLBY",,,240476,main,1,,,,,,,,,"Microsoft Windows",,"OneDrive.exe","{fc7e85d2-7dc4-674c-4102-000000002400}",8356,"OneDrive.exe","C:\Users\tcolby\AppData\Local\Microsoft\OneDrive\OneDrive.exe",,,,"svchost.exe","{fc7e85d2-7da2-674c-ba01-000000002400}",,5312,,"svchost.exe","C:\Windows\system32\svchost.exe",,,"<_='://../////'><><_='--'_='{----}'/><></><></><><",,,,,,,,,,,,,,,,,,,,,informational,4,ProcessAccess,10,"XmlWinEventLog:Microsoft-Windows-Sysmon/Operational",XmlWinEventLog,"wrk-colby",,,,,,,,,,,,"process
report
track_event_signatures",,"process
report
track_event_signatures",712,689,,,,,,,tcolby,,"'S-1-5-18'",,"Microsoft Sysmon"
,"C:\Windows\SYSTEM32\ntdll.dll+9d9b4|C:\Windows\System32\KERNELBASE.dll+338ae|C:\Users\tcolby\AppData\Local\Microsoft\OneDrive\24.216.1027.0003\FileSyncClient.dll+5e7821|C:\Users\tcolby\AppData\Local\Microsoft\OneDrive\24.216.1027.0003\FileSyncClient.dll+89a76|C:\Users\tcolby\AppData\Local\Microsoft\OneDrive\24.216.1027.0003\FileSyncClient.dll+897f7|C:\Users\tcolby\AppData\Local\Microsoft\OneDrive\24.216.1027.0003\FileSyncClient.dll+896e6|C:\Users\tcolby\AppData\Local\Microsoft\OneDrive\24.216.1027.0003\FileSyncEvents.dll+edb1|C:\Users\tcolby\AppData\Local\Microsoft\OneDrive\24.216.1027.0003\FileSyncHost.DLL+ce95|C:\Users\tcolby\AppData\Local\Microsoft\OneDrive\24.216.1027.0003\FileSyncHost.DLL+f665|C:\Windows\System32\ucrtbase.dll+21bb2|C:\Windows\System32\KERNEL32.DLL+17374|C:\Windows\SYSTEM32\ntdll.dll+4cc91",,"Microsoft-Windows-Sysmon/Operational",,,,"wrk-colby.Ecorp.local",,,,,,,,,,,,"Microsoft-Windows-Sysmon/Operational",10,"<Data Name='RuleName'>technique_id=T1036,technique_name=Masquerading</Data><Data Name='UtcTime'>2024-12-01 20:16:23.110</Data><Data Name='SourceProcessGUID'>{fc7e85d2-7dc4-674c-4102-000000002400}</Data><Data Name='SourceProcessId'>8356</Data><Data Name='SourceThreadId'>5736</Data><Data Name='SourceImage'>C:\Users\tcolby\AppData\Local\Microsoft\OneDrive\OneDrive.exe</Data><Data Name='TargetProcessGUID'>{fc7e85d2-7d9e-674c-a801-000000002400}</Data><Data Name='TargetProcessId'>6480</Data><Data Name='TargetImage'>C:\Windows\system32\taskhostw.exe</Data><Data Name='GrantedAccess'>0x101411</Data><Data Name='CallTrace'>C:\Windows\SYSTEM32\ntdll.dll+9d9b4|C:\Windows\System32\KERNELBASE.dll+338ae|C:\Users\tcolby\AppData\Local\Microsoft\OneDrive\24.216.1027.0003\FileSyncClient.dll+5e7821|C:\Users\tcolby\AppData\Local\Microsoft\OneDrive\24.216.1027.0003\FileSyncClient.dll+89a76|C:\Users\tcolby\AppData\Local\Microsoft\OneDrive\24.216.1027.0003\FileSyncClient.dll+897f7|C:\Users\tcolby\AppData\Local\Microsoft\OneDrive\24.216.1027.0003\FileSyncClient.dll+896e6|C:\Users\tcolby\AppData\Local\Microsoft\OneDrive\24.216.1027.0003\FileSyncEvents.dll+edb1|C:\Users\tcolby\AppData\Local\Microsoft\OneDrive\24.216.1027.0003\FileSyncHost.DLL+ce95|C:\Users\tcolby\AppData\Local\Microsoft\OneDrive\24.216.1027.0003\FileSyncHost.DLL+f665|C:\Windows\System32\ucrtbase.dll+21bb2|C:\Windows\System32\KERNEL32.DLL+17374|C:\Windows\SYSTEM32\ntdll.dll+4cc91</Data><Data Name='SourceUser'>ECORP\tcolby</Data><Data Name='TargetUser'>ECORP\tcolby</Data>",ProcessAccess,10,240475,,,,0x101411,"'{5770385f-c22a-43e0-bf4c-06f5698ffbd9}'",,,,,,,,,0x8000000000000000,4,,,,"'Microsoft-Windows-Sysmon'",0,,,,,,,,,"'3144'",,,,,,,240475,240475,,"technique_id=T1036,technique_name=Masquerading",,,"S-1-5-18",,,,,"C:\Users\tcolby\AppData\Local\Microsoft\OneDrive\OneDrive.exe",,,,,"{fc7e85d2-7dc4-674c-4102-000000002400}",8356,5736,"ECORP\tcolby",,"'2024-12-01T20:16:23.1145814Z'","<Provider Name='Microsoft-Windows-Sysmon' Guid='{5770385f-c22a-43e0-bf4c-06f5698ffbd9}'/><EventID>10</EventID><Version>3</Version><Level>4</Level><Task>10</Task><Opcode>0</Opcode><Keywords>0x8000000000000000</Keywords><TimeCreated SystemTime='2024-12-01T20:16:23.1145814Z'/><EventRecordID>240475</EventRecordID><Correlation/><Execution ProcessID='3144' ThreadID='4456'/><Channel>Microsoft-Windows-Sysmon/Operational</Channel><Computer>wrk-colby.Ecorp.local</Computer><Security UserID='S-1-5-18'/>",,"C:\Windows\system32\taskhostw.exe",,"{fc7e85d2-7d9e-674c-a801-000000002400}",6480,"ECORP\tcolby",10,,"'4456'","2024-12-01T20:16:23.1145814Z",,"'S-1-5-18'","2024-12-01 20:16:23.110",3,"<Event xmlns='http://schemas.microsoft.com/win/2004/08/events/event'><System><Provider Name='Microsoft-Windows-Sysmon' Guid='{5770385f-c22a-43e0-bf4c-06f5698ffbd9}'/><EventID>10</EventID><Version>3</Version><Level>4</Level><Task>10</Task><Opcode>0</Opcode><Keywords>0x8000000000000000</Keywords><TimeCreated SystemTime='2024-12-01T20:16:23.1145814Z'/><EventRecordID>240475</EventRecordID><Correlation/><Execution ProcessID='3144' ThreadID='4456'/><Channel>Microsoft-Windows-Sysmon/Operational</Channel><Computer>wrk-colby.Ecorp.local</Computer><Security UserID='S-1-5-18'/></System><EventData><Data Name='RuleName'>technique_id=T1036,technique_name=Masquerading</Data><Data Name='UtcTime'>2024-12-01 20:16:23.110</Data><Data Name='SourceProcessGUID'>{fc7e85d2-7dc4-674c-4102-000000002400}</Data><Data Name='SourceProcessId'>8356</Data><Data Name='SourceThreadId'>5736</Data><Data Name='SourceImage'>C:\Users\tcolby\AppData\Local\Microsoft\OneDrive\OneDrive.exe</Data><Data Name='TargetProcessGUID'>{fc7e85d2-7d9e-674c-a801-000000002400}</Data><Data Name='TargetProcessId'>6480</Data><Data Name='TargetImage'>C:\Windows\system32\taskhostw.exe</Data><Data Name='GrantedAccess'>0x101411</Data><Data Name='CallTrace'>C:\Windows\SYSTEM32\ntdll.dll+9d9b4|C:\Windows\System32\KERNELBASE.dll+338ae|C:\Users\tcolby\AppData\Local\Microsoft\OneDrive\24.216.1027.0003\FileSyncClient.dll+5e7821|C:\Users\tcolby\AppData\Local\Microsoft\OneDrive\24.216.1027.0003\FileSyncClient.dll+89a76|C:\Users\tcolby\AppData\Local\Microsoft\OneDrive\24.216.1027.0003\FileSyncClient.dll+897f7|C:\Users\tcolby\AppData\Local\Microsoft\OneDrive\24.216.1027.0003\FileSyncClient.dll+896e6|C:\Users\tcolby\AppData\Local\Microsoft\OneDrive\24.216.1027.0003\FileSyncEvents.dll+edb1|C:\Users\tcolby\AppData\Local\Microsoft\OneDrive\24.216.1027.0003\FileSyncHost.DLL+ce95|C:\Users\tcolby\AppData\Local\Microsoft\OneDrive\24.216.1027.0003\FileSyncHost.DLL+f665|C:\Windows\System32\ucrtbase.dll+21bb2|C:\Windows\System32\KERNEL32.DLL+17374|C:\Windows\SYSTEM32\ntdll.dll+4cc91</Data><Data Name='SourceUser'>ECORP\tcolby</Data><Data Name='TargetUser'>ECORP\tcolby</Data></EventData></Event>","2024-12-01T15:16:23.110-0500",allowed,,,,,,,20,1,16,december,23,sunday,2024,0,,"wrk-colby.Ecorp.local",,,,,"wrk-colby.Ecorp.local",,"WRK-COLBY",240475,"endpoint_services_processes ms-sysmon-process windows_event_signature",,,,,,,0x101411,"WRK-COLBY",,,240475,main,1,,,,,,,,,"Microsoft Windows",,"OneDrive.exe","{fc7e85d2-7dc4-674c-4102-000000002400}",8356,"OneDrive.exe","C:\Users\tcolby\AppData\Local\Microsoft\OneDrive\OneDrive.exe",,,,"taskhostw.exe","{fc7e85d2-7d9e-674c-a801-000000002400}",,6480,,"taskhostw.exe","C:\Windows\system32\taskhostw.exe",,,"<_='://../////'><><_='--'_='{----}'/><></><></><><",,,,,,,,,,,,,,,,,,,,,informational,4,ProcessAccess,10,"XmlWinEventLog:Microsoft-Windows-Sysmon/Operational",XmlWinEventLog,"wrk-colby",,,,,,,,,,,,"process
report
track_event_signatures",,"process
report
track_event_signatures",712,689,,,,,,,tcolby,,"'S-1-5-18'",,"Microsoft Sysmon"
,"C:\Windows\SYSTEM32\ntdll.dll+9d9b4|C:\Windows\System32\KERNELBASE.dll+338ae|C:\Users\tcolby\AppData\Local\Microsoft\OneDrive\24.216.1027.0003\FileSyncClient.dll+5e7821|C:\Users\tcolby\AppData\Local\Microsoft\OneDrive\24.216.1027.0003\FileSyncClient.dll+89a76|C:\Users\tcolby\AppData\Local\Microsoft\OneDrive\24.216.1027.0003\FileSyncClient.dll+897f7|C:\Users\tcolby\AppData\Local\Microsoft\OneDrive\24.216.1027.0003\FileSyncClient.dll+896e6|C:\Users\tcolby\AppData\Local\Microsoft\OneDrive\24.216.1027.0003\FileSyncEvents.dll+edb1|C:\Users\tcolby\AppData\Local\Microsoft\OneDrive\24.216.1027.0003\FileSyncHost.DLL+ce95|C:\Users\tcolby\AppData\Local\Microsoft\OneDrive\24.216.1027.0003\FileSyncHost.DLL+f665|C:\Windows\System32\ucrtbase.dll+21bb2|C:\Windows\System32\KERNEL32.DLL+17374|C:\Windows\SYSTEM32\ntdll.dll+4cc91",,"Microsoft-Windows-Sysmon/Operational",,,,"wrk-colby.Ecorp.local",,,,,,,,,,,,"Microsoft-Windows-Sysmon/Operational",10,"<Data Name='RuleName'>technique_id=T1036,technique_name=Masquerading</Data><Data Name='UtcTime'>2024-12-01 20:16:23.110</Data><Data Name='SourceProcessGUID'>{fc7e85d2-7dc4-674c-4102-000000002400}</Data><Data Name='SourceProcessId'>8356</Data><Data Name='SourceThreadId'>5736</Data><Data Name='SourceImage'>C:\Users\tcolby\AppData\Local\Microsoft\OneDrive\OneDrive.exe</Data><Data Name='TargetProcessGUID'>{fc7e85d2-7d9e-674c-a501-000000002400}</Data><Data Name='TargetProcessId'>960</Data><Data Name='TargetImage'>C:\Windows\system32\svchost.exe</Data><Data Name='GrantedAccess'>0x101411</Data><Data Name='CallTrace'>C:\Windows\SYSTEM32\ntdll.dll+9d9b4|C:\Windows\System32\KERNELBASE.dll+338ae|C:\Users\tcolby\AppData\Local\Microsoft\OneDrive\24.216.1027.0003\FileSyncClient.dll+5e7821|C:\Users\tcolby\AppData\Local\Microsoft\OneDrive\24.216.1027.0003\FileSyncClient.dll+89a76|C:\Users\tcolby\AppData\Local\Microsoft\OneDrive\24.216.1027.0003\FileSyncClient.dll+897f7|C:\Users\tcolby\AppData\Local\Microsoft\OneDrive\24.216.1027.0003\FileSyncClient.dll+896e6|C:\Users\tcolby\AppData\Local\Microsoft\OneDrive\24.216.1027.0003\FileSyncEvents.dll+edb1|C:\Users\tcolby\AppData\Local\Microsoft\OneDrive\24.216.1027.0003\FileSyncHost.DLL+ce95|C:\Users\tcolby\AppData\Local\Microsoft\OneDrive\24.216.1027.0003\FileSyncHost.DLL+f665|C:\Windows\System32\ucrtbase.dll+21bb2|C:\Windows\System32\KERNEL32.DLL+17374|C:\Windows\SYSTEM32\ntdll.dll+4cc91</Data><Data Name='SourceUser'>ECORP\tcolby</Data><Data Name='TargetUser'>ECORP\tcolby</Data>",ProcessAccess,10,240474,,,,0x101411,"'{5770385f-c22a-43e0-bf4c-06f5698ffbd9}'",,,,,,,,,0x8000000000000000,4,,,,"'Microsoft-Windows-Sysmon'",0,,,,,,,,,"'3144'",,,,,,,240474,240474,,"technique_id=T1036,technique_name=Masquerading",,,"S-1-5-18",,,,,"C:\Users\tcolby\AppData\Local\Microsoft\OneDrive\OneDrive.exe",,,,,"{fc7e85d2-7dc4-674c-4102-000000002400}",8356,5736,"ECORP\tcolby",,"'2024-12-01T20:16:23.1145069Z'","<Provider Name='Microsoft-Windows-Sysmon' Guid='{5770385f-c22a-43e0-bf4c-06f5698ffbd9}'/><EventID>10</EventID><Version>3</Version><Level>4</Level><Task>10</Task><Opcode>0</Opcode><Keywords>0x8000000000000000</Keywords><TimeCreated SystemTime='2024-12-01T20:16:23.1145069Z'/><EventRecordID>240474</EventRecordID><Correlation/><Execution ProcessID='3144' ThreadID='4456'/><Channel>Microsoft-Windows-Sysmon/Operational</Channel><Computer>wrk-colby.Ecorp.local</Computer><Security UserID='S-1-5-18'/>",,"C:\Windows\system32\svchost.exe",,"{fc7e85d2-7d9e-674c-a501-000000002400}",960,"ECORP\tcolby",10,,"'4456'","2024-12-01T20:16:23.1145069Z",,"'S-1-5-18'","2024-12-01 20:16:23.110",3,"<Event xmlns='http://schemas.microsoft.com/win/2004/08/events/event'><System><Provider Name='Microsoft-Windows-Sysmon' Guid='{5770385f-c22a-43e0-bf4c-06f5698ffbd9}'/><EventID>10</EventID><Version>3</Version><Level>4</Level><Task>10</Task><Opcode>0</Opcode><Keywords>0x8000000000000000</Keywords><TimeCreated SystemTime='2024-12-01T20:16:23.1145069Z'/><EventRecordID>240474</EventRecordID><Correlation/><Execution ProcessID='3144' ThreadID='4456'/><Channel>Microsoft-Windows-Sysmon/Operational</Channel><Computer>wrk-colby.Ecorp.local</Computer><Security UserID='S-1-5-18'/></System><EventData><Data Name='RuleName'>technique_id=T1036,technique_name=Masquerading</Data><Data Name='UtcTime'>2024-12-01 20:16:23.110</Data><Data Name='SourceProcessGUID'>{fc7e85d2-7dc4-674c-4102-000000002400}</Data><Data Name='SourceProcessId'>8356</Data><Data Name='SourceThreadId'>5736</Data><Data Name='SourceImage'>C:\Users\tcolby\AppData\Local\Microsoft\OneDrive\OneDrive.exe</Data><Data Name='TargetProcessGUID'>{fc7e85d2-7d9e-674c-a501-000000002400}</Data><Data Name='TargetProcessId'>960</Data><Data Name='TargetImage'>C:\Windows\system32\svchost.exe</Data><Data Name='GrantedAccess'>0x101411</Data><Data Name='CallTrace'>C:\Windows\SYSTEM32\ntdll.dll+9d9b4|C:\Windows\System32\KERNELBASE.dll+338ae|C:\Users\tcolby\AppData\Local\Microsoft\OneDrive\24.216.1027.0003\FileSyncClient.dll+5e7821|C:\Users\tcolby\AppData\Local\Microsoft\OneDrive\24.216.1027.0003\FileSyncClient.dll+89a76|C:\Users\tcolby\AppData\Local\Microsoft\OneDrive\24.216.1027.0003\FileSyncClient.dll+897f7|C:\Users\tcolby\AppData\Local\Microsoft\OneDrive\24.216.1027.0003\FileSyncClient.dll+896e6|C:\Users\tcolby\AppData\Local\Microsoft\OneDrive\24.216.1027.0003\FileSyncEvents.dll+edb1|C:\Users\tcolby\AppData\Local\Microsoft\OneDrive\24.216.1027.0003\FileSyncHost.DLL+ce95|C:\Users\tcolby\AppData\Local\Microsoft\OneDrive\24.216.1027.0003\FileSyncHost.DLL+f665|C:\Windows\System32\ucrtbase.dll+21bb2|C:\Windows\System32\KERNEL32.DLL+17374|C:\Windows\SYSTEM32\ntdll.dll+4cc91</Data><Data Name='SourceUser'>ECORP\tcolby</Data><Data Name='TargetUser'>ECORP\tcolby</Data></EventData></Event>","2024-12-01T15:16:23.110-0500",allowed,,,,,,,20,1,16,december,23,sunday,2024,0,,"wrk-colby.Ecorp.local",,,,,"wrk-colby.Ecorp.local",,"WRK-COLBY",240474,"endpoint_services_processes ms-sysmon-process windows_event_signature",,,,,,,0x101411,"WRK-COLBY",,,240474,main,1,,,,,,,,,"Microsoft Windows",,"OneDrive.exe","{fc7e85d2-7dc4-674c-4102-000000002400}",8356,"OneDrive.exe","C:\Users\tcolby\AppData\Local\Microsoft\OneDrive\OneDrive.exe",,,,"svchost.exe","{fc7e85d2-7d9e-674c-a501-000000002400}",,960,,"svchost.exe","C:\Windows\system32\svchost.exe",,,"<_='://../////'><><_='--'_='{----}'/><></><></><><",,,,,,,,,,,,,,,,,,,,,informational,4,ProcessAccess,10,"XmlWinEventLog:Microsoft-Windows-Sysmon/Operational",XmlWinEventLog,"wrk-colby",,,,,,,,,,,,"process
report
track_event_signatures",,"process
report
track_event_signatures",712,689,,,,,,,tcolby,,"'S-1-5-18'",,"Microsoft Sysmon"
,"C:\Windows\SYSTEM32\ntdll.dll+9d9b4|C:\Windows\System32\KERNELBASE.dll+338ae|C:\Users\tcolby\AppData\Local\Microsoft\OneDrive\24.216.1027.0003\FileSyncClient.dll+5e7821|C:\Users\tcolby\AppData\Local\Microsoft\OneDrive\24.216.1027.0003\FileSyncClient.dll+89a76|C:\Users\tcolby\AppData\Local\Microsoft\OneDrive\24.216.1027.0003\FileSyncClient.dll+897f7|C:\Users\tcolby\AppData\Local\Microsoft\OneDrive\24.216.1027.0003\FileSyncClient.dll+896e6|C:\Users\tcolby\AppData\Local\Microsoft\OneDrive\24.216.1027.0003\FileSyncEvents.dll+edb1|C:\Users\tcolby\AppData\Local\Microsoft\OneDrive\24.216.1027.0003\FileSyncHost.DLL+ce95|C:\Users\tcolby\AppData\Local\Microsoft\OneDrive\24.216.1027.0003\FileSyncHost.DLL+f665|C:\Windows\System32\ucrtbase.dll+21bb2|C:\Windows\System32\KERNEL32.DLL+17374|C:\Windows\SYSTEM32\ntdll.dll+4cc91",,"Microsoft-Windows-Sysmon/Operational",,,,"wrk-colby.Ecorp.local",,,,,,,,,,,,"Microsoft-Windows-Sysmon/Operational",10,"<Data Name='RuleName'>technique_id=T1036,technique_name=Masquerading</Data><Data Name='UtcTime'>2024-12-01 20:16:23.110</Data><Data Name='SourceProcessGUID'>{fc7e85d2-7dc4-674c-4102-000000002400}</Data><Data Name='SourceProcessId'>8356</Data><Data Name='SourceThreadId'>5736</Data><Data Name='SourceImage'>C:\Users\tcolby\AppData\Local\Microsoft\OneDrive\OneDrive.exe</Data><Data Name='TargetProcessGUID'>{fc7e85d2-7d9e-674c-a401-000000002400}</Data><Data Name='TargetProcessId'>4256</Data><Data Name='TargetImage'>C:\Windows\system32\svchost.exe</Data><Data Name='GrantedAccess'>0x101411</Data><Data Name='CallTrace'>C:\Windows\SYSTEM32\ntdll.dll+9d9b4|C:\Windows\System32\KERNELBASE.dll+338ae|C:\Users\tcolby\AppData\Local\Microsoft\OneDrive\24.216.1027.0003\FileSyncClient.dll+5e7821|C:\Users\tcolby\AppData\Local\Microsoft\OneDrive\24.216.1027.0003\FileSyncClient.dll+89a76|C:\Users\tcolby\AppData\Local\Microsoft\OneDrive\24.216.1027.0003\FileSyncClient.dll+897f7|C:\Users\tcolby\AppData\Local\Microsoft\OneDrive\24.216.1027.0003\FileSyncClient.dll+896e6|C:\Users\tcolby\AppData\Local\Microsoft\OneDrive\24.216.1027.0003\FileSyncEvents.dll+edb1|C:\Users\tcolby\AppData\Local\Microsoft\OneDrive\24.216.1027.0003\FileSyncHost.DLL+ce95|C:\Users\tcolby\AppData\Local\Microsoft\OneDrive\24.216.1027.0003\FileSyncHost.DLL+f665|C:\Windows\System32\ucrtbase.dll+21bb2|C:\Windows\System32\KERNEL32.DLL+17374|C:\Windows\SYSTEM32\ntdll.dll+4cc91</Data><Data Name='SourceUser'>ECORP\tcolby</Data><Data Name='TargetUser'>ECORP\tcolby</Data>",ProcessAccess,10,240473,,,,0x101411,"'{5770385f-c22a-43e0-bf4c-06f5698ffbd9}'",,,,,,,,,0x8000000000000000,4,,,,"'Microsoft-Windows-Sysmon'",0,,,,,,,,,"'3144'",,,,,,,240473,240473,,"technique_id=T1036,technique_name=Masquerading",,,"S-1-5-18",,,,,"C:\Users\tcolby\AppData\Local\Microsoft\OneDrive\OneDrive.exe",,,,,"{fc7e85d2-7dc4-674c-4102-000000002400}",8356,5736,"ECORP\tcolby",,"'2024-12-01T20:16:23.1144631Z'","<Provider Name='Microsoft-Windows-Sysmon' Guid='{5770385f-c22a-43e0-bf4c-06f5698ffbd9}'/><EventID>10</EventID><Version>3</Version><Level>4</Level><Task>10</Task><Opcode>0</Opcode><Keywords>0x8000000000000000</Keywords><TimeCreated SystemTime='2024-12-01T20:16:23.1144631Z'/><EventRecordID>240473</EventRecordID><Correlation/><Execution ProcessID='3144' ThreadID='4456'/><Channel>Microsoft-Windows-Sysmon/Operational</Channel><Computer>wrk-colby.Ecorp.local</Computer><Security UserID='S-1-5-18'/>",,"C:\Windows\system32\svchost.exe",,"{fc7e85d2-7d9e-674c-a401-000000002400}",4256,"ECORP\tcolby",10,,"'4456'","2024-12-01T20:16:23.1144631Z",,"'S-1-5-18'","2024-12-01 20:16:23.110",3,"<Event xmlns='http://schemas.microsoft.com/win/2004/08/events/event'><System><Provider Name='Microsoft-Windows-Sysmon' Guid='{5770385f-c22a-43e0-bf4c-06f5698ffbd9}'/><EventID>10</EventID><Version>3</Version><Level>4</Level><Task>10</Task><Opcode>0</Opcode><Keywords>0x8000000000000000</Keywords><TimeCreated SystemTime='2024-12-01T20:16:23.1144631Z'/><EventRecordID>240473</EventRecordID><Correlation/><Execution ProcessID='3144' ThreadID='4456'/><Channel>Microsoft-Windows-Sysmon/Operational</Channel><Computer>wrk-colby.Ecorp.local</Computer><Security UserID='S-1-5-18'/></System><EventData><Data Name='RuleName'>technique_id=T1036,technique_name=Masquerading</Data><Data Name='UtcTime'>2024-12-01 20:16:23.110</Data><Data Name='SourceProcessGUID'>{fc7e85d2-7dc4-674c-4102-000000002400}</Data><Data Name='SourceProcessId'>8356</Data><Data Name='SourceThreadId'>5736</Data><Data Name='SourceImage'>C:\Users\tcolby\AppData\Local\Microsoft\OneDrive\OneDrive.exe</Data><Data Name='TargetProcessGUID'>{fc7e85d2-7d9e-674c-a401-000000002400}</Data><Data Name='TargetProcessId'>4256</Data><Data Name='TargetImage'>C:\Windows\system32\svchost.exe</Data><Data Name='GrantedAccess'>0x101411</Data><Data Name='CallTrace'>C:\Windows\SYSTEM32\ntdll.dll+9d9b4|C:\Windows\System32\KERNELBASE.dll+338ae|C:\Users\tcolby\AppData\Local\Microsoft\OneDrive\24.216.1027.0003\FileSyncClient.dll+5e7821|C:\Users\tcolby\AppData\Local\Microsoft\OneDrive\24.216.1027.0003\FileSyncClient.dll+89a76|C:\Users\tcolby\AppData\Local\Microsoft\OneDrive\24.216.1027.0003\FileSyncClient.dll+897f7|C:\Users\tcolby\AppData\Local\Microsoft\OneDrive\24.216.1027.0003\FileSyncClient.dll+896e6|C:\Users\tcolby\AppData\Local\Microsoft\OneDrive\24.216.1027.0003\FileSyncEvents.dll+edb1|C:\Users\tcolby\AppData\Local\Microsoft\OneDrive\24.216.1027.0003\FileSyncHost.DLL+ce95|C:\Users\tcolby\AppData\Local\Microsoft\OneDrive\24.216.1027.0003\FileSyncHost.DLL+f665|C:\Windows\System32\ucrtbase.dll+21bb2|C:\Windows\System32\KERNEL32.DLL+17374|C:\Windows\SYSTEM32\ntdll.dll+4cc91</Data><Data Name='SourceUser'>ECORP\tcolby</Data><Data Name='TargetUser'>ECORP\tcolby</Data></EventData></Event>","2024-