12-01T15:16:23.119-0500",allowed,,,,,,,20,1,16,december,23,sunday,2024,0,,"wrk-colby.Ecorp.local",,,,,"wrk-colby.Ecorp.local",,"WRK-COLBY",240508,"endpoint_services_processes ms-sysmon-process windows_event_signature",,,,,,,0x101411,"WRK-COLBY",,,240508,main,1,,,,,,,,,"Microsoft Windows",,"OneDrive.exe","{fc7e85d2-7dc4-674c-4102-000000002400}",8356,"OneDrive.exe","C:\Users\tcolby\AppData\Local\Microsoft\OneDrive\OneDrive.exe",,,,"msedge.exe","{fc7e85d2-b610-674c-47a3-000000002400}",,4284,,"msedge.exe","C:\Program Files (x86)\Microsoft\Edge\Application\msedge.exe",,,"<_='://../////'><><_='--'_='{----}'/><></><></><><",,,,,,,,,,,,,,,,,,,,,informational,4,ProcessAccess,10,"XmlWinEventLog:Microsoft-Windows-Sysmon/Operational",XmlWinEventLog,"wrk-colby",,,,,,,,,,,,"process
report
track_event_signatures",,"process
report
track_event_signatures",712,689,,,,,,,tcolby,,"'S-1-5-18'",,"Microsoft Sysmon"
,"C:\Windows\SYSTEM32\ntdll.dll+9d9b4|C:\Windows\System32\KERNELBASE.dll+338ae|C:\Users\tcolby\AppData\Local\Microsoft\OneDrive\24.216.1027.0003\FileSyncClient.dll+5e7821|C:\Users\tcolby\AppData\Local\Microsoft\OneDrive\24.216.1027.0003\FileSyncClient.dll+89a76|C:\Users\tcolby\AppData\Local\Microsoft\OneDrive\24.216.1027.0003\FileSyncClient.dll+897f7|C:\Users\tcolby\AppData\Local\Microsoft\OneDrive\24.216.1027.0003\FileSyncClient.dll+896e6|C:\Users\tcolby\AppData\Local\Microsoft\OneDrive\24.216.1027.0003\FileSyncEvents.dll+edb1|C:\Users\tcolby\AppData\Local\Microsoft\OneDrive\24.216.1027.0003\FileSyncHost.DLL+ce95|C:\Users\tcolby\AppData\Local\Microsoft\OneDrive\24.216.1027.0003\FileSyncHost.DLL+f665|C:\Windows\System32\ucrtbase.dll+21bb2|C:\Windows\System32\KERNEL32.DLL+17374|C:\Windows\SYSTEM32\ntdll.dll+4cc91",,"Microsoft-Windows-Sysmon/Operational",,,,"wrk-colby.Ecorp.local",,,,,,,,,,,,"Microsoft-Windows-Sysmon/Operational",10,"<Data Name='RuleName'>technique_id=T1036,technique_name=Masquerading</Data><Data Name='UtcTime'>2024-12-01 20:16:23.119</Data><Data Name='SourceProcessGUID'>{fc7e85d2-7dc4-674c-4102-000000002400}</Data><Data Name='SourceProcessId'>8356</Data><Data Name='SourceThreadId'>5736</Data><Data Name='SourceImage'>C:\Users\tcolby\AppData\Local\Microsoft\OneDrive\OneDrive.exe</Data><Data Name='TargetProcessGUID'>{fc7e85d2-b610-674c-45a3-000000002400}</Data><Data Name='TargetProcessId'>5288</Data><Data Name='TargetImage'>C:\Program Files (x86)\Microsoft\Edge\Application\msedge.exe</Data><Data Name='GrantedAccess'>0x101411</Data><Data Name='CallTrace'>C:\Windows\SYSTEM32\ntdll.dll+9d9b4|C:\Windows\System32\KERNELBASE.dll+338ae|C:\Users\tcolby\AppData\Local\Microsoft\OneDrive\24.216.1027.0003\FileSyncClient.dll+5e7821|C:\Users\tcolby\AppData\Local\Microsoft\OneDrive\24.216.1027.0003\FileSyncClient.dll+89a76|C:\Users\tcolby\AppData\Local\Microsoft\OneDrive\24.216.1027.0003\FileSyncClient.dll+897f7|C:\Users\tcolby\AppData\Local\Microsoft\OneDrive\24.216.1027.0003\FileSyncClient.dll+896e6|C:\Users\tcolby\AppData\Local\Microsoft\OneDrive\24.216.1027.0003\FileSyncEvents.dll+edb1|C:\Users\tcolby\AppData\Local\Microsoft\OneDrive\24.216.1027.0003\FileSyncHost.DLL+ce95|C:\Users\tcolby\AppData\Local\Microsoft\OneDrive\24.216.1027.0003\FileSyncHost.DLL+f665|C:\Windows\System32\ucrtbase.dll+21bb2|C:\Windows\System32\KERNEL32.DLL+17374|C:\Windows\SYSTEM32\ntdll.dll+4cc91</Data><Data Name='SourceUser'>ECORP\tcolby</Data><Data Name='TargetUser'>ECORP\tcolby</Data>",ProcessAccess,10,240507,,,,0x101411,"'{5770385f-c22a-43e0-bf4c-06f5698ffbd9}'",,,,,,,,,0x8000000000000000,4,,,,"'Microsoft-Windows-Sysmon'",0,,,,,,,,,"'3144'",,,,,,,240507,240507,,"technique_id=T1036,technique_name=Masquerading",,,"S-1-5-18",,,,,"C:\Users\tcolby\AppData\Local\Microsoft\OneDrive\OneDrive.exe",,,,,"{fc7e85d2-7dc4-674c-4102-000000002400}",8356,5736,"ECORP\tcolby",,"'2024-12-01T20:16:23.1223159Z'","<Provider Name='Microsoft-Windows-Sysmon' Guid='{5770385f-c22a-43e0-bf4c-06f5698ffbd9}'/><EventID>10</EventID><Version>3</Version><Level>4</Level><Task>10</Task><Opcode>0</Opcode><Keywords>0x8000000000000000</Keywords><TimeCreated SystemTime='2024-12-01T20:16:23.1223159Z'/><EventRecordID>240507</EventRecordID><Correlation/><Execution ProcessID='3144' ThreadID='4456'/><Channel>Microsoft-Windows-Sysmon/Operational</Channel><Computer>wrk-colby.Ecorp.local</Computer><Security UserID='S-1-5-18'/>",,"C:\Program Files (x86)\Microsoft\Edge\Application\msedge.exe",,"{fc7e85d2-b610-674c-45a3-000000002400}",5288,"ECORP\tcolby",10,,"'4456'","2024-12-01T20:16:23.1223159Z",,"'S-1-5-18'","2024-12-01 20:16:23.119",3,"<Event xmlns='http://schemas.microsoft.com/win/2004/08/events/event'><System><Provider Name='Microsoft-Windows-Sysmon' Guid='{5770385f-c22a-43e0-bf4c-06f5698ffbd9}'/><EventID>10</EventID><Version>3</Version><Level>4</Level><Task>10</Task><Opcode>0</Opcode><Keywords>0x8000000000000000</Keywords><TimeCreated SystemTime='2024-12-01T20:16:23.1223159Z'/><EventRecordID>240507</EventRecordID><Correlation/><Execution ProcessID='3144' ThreadID='4456'/><Channel>Microsoft-Windows-Sysmon/Operational</Channel><Computer>wrk-colby.Ecorp.local</Computer><Security UserID='S-1-5-18'/></System><EventData><Data Name='RuleName'>technique_id=T1036,technique_name=Masquerading</Data><Data Name='UtcTime'>2024-12-01 20:16:23.119</Data><Data Name='SourceProcessGUID'>{fc7e85d2-7dc4-674c-4102-000000002400}</Data><Data Name='SourceProcessId'>8356</Data><Data Name='SourceThreadId'>5736</Data><Data Name='SourceImage'>C:\Users\tcolby\AppData\Local\Microsoft\OneDrive\OneDrive.exe</Data><Data Name='TargetProcessGUID'>{fc7e85d2-b610-674c-45a3-000000002400}</Data><Data Name='TargetProcessId'>5288</Data><Data Name='TargetImage'>C:\Program Files (x86)\Microsoft\Edge\Application\msedge.exe</Data><Data Name='GrantedAccess'>0x101411</Data><Data Name='CallTrace'>C:\Windows\SYSTEM32\ntdll.dll+9d9b4|C:\Windows\System32\KERNELBASE.dll+338ae|C:\Users\tcolby\AppData\Local\Microsoft\OneDrive\24.216.1027.0003\FileSyncClient.dll+5e7821|C:\Users\tcolby\AppData\Local\Microsoft\OneDrive\24.216.1027.0003\FileSyncClient.dll+89a76|C:\Users\tcolby\AppData\Local\Microsoft\OneDrive\24.216.1027.0003\FileSyncClient.dll+897f7|C:\Users\tcolby\AppData\Local\Microsoft\OneDrive\24.216.1027.0003\FileSyncClient.dll+896e6|C:\Users\tcolby\AppData\Local\Microsoft\OneDrive\24.216.1027.0003\FileSyncEvents.dll+edb1|C:\Users\tcolby\AppData\Local\Microsoft\OneDrive\24.216.1027.0003\FileSyncHost.DLL+ce95|C:\Users\tcolby\AppData\Local\Microsoft\OneDrive\24.216.1027.0003\FileSyncHost.DLL+f665|C:\Windows\System32\ucrtbase.dll+21bb2|C:\Windows\System32\KERNEL32.DLL+17374|C:\Windows\SYSTEM32\ntdll.dll+4cc91</Data><Data Name='SourceUser'>ECORP\tcolby</Data><Data Name='TargetUser'>ECORP\tcolby</Data></EventData></Event>","2024-12-01T15:16:23.119-0500",allowed,,,,,,,20,1,16,december,23,sunday,2024,0,,"wrk-colby.Ecorp.local",,,,,"wrk-colby.Ecorp.local",,"WRK-COLBY",240507,"endpoint_services_processes ms-sysmon-process windows_event_signature",,,,,,,0x101411,"WRK-COLBY",,,240507,main,1,,,,,,,,,"Microsoft Windows",,"OneDrive.exe","{fc7e85d2-7dc4-674c-4102-000000002400}",8356,"OneDrive.exe","C:\Users\tcolby\AppData\Local\Microsoft\OneDrive\OneDrive.exe",,,,"msedge.exe","{fc7e85d2-b610-674c-45a3-000000002400}",,5288,,"msedge.exe","C:\Program Files (x86)\Microsoft\Edge\Application\msedge.exe",,,"<_='://../////'><><_='--'_='{----}'/><></><></><><",,,,,,,,,,,,,,,,,,,,,informational,4,ProcessAccess,10,"XmlWinEventLog:Microsoft-Windows-Sysmon/Operational",XmlWinEventLog,"wrk-colby",,,,,,,,,,,,"process
report
track_event_signatures",,"process
report
track_event_signatures",712,689,,,,,,,tcolby,,"'S-1-5-18'",,"Microsoft Sysmon"
,"C:\Windows\SYSTEM32\ntdll.dll+9d9b4|C:\Windows\System32\KERNELBASE.dll+338ae|C:\Users\tcolby\AppData\Local\Microsoft\OneDrive\24.216.1027.0003\FileSyncClient.dll+5e7821|C:\Users\tcolby\AppData\Local\Microsoft\OneDrive\24.216.1027.0003\FileSyncClient.dll+89a76|C:\Users\tcolby\AppData\Local\Microsoft\OneDrive\24.216.1027.0003\FileSyncClient.dll+897f7|C:\Users\tcolby\AppData\Local\Microsoft\OneDrive\24.216.1027.0003\FileSyncClient.dll+896e6|C:\Users\tcolby\AppData\Local\Microsoft\OneDrive\24.216.1027.0003\FileSyncEvents.dll+edb1|C:\Users\tcolby\AppData\Local\Microsoft\OneDrive\24.216.1027.0003\FileSyncHost.DLL+ce95|C:\Users\tcolby\AppData\Local\Microsoft\OneDrive\24.216.1027.0003\FileSyncHost.DLL+f665|C:\Windows\System32\ucrtbase.dll+21bb2|C:\Windows\System32\KERNEL32.DLL+17374|C:\Windows\SYSTEM32\ntdll.dll+4cc91",,"Microsoft-Windows-Sysmon/Operational",,,,"wrk-colby.Ecorp.local",,,,,,,,,,,,"Microsoft-Windows-Sysmon/Operational",10,"<Data Name='RuleName'>technique_id=T1036,technique_name=Masquerading</Data><Data Name='UtcTime'>2024-12-01 20:16:23.119</Data><Data Name='SourceProcessGUID'>{fc7e85d2-7dc4-674c-4102-000000002400}</Data><Data Name='SourceProcessId'>8356</Data><Data Name='SourceThreadId'>5736</Data><Data Name='SourceImage'>C:\Users\tcolby\AppData\Local\Microsoft\OneDrive\OneDrive.exe</Data><Data Name='TargetProcessGUID'>{fc7e85d2-b610-674c-44a3-000000002400}</Data><Data Name='TargetProcessId'>6648</Data><Data Name='TargetImage'>C:\Program Files (x86)\Microsoft\Edge\Application\msedge.exe</Data><Data Name='GrantedAccess'>0x101411</Data><Data Name='CallTrace'>C:\Windows\SYSTEM32\ntdll.dll+9d9b4|C:\Windows\System32\KERNELBASE.dll+338ae|C:\Users\tcolby\AppData\Local\Microsoft\OneDrive\24.216.1027.0003\FileSyncClient.dll+5e7821|C:\Users\tcolby\AppData\Local\Microsoft\OneDrive\24.216.1027.0003\FileSyncClient.dll+89a76|C:\Users\tcolby\AppData\Local\Microsoft\OneDrive\24.216.1027.0003\FileSyncClient.dll+897f7|C:\Users\tcolby\AppData\Local\Microsoft\OneDrive\24.216.1027.0003\FileSyncClient.dll+896e6|C:\Users\tcolby\AppData\Local\Microsoft\OneDrive\24.216.1027.0003\FileSyncEvents.dll+edb1|C:\Users\tcolby\AppData\Local\Microsoft\OneDrive\24.216.1027.0003\FileSyncHost.DLL+ce95|C:\Users\tcolby\AppData\Local\Microsoft\OneDrive\24.216.1027.0003\FileSyncHost.DLL+f665|C:\Windows\System32\ucrtbase.dll+21bb2|C:\Windows\System32\KERNEL32.DLL+17374|C:\Windows\SYSTEM32\ntdll.dll+4cc91</Data><Data Name='SourceUser'>ECORP\tcolby</Data><Data Name='TargetUser'>ECORP\tcolby</Data>",ProcessAccess,10,240506,,,,0x101411,"'{5770385f-c22a-43e0-bf4c-06f5698ffbd9}'",,,,,,,,,0x8000000000000000,4,,,,"'Microsoft-Windows-Sysmon'",0,,,,,,,,,"'3144'",,,,,,,240506,240506,,"technique_id=T1036,technique_name=Masquerading",,,"S-1-5-18",,,,,"C:\Users\tcolby\AppData\Local\Microsoft\OneDrive\OneDrive.exe",,,,,"{fc7e85d2-7dc4-674c-4102-000000002400}",8356,5736,"ECORP\tcolby",,"'2024-12-01T20:16:23.1222788Z'","<Provider Name='Microsoft-Windows-Sysmon' Guid='{5770385f-c22a-43e0-bf4c-06f5698ffbd9}'/><EventID>10</EventID><Version>3</Version><Level>4</Level><Task>10</Task><Opcode>0</Opcode><Keywords>0x8000000000000000</Keywords><TimeCreated SystemTime='2024-12-01T20:16:23.1222788Z'/><EventRecordID>240506</EventRecordID><Correlation/><Execution ProcessID='3144' ThreadID='4456'/><Channel>Microsoft-Windows-Sysmon/Operational</Channel><Computer>wrk-colby.Ecorp.local</Computer><Security UserID='S-1-5-18'/>",,"C:\Program Files (x86)\Microsoft\Edge\Application\msedge.exe",,"{fc7e85d2-b610-674c-44a3-000000002400}",6648,"ECORP\tcolby",10,,"'4456'","2024-12-01T20:16:23.1222788Z",,"'S-1-5-18'","2024-12-01 20:16:23.119",3,"<Event xmlns='http://schemas.microsoft.com/win/2004/08/events/event'><System><Provider Name='Microsoft-Windows-Sysmon' Guid='{5770385f-c22a-43e0-bf4c-06f5698ffbd9}'/><EventID>10</EventID><Version>3</Version><Level>4</Level><Task>10</Task><Opcode>0</Opcode><Keywords>0x8000000000000000</Keywords><TimeCreated SystemTime='2024-12-01T20:16:23.1222788Z'/><EventRecordID>240506</EventRecordID><Correlation/><Execution ProcessID='3144' ThreadID='4456'/><Channel>Microsoft-Windows-Sysmon/Operational</Channel><Computer>wrk-colby.Ecorp.local</Computer><Security UserID='S-1-5-18'/></System><EventData><Data Name='RuleName'>technique_id=T1036,technique_name=Masquerading</Data><Data Name='UtcTime'>2024-12-01 20:16:23.119</Data><Data Name='SourceProcessGUID'>{fc7e85d2-7dc4-674c-4102-000000002400}</Data><Data Name='SourceProcessId'>8356</Data><Data Name='SourceThreadId'>5736</Data><Data Name='SourceImage'>C:\Users\tcolby\AppData\Local\Microsoft\OneDrive\OneDrive.exe</Data><Data Name='TargetProcessGUID'>{fc7e85d2-b610-674c-44a3-000000002400}</Data><Data Name='TargetProcessId'>6648</Data><Data Name='TargetImage'>C:\Program Files (x86)\Microsoft\Edge\Application\msedge.exe</Data><Data Name='GrantedAccess'>0x101411</Data><Data Name='CallTrace'>C:\Windows\SYSTEM32\ntdll.dll+9d9b4|C:\Windows\System32\KERNELBASE.dll+338ae|C:\Users\tcolby\AppData\Local\Microsoft\OneDrive\24.216.1027.0003\FileSyncClient.dll+5e7821|C:\Users\tcolby\AppData\Local\Microsoft\OneDrive\24.216.1027.0003\FileSyncClient.dll+89a76|C:\Users\tcolby\AppData\Local\Microsoft\OneDrive\24.216.1027.0003\FileSyncClient.dll+897f7|C:\Users\tcolby\AppData\Local\Microsoft\OneDrive\24.216.1027.0003\FileSyncClient.dll+896e6|C:\Users\tcolby\AppData\Local\Microsoft\OneDrive\24.216.1027.0003\FileSyncEvents.dll+edb1|C:\Users\tcolby\AppData\Local\Microsoft\OneDrive\24.216.1027.0003\FileSyncHost.DLL+ce95|C:\Users\tcolby\AppData\Local\Microsoft\OneDrive\24.216.1027.0003\FileSyncHost.DLL+f665|C:\Windows\System32\ucrtbase.dll+21bb2|C:\Windows\System32\KERNEL32.DLL+17374|C:\Windows\SYSTEM32\ntdll.dll+4cc91</Data><Data Name='SourceUser'>ECORP\tcolby</Data><Data Name='TargetUser'>ECORP\tcolby</Data></EventData></Event>","2024-12-01T15:16:23.119-0500",allowed,,,,,,,20,1,16,december,23,sunday,2024,0,,"wrk-colby.Ecorp.local",,,,,"wrk-colby.Ecorp.local",,"WRK-COLBY",240506,"endpoint_services_processes ms-sysmon-process windows_event_signature",,,,,,,0x101411,"WRK-COLBY",,,240506,main,1,,,,,,,,,"Microsoft Windows",,"OneDrive.exe","{fc7e85d2-7dc4-674c-4102-000000002400}",8356,"OneDrive.exe","C:\Users\tcolby\AppData\Local\Microsoft\OneDrive\OneDrive.exe",,,,"msedge.exe","{fc7e85d2-b610-674c-44a3-000000002400}",,6648,,"msedge.exe","C:\Program Files (x86)\Microsoft\Edge\Application\msedge.exe",,,"<_='://../////'><><_='--'_='{----}'/><></><></><><",,,,,,,,,,,,,,,,,,,,,informational,4,ProcessAccess,10,"XmlWinEventLog:Microsoft-Windows-Sysmon/Operational",XmlWinEventLog,"wrk-colby",,,,,,,,,,,,"process
report
track_event_signatures",,"process
report
track_event_signatures",712,689,,,,,,,tcolby,,"'S-1-5-18'",,"Microsoft Sysmon"
,"C:\Windows\SYSTEM32\ntdll.dll+9d9b4|C:\Windows\System32\KERNELBASE.dll+338ae|C:\Users\tcolby\AppData\Local\Microsoft\OneDrive\24.216.1027.0003\FileSyncClient.dll+5e7821|C:\Users\tcolby\AppData\Local\Microsoft\OneDrive\24.216.1027.0003\FileSyncClient.dll+89a76|C:\Users\tcolby\AppData\Local\Microsoft\OneDrive\24.216.1027.0003\FileSyncClient.dll+897f7|C:\Users\tcolby\AppData\Local\Microsoft\OneDrive\24.216.1027.0003\FileSyncClient.dll+896e6|C:\Users\tcolby\AppData\Local\Microsoft\OneDrive\24.216.1027.0003\FileSyncEvents.dll+edb1|C:\Users\tcolby\AppData\Local\Microsoft\OneDrive\24.216.1027.0003\FileSyncHost.DLL+ce95|C:\Users\tcolby\AppData\Local\Microsoft\OneDrive\24.216.1027.0003\FileSyncHost.DLL+f665|C:\Windows\System32\ucrtbase.dll+21bb2|C:\Windows\System32\KERNEL32.DLL+17374|C:\Windows\SYSTEM32\ntdll.dll+4cc91",,"Microsoft-Windows-Sysmon/Operational",,,,"wrk-colby.Ecorp.local",,,,,,,,,,,,"Microsoft-Windows-Sysmon/Operational",10,"<Data Name='RuleName'>technique_id=T1036,technique_name=Masquerading</Data><Data Name='UtcTime'>2024-12-01 20:16:23.119</Data><Data Name='SourceProcessGUID'>{fc7e85d2-7dc4-674c-4102-000000002400}</Data><Data Name='SourceProcessId'>8356</Data><Data Name='SourceThreadId'>5736</Data><Data Name='SourceImage'>C:\Users\tcolby\AppData\Local\Microsoft\OneDrive\OneDrive.exe</Data><Data Name='TargetProcessGUID'>{fc7e85d2-b610-674c-43a3-000000002400}</Data><Data Name='TargetProcessId'>4772</Data><Data Name='TargetImage'>C:\Program Files (x86)\Microsoft\Edge\Application\msedge.exe</Data><Data Name='GrantedAccess'>0x101411</Data><Data Name='CallTrace'>C:\Windows\SYSTEM32\ntdll.dll+9d9b4|C:\Windows\System32\KERNELBASE.dll+338ae|C:\Users\tcolby\AppData\Local\Microsoft\OneDrive\24.216.1027.0003\FileSyncClient.dll+5e7821|C:\Users\tcolby\AppData\Local\Microsoft\OneDrive\24.216.1027.0003\FileSyncClient.dll+89a76|C:\Users\tcolby\AppData\Local\Microsoft\OneDrive\24.216.1027.0003\FileSyncClient.dll+897f7|C:\Users\tcolby\AppData\Local\Microsoft\OneDrive\24.216.1027.0003\FileSyncClient.dll+896e6|C:\Users\tcolby\AppData\Local\Microsoft\OneDrive\24.216.1027.0003\FileSyncEvents.dll+edb1|C:\Users\tcolby\AppData\Local\Microsoft\OneDrive\24.216.1027.0003\FileSyncHost.DLL+ce95|C:\Users\tcolby\AppData\Local\Microsoft\OneDrive\24.216.1027.0003\FileSyncHost.DLL+f665|C:\Windows\System32\ucrtbase.dll+21bb2|C:\Windows\System32\KERNEL32.DLL+17374|C:\Windows\SYSTEM32\ntdll.dll+4cc91</Data><Data Name='SourceUser'>ECORP\tcolby</Data><Data Name='TargetUser'>ECORP\tcolby</Data>",ProcessAccess,10,240505,,,,0x101411,"'{5770385f-c22a-43e0-bf4c-06f5698ffbd9}'",,,,,,,,,0x8000000000000000,4,,,,"'Microsoft-Windows-Sysmon'",0,,,,,,,,,"'3144'",,,,,,,240505,240505,,"technique_id=T1036,technique_name=Masquerading",,,"S-1-5-18",,,,,"C:\Users\tcolby\AppData\Local\Microsoft\OneDrive\OneDrive.exe",,,,,"{fc7e85d2-7dc4-674c-4102-000000002400}",8356,5736,"ECORP\tcolby",,"'2024-12-01T20:16:23.1222429Z'","<Provider Name='Microsoft-Windows-Sysmon' Guid='{5770385f-c22a-43e0-bf4c-06f5698ffbd9}'/><EventID>10</EventID><Version>3</Version><Level>4</Level><Task>10</Task><Opcode>0</Opcode><Keywords>0x8000000000000000</Keywords><TimeCreated SystemTime='2024-12-01T20:16:23.1222429Z'/><EventRecordID>240505</EventRecordID><Correlation/><Execution ProcessID='3144' ThreadID='4456'/><Channel>Microsoft-Windows-Sysmon/Operational</Channel><Computer>wrk-colby.Ecorp.local</Computer><Security UserID='S-1-5-18'/>",,"C:\Program Files (x86)\Microsoft\Edge\Application\msedge.exe",,"{fc7e85d2-b610-674c-43a3-000000002400}",4772,"ECORP\tcolby",10,,"'4456'","2024-12-01T20:16:23.1222429Z",,"'S-1-5-18'","2024-12-01 20:16:23.119",3,"<Event xmlns='http://schemas.microsoft.com/win/2004/08/events/event'><System><Provider Name='Microsoft-Windows-Sysmon' Guid='{5770385f-c22a-43e0-bf4c-06f5698ffbd9}'/><EventID>10</EventID><Version>3</Version><Level>4</Level><Task>10</Task><Opcode>0</Opcode><Keywords>0x8000000000000000</Keywords><TimeCreated SystemTime='2024-12-01T20:16:23.1222429Z'/><EventRecordID>240505</EventRecordID><Correlation/><Execution ProcessID='3144' ThreadID='4456'/><Channel>Microsoft-Windows-Sysmon/Operational</Channel><Computer>wrk-colby.Ecorp.local</Computer><Security UserID='S-1-5-18'/></System><EventData><Data Name='RuleName'>technique_id=T1036,technique_name=Masquerading</Data><Data Name='UtcTime'>2024-12-01 20:16:23.119</Data><Data Name='SourceProcessGUID'>{fc7e85d2-7dc4-674c-4102-000000002400}</Data><Data Name='SourceProcessId'>8356</Data><Data Name='SourceThreadId'>5736</Data><Data Name='SourceImage'>C:\Users\tcolby\AppData\Local\Microsoft\OneDrive\OneDrive.exe</Data><Data Name='TargetProcessGUID'>{fc7e85d2-b610-674c-43a3-000000002400}</Data><Data Name='TargetProcessId'>4772</Data><Data Name='TargetImage'>C:\Program Files (x86)\Microsoft\Edge\Application\msedge.exe</Data><Data Name='GrantedAccess'>0x101411</Data><Data Name='CallTrace'>C:\Windows\SYSTEM32\ntdll.dll+9d9b4|C:\Windows\System32\KERNELBASE.dll+338ae|C:\Users\tcolby\AppData\Local\Microsoft\OneDrive\24.216.1027.0003\FileSyncClient.dll+5e7821|C:\Users\tcolby\AppData\Local\Microsoft\OneDrive\24.216.1027.0003\FileSyncClient.dll+89a76|C:\Users\tcolby\AppData\Local\Microsoft\OneDrive\24.216.1027.0003\FileSyncClient.dll+897f7|C:\Users\tcolby\AppData\Local\Microsoft\OneDrive\24.216.1027.0003\FileSyncClient.dll+896e6|C:\Users\tcolby\AppData\Local\Microsoft\OneDrive\24.216.1027.0003\FileSyncEvents.dll+edb1|C:\Users\tcolby\AppData\Local\Microsoft\OneDrive\24.216.1027.0003\FileSyncHost.DLL+ce95|C:\Users\tcolby\AppData\Local\Microsoft\OneDrive\24.216.1027.0003\FileSyncHost.DLL+f665|C:\Windows\System32\ucrtbase.dll+21bb2|C:\Windows\System32\KERNEL32.DLL+17374|C:\Windows\SYSTEM32\ntdll.dll+4cc91</Data><Data Name='SourceUser'>ECORP\tcolby</Data><Data Name='TargetUser'>ECORP\tcolby</Data></EventData></Event>","2024-12-01T15:16:23.119-0500",allowed,,,,,,,20,1,16,december,23,sunday,2024,0,,"wrk-colby.Ecorp.local",,,,,"wrk-colby.Ecorp.local",,"WRK-COLBY",240505,"endpoint_services_processes ms-sysmon-process windows_event_signature",,,,,,,0x101411,"WRK-COLBY",,,240505,main,1,,,,,,,,,"Microsoft Windows",,"OneDrive.exe","{fc7e85d2-7dc4-674c-4102-000000002400}",8356,"OneDrive.exe","C:\Users\tcolby\AppData\Local\Microsoft\OneDrive\OneDrive.exe",,,,"msedge.exe","{fc7e85d2-b610-674c-43a3-000000002400}",,4772,,"msedge.exe","C:\Program Files (x86)\Microsoft\Edge\Application\msedge.exe",,,"<_='://../////'><><_='--'_='{----}'/><></><></><><",,,,,,,,,,,,,,,,,,,,,informational,4,ProcessAccess,10,"XmlWinEventLog:Microsoft-Windows-Sysmon/Operational",XmlWinEventLog,"wrk-colby",,,,,,,,,,,,"process
report
track_event_signatures",,"process
report
track_event_signatures",712,689,,,,,,,tcolby,,"'S-1-5-18'",,"Microsoft Sysmon"
,"C:\Windows\SYSTEM32\ntdll.dll+9d9b4|C:\Windows\System32\KERNELBASE.dll+338ae|C:\Users\tcolby\AppData\Local\Microsoft\OneDrive\24.216.1027.0003\FileSyncClient.dll+5e7821|C:\Users\tcolby\AppData\Local\Microsoft\OneDrive\24.216.1027.0003\FileSyncClient.dll+89a76|C:\Users\tcolby\AppData\Local\Microsoft\OneDrive\24.216.1027.0003\FileSyncClient.dll+897f7|C:\Users\tcolby\AppData\Local\Microsoft\OneDrive\24.216.1027.0003\FileSyncClient.dll+896e6|C:\Users\tcolby\AppData\Local\Microsoft\OneDrive\24.216.1027.0003\FileSyncEvents.dll+edb1|C:\Users\tcolby\AppData\Local\Microsoft\OneDrive\24.216.1027.0003\FileSyncHost.DLL+ce95|C:\Users\tcolby\AppData\Local\Microsoft\OneDrive\24.216.1027.0003\FileSyncHost.DLL+f665|C:\Windows\System32\ucrtbase.dll+21bb2|C:\Windows\System32\KERNEL32.DLL+17374|C:\Windows\SYSTEM32\ntdll.dll+4cc91",,"Microsoft-Windows-Sysmon/Operational",,,,"wrk-colby.Ecorp.local",,,,,,,,,,,,"Microsoft-Windows-Sysmon/Operational",10,"<Data Name='RuleName'>technique_id=T1036,technique_name=Masquerading</Data><Data Name='UtcTime'>2024-12-01 20:16:23.119</Data><Data Name='SourceProcessGUID'>{fc7e85d2-7dc4-674c-4102-000000002400}</Data><Data Name='SourceProcessId'>8356</Data><Data Name='SourceThreadId'>5736</Data><Data Name='SourceImage'>C:\Users\tcolby\AppData\Local\Microsoft\OneDrive\OneDrive.exe</Data><Data Name='TargetProcessGUID'>{fc7e85d2-b60e-674c-42a3-000000002400}</Data><Data Name='TargetProcessId'>9944</Data><Data Name='TargetImage'>C:\Program Files (x86)\Microsoft\Edge\Application\msedge.exe</Data><Data Name='GrantedAccess'>0x101411</Data><Data Name='CallTrace'>C:\Windows\SYSTEM32\ntdll.dll+9d9b4|C:\Windows\System32\KERNELBASE.dll+338ae|C:\Users\tcolby\AppData\Local\Microsoft\OneDrive\24.216.1027.0003\FileSyncClient.dll+5e7821|C:\Users\tcolby\AppData\Local\Microsoft\OneDrive\24.216.1027.0003\FileSyncClient.dll+89a76|C:\Users\tcolby\AppData\Local\Microsoft\OneDrive\24.216.1027.0003\FileSyncClient.dll+897f7|C:\Users\tcolby\AppData\Local\Microsoft\OneDrive\24.216.1027.0003\FileSyncClient.dll+896e6|C:\Users\tcolby\AppData\Local\Microsoft\OneDrive\24.216.1027.0003\FileSyncEvents.dll+edb1|C:\Users\tcolby\AppData\Local\Microsoft\OneDrive\24.216.1027.0003\FileSyncHost.DLL+ce95|C:\Users\tcolby\AppData\Local\Microsoft\OneDrive\24.216.1027.0003\FileSyncHost.DLL+f665|C:\Windows\System32\ucrtbase.dll+21bb2|C:\Windows\System32\KERNEL32.DLL+17374|C:\Windows\SYSTEM32\ntdll.dll+4cc91</Data><Data Name='SourceUser'>ECORP\tcolby</Data><Data Name='TargetUser'>ECORP\tcolby</Data>",ProcessAccess,10,240504,,,,0x101411,"'{5770385f-c22a-43e0-bf4c-06f5698ffbd9}'",,,,,,,,,0x8000000000000000,4,,,,"'Microsoft-Windows-Sysmon'",0,,,,,,,,,"'3144'",,,,,,,240504,240504,,"technique_id=T1036,technique_name=Masquerading",,,"S-1-5-18",,,,,"C:\Users\tcolby\AppData\Local\Microsoft\OneDrive\OneDrive.exe",,,,,"{fc7e85d2-7dc4-674c-4102-000000002400}",8356,5736,"ECORP\tcolby",,"'2024-12-01T20:16:23.1222058Z'","<Provider Name='Microsoft-Windows-Sysmon' Guid='{5770385f-c22a-43e0-bf4c-06f5698ffbd9}'/><EventID>10</EventID><Version>3</Version><Level>4</Level><Task>10</Task><Opcode>0</Opcode><Keywords>0x8000000000000000</Keywords><TimeCreated SystemTime='2024-12-01T20:16:23.1222058Z'/><EventRecordID>240504</EventRecordID><Correlation/><Execution ProcessID='3144' ThreadID='4456'/><Channel>Microsoft-Windows-Sysmon/Operational</Channel><Computer>wrk-colby.Ecorp.local</Computer><Security UserID='S-1-5-18'/>",,"C:\Program Files (x86)\Microsoft\Edge\Application\msedge.exe",,"{fc7e85d2-b60e-674c-42a3-000000002400}",9944,"ECORP\tcolby",10,,"'4456'","2024-12-01T20:16:23.1222058Z",,"'S-1-5-18'","2024-12-01 20:16:23.119",3,"<Event xmlns='http://schemas.microsoft.com/win/2004/08/events/event'><System><Provider Name='Microsoft-Windows-Sysmon' Guid='{5770385f-c22a-43e0-bf4c-06f5698ffbd9}'/><EventID>10</EventID><Version>3</Version><Level>4</Level><Task>10</Task><Opcode>0</Opcode><Keywords>0x8000000000000000</Keywords><TimeCreated SystemTime='2024-12-01T20:16:23.1222058Z'/><EventRecordID>240504</EventRecordID><Correlation/><Execution ProcessID='3144' ThreadID='4456'/><Channel>Microsoft-Windows-Sysmon/Operational</Channel><Computer>wrk-colby.Ecorp.local</Computer><Security UserID='S-1-5-18'/></System><EventData><Data Name='RuleName'>technique_id=T1036,technique_name=Masquerading</Data><Data Name='UtcTime'>2024-12-01 20:16:23.119</Data><Data Name='SourceProcessGUID'>{fc7e85d2-7dc4-674c-4102-000000002400}</Data><Data Name='SourceProcessId'>8356</Data><Data Name='SourceThreadId'>5736</Data><Data Name='SourceImage'>C:\Users\tcolby\AppData\Local\Microsoft\OneDrive\OneDrive.exe</Data><Data Name='TargetProcessGUID'>{fc7e85d2-b60e-674c-42a3-000000002400}</Data><Data Name='TargetProcessId'>9944</Data><Data Name='TargetImage'>C:\Program Files (x86)\Microsoft\Edge\Application\msedge.exe</Data><Data Name='GrantedAccess'>0x101411</Data><Data Name='CallTrace'>C:\Windows\SYSTEM32\ntdll.dll+9d9b4|C:\Windows\System32\KERNELBASE.dll+338ae|C:\Users\tcolby\AppData\Local\Microsoft\OneDrive\24.216.1027.0003\FileSyncClient.dll+5e7821|C:\Users\tcolby\AppData\Local\Microsoft\OneDrive\24.216.1027.0003\FileSyncClient.dll+89a76|C:\Users\tcolby\AppData\Local\Microsoft\OneDrive\24.216.1027.0003\FileSyncClient.dll+897f7|C:\Users\tcolby\AppData\Local\Microsoft\OneDrive\24.216.1027.0003\FileSyncClient.dll+896e6|C:\Users\tcolby\AppData\Local\Microsoft\OneDrive\24.216.1027.0003\FileSyncEvents.dll+edb1|C:\Users\tcolby\AppData\Local\Microsoft\OneDrive\24.216.1027.0003\FileSyncHost.DLL+ce95|C:\Users\tcolby\AppData\Local\Microsoft\OneDrive\24.216.1027.0003\FileSyncHost.DLL+f665|C:\Windows\System32\ucrtbase.dll+21bb2|C:\Windows\System32\KERNEL32.DLL+17374|C:\Windows\SYSTEM32\ntdll.dll+4cc91</Data><Data Name='SourceUser'>ECORP\tcolby</Data><Data Name='TargetUser'>ECORP\tcolby</Data></EventData></Event>","2024-12-01T15:16:23.119-0500",allowed,,,,,,,20,1,16,december,23,sunday,2024,0,,"wrk-colby.Ecorp.local",,,,,"wrk-colby.Ecorp.local",,"WRK-COLBY",240504,"endpoint_services_processes ms-sysmon-process windows_event_signature",,,,,,,0x101411,"WRK-COLBY",,,240504,main,1,,,,,,,,,"Microsoft Windows",,"OneDrive.exe","{fc7e85d2-7dc4-674c-4102-000000002400}",8356,"OneDrive.exe","C:\Users\tcolby\AppData\Local\Microsoft\OneDrive\OneDrive.exe",,,,"msedge.exe","{fc7e85d2-b60e-674c-42a3-000000002400}",,9944,,"msedge.exe","C:\Program Files (x86)\Microsoft\Edge\Application\msedge.exe",,,"<_='://../////'><><_='--'_='{----}'/><></><></><><",,,,,,,,,,,,,,,,,,,,,informational,4,ProcessAccess,10,"XmlWinEventLog:Microsoft-Windows-Sysmon/Operational",XmlWinEventLog,"wrk-colby",,,,,,,,,,,,"process
report
track_event_signatures",,"process
report
track_event_signatures",712,689,,,,,,,tcolby,,"'S-1-5-18'",,"Microsoft Sysmon"
,"C:\Windows\SYSTEM32\ntdll.dll+9d9b4|C:\Windows\System32\KERNELBASE.dll+338ae|C:\Users\tcolby\AppData\Local\Microsoft\OneDrive\24.216.1027.0003\FileSyncClient.dll+5e7821|C:\Users\tcolby\AppData\Local\Microsoft\OneDrive\24.216.1027.0003\FileSyncClient.dll+89a76|C:\Users\tcolby\AppData\Local\Microsoft\OneDrive\24.216.1027.0003\FileSyncClient.dll+897f7|C:\Users\tcolby\AppData\Local\Microsoft\OneDrive\24.216.1027.0003\FileSyncClient.dll+896e6|C:\Users\tcolby\AppData\Local\Microsoft\OneDrive\24.216.1027.0003\FileSyncEvents.dll+edb1|C:\Users\tcolby\AppData\Local\Microsoft\OneDrive\24.216.1027.0003\FileSyncHost.DLL+ce95|C:\Users\tcolby\AppData\Local\Microsoft\OneDrive\24.216.1027.0003\FileSyncHost.DLL+f665|C:\Windows\System32\ucrtbase.dll+21bb2|C:\Windows\System32\KERNEL32.DLL+17374|C:\Windows\SYSTEM32\ntdll.dll+4cc91",,"Microsoft-Windows-Sysmon/Operational",,,,"wrk-colby.Ecorp.local",,,,,,,,,,,,"Microsoft-Windows-Sysmon/Operational",10,"<Data Name='RuleName'>technique_id=T1036,technique_name=Masquerading</Data><Data Name='UtcTime'>2024-12-01 20:16:23.119</Data><Data Name='SourceProcessGUID'>{fc7e85d2-7dc4-674c-4102-000000002400}</Data><Data Name='SourceProcessId'>8356</Data><Data Name='SourceThreadId'>5736</Data><Data Name='SourceImage'>C:\Users\tcolby\AppData\Local\Microsoft\OneDrive\OneDrive.exe</Data><Data Name='TargetProcessGUID'>{fc7e85d2-815e-674c-2a0d-000000002400}</Data><Data Name='TargetProcessId'>6596</Data><Data Name='TargetImage'>C:\Windows\System32\RuntimeBroker.exe</Data><Data Name='GrantedAccess'>0x101411</Data><Data Name='CallTrace'>C:\Windows\SYSTEM32\ntdll.dll+9d9b4|C:\Windows\System32\KERNELBASE.dll+338ae|C:\Users\tcolby\AppData\Local\Microsoft\OneDrive\24.216.1027.0003\FileSyncClient.dll+5e7821|C:\Users\tcolby\AppData\Local\Microsoft\OneDrive\24.216.1027.0003\FileSyncClient.dll+89a76|C:\Users\tcolby\AppData\Local\Microsoft\OneDrive\24.216.1027.0003\FileSyncClient.dll+897f7|C:\Users\tcolby\AppData\Local\Microsoft\OneDrive\24.216.1027.0003\FileSyncClient.dll+896e6|C:\Users\tcolby\AppData\Local\Microsoft\OneDrive\24.216.1027.0003\FileSyncEvents.dll+edb1|C:\Users\tcolby\AppData\Local\Microsoft\OneDrive\24.216.1027.0003\FileSyncHost.DLL+ce95|C:\Users\tcolby\AppData\Local\Microsoft\OneDrive\24.216.1027.0003\FileSyncHost.DLL+f665|C:\Windows\System32\ucrtbase.dll+21bb2|C:\Windows\System32\KERNEL32.DLL+17374|C:\Windows\SYSTEM32\ntdll.dll+4cc91</Data><Data Name='SourceUser'>ECORP\tcolby</Data><Data Name='TargetUser'>ECORP\tcolby</Data>",ProcessAccess,10,240503,,,,0x101411,"'{5770385f-c22a-43e0-bf4c-06f5698ffbd9}'",,,,,,,,,0x8000000000000000,4,,,,"'Microsoft-Windows-Sysmon'",0,,,,,,,,,"'3144'",,,,,,,240503,240503,,"technique_id=T1036,technique_name=Masquerading",,,"S-1-5-18",,,,,"C:\Users\tcolby\AppData\Local\Microsoft\OneDrive\OneDrive.exe",,,,,"{fc7e85d2-7dc4-674c-4102-000000002400}",8356,5736,"ECORP\tcolby",,"'2024-12-01T20:16:23.1221668Z'","<Provider Name='Microsoft-Windows-Sysmon' Guid='{5770385f-c22a-43e0-bf4c-06f5698ffbd9}'/><EventID>10</EventID><Version>3</Version><Level>4</Level><Task>10</Task><Opcode>0</Opcode><Keywords>0x8000000000000000</Keywords><TimeCreated SystemTime='2024-12-01T20:16:23.1221668Z'/><EventRecordID>240503</EventRecordID><Correlation/><Execution ProcessID='3144' ThreadID='4456'/><Channel>Microsoft-Windows-Sysmon/Operational</Channel><Computer>wrk-colby.Ecorp.local</Computer><Security UserID='S-1-5-18'/>",,"C:\Windows\System32\RuntimeBroker.exe",,"{fc7e85d2-815e-674c-2a0d-000000002400}",6596,"ECORP\tcolby",10,,"'4456'","2024-12-01T20:16:23.1221668Z",,"'S-1-5-18'","2024-12-01 20:16:23.119",3,"<Event xmlns='http://schemas.microsoft.com/win/2004/08/events/event'><System><Provider Name='Microsoft-Windows-Sysmon' Guid='{5770385f-c22a-43e0-bf4c-06f5698ffbd9}'/><EventID>10</EventID><Version>3</Version><Level>4</Level><Task>10</Task><Opcode>0</Opcode><Keywords>0x8000000000000000</Keywords><TimeCreated SystemTime='2024-12-01T20:16:23.1221668Z'/><EventRecordID>240503</EventRecordID><Correlation/><Execution ProcessID='3144' ThreadID='4456'/><Channel>Microsoft-Windows-Sysmon/Operational</Channel><Computer>wrk-colby.Ecorp.local</Computer><Security UserID='S-1-5-18'/></System><EventData><Data Name='RuleName'>technique_id=T1036,technique_name=Masquerading</Data><Data Name='UtcTime'>2024-12-01 20:16:23.119</Data><Data Name='SourceProcessGUID'>{fc7e85d2-7dc4-674c-4102-000000002400}</Data><Data Name='SourceProcessId'>8356</Data><Data Name='SourceThreadId'>5736</Data><Data Name='SourceImage'>C:\Users\tcolby\AppData\Local\Microsoft\OneDrive\OneDrive.exe</Data><Data Name='TargetProcessGUID'>{fc7e85d2-815e-674c-2a0d-000000002400}</Data><Data Name='TargetProcessId'>6596</Data><Data Name='TargetImage'>C:\Windows\System32\RuntimeBroker.exe</Data><Data Name='GrantedAccess'>0x101411</Data><Data Name='CallTrace'>C:\Windows\SYSTEM32\ntdll.dll+9d9b4|C:\Windows\System32\KERNELBASE.dll+338ae|C:\Users\tcolby\AppData\Local\Microsoft\OneDrive\24.216.1027.0003\FileSyncClient.dll+5e7821|C:\Users\tcolby\AppData\Local\Microsoft\OneDrive\24.216.1027.0003\FileSyncClient.dll+89a76|C:\Users\tcolby\AppData\Local\Microsoft\OneDrive\24.216.1027.0003\FileSyncClient.dll+897f7|C:\Users\tcolby\AppData\Local\Microsoft\OneDrive\24.216.1027.0003\FileSyncClient.dll+896e6|C:\Users\tcolby\AppData\Local\Microsoft\OneDrive\24.216.1027.0003\FileSyncEvents.dll+edb1|C:\Users\tcolby\AppData\Local\Microsoft\OneDrive\24.216.1027.0003\FileSyncHost.DLL+ce95|C:\Users\tcolby\AppData\Local\Microsoft\OneDrive\24.216.1027.0003\FileSyncHost.DLL+f665|C:\Windows\System32\ucrtbase.dll+21bb2|C:\Windows\System32\KERNEL32.DLL+17374|C:\Windows\SYSTEM32\ntdll.dll+4cc91</Data><Data Name='SourceUser'>ECORP\tcolby</Data><Data Name='TargetUser'>ECORP\tcolby</Data></EventData></Event>","2024-12-01T15:16:23.119-0500",allowed,,,,,,,20,1,16,december,23,sunday,2024,0,,"wrk-colby.Ecorp.local",,,,,"wrk-colby.Ecorp.local",,"WRK-COLBY",240503,"endpoint_services_processes ms-sysmon-process windows_event_signature",,,,,,,0x101411,"WRK-COLBY",,,240503,main,1,,,,,,,,,"Microsoft Windows",,"OneDrive.exe","{fc7e85d2-7dc4-674c-4102-000000002400}",8356,"OneDrive.exe","C:\Users\tcolby\AppData\Local\Microsoft\OneDrive\OneDrive.exe",,,,"RuntimeBroker.exe","{fc7e85d2-815e-674c-2a0d-000000002400}",,6596,,"RuntimeBroker.exe","C:\Windows\System32\RuntimeBroker.exe",,,"<_='://../////'><><_='--'_='{----}'/><></><></><><",,,,,,,,,,,,,,,,,,,,,informational,4,ProcessAccess,10,"XmlWinEventLog:Microsoft-Windows-Sysmon/Operational",XmlWinEventLog,"wrk-colby",,,,,,,,,,,,"process
report
track_event_signatures",,"process
report
track_event_signatures",712,689,,,,,,,tcolby,,"'S-1-5-18'",,"Microsoft Sysmon"
,"C:\Windows\SYSTEM32\ntdll.dll+9d9b4|C:\Windows\System32\KERNELBASE.dll+338ae|C:\Users\tcolby\AppData\Local\Microsoft\OneDrive\24.216.1027.0003\FileSyncClient.dll+5e7821|C:\Users\tcolby\AppData\Local\Microsoft\OneDrive\24.216.1027.0003\FileSyncClient.dll+89a76|C:\Users\tcolby\AppData\Local\Microsoft\OneDrive\24.216.1027.0003\FileSyncClient.dll+897f7|C:\Users\tcolby\AppData\Local\Microsoft\OneDrive\24.216.1027.0003\FileSyncClient.dll+896e6|C:\Users\tcolby\AppData\Local\Microsoft\OneDrive\24.216.1027.0003\FileSyncEvents.dll+edb1|C:\Users\tcolby\AppData\Local\Microsoft\OneDrive\24.216.1027.0003\FileSyncHost.DLL+ce95|C:\Users\tcolby\AppData\Local\Microsoft\OneDrive\24.216.1027.0003\FileSyncHost.DLL+f665|C:\Windows\System32\ucrtbase.dll+21bb2|C:\Windows\System32\KERNEL32.DLL+17374|C:\Windows\SYSTEM32\ntdll.dll+4cc91",,"Microsoft-Windows-Sysmon/Operational",,,,"wrk-colby.Ecorp.local",,,,,,,,,,,,"Microsoft-Windows-Sysmon/Operational",10,"<Data Name='RuleName'>technique_id=T1036,technique_name=Masquerading</Data><Data Name='UtcTime'>2024-12-01 20:16:23.119</Data><Data Name='SourceProcessGUID'>{fc7e85d2-7dc4-674c-4102-000000002400}</Data><Data Name='SourceProcessId'>8356</Data><Data Name='SourceThreadId'>5736</Data><Data Name='SourceImage'>C:\Users\tcolby\AppData\Local\Microsoft\OneDrive\OneDrive.exe</Data><Data Name='TargetProcessGUID'>{fc7e85d2-815e-674c-290d-000000002400}</Data><Data Name='TargetProcessId'>5904</Data><Data Name='TargetImage'>C:\Windows\SystemApps\Microsoft.LockApp_cw5n1h2txyewy\LockApp.exe</Data><Data Name='GrantedAccess'>0x101411</Data><Data Name='CallTrace'>C:\Windows\SYSTEM32\ntdll.dll+9d9b4|C:\Windows\System32\KERNELBASE.dll+338ae|C:\Users\tcolby\AppData\Local\Microsoft\OneDrive\24.216.1027.0003\FileSyncClient.dll+5e7821|C:\Users\tcolby\AppData\Local\Microsoft\OneDrive\24.216.1027.0003\FileSyncClient.dll+89a76|C:\Users\tcolby\AppData\Local\Microsoft\OneDrive\24.216.1027.0003\FileSyncClient.dll+897f7|C:\Users\tcolby\AppData\Local\Microsoft\OneDrive\24.216.1027.0003\FileSyncClient.dll+896e6|C:\Users\tcolby\AppData\Local\Microsoft\OneDrive\24.216.1027.0003\FileSyncEvents.dll+edb1|C:\Users\tcolby\AppData\Local\Microsoft\OneDrive\24.216.1027.0003\FileSyncHost.DLL+ce95|C:\Users\tcolby\AppData\Local\Microsoft\OneDrive\24.216.1027.0003\FileSyncHost.DLL+f665|C:\Windows\System32\ucrtbase.dll+21bb2|C:\Windows\System32\KERNEL32.DLL+17374|C:\Windows\SYSTEM32\ntdll.dll+4cc91</Data><Data Name='SourceUser'>ECORP\tcolby</Data><Data Name='TargetUser'>ECORP\tcolby</Data>",ProcessAccess,10,240502,,,,0x101411,"'{5770385f-c22a-43e0-bf4c-06f5698ffbd9}'",,,,,,,,,0x8000000000000000,4,,,,"'Microsoft-Windows-Sysmon'",0,,,,,,,,,"'3144'",,,,,,,240502,240502,,"technique_id=T1036,technique_name=Masquerading",,,"S-1-5-18",,,,,"C:\Users\tcolby\AppData\Local\Microsoft\OneDrive\OneDrive.exe",,,,,"{fc7e85d2-7dc4-674c-4102-000000002400}",8356,5736,"ECORP\tcolby",,"'2024-12-01T20:16:23.1221233Z'","<Provider Name='Microsoft-Windows-Sysmon' Guid='{5770385f-c22a-43e0-bf4c-06f5698ffbd9}'/><EventID>10</EventID><Version>3</Version><Level>4</Level><Task>10</Task><Opcode>0</Opcode><Keywords>0x8000000000000000</Keywords><TimeCreated SystemTime='2024-12-01T20:16:23.1221233Z'/><EventRecordID>240502</EventRecordID><Correlation/><Execution ProcessID='3144' ThreadID='4456'/><Channel>Microsoft-Windows-Sysmon/Operational</Channel><Computer>wrk-colby.Ecorp.local</Computer><Security UserID='S-1-5-18'/>",,"C:\Windows\SystemApps\Microsoft.LockApp_cw5n1h2txyewy\LockApp.exe",,"{fc7e85d2-815e-674c-290d-000000002400}",5904,"ECORP\tcolby",10,,"'4456'","2024-12-01T20:16:23.1221233Z",,"'S-1-5-18'","2024-12-01 20:16:23.119",3,"<Event xmlns='http://schemas.microsoft.com/win/2004/08/events/event'><System><Provider Name='Microsoft-Windows-Sysmon' Guid='{5770385f-c22a-43e0-bf4c-06f5698ffbd9}'/><EventID>10</EventID><Version>3</Version><Level>4</Level><Task>10</Task><Opcode>0</Opcode><Keywords>0x8000000000000000</Keywords><TimeCreated SystemTime='2024-12-01T20:16:23.1221233Z'/><EventRecordID>240502</EventRecordID><Correlation/><Execution ProcessID='3144' ThreadID='4456'/><Channel>Microsoft-Windows-Sysmon/Operational</Channel><Computer>wrk-colby.Ecorp.local</Computer><Security UserID='S-1-5-18'/></System><EventData><Data Name='RuleName'>technique_id=T1036,technique_name=Masquerading</Data><Data Name='UtcTime'>2024-12-01 20:16:23.119</Data><Data Name='SourceProcessGUID'>{fc7e85d2-7dc4-674c-4102-000000002400}</Data><Data Name='SourceProcessId'>8356</Data><Data Name='SourceThreadId'>5736</Data><Data Name='SourceImage'>C:\Users\tcolby\AppData\Local\Microsoft\OneDrive\OneDrive.exe</Data><Data Name='TargetProcessGUID'>{fc7e85d2-815e-674c-290d-000000002400}</Data><Data Name='TargetProcessId'>5904</Data><Data Name='TargetImage'>C:\Windows\SystemApps\Microsoft.LockApp_cw5n1h2txyewy\LockApp.exe</Data><Data Name='GrantedAccess'>0x101411</Data><Data Name='CallTrace'>C:\Windows\SYSTEM32\ntdll.dll+9d9b4|C:\Windows\System32\KERNELBASE.dll+338ae|C:\Users\tcolby\AppData\Local\Microsoft\OneDrive\24.216.1027.0003\FileSyncClient.dll+5e7821|C:\Users\tcolby\AppData\Local\Microsoft\OneDrive\24.216.1027.0003\FileSyncClient.dll+89a76|C:\Users\tcolby\AppData\Local\Microsoft\OneDrive\24.216.1027.0003\FileSyncClient.dll+897f7|C:\Users\tcolby\AppData\Local\Microsoft\OneDrive\24.216.1027.0003\FileSyncClient.dll+896e6|C:\Users\tcolby\AppData\Local\Microsoft\OneDrive\24.216.1027.0003\FileSyncEvents.dll+edb1|C:\Users\tcolby\AppData\Local\Microsoft\OneDrive\24.216.1027.0003\FileSyncHost.DLL+ce95|C:\Users\tcolby\AppData\Local\Microsoft\OneDrive\24.216.1027.0003\FileSyncHost.DLL+f665|C:\Windows\System32\ucrtbase.dll+21bb2|C:\Windows\System32\KERNEL32.DLL+17374|C:\Windows\SYSTEM32\ntdll.dll+4cc91</Data><Data Name='SourceUser'>ECORP\tcolby</Data><Data Name='TargetUser'>ECORP\tcolby</Data></EventData></Event>","2024-12-01T15:16:23.119-0500",allowed,,,,,,,20,1,16,december,23,sunday,2024,0,,"wrk-colby.Ecorp.local",,,,,"wrk-colby.Ecorp.local",,"WRK-COLBY",240502,"endpoint_services_processes ms-sysmon-process windows_event_signature",,,,,,,0x101411,"WRK-COLBY",,,240502,main,1,,,,,,,,,"Microsoft Windows",,"OneDrive.exe","{fc7e85d2-7dc4-674c-4102-000000002400}",8356,"OneDrive.exe","C:\Users\tcolby\AppData\Local\Microsoft\OneDrive\OneDrive.exe",,,,"LockApp.exe","{fc7e85d2-815e-674c-290d-000000002400}",,5904,,"LockApp.exe","C:\Windows\SystemApps\Microsoft.LockApp_cw5n1h2txyewy\LockApp.exe",,,"<_='://../////'><><_='--'_='{----}'/><></><></><><",,,,,,,,,,,,,,,,,,,,,informational,4,ProcessAccess,10,"XmlWinEventLog:Microsoft-Windows-Sysmon/Operational",XmlWinEventLog,"wrk-colby",,,,,,,,,,,,"process
report
track_event_signatures",,"process
report
track_event_signatures",712,689,,,,,,,tcolby,,"'S-1-5-18'",,"Microsoft Sysmon"
,"C:\Windows\SYSTEM32\ntdll.dll+9d9b4|C:\Windows\System32\KERNELBASE.dll+338ae|C:\Users\tcolby\AppData\Local\Microsoft\OneDrive\24.216.1027.0003\FileSyncClient.dll+5e7821|C:\Users\tcolby\AppData\Local\Microsoft\OneDrive\24.216.1027.0003\FileSyncClient.dll+89a76|C:\Users\tcolby\AppData\Local\Microsoft\OneDrive\24.216.1027.0003\FileSyncClient.dll+897f7|C:\Users\tcolby\AppData\Local\Microsoft\OneDrive\24.216.1027.0003\FileSyncClient.dll+896e6|C:\Users\tcolby\AppData\Local\Microsoft\OneDrive\24.216.1027.0003\FileSyncEvents.dll+edb1|C:\Users\tcolby\AppData\Local\Microsoft\OneDrive\24.216.1027.0003\FileSyncHost.DLL+ce95|C:\Users\tcolby\AppData\Local\Microsoft\OneDrive\24.216.1027.0003\FileSyncHost.DLL+f665|C:\Windows\System32\ucrtbase.dll+21bb2|C:\Windows\System32\KERNEL32.DLL+17374|C:\Windows\SYSTEM32\ntdll.dll+4cc91",,"Microsoft-Windows-Sysmon/Operational",,,,"wrk-colby.Ecorp.local",,,,,,,,,,,,"Microsoft-Windows-Sysmon/Operational",10,"<Data Name='RuleName'>technique_id=T1036,technique_name=Masquerading</Data><Data Name='UtcTime'>2024-12-01 20:16:23.119</Data><Data Name='SourceProcessGUID'>{fc7e85d2-7dc4-674c-4102-000000002400}</Data><Data Name='SourceProcessId'>8356</Data><Data Name='SourceThreadId'>5736</Data><Data Name='SourceImage'>C:\Users\tcolby\AppData\Local\Microsoft\OneDrive\OneDrive.exe</Data><Data Name='TargetProcessGUID'>{fc7e85d2-7ec7-674c-8c05-000000002400}</Data><Data Name='TargetProcessId'>10144</Data><Data Name='TargetImage'>C:\Windows\System32\RuntimeBroker.exe</Data><Data Name='GrantedAccess'>0x101411</Data><Data Name='CallTrace'>C:\Windows\SYSTEM32\ntdll.dll+9d9b4|C:\Windows\System32\KERNELBASE.dll+338ae|C:\Users\tcolby\AppData\Local\Microsoft\OneDrive\24.216.1027.0003\FileSyncClient.dll+5e7821|C:\Users\tcolby\AppData\Local\Microsoft\OneDrive\24.216.1027.0003\FileSyncClient.dll+89a76|C:\Users\tcolby\AppData\Local\Microsoft\OneDrive\24.216.1027.0003\FileSyncClient.dll+897f7|C:\Users\tcolby\AppData\Local\Microsoft\OneDrive\24.216.1027.0003\FileSyncClient.dll+896e6|C:\Users\tcolby\AppData\Local\Microsoft\OneDrive\24.216.1027.0003\FileSyncEvents.dll+edb1|C:\Users\tcolby\AppData\Local\Microsoft\OneDrive\24.216.1027.0003\FileSyncHost.DLL+ce95|C:\Users\tcolby\AppData\Local\Microsoft\OneDrive\24.216.1027.0003\FileSyncHost.DLL+f665|C:\Windows\System32\ucrtbase.dll+21bb2|C:\Windows\System32\KERNEL32.DLL+17374|C:\Windows\SYSTEM32\ntdll.dll+4cc91</Data><Data Name='SourceUser'>ECORP\tcolby</Data><Data Name='TargetUser'>ECORP\tcolby</Data>",ProcessAccess,10,240501,,,,0x101411,"'{5770385f-c22a-43e0-bf4c-06f5698ffbd9}'",,,,,,,,,0x8000000000000000,4,,,,"'Microsoft-Windows-Sysmon'",0,,,,,,,,,"'3144'",,,,,,,240501,240501,,"technique_id=T1036,technique_name=Masquerading",,,"S-1-5-18",,,,,"C:\Users\tcolby\AppData\Local\Microsoft\OneDrive\OneDrive.exe",,,,,"{fc7e85d2-7dc4-674c-4102-000000002400}",8356,5736,"ECORP\tcolby",,"'2024-12-01T20:16:23.1208537Z'","<Provider Name='Microsoft-Windows-Sysmon' Guid='{5770385f-c22a-43e0-bf4c-06f5698ffbd9}'/><EventID>10</EventID><Version>3</Version><Level>4</Level><Task>10</Task><Opcode>0</Opcode><Keywords>0x8000000000000000</Keywords><TimeCreated SystemTime='2024-12-01T20:16:23.1208537Z'/><EventRecordID>240501</EventRecordID><Correlation/><Execution ProcessID='3144' ThreadID='4456'/><Channel>Microsoft-Windows-Sysmon/Operational</Channel><Computer>wrk-colby.Ecorp.local</Computer><Security UserID='S-1-5-18'/>",,"C:\Windows\System32\RuntimeBroker.exe",,"{fc7e85d2-7ec7-674c-8c05-000000002400}",10144,"ECORP\tcolby",10,,"'4456'","2024-12-01T20:16:23.1208537Z",,"'S-1-5-18'","2024-12-01 20:16:23.119",3,"<Event xmlns='http://schemas.microsoft.com/win/2004/08/events/event'><System><Provider Name='Microsoft-Windows-Sysmon' Guid='{5770385f-c22a-43e0-bf4c-06f5698ffbd9}'/><EventID>10</EventID><Version>3</Version><Level>4</Level><Task>10</Task><Opcode>0</Opcode><Keywords>0x8000000000000000</Keywords><TimeCreated SystemTime='2024-12-01T20:16:23.1208537Z'/><EventRecordID>240501</EventRecordID><Correlation/><Execution ProcessID='3144' ThreadID='4456'/><Channel>Microsoft-Windows-Sysmon/Operational</Channel><Computer>wrk-colby.Ecorp.local</Computer><Security UserID='S-1-5-18'/></System><EventData><Data Name='RuleName'>technique_id=T1036,technique_name=Masquerading</Data><Data Name='UtcTime'>2024-12-01 20:16:23.119</Data><Data Name='SourceProcessGUID'>{fc7e85d2-7dc4-674c-4102-000000002400}</Data><Data Name='SourceProcessId'>8356</Data><Data Name='SourceThreadId'>5736</Data><Data Name='SourceImage'>C:\Users\tcolby\AppData\Local\Microsoft\OneDrive\OneDrive.exe</Data><Data Name='TargetProcessGUID'>{fc7e85d2-7ec7-674c-8c05-000000002400}</Data><Data Name='TargetProcessId'>10144</Data><Data Name='TargetImage'>C:\Windows\System32\RuntimeBroker.exe</Data><Data Name='GrantedAccess'>0x101411</Data><Data Name='CallTrace'>C:\Windows\SYSTEM32\ntdll.dll+9d9b4|C:\Windows\System32\KERNELBASE.dll+338ae|C:\Users\tcolby\AppData\Local\Microsoft\OneDrive\24.216.1027.0003\FileSyncClient.dll+5e7821|C:\Users\tcolby\AppData\Local\Microsoft\OneDrive\24.216.1027.0003\FileSyncClient.dll+89a76|C:\Users\tcolby\AppData\Local\Microsoft\OneDrive\24.216.1027.0003\FileSyncClient.dll+897f7|C:\Users\tcolby\AppData\Local\Microsoft\OneDrive\24.216.1027.0003\FileSyncClient.dll+896e6|C:\Users\tcolby\AppData\Local\Microsoft\OneDrive\24.216.1027.0003\FileSyncEvents.dll+edb1|C:\Users\tcolby\AppData\Local\Microsoft\OneDrive\24.216.1027.0003\FileSyncHost.DLL+ce95|C:\Users\tcolby\AppData\Local\Microsoft\OneDrive\24.216.1027.0003\FileSyncHost.DLL+f665|C:\Windows\System32\ucrtbase.dll+21bb2|C:\Windows\System32\KERNEL32.DLL+17374|C:\Windows\SYSTEM32\ntdll.dll+4cc91</Data><Data Name='SourceUser'>ECORP\tcolby</Data><Data Name='TargetUser'>ECORP\tcolby</Data></EventData></Event>","2024-