12-01T15:58:46.568-0500",allowed,,,,,,,20,1,58,december,46,sunday,2024,0,,"wrk-colby.Ecorp.local",,,,,"wrk-colby.Ecorp.local",,"WRK-COLBY",240702,"endpoint_services_processes ms-sysmon-process windows_event_signature",,,,,,,,"WRK-COLBY",,,240702,main,1,,,,,,,,"WerFault.exe","Microsoft Windows",,"Rexorsarus-RE1.exe","{fc7e85d2-ce06-674c-65e8-000000002400}",8484,"Rexorsarus-RE1.exe","C:\Users\tcolby\Documents\Rexorsarus-RE1.exe",,"C:\Windows\system32\WerFault.exe -u -p 8484 -s 236","C:\Windows\system32\","WerFault.exe","{fc7e85d2-ce06-674c-6ae8-000000002400}","SHA1=74A37701F7D4C9D899A857546C3410D650A72EB3,MD5=26C84A467B489A0E60F3720AE5B064DC,SHA256=9A0064029CE405645241C3EABA297F6C8A554E2E899EE7E3DDFA5341B5768475,IMPHASH=35F27A7EB4CCE7D6739C09071336B429",9964,Medium,"WerFault.exe","C:\Windows\System32\WerFault.exe",,,"<_='://../////'><><_='--'_='{----}'/><></><></><><",,,,,,,,,,,,,,,,,,,,,informational,4,"Process creation",1,"XmlWinEventLog:Microsoft-Windows-Sysmon/Operational",XmlWinEventLog,"wrk-colby",,,,,,,,,,,,"process
report
track_event_signatures",,"process
report
track_event_signatures",725,702,,,,,,,tcolby,,"'S-1-5-18'",,"Microsoft Sysmon"
,,,"Microsoft-Windows-Sysmon/Operational",,"C:\Windows\system32\WerFault.exe -pss -s 472 -p 8484 -ip 8484","Microsoft Corporation","wrk-colby.Ecorp.local",,,"C:\Windows\system32\","Windows Problem Reporting",,,,,,,,"Microsoft-Windows-Sysmon/Operational",1,"<Data Name='RuleName'>technique_id=T1546.008,technique_name=Windows Error Reporting</Data><Data Name='UtcTime'>2024-12-01 20:58:46.512</Data><Data Name='ProcessGuid'>{fc7e85d2-ce06-674c-68e8-000000002400}</Data><Data Name='ProcessId'>8056</Data><Data Name='Image'>C:\Windows\System32\WerFault.exe</Data><Data Name='FileVersion'>10.0.19041.4355 (WinBuild.160101.0800)</Data><Data Name='Description'>Windows Problem Reporting</Data><Data Name='Product'>Microsoft® Windows® Operating System</Data><Data Name='Company'>Microsoft Corporation</Data><Data Name='OriginalFileName'>WerFault.exe</Data><Data Name='CommandLine'>C:\Windows\system32\WerFault.exe -pss -s 472 -p 8484 -ip 8484</Data><Data Name='CurrentDirectory'>C:\Windows\system32\</Data><Data Name='User'>NT AUTHORITY\SYSTEM</Data><Data Name='LogonGuid'>{fc7e85d2-7d4f-674c-e703-000000000000}</Data><Data Name='LogonId'>0x3e7</Data><Data Name='TerminalSessionId'>0</Data><Data Name='IntegrityLevel'>System</Data><Data Name='Hashes'>SHA1=74A37701F7D4C9D899A857546C3410D650A72EB3,MD5=26C84A467B489A0E60F3720AE5B064DC,SHA256=9A0064029CE405645241C3EABA297F6C8A554E2E899EE7E3DDFA5341B5768475,IMPHASH=35F27A7EB4CCE7D6739C09071336B429</Data><Data Name='ParentProcessGuid'>{fc7e85d2-ce06-674c-67e8-000000002400}</Data><Data Name='ParentProcessId'>7660</Data><Data Name='ParentImage'>C:\Windows\System32\svchost.exe</Data><Data Name='ParentCommandLine'>C:\Windows\System32\svchost.exe -k WerSvcGroup</Data><Data Name='ParentUser'>NT AUTHORITY\SYSTEM</Data>","Process creation",1,240701,,"10.0.19041.4355 (WinBuild.160101.0800)",,,"'{5770385f-c22a-43e0-bf4c-06f5698ffbd9}'","SHA1=74A37701F7D4C9D899A857546C3410D650A72EB3,MD5=26C84A467B489A0E60F3720AE5B064DC,SHA256=9A0064029CE405645241C3EABA297F6C8A554E2E899EE7E3DDFA5341B5768475,IMPHASH=35F27A7EB4CCE7D6739C09071336B429",35F27A7EB4CCE7D6739C09071336B429,"C:\Windows\System32\WerFault.exe",,,,System,,0x8000000000000000,4,"{fc7e85d2-7d4f-674c-e703-000000000000}",0x3e7,26C84A467B489A0E60F3720AE5B064DC,"'Microsoft-Windows-Sysmon'",0,"WerFault.exe","C:\Windows\System32\svchost.exe -k WerSvcGroup","C:\Windows\System32\svchost.exe","{fc7e85d2-ce06-674c-67e8-000000002400}",7660,"NT AUTHORITY\SYSTEM",,"{fc7e85d2-ce06-674c-68e8-000000002400}","'3144'",8056,"Microsoft® Windows® Operating System",,,,,240701,240701,,"technique_id=T1546.008,technique_name=Windows Error Reporting",74A37701F7D4C9D899A857546C3410D650A72EB3,9A0064029CE405645241C3EABA297F6C8A554E2E899EE7E3DDFA5341B5768475,"S-1-5-18",,,,,,,,,,,,,,,"'2024-12-01T20:58:46.5180834Z'","<Provider Name='Microsoft-Windows-Sysmon' Guid='{5770385f-c22a-43e0-bf4c-06f5698ffbd9}'/><EventID>1</EventID><Version>5</Version><Level>4</Level><Task>1</Task><Opcode>0</Opcode><Keywords>0x8000000000000000</Keywords><TimeCreated SystemTime='2024-12-01T20:58:46.5180834Z'/><EventRecordID>240701</EventRecordID><Correlation/><Execution ProcessID='3144' ThreadID='4456'/><Channel>Microsoft-Windows-Sysmon/Operational</Channel><Computer>wrk-colby.Ecorp.local</Computer><Security UserID='S-1-5-18'/>",,,,,,,1,0,"'4456'","2024-12-01T20:58:46.5180834Z","NT AUTHORITY\SYSTEM","'S-1-5-18'","2024-12-01 20:58:46.512",5,"<Event xmlns='http://schemas.microsoft.com/win/2004/08/events/event'><System><Provider Name='Microsoft-Windows-Sysmon' Guid='{5770385f-c22a-43e0-bf4c-06f5698ffbd9}'/><EventID>1</EventID><Version>5</Version><Level>4</Level><Task>1</Task><Opcode>0</Opcode><Keywords>0x8000000000000000</Keywords><TimeCreated SystemTime='2024-12-01T20:58:46.5180834Z'/><EventRecordID>240701</EventRecordID><Correlation/><Execution ProcessID='3144' ThreadID='4456'/><Channel>Microsoft-Windows-Sysmon/Operational</Channel><Computer>wrk-colby.Ecorp.local</Computer><Security UserID='S-1-5-18'/></System><EventData><Data Name='RuleName'>technique_id=T1546.008,technique_name=Windows Error Reporting</Data><Data Name='UtcTime'>2024-12-01 20:58:46.512</Data><Data Name='ProcessGuid'>{fc7e85d2-ce06-674c-68e8-000000002400}</Data><Data Name='ProcessId'>8056</Data><Data Name='Image'>C:\Windows\System32\WerFault.exe</Data><Data Name='FileVersion'>10.0.19041.4355 (WinBuild.160101.0800)</Data><Data Name='Description'>Windows Problem Reporting</Data><Data Name='Product'>Microsoft® Windows® Operating System</Data><Data Name='Company'>Microsoft Corporation</Data><Data Name='OriginalFileName'>WerFault.exe</Data><Data Name='CommandLine'>C:\Windows\system32\WerFault.exe -pss -s 472 -p 8484 -ip 8484</Data><Data Name='CurrentDirectory'>C:\Windows\system32\</Data><Data Name='User'>NT AUTHORITY\SYSTEM</Data><Data Name='LogonGuid'>{fc7e85d2-7d4f-674c-e703-000000000000}</Data><Data Name='LogonId'>0x3e7</Data><Data Name='TerminalSessionId'>0</Data><Data Name='IntegrityLevel'>System</Data><Data Name='Hashes'>SHA1=74A37701F7D4C9D899A857546C3410D650A72EB3,MD5=26C84A467B489A0E60F3720AE5B064DC,SHA256=9A0064029CE405645241C3EABA297F6C8A554E2E899EE7E3DDFA5341B5768475,IMPHASH=35F27A7EB4CCE7D6739C09071336B429</Data><Data Name='ParentProcessGuid'>{fc7e85d2-ce06-674c-67e8-000000002400}</Data><Data Name='ParentProcessId'>7660</Data><Data Name='ParentImage'>C:\Windows\System32\svchost.exe</Data><Data Name='ParentCommandLine'>C:\Windows\System32\svchost.exe -k WerSvcGroup</Data><Data Name='ParentUser'>NT AUTHORITY\SYSTEM</Data></EventData></Event>","2024-12-01T15:58:46.512-0500",allowed,,,,,,,20,1,58,december,46,sunday,2024,0,,"wrk-colby.Ecorp.local",,,,,"wrk-colby.Ecorp.local",,"WRK-COLBY",240701,"endpoint_services_processes ms-sysmon-process windows_event_signature",,,,,,,,"WRK-COLBY",,,240701,main,1,,,,,,,,"WerFault.exe","Microsoft Windows",,"svchost.exe","{fc7e85d2-ce06-674c-67e8-000000002400}",7660,"svchost.exe","C:\Windows\System32\svchost.exe",,"C:\Windows\system32\WerFault.exe -pss -s 472 -p 8484 -ip 8484","C:\Windows\system32\","WerFault.exe","{fc7e85d2-ce06-674c-68e8-000000002400}","SHA1=74A37701F7D4C9D899A857546C3410D650A72EB3,MD5=26C84A467B489A0E60F3720AE5B064DC,SHA256=9A0064029CE405645241C3EABA297F6C8A554E2E899EE7E3DDFA5341B5768475,IMPHASH=35F27A7EB4CCE7D6739C09071336B429",8056,System,"WerFault.exe","C:\Windows\System32\WerFault.exe",,,"<_='://../////'><><_='--'_='{----}'/><></><></><><",,,,,,,,,,,,,,,,,,,,,informational,4,"Process creation",1,"XmlWinEventLog:Microsoft-Windows-Sysmon/Operational",XmlWinEventLog,"wrk-colby",,,,,,,,,,,,"process
report
track_event_signatures",,"process
report
track_event_signatures",725,702,,,,,,,SYSTEM,,"'S-1-5-18'",,"Microsoft Sysmon"
,,,"Microsoft-Windows-Sysmon/Operational",,,"-","wrk-colby.Ecorp.local",,,,"-",,,,,,,,"Microsoft-Windows-Sysmon/Operational",7,"<Data Name='RuleName'>technique_id=T1574.002,technique_name=DLL Side-Loading</Data><Data Name='UtcTime'>2024-12-01 20:58:46.197</Data><Data Name='ProcessGuid'>{fc7e85d2-ce06-674c-65e8-000000002400}</Data><Data Name='ProcessId'>8484</Data><Data Name='Image'>C:\Users\tcolby\Documents\Rexorsarus-RE1.exe</Data><Data Name='ImageLoaded'>C:\Users\tcolby\Documents\Rexorsarus-RE1.exe</Data><Data Name='FileVersion'>-</Data><Data Name='Description'>-</Data><Data Name='Product'>-</Data><Data Name='Company'>-</Data><Data Name='OriginalFileName'>-</Data><Data Name='Hashes'>SHA1=E2181B31A2590007D46EAC519AC10DB6C45099A1,MD5=728B4B9A67C60F32304FE49302498AB9,SHA256=36D9FDA0781A701DC753BEC60516DDEB6BC9F0FE6633CE7775A7E650667D9A97,IMPHASH=DE36A091C090DCCB347BFEE6F8D95CE7</Data><Data Name='Signed'>false</Data><Data Name='Signature'>-</Data><Data Name='SignatureStatus'>Unavailable</Data><Data Name='User'>ECORP\tcolby</Data>","Image loaded",7,240700,,"-",,,"'{5770385f-c22a-43e0-bf4c-06f5698ffbd9}'","SHA1=E2181B31A2590007D46EAC519AC10DB6C45099A1,MD5=728B4B9A67C60F32304FE49302498AB9,SHA256=36D9FDA0781A701DC753BEC60516DDEB6BC9F0FE6633CE7775A7E650667D9A97,IMPHASH=DE36A091C090DCCB347BFEE6F8D95CE7",DE36A091C090DCCB347BFEE6F8D95CE7,"C:\Users\tcolby\Documents\Rexorsarus-RE1.exe","C:\Users\tcolby\Documents\Rexorsarus-RE1.exe",,,,,0x8000000000000000,4,,,728B4B9A67C60F32304FE49302498AB9,"'Microsoft-Windows-Sysmon'",0,"-",,,,,,,"{fc7e85d2-ce06-674c-65e8-000000002400}","'3144'",8484,"-",,,,,240700,240700,,"technique_id=T1574.002,technique_name=DLL Side-Loading",E2181B31A2590007D46EAC519AC10DB6C45099A1,36D9FDA0781A701DC753BEC60516DDEB6BC9F0FE6633CE7775A7E650667D9A97,"S-1-5-18","-",Unavailable,false,,,,,,,,,,,,"'2024-12-01T20:58:46.2022016Z'","<Provider Name='Microsoft-Windows-Sysmon' Guid='{5770385f-c22a-43e0-bf4c-06f5698ffbd9}'/><EventID>7</EventID><Version>3</Version><Level>4</Level><Task>7</Task><Opcode>0</Opcode><Keywords>0x8000000000000000</Keywords><TimeCreated SystemTime='2024-12-01T20:58:46.2022016Z'/><EventRecordID>240700</EventRecordID><Correlation/><Execution ProcessID='3144' ThreadID='4460'/><Channel>Microsoft-Windows-Sysmon/Operational</Channel><Computer>wrk-colby.Ecorp.local</Computer><Security UserID='S-1-5-18'/>",,,,,,,7,,"'4460'","2024-12-01T20:58:46.2022016Z","ECORP\tcolby","'S-1-5-18'","2024-12-01 20:58:46.197",3,"<Event xmlns='http://schemas.microsoft.com/win/2004/08/events/event'><System><Provider Name='Microsoft-Windows-Sysmon' Guid='{5770385f-c22a-43e0-bf4c-06f5698ffbd9}'/><EventID>7</EventID><Version>3</Version><Level>4</Level><Task>7</Task><Opcode>0</Opcode><Keywords>0x8000000000000000</Keywords><TimeCreated SystemTime='2024-12-01T20:58:46.2022016Z'/><EventRecordID>240700</EventRecordID><Correlation/><Execution ProcessID='3144' ThreadID='4460'/><Channel>Microsoft-Windows-Sysmon/Operational</Channel><Computer>wrk-colby.Ecorp.local</Computer><Security UserID='S-1-5-18'/></System><EventData><Data Name='RuleName'>technique_id=T1574.002,technique_name=DLL Side-Loading</Data><Data Name='UtcTime'>2024-12-01 20:58:46.197</Data><Data Name='ProcessGuid'>{fc7e85d2-ce06-674c-65e8-000000002400}</Data><Data Name='ProcessId'>8484</Data><Data Name='Image'>C:\Users\tcolby\Documents\Rexorsarus-RE1.exe</Data><Data Name='ImageLoaded'>C:\Users\tcolby\Documents\Rexorsarus-RE1.exe</Data><Data Name='FileVersion'>-</Data><Data Name='Description'>-</Data><Data Name='Product'>-</Data><Data Name='Company'>-</Data><Data Name='OriginalFileName'>-</Data><Data Name='Hashes'>SHA1=E2181B31A2590007D46EAC519AC10DB6C45099A1,MD5=728B4B9A67C60F32304FE49302498AB9,SHA256=36D9FDA0781A701DC753BEC60516DDEB6BC9F0FE6633CE7775A7E650667D9A97,IMPHASH=DE36A091C090DCCB347BFEE6F8D95CE7</Data><Data Name='Signed'>false</Data><Data Name='Signature'>-</Data><Data Name='SignatureStatus'>Unavailable</Data><Data Name='User'>ECORP\tcolby</Data></EventData></Event>","2024-12-01T15:58:46.197-0500",success,,,,,,,20,1,58,december,46,sunday,2024,0,,"wrk-colby.Ecorp.local",,,,,"wrk-colby.Ecorp.local",,"WRK-COLBY",240700,"endpoint_services_processes ms-sysmon-process windows_event_signature",,,,,,,,"WRK-COLBY",,,240700,main,1,"Rexorsarus-RE1.exe","C:\Users\tcolby\Documents\Rexorsarus-RE1.exe",,,,,,,"Microsoft Windows",,,,,,,,,,"Rexorsarus-RE1.exe","{fc7e85d2-ce06-674c-65e8-000000002400}","SHA1=E2181B31A2590007D46EAC519AC10DB6C45099A1,MD5=728B4B9A67C60F32304FE49302498AB9,SHA256=36D9FDA0781A701DC753BEC60516DDEB6BC9F0FE6633CE7775A7E650667D9A97,IMPHASH=DE36A091C090DCCB347BFEE6F8D95CE7",8484,,"Rexorsarus-RE1.exe","C:\Users\tcolby\Documents\Rexorsarus-RE1.exe",,,"<_='://../////'><><_='--'_='{----}'/><></><></><><",,,,,,,,,,,,,,,false,false,,,,,informational,4,"Image loaded",7,"XmlWinEventLog:Microsoft-Windows-Sysmon/Operational",XmlWinEventLog,"wrk-colby",,,,,,,,,,,,"process
report
track_event_signatures",,"process
report
track_event_signatures",718,695,,,,,,,tcolby,,"'S-1-5-18'",,"Microsoft Sysmon"
,,,"Microsoft-Windows-Sysmon/Operational",,"""C:\Users\tcolby\Documents\Rexorsarus-RE1.exe""","-","wrk-colby.Ecorp.local",,,"C:\Users\tcolby\Documents\","-",,,,,,,,"Microsoft-Windows-Sysmon/Operational",1,"<Data Name='RuleName'>technique_id=T1204,technique_name=User Execution</Data><Data Name='UtcTime'>2024-12-01 20:58:46.179</Data><Data Name='ProcessGuid'>{fc7e85d2-ce06-674c-65e8-000000002400}</Data><Data Name='ProcessId'>8484</Data><Data Name='Image'>C:\Users\tcolby\Documents\Rexorsarus-RE1.exe</Data><Data Name='FileVersion'>-</Data><Data Name='Description'>-</Data><Data Name='Product'>-</Data><Data Name='Company'>-</Data><Data Name='OriginalFileName'>-</Data><Data Name='CommandLine'>""C:\Users\tcolby\Documents\Rexorsarus-RE1.exe"" </Data><Data Name='CurrentDirectory'>C:\Users\tcolby\Documents\</Data><Data Name='User'>ECORP\tcolby</Data><Data Name='LogonGuid'>{fc7e85d2-7d9d-674c-aa54-180000000000}</Data><Data Name='LogonId'>0x1854aa</Data><Data Name='TerminalSessionId'>1</Data><Data Name='IntegrityLevel'>Medium</Data><Data Name='Hashes'>SHA1=E2181B31A2590007D46EAC519AC10DB6C45099A1,MD5=728B4B9A67C60F32304FE49302498AB9,SHA256=36D9FDA0781A701DC753BEC60516DDEB6BC9F0FE6633CE7775A7E650667D9A97,IMPHASH=DE36A091C090DCCB347BFEE6F8D95CE7</Data><Data Name='ParentProcessGuid'>{fc7e85d2-7e46-674c-ee03-000000002400}</Data><Data Name='ParentProcessId'>4676</Data><Data Name='ParentImage'>C:\Windows\explorer.exe</Data><Data Name='ParentCommandLine'>""C:\Windows\explorer.exe"" /LOADSAVEDWINDOWS</Data><Data Name='ParentUser'>ECORP\tcolby</Data>","Process creation",1,240699,,"-",,,"'{5770385f-c22a-43e0-bf4c-06f5698ffbd9}'","SHA1=E2181B31A2590007D46EAC519AC10DB6C45099A1,MD5=728B4B9A67C60F32304FE49302498AB9,SHA256=36D9FDA0781A701DC753BEC60516DDEB6BC9F0FE6633CE7775A7E650667D9A97,IMPHASH=DE36A091C090DCCB347BFEE6F8D95CE7",DE36A091C090DCCB347BFEE6F8D95CE7,"C:\Users\tcolby\Documents\Rexorsarus-RE1.exe",,,,Medium,,0x8000000000000000,4,"{fc7e85d2-7d9d-674c-aa54-180000000000}",0x1854aa,728B4B9A67C60F32304FE49302498AB9,"'Microsoft-Windows-Sysmon'",0,"-","""C:\Windows\explorer.exe"" /LOADSAVEDWINDOWS","C:\Windows\explorer.exe","{fc7e85d2-7e46-674c-ee03-000000002400}",4676,"ECORP\tcolby",,"{fc7e85d2-ce06-674c-65e8-000000002400}","'3144'",8484,"-",,,,,240699,240699,,"technique_id=T1204,technique_name=User Execution",E2181B31A2590007D46EAC519AC10DB6C45099A1,36D9FDA0781A701DC753BEC60516DDEB6BC9F0FE6633CE7775A7E650667D9A97,"S-1-5-18",,,,,,,,,,,,,,,"'2024-12-01T20:58:46.1806651Z'","<Provider Name='Microsoft-Windows-Sysmon' Guid='{5770385f-c22a-43e0-bf4c-06f5698ffbd9}'/><EventID>1</EventID><Version>5</Version><Level>4</Level><Task>1</Task><Opcode>0</Opcode><Keywords>0x8000000000000000</Keywords><TimeCreated SystemTime='2024-12-01T20:58:46.1806651Z'/><EventRecordID>240699</EventRecordID><Correlation/><Execution ProcessID='3144' ThreadID='4456'/><Channel>Microsoft-Windows-Sysmon/Operational</Channel><Computer>wrk-colby.Ecorp.local</Computer><Security UserID='S-1-5-18'/>",,,,,,,1,1,"'4456'","2024-12-01T20:58:46.1806651Z","ECORP\tcolby","'S-1-5-18'","2024-12-01 20:58:46.179",5,"<Event xmlns='http://schemas.microsoft.com/win/2004/08/events/event'><System><Provider Name='Microsoft-Windows-Sysmon' Guid='{5770385f-c22a-43e0-bf4c-06f5698ffbd9}'/><EventID>1</EventID><Version>5</Version><Level>4</Level><Task>1</Task><Opcode>0</Opcode><Keywords>0x8000000000000000</Keywords><TimeCreated SystemTime='2024-12-01T20:58:46.1806651Z'/><EventRecordID>240699</EventRecordID><Correlation/><Execution ProcessID='3144' ThreadID='4456'/><Channel>Microsoft-Windows-Sysmon/Operational</Channel><Computer>wrk-colby.Ecorp.local</Computer><Security UserID='S-1-5-18'/></System><EventData><Data Name='RuleName'>technique_id=T1204,technique_name=User Execution</Data><Data Name='UtcTime'>2024-12-01 20:58:46.179</Data><Data Name='ProcessGuid'>{fc7e85d2-ce06-674c-65e8-000000002400}</Data><Data Name='ProcessId'>8484</Data><Data Name='Image'>C:\Users\tcolby\Documents\Rexorsarus-RE1.exe</Data><Data Name='FileVersion'>-</Data><Data Name='Description'>-</Data><Data Name='Product'>-</Data><Data Name='Company'>-</Data><Data Name='OriginalFileName'>-</Data><Data Name='CommandLine'>""C:\Users\tcolby\Documents\Rexorsarus-RE1.exe"" </Data><Data Name='CurrentDirectory'>C:\Users\tcolby\Documents\</Data><Data Name='User'>ECORP\tcolby</Data><Data Name='LogonGuid'>{fc7e85d2-7d9d-674c-aa54-180000000000}</Data><Data Name='LogonId'>0x1854aa</Data><Data Name='TerminalSessionId'>1</Data><Data Name='IntegrityLevel'>Medium</Data><Data Name='Hashes'>SHA1=E2181B31A2590007D46EAC519AC10DB6C45099A1,MD5=728B4B9A67C60F32304FE49302498AB9,SHA256=36D9FDA0781A701DC753BEC60516DDEB6BC9F0FE6633CE7775A7E650667D9A97,IMPHASH=DE36A091C090DCCB347BFEE6F8D95CE7</Data><Data Name='ParentProcessGuid'>{fc7e85d2-7e46-674c-ee03-000000002400}</Data><Data Name='ParentProcessId'>4676</Data><Data Name='ParentImage'>C:\Windows\explorer.exe</Data><Data Name='ParentCommandLine'>""C:\Windows\explorer.exe"" /LOADSAVEDWINDOWS</Data><Data Name='ParentUser'>ECORP\tcolby</Data></EventData></Event>","2024-12-01T15:58:46.179-0500",allowed,,,,,,,20,1,58,december,46,sunday,2024,0,,"wrk-colby.Ecorp.local",,,,,"wrk-colby.Ecorp.local",,"WRK-COLBY",240699,"endpoint_services_processes ms-sysmon-process windows_event_signature",,,,,,,,"WRK-COLBY",,,240699,main,1,,,,,,,,,"Microsoft Windows",,"explorer.exe","{fc7e85d2-7e46-674c-ee03-000000002400}",4676,"explorer.exe","C:\Windows\explorer.exe",,"""C:\Users\tcolby\Documents\Rexorsarus-RE1.exe""","C:\Users\tcolby\Documents\","Rexorsarus-RE1.exe","{fc7e85d2-ce06-674c-65e8-000000002400}","SHA1=E2181B31A2590007D46EAC519AC10DB6C45099A1,MD5=728B4B9A67C60F32304FE49302498AB9,SHA256=36D9FDA0781A701DC753BEC60516DDEB6BC9F0FE6633CE7775A7E650667D9A97,IMPHASH=DE36A091C090DCCB347BFEE6F8D95CE7",8484,Medium,"Rexorsarus-RE1.exe","C:\Users\tcolby\Documents\Rexorsarus-RE1.exe",,,"<_='://../////'><><_='--'_='{----}'/><></><></><><",,,,,,,,,,,,,,,,,,,,,informational,4,"Process creation",1,"XmlWinEventLog:Microsoft-Windows-Sysmon/Operational",XmlWinEventLog,"wrk-colby",,,,,,,,,,,,"process
report
track_event_signatures",,"process
report
track_event_signatures",712,689,,,,,,,tcolby,,"'S-1-5-18'",,"Microsoft Sysmon"
,,,"Microsoft-Windows-Sysmon/Operational",,,,"wrk-colby.Ecorp.local",,,,,,,,,,,"Binary Data","Microsoft-Windows-Sysmon/Operational",13,"<Data Name='RuleName'>-</Data><Data Name='EventType'>SetValue</Data><Data Name='UtcTime'>2024-12-01 20:58:46.179</Data><Data Name='ProcessGuid'>{fc7e85d2-7e46-674c-ee03-000000002400}</Data><Data Name='ProcessId'>4676</Data><Data Name='Image'>C:\Windows\explorer.exe</Data><Data Name='TargetObject'>HKLM\System\CurrentControlSet\Services\bam\State\UserSettings\S-1-5-21-921492421-3060855610-3380895733-1106\\Device\HarddiskVolume2\Users\tcolby\Documents\Rexorsarus-RE1.exe</Data><Data Name='Details'>Binary Data</Data><Data Name='User'>ECORP\tcolby</Data>","RegistryEvent (Value Set)",13,240698,SetValue,,,,"'{5770385f-c22a-43e0-bf4c-06f5698ffbd9}'",,,"C:\Windows\explorer.exe",,,,,,0x8000000000000000,4,,,,"'Microsoft-Windows-Sysmon'",0,,,,,,,,"{fc7e85d2-7e46-674c-ee03-000000002400}","'3144'",4676,,,,,,240698,240698,,"-",,,"S-1-5-18",,,,,,,,,,,,,,,"'2024-12-01T20:58:46.1800880Z'","<Provider Name='Microsoft-Windows-Sysmon' Guid='{5770385f-c22a-43e0-bf4c-06f5698ffbd9}'/><EventID>13</EventID><Version>2</Version><Level>4</Level><Task>13</Task><Opcode>0</Opcode><Keywords>0x8000000000000000</Keywords><TimeCreated SystemTime='2024-12-01T20:58:46.1800880Z'/><EventRecordID>240698</EventRecordID><Correlation/><Execution ProcessID='3144' ThreadID='4456'/><Channel>Microsoft-Windows-Sysmon/Operational</Channel><Computer>wrk-colby.Ecorp.local</Computer><Security UserID='S-1-5-18'/>",,,"HKLM\System\CurrentControlSet\Services\bam\State\UserSettings\S-1-5-21-921492421-3060855610-3380895733-1106\\Device\HarddiskVolume2\Users\tcolby\Documents\Rexorsarus-RE1.exe",,,,13,,"'4456'","2024-12-01T20:58:46.1800880Z","ECORP\tcolby","'S-1-5-18'","2024-12-01 20:58:46.179",2,"<Event xmlns='http://schemas.microsoft.com/win/2004/08/events/event'><System><Provider Name='Microsoft-Windows-Sysmon' Guid='{5770385f-c22a-43e0-bf4c-06f5698ffbd9}'/><EventID>13</EventID><Version>2</Version><Level>4</Level><Task>13</Task><Opcode>0</Opcode><Keywords>0x8000000000000000</Keywords><TimeCreated SystemTime='2024-12-01T20:58:46.1800880Z'/><EventRecordID>240698</EventRecordID><Correlation/><Execution ProcessID='3144' ThreadID='4456'/><Channel>Microsoft-Windows-Sysmon/Operational</Channel><Computer>wrk-colby.Ecorp.local</Computer><Security UserID='S-1-5-18'/></System><EventData><Data Name='RuleName'>-</Data><Data Name='EventType'>SetValue</Data><Data Name='UtcTime'>2024-12-01 20:58:46.179</Data><Data Name='ProcessGuid'>{fc7e85d2-7e46-674c-ee03-000000002400}</Data><Data Name='ProcessId'>4676</Data><Data Name='Image'>C:\Windows\explorer.exe</Data><Data Name='TargetObject'>HKLM\System\CurrentControlSet\Services\bam\State\UserSettings\S-1-5-21-921492421-3060855610-3380895733-1106\\Device\HarddiskVolume2\Users\tcolby\Documents\Rexorsarus-RE1.exe</Data><Data Name='Details'>Binary Data</Data><Data Name='User'>ECORP\tcolby</Data></EventData></Event>","2024-12-01T15:58:46.179-0500",modified,,,,,,,20,1,58,december,46,sunday,2024,0,,"wrk-colby.Ecorp.local",,,,,"wrk-colby.Ecorp.local",,"WRK-COLBY",240698,"endpoint_services_processes ms-sysmon-regmod windows_event_signature",,,,,,,,"WRK-COLBY",,,240698,main,1,,,,,,registry,"HKLM\System\CurrentControlSet\Services\bam\State\UserSettings\S-1-5-21-921492421-3060855610-3380895733-1106\\Device\HarddiskVolume2\Users\tcolby\Documents\Rexorsarus-RE1.exe",,,,,,,,,,,,"explorer.exe","{fc7e85d2-7e46-674c-ee03-000000002400}",,4676,,"explorer.exe","C:\Windows\explorer.exe",,,"<_='://../////'><><_='--'_='{----}'/><></><></><><",,,,,"HKEY_LOCAL_MACHINE\\System","HKLM\System\CurrentControlSet\Services\bam\State\UserSettings\S-1-5-21-921492421-3060855610-3380895733-1106\\Device\HarddiskVolume2\Users\tcolby\Documents\Rexorsarus-RE1.exe","HKLM\System\CurrentControlSet\Services\bam\State\UserSettings\S-1-5-21-921492421-3060855610-3380895733-1106\\Device\HarddiskVolume2\Users\tcolby\Documents\Rexorsarus-RE1.exe","Binary Data","HKLM\System\CurrentControlSet\Services\bam\State\UserSettings\S-1-5-21-921492421-3060855610-3380895733-1106\\Device\HarddiskVolume2\Users\tcolby\Documents\Rexorsarus-RE1.exe",,,,,,,,,,,,informational,4,"RegistryEvent (Value Set)",13,"XmlWinEventLog:Microsoft-Windows-Sysmon/Operational",XmlWinEventLog,"wrk-colby",,,,,,,,,,success,,"endpoint
registry
track_event_signatures",,"endpoint
registry
track_event_signatures",705,682,,,,,,,tcolby,,"'S-1-5-18'",,"Microsoft Sysmon"
,,,"Microsoft-Windows-Sysmon/Operational",,"C:\Windows\System32\rundll32.exe C:\Windows\System32\shell32.dll,SHCreateLocalServerRunDll {9aa46009-3ce0-458a-a354-715610a075e6} -Embedding","Microsoft Corporation","wrk-colby.Ecorp.local",,,"C:\Windows\system32\","Windows host process (Rundll32)",,,,,,,,"Microsoft-Windows-Sysmon/Operational",1,"<Data Name='RuleName'>technique_id=T1083,technique_name=File and Directory Discovery</Data><Data Name='UtcTime'>2024-12-01 20:58:37.060</Data><Data Name='ProcessGuid'>{fc7e85d2-cdfd-674c-3fe8-000000002400}</Data><Data Name='ProcessId'>9728</Data><Data Name='Image'>C:\Windows\System32\rundll32.exe</Data><Data Name='FileVersion'>10.0.19041.4648 (WinBuild.160101.0800)</Data><Data Name='Description'>Windows host process (Rundll32)</Data><Data Name='Product'>Microsoft® Windows® Operating System</Data><Data Name='Company'>Microsoft Corporation</Data><Data Name='OriginalFileName'>RUNDLL32.EXE</Data><Data Name='CommandLine'>C:\Windows\System32\rundll32.exe C:\Windows\System32\shell32.dll,SHCreateLocalServerRunDll {9aa46009-3ce0-458a-a354-715610a075e6} -Embedding</Data><Data Name='CurrentDirectory'>C:\Windows\system32\</Data><Data Name='User'>ECORP\tcolby</Data><Data Name='LogonGuid'>{fc7e85d2-7d9d-674c-aa54-180000000000}</Data><Data Name='LogonId'>0x1854aa</Data><Data Name='TerminalSessionId'>1</Data><Data Name='IntegrityLevel'>Medium</Data><Data Name='Hashes'>SHA1=34661F530C6BC94AA1F307DF30F75733E5D87382,MD5=D28778D07C8F7CA59B7569E4EDA54512,SHA256=770832DA77324F205306B4D89C02BA2B98DCE87207A82D4BF9B1D076608862D6,IMPHASH=F207A867D6098266EE63A3CA677EB0FF</Data><Data Name='ParentProcessGuid'>{00000000-0000-0000-0000-000000000000}</Data><Data Name='ParentProcessId'>784</Data><Data Name='ParentImage'>-</Data><Data Name='ParentCommandLine'>-</Data><Data Name='ParentUser'>-</Data>","Process creation",1,240697,,"10.0.19041.4648 (WinBuild.160101.0800)",,,"'{5770385f-c22a-43e0-bf4c-06f5698ffbd9}'","SHA1=34661F530C6BC94AA1F307DF30F75733E5D87382,MD5=D28778D07C8F7CA59B7569E4EDA54512,SHA256=770832DA77324F205306B4D89C02BA2B98DCE87207A82D4BF9B1D076608862D6,IMPHASH=F207A867D6098266EE63A3CA677EB0FF",F207A867D6098266EE63A3CA677EB0FF,"C:\Windows\System32\rundll32.exe",,,,Medium,,0x8000000000000000,4,"{fc7e85d2-7d9d-674c-aa54-180000000000}",0x1854aa,D28778D07C8F7CA59B7569E4EDA54512,"'Microsoft-Windows-Sysmon'",0,"RUNDLL32.EXE","-","-","{00000000-0000-0000-0000-000000000000}",784,"-",,"{fc7e85d2-cdfd-674c-3fe8-000000002400}","'3144'",9728,"Microsoft® Windows® Operating System",,,,,240697,240697,,"technique_id=T1083,technique_name=File and Directory Discovery",34661F530C6BC94AA1F307DF30F75733E5D87382,770832DA77324F205306B4D89C02BA2B98DCE87207A82D4BF9B1D076608862D6,"S-1-5-18",,,,,,,,,,,,,,,"'2024-12-01T20:58:37.0629302Z'","<Provider Name='Microsoft-Windows-Sysmon' Guid='{5770385f-c22a-43e0-bf4c-06f5698ffbd9}'/><EventID>1</EventID><Version>5</Version><Level>4</Level><Task>1</Task><Opcode>0</Opcode><Keywords>0x8000000000000000</Keywords><TimeCreated SystemTime='2024-12-01T20:58:37.0629302Z'/><EventRecordID>240697</EventRecordID><Correlation/><Execution ProcessID='3144' ThreadID='4456'/><Channel>Microsoft-Windows-Sysmon/Operational</Channel><Computer>wrk-colby.Ecorp.local</Computer><Security UserID='S-1-5-18'/>",,,,,,,1,1,"'4456'","2024-12-01T20:58:37.0629302Z","ECORP\tcolby","'S-1-5-18'","2024-12-01 20:58:37.060",5,"<Event xmlns='http://schemas.microsoft.com/win/2004/08/events/event'><System><Provider Name='Microsoft-Windows-Sysmon' Guid='{5770385f-c22a-43e0-bf4c-06f5698ffbd9}'/><EventID>1</EventID><Version>5</Version><Level>4</Level><Task>1</Task><Opcode>0</Opcode><Keywords>0x8000000000000000</Keywords><TimeCreated SystemTime='2024-12-01T20:58:37.0629302Z'/><EventRecordID>240697</EventRecordID><Correlation/><Execution ProcessID='3144' ThreadID='4456'/><Channel>Microsoft-Windows-Sysmon/Operational</Channel><Computer>wrk-colby.Ecorp.local</Computer><Security UserID='S-1-5-18'/></System><EventData><Data Name='RuleName'>technique_id=T1083,technique_name=File and Directory Discovery</Data><Data Name='UtcTime'>2024-12-01 20:58:37.060</Data><Data Name='ProcessGuid'>{fc7e85d2-cdfd-674c-3fe8-000000002400}</Data><Data Name='ProcessId'>9728</Data><Data Name='Image'>C:\Windows\System32\rundll32.exe</Data><Data Name='FileVersion'>10.0.19041.4648 (WinBuild.160101.0800)</Data><Data Name='Description'>Windows host process (Rundll32)</Data><Data Name='Product'>Microsoft® Windows® Operating System</Data><Data Name='Company'>Microsoft Corporation</Data><Data Name='OriginalFileName'>RUNDLL32.EXE</Data><Data Name='CommandLine'>C:\Windows\System32\rundll32.exe C:\Windows\System32\shell32.dll,SHCreateLocalServerRunDll {9aa46009-3ce0-458a-a354-715610a075e6} -Embedding</Data><Data Name='CurrentDirectory'>C:\Windows\system32\</Data><Data Name='User'>ECORP\tcolby</Data><Data Name='LogonGuid'>{fc7e85d2-7d9d-674c-aa54-180000000000}</Data><Data Name='LogonId'>0x1854aa</Data><Data Name='TerminalSessionId'>1</Data><Data Name='IntegrityLevel'>Medium</Data><Data Name='Hashes'>SHA1=34661F530C6BC94AA1F307DF30F75733E5D87382,MD5=D28778D07C8F7CA59B7569E4EDA54512,SHA256=770832DA77324F205306B4D89C02BA2B98DCE87207A82D4BF9B1D076608862D6,IMPHASH=F207A867D6098266EE63A3CA677EB0FF</Data><Data Name='ParentProcessGuid'>{00000000-0000-0000-0000-000000000000}</Data><Data Name='ParentProcessId'>784</Data><Data Name='ParentImage'>-</Data><Data Name='ParentCommandLine'>-</Data><Data Name='ParentUser'>-</Data></EventData></Event>","2024-12-01T15:58:37.060-0500",allowed,,,,,,,20,1,58,december,37,sunday,2024,0,,"wrk-colby.Ecorp.local",,,,,"wrk-colby.Ecorp.local",,"WRK-COLBY",240697,"endpoint_services_processes ms-sysmon-process windows_event_signature",,,,,,,,"WRK-COLBY",,,240697,main,1,,,,,,,,"RUNDLL32.EXE","Microsoft Windows",,"-","{00000000-0000-0000-0000-000000000000}",784,"-","-",,"C:\Windows\System32\rundll32.exe C:\Windows\System32\shell32.dll,SHCreateLocalServerRunDll {9aa46009-3ce0-458a-a354-715610a075e6} -Embedding","C:\Windows\system32\","rundll32.exe","{fc7e85d2-cdfd-674c-3fe8-000000002400}","SHA1=34661F530C6BC94AA1F307DF30F75733E5D87382,MD5=D28778D07C8F7CA59B7569E4EDA54512,SHA256=770832DA77324F205306B4D89C02BA2B98DCE87207A82D4BF9B1D076608862D6,IMPHASH=F207A867D6098266EE63A3CA677EB0FF",9728,Medium,"rundll32.exe","C:\Windows\System32\rundll32.exe",,,"<_='://../////'><><_='--'_='{----}'/><></><></><><",,,,,,,,,,,,,,,,,,,,,informational,4,"Process creation",1,"XmlWinEventLog:Microsoft-Windows-Sysmon/Operational",XmlWinEventLog,"wrk-colby",,,,,,,,,,,,"process
report
track_event_signatures",,"process
report
track_event_signatures",726,703,,,,,,,tcolby,,"'S-1-5-18'",,"Microsoft Sysmon"
,,,"Microsoft-Windows-Sysmon/Operational",,,"Microsoft Corporation","wrk-colby.Ecorp.local",,,,"TelemetryExtensions Library",,,,,,,,"Microsoft-Windows-Sysmon/Operational",7,"<Data Name='RuleName'>technique_id=T1574.002,technique_name=DLL Side-Loading</Data><Data Name='UtcTime'>2024-12-01 20:58:34.974</Data><Data Name='ProcessGuid'>{fc7e85d2-cdfa-674c-3de8-000000002400}</Data><Data Name='ProcessId'>7884</Data><Data Name='Image'>C:\Users\tcolby\AppData\Local\Microsoft\OneDrive\24.216.1027.0003\FileCoAuth.exe</Data><Data Name='ImageLoaded'>C:\Users\tcolby\AppData\Local\Microsoft\OneDrive\24.216.1027.0003\FileSyncTelemetryExtensions.dll</Data><Data Name='FileVersion'>24.216.1027.0003</Data><Data Name='Description'>TelemetryExtensions Library</Data><Data Name='Product'>Microsoft OneDrive</Data><Data Name='Company'>Microsoft Corporation</Data><Data Name='OriginalFileName'>FileSyncTelemetryExtensions.dll</Data><Data Name='Hashes'>SHA1=D18EE5A3084909956725165589FEC1F492C07F4A,MD5=68E01E530B1AEB3AF1614B4249095100,SHA256=E28F4AC7A48FCABF9A8AAC3F9FE008E4BF40B931E78CD87EE459631D909D0570,IMPHASH=A3B25584F4C697A4BDEB72261AF35BA8</Data><Data Name='Signed'>true</Data><Data Name='Signature'>Microsoft Corporation</Data><Data Name='SignatureStatus'>Valid</Data><Data Name='User'>ECORP\tcolby</Data>","Image loaded",7,240696,,"24.216.1027.0003",,,"'{5770385f-c22a-43e0-bf4c-06f5698ffbd9}'","SHA1=D18EE5A3084909956725165589FEC1F492C07F4A,MD5=68E01E530B1AEB3AF1614B4249095100,SHA256=E28F4AC7A48FCABF9A8AAC3F9FE008E4BF40B931E78CD87EE459631D909D0570,IMPHASH=A3B25584F4C697A4BDEB72261AF35BA8",A3B25584F4C697A4BDEB72261AF35BA8,"C:\Users\tcolby\AppData\Local\Microsoft\OneDrive\24.216.1027.0003\FileCoAuth.exe","C:\Users\tcolby\AppData\Local\Microsoft\OneDrive\24.216.1027.0003\FileSyncTelemetryExtensions.dll",,,,,0x8000000000000000,4,,,68E01E530B1AEB3AF1614B4249095100,"'Microsoft-Windows-Sysmon'",0,"FileSyncTelemetryExtensions.dll",,,,,,,"{fc7e85d2-cdfa-674c-3de8-000000002400}","'3144'",7884,"Microsoft OneDrive",,,,,240696,240696,,"technique_id=T1574.002,technique_name=DLL Side-Loading",D18EE5A3084909956725165589FEC1F492C07F4A,E28F4AC7A48FCABF9A8AAC3F9FE008E4BF40B931E78CD87EE459631D909D0570,"S-1-5-18","Microsoft Corporation",Valid,true,,,,,,,,,,,,"'2024-12-01T20:58:35.0849758Z'","<Provider Name='Microsoft-Windows-Sysmon' Guid='{5770385f-c22a-43e0-bf4c-06f5698ffbd9}'/><EventID>7</EventID><Version>3</Version><Level>4</Level><Task>7</Task><Opcode>0</Opcode><Keywords>0x8000000000000000</Keywords><TimeCreated SystemTime='2024-12-01T20:58:35.0849758Z'/><EventRecordID>240696</EventRecordID><Correlation/><Execution ProcessID='3144' ThreadID='4460'/><Channel>Microsoft-Windows-Sysmon/Operational</Channel><Computer>wrk-colby.Ecorp.local</Computer><Security UserID='S-1-5-18'/>",,,,,,,7,,"'4460'","2024-12-01T20:58:35.0849758Z","ECORP\tcolby","'S-1-5-18'","2024-12-01 20:58:34.974",3,"<Event xmlns='http://schemas.microsoft.com/win/2004/08/events/event'><System><Provider Name='Microsoft-Windows-Sysmon' Guid='{5770385f-c22a-43e0-bf4c-06f5698ffbd9}'/><EventID>7</EventID><Version>3</Version><Level>4</Level><Task>7</Task><Opcode>0</Opcode><Keywords>0x8000000000000000</Keywords><TimeCreated SystemTime='2024-12-01T20:58:35.0849758Z'/><EventRecordID>240696</EventRecordID><Correlation/><Execution ProcessID='3144' ThreadID='4460'/><Channel>Microsoft-Windows-Sysmon/Operational</Channel><Computer>wrk-colby.Ecorp.local</Computer><Security UserID='S-1-5-18'/></System><EventData><Data Name='RuleName'>technique_id=T1574.002,technique_name=DLL Side-Loading</Data><Data Name='UtcTime'>2024-12-01 20:58:34.974</Data><Data Name='ProcessGuid'>{fc7e85d2-cdfa-674c-3de8-000000002400}</Data><Data Name='ProcessId'>7884</Data><Data Name='Image'>C:\Users\tcolby\AppData\Local\Microsoft\OneDrive\24.216.1027.0003\FileCoAuth.exe</Data><Data Name='ImageLoaded'>C:\Users\tcolby\AppData\Local\Microsoft\OneDrive\24.216.1027.0003\FileSyncTelemetryExtensions.dll</Data><Data Name='FileVersion'>24.216.1027.0003</Data><Data Name='Description'>TelemetryExtensions Library</Data><Data Name='Product'>Microsoft OneDrive</Data><Data Name='Company'>Microsoft Corporation</Data><Data Name='OriginalFileName'>FileSyncTelemetryExtensions.dll</Data><Data Name='Hashes'>SHA1=D18EE5A3084909956725165589FEC1F492C07F4A,MD5=68E01E530B1AEB3AF1614B4249095100,SHA256=E28F4AC7A48FCABF9A8AAC3F9FE008E4BF40B931E78CD87EE459631D909D0570,IMPHASH=A3B25584F4C697A4BDEB72261AF35BA8</Data><Data Name='Signed'>true</Data><Data Name='Signature'>Microsoft Corporation</Data><Data Name='SignatureStatus'>Valid</Data><Data Name='User'>ECORP\tcolby</Data></EventData></Event>","2024-12-01T15:58:34.974-0500",success,,,,,,,20,1,58,december,34,sunday,2024,0,,"wrk-colby.Ecorp.local",,,,,"wrk-colby.Ecorp.local",,"WRK-COLBY",240696,"endpoint_services_processes ms-sysmon-process windows_event_signature",,,,,,,,"WRK-COLBY",,,240696,main,1,"FileSyncTelemetryExtensions.dll","C:\Users\tcolby\AppData\Local\Microsoft\OneDrive\24.216.1027.0003\FileSyncTelemetryExtensions.dll",,,,,,"FileSyncTelemetryExtensions.dll","Microsoft Windows",,,,,,,,,,"FileCoAuth.exe","{fc7e85d2-cdfa-674c-3de8-000000002400}","SHA1=D18EE5A3084909956725165589FEC1F492C07F4A,MD5=68E01E530B1AEB3AF1614B4249095100,SHA256=E28F4AC7A48FCABF9A8AAC3F9FE008E4BF40B931E78CD87EE459631D909D0570,IMPHASH=A3B25584F4C697A4BDEB72261AF35BA8",7884,,"FileCoAuth.exe","C:\Users\tcolby\AppData\Local\Microsoft\OneDrive\24.216.1027.0003\FileCoAuth.exe",,,"<_='://../////'><><_='--'_='{----}'/><></><></><><",,,,,,,,,,,,,,,true,true,,,,,informational,4,"Image loaded",7,"XmlWinEventLog:Microsoft-Windows-Sysmon/Operational",XmlWinEventLog,"wrk-colby",,,,,,,,,,,,"process
report
track_event_signatures",,"process
report
track_event_signatures",718,695,,,,,,,tcolby,,"'S-1-5-18'",,"Microsoft Sysmon"
,,,"Microsoft-Windows-Sysmon/Operational",,,"Microsoft Corporation","wrk-colby.Ecorp.local",,,,"OneDriveTelemetry Stable DLL",,,,,,,,"Microsoft-Windows-Sysmon/Operational",7,"<Data Name='RuleName'>technique_id=T1574.002,technique_name=DLL Side-Loading</Data><Data Name='UtcTime'>2024-12-01 20:58:34.932</Data><Data Name='ProcessGuid'>{fc7e85d2-cdfa-674c-3de8-000000002400}</Data><Data Name='ProcessId'>7884</Data><Data Name='Image'>C:\Users\tcolby\AppData\Local\Microsoft\OneDrive\24.216.1027.0003\FileCoAuth.exe</Data><Data Name='ImageLoaded'>C:\Users\tcolby\AppData\Local\Microsoft\OneDrive\24.216.1027.0003\OneDriveTelemetryStable.dll</Data><Data Name='FileVersion'>24.216.1027.0003</Data><Data Name='Description'>OneDriveTelemetry Stable DLL</Data><Data Name='Product'>Microsoft OneDrive</Data><Data Name='Company'>Microsoft Corporation</Data><Data Name='OriginalFileName'>OneDriveTelemetryStable.dll</Data><Data Name='Hashes'>SHA1=659D794896CB663623295839D8A20527B5AB9021,MD5=4FCA2D08DC882553356BDE871FA95379,SHA256=8EC46F847995CE64FE0762CD2894A76BAA1AB3FA4D269D049771F19BA05D8FB5,IMPHASH=6485ADC16592F3E18575669B26B35AA9</Data><Data Name='Signed'>true</Data><Data Name='Signature'>Microsoft Corporation</Data><Data Name='SignatureStatus'>Valid</Data><Data Name='User'>ECORP\tcolby</Data>","Image loaded",7,240695,,"24.216.1027.0003",,,"'{5770385f-c22a-43e0-bf4c-06f5698ffbd9}'","SHA1=659D794896CB663623295839D8A20527B5AB9021,MD5=4FCA2D08DC882553356BDE871FA95379,SHA256=8EC46F847995CE64FE0762CD2894A76BAA1AB3FA4D269D049771F19BA05D8FB5,IMPHASH=6485ADC16592F3E18575669B26B35AA9",6485ADC16592F3E18575669B26B35AA9,"C:\Users\tcolby\AppData\Local\Microsoft\OneDrive\24.216.1027.0003\FileCoAuth.exe","C:\Users\tcolby\AppData\Local\Microsoft\OneDrive\24.216.1027.0003\OneDriveTelemetryStable.dll",,,,,0x8000000000000000,4,,,4FCA2D08DC882553356BDE871FA95379,"'Microsoft-Windows-Sysmon'",0,"OneDriveTelemetryStable.dll",,,,,,,"{fc7e85d2-cdfa-674c-3de8-000000002400}","'3144'",7884,"Microsoft OneDrive",,,,,240695,240695,,"technique_id=T1574.002,technique_name=DLL Side-Loading",659D794896CB663623295839D8A20527B5AB9021,8EC46F847995CE64FE0762CD2894A76BAA1AB3FA4D269D049771F19BA05D8FB5,"S-1-5-18","Microsoft Corporation",Valid,true,,,,,,,,,,,,"'2024-12-01T20:58:35.0782131Z'","<Provider Name='Microsoft-Windows-Sysmon' Guid='{5770385f-c22a-43e0-bf4c-06f5698ffbd9}'/><EventID>7</EventID><Version>3</Version><Level>4</Level><Task>7</Task><Opcode>0</Opcode><Keywords>0x8000000000000000</Keywords><TimeCreated SystemTime='2024-12-01T20:58:35.0782131Z'/><EventRecordID>240695</EventRecordID><Correlation/><Execution ProcessID='3144' ThreadID='4460'/><Channel>Microsoft-Windows-Sysmon/Operational</Channel><Computer>wrk-colby.Ecorp.local</Computer><Security UserID='S-1-5-18'/>",,,,,,,7,,"'4460'","2024-12-01T20:58:35.0782131Z","ECORP\tcolby","'S-1-5-18'","2024-12-01 20:58:34.932",3,"<Event xmlns='http://schemas.microsoft.com/win/2004/08/events/event'><System><Provider Name='Microsoft-Windows-Sysmon' Guid='{5770385f-c22a-43e0-bf4c-06f5698ffbd9}'/><EventID>7</EventID><Version>3</Version><Level>4</Level><Task>7</Task><Opcode>0</Opcode><Keywords>0x8000000000000000</Keywords><TimeCreated SystemTime='2024-12-01T20:58:35.0782131Z'/><EventRecordID>240695</EventRecordID><Correlation/><Execution ProcessID='3144' ThreadID='4460'/><Channel>Microsoft-Windows-Sysmon/Operational</Channel><Computer>wrk-colby.Ecorp.local</Computer><Security UserID='S-1-5-18'/></System><EventData><Data Name='RuleName'>technique_id=T1574.002,technique_name=DLL Side-Loading</Data><Data Name='UtcTime'>2024-12-01 20:58:34.932</Data><Data Name='ProcessGuid'>{fc7e85d2-cdfa-674c-3de8-000000002400}</Data><Data Name='ProcessId'>7884</Data><Data Name='Image'>C:\Users\tcolby\AppData\Local\Microsoft\OneDrive\24.216.1027.0003\FileCoAuth.exe</Data><Data Name='ImageLoaded'>C:\Users\tcolby\AppData\Local\Microsoft\OneDrive\24.216.1027.0003\OneDriveTelemetryStable.dll</Data><Data Name='FileVersion'>24.216.1027.0003</Data><Data Name='Description'>OneDriveTelemetry Stable DLL</Data><Data Name='Product'>Microsoft OneDrive</Data><Data Name='Company'>Microsoft Corporation</Data><Data Name='OriginalFileName'>OneDriveTelemetryStable.dll</Data><Data Name='Hashes'>SHA1=659D794896CB663623295839D8A20527B5AB9021,MD5=4FCA2D08DC882553356BDE871FA95379,SHA256=8EC46F847995CE64FE0762CD2894A76BAA1AB3FA4D269D049771F19BA05D8FB5,IMPHASH=6485ADC16592F3E18575669B26B35AA9</Data><Data Name='Signed'>true</Data><Data Name='Signature'>Microsoft Corporation</Data><Data Name='SignatureStatus'>Valid</Data><Data Name='User'>ECORP\tcolby</Data></EventData></Event>","2024-12-01T15:58:34.932-0500",success,,,,,,,20,1,58,december,34,sunday,2024,0,,"wrk-colby.Ecorp.local",,,,,"wrk-colby.Ecorp.local",,"WRK-COLBY",240695,"endpoint_services_processes ms-sysmon-process windows_event_signature",,,,,,,,"WRK-COLBY",,,240695,main,1,"OneDriveTelemetryStable.dll","C:\Users\tcolby\AppData\Local\Microsoft\OneDrive\24.216.1027.0003\OneDriveTelemetryStable.dll",,,,,,"OneDriveTelemetryStable.dll","Microsoft Windows",,,,,,,,,,"FileCoAuth.exe","{fc7e85d2-cdfa-674c-3de8-000000002400}","SHA1=659D794896CB663623295839D8A20527B5AB9021,MD5=4FCA2D08DC882553356BDE871FA95379,SHA256=8EC46F847995CE64FE0762CD2894A76BAA1AB3FA4D269D049771F19BA05D8FB5,IMPHASH=6485ADC16592F3E18575669B26B35AA9",7884,,"FileCoAuth.exe","C:\Users\tcolby\AppData\Local\Microsoft\OneDrive\24.216.1027.0003\FileCoAuth.exe",,,"<_='://../////'><><_='--'_='{----}'/><></><></><><",,,,,,,,,,,,,,,true,true,,,,,informational,4,"Image loaded",7,"XmlWinEventLog:Microsoft-Windows-Sysmon/Operational",XmlWinEventLog,"wrk-colby",,,,,,,,,,,,"process
report
track_event_signatures",,"process
report
track_event_signatures",718,695,,,,,,,tcolby,,"'S-1-5-18'",,"Microsoft Sysmon"
,,,"Microsoft-Windows-Sysmon/Operational",,,Microsoft,"wrk-colby.Ecorp.local",,,,"ADAL.Native",,,,,,,,"Microsoft-Windows-Sysmon/Operational",7,"<Data Name='RuleName'>technique_id=T1574.002,technique_name=DLL Side-Loading</Data><Data Name='UtcTime'>2024-12-01 20:58:34.901</Data><Data Name='ProcessGuid'>{fc7e85d2-cdfa-674c-3de8-000000002400}</Data><Data Name='ProcessId'>7884</Data><Data Name='Image'>C:\Users\tcolby\AppData\Local\Microsoft\OneDrive\24.216.1027.0003\FileCoAuth.exe</Data><Data Name='ImageLoaded'>C:\Users\tcolby\AppData\Local\Microsoft\OneDrive\24.216.1027.0003\adal.dll</Data><Data Name='FileVersion'>2.3.2.18301</Data><Data Name='Description'>ADAL.Native</Data><Data Name='Product'>Microsoft© ADAL</Data><Data Name='Company'>Microsoft</Data><Data Name='OriginalFileName'>adal.dll</Data><Data Name='Hashes'>SHA1=D2B9A5A4694784DB186D8F59F17764BE2597D119,MD5=586DA18DAE2674C75F90BD645CF2E960,SHA256=820D654C46D7F7B10E6621E9F5929B22E3C0FEBE32AC55E6A66027F963A3FF61,IMPHASH=DFE10357CDA24DAD96A0785D6ED8BD39</Data><Data Name='Signed'>true</Data><Data Name='Signature'>Microsoft Corporation</Data><Data Name='SignatureStatus'>Valid</Data><Data Name='User'>ECORP\tcolby</Data>","Image loaded",7,240694,,"2.3.2.18301",,,"'{5770385f-c22a-43e0-bf4c-06f5698ffbd9}'","SHA1=D2B9A5A4694784DB186D8F59F17764BE2597D119,MD5=586DA18DAE2674C75F90BD645CF2E960,SHA256=820D654C46D7F7B10E6621E9F5929B22E3C0FEBE32AC55E6A66027F963A3FF61,IMPHASH=DFE10357CDA24DAD96A0785D6ED8BD39",DFE10357CDA24DAD96A0785D6ED8BD39,"C:\Users\tcolby\AppData\Local\Microsoft\OneDrive\24.216.1027.0003\FileCoAuth.exe","C:\Users\tcolby\AppData\Local\Microsoft\OneDrive\24.216.1027.0003\adal.dll",,,,,0x8000000000000000,4,,,586DA18DAE2674C75F90BD645CF2E960,"'Microsoft-Windows-Sysmon'",0,"adal.dll",,,,,,,"{fc7e85d2-cdfa-674c-3de8-000000002400}","'3144'",7884,"Microsoft© ADAL",,,,,240694,240694,,"technique_id=T1574.002,technique_name=DLL Side-Loading",D2B9A5A4694784DB186D8F59F17764BE2597D119,820D654C46D7F7B10E6621E9F5929B22E3C0FEBE32AC55E6A66027F963A3FF61,"S-1-5-18","Microsoft Corporation",Valid,true,,,,,,,,,,,,"'2024-12-01T20:58:35.0651778Z'","<Provider Name='Microsoft-Windows-Sysmon' Guid='{5770385f-c22a-43e0-bf4c-06f5698ffbd9}'/><EventID>7</EventID><Version>3</Version><Level>4</Level><Task>7</Task><Opcode>0</Opcode><Keywords>0x8000000000000000</Keywords><TimeCreated SystemTime='2024-12-01T20:58:35.0651778Z'/><EventRecordID>240694</EventRecordID><Correlation/><Execution ProcessID='3144' ThreadID='4460'/><Channel>Microsoft-Windows-Sysmon/Operational</Channel><Computer>wrk-colby.Ecorp.local</Computer><Security UserID='S-1-5-18'/>",,,,,,,7,,"'4460'","2024-12-01T20:58:35.0651778Z","ECORP\tcolby","'S-1-5-18'","2024-12-01 20:58:34.901",3,"<Event xmlns='http://schemas.microsoft.com/win/2004/08/events/event'><System><Provider Name='Microsoft-Windows-Sysmon' Guid='{5770385f-c22a-43e0-bf4c-06f5698ffbd9}'/><EventID>7</EventID><Version>3</Version><Level>4</Level><Task>7</Task><Opcode>0</Opcode><Keywords>0x8000000000000000</Keywords><TimeCreated SystemTime='2024-12-01T20:58:35.0651778Z'/><EventRecordID>240694</EventRecordID><Correlation/><Execution ProcessID='3144' ThreadID='4460'/><Channel>Microsoft-Windows-Sysmon/Operational</Channel><Computer>wrk-colby.Ecorp.local</Computer><Security UserID='S-1-5-18'/></System><EventData><Data Name='RuleName'>technique_id=T1574.002,technique_name=DLL Side-Loading</Data><Data Name='UtcTime'>2024-12-01 20:58:34.901</Data><Data Name='ProcessGuid'>{fc7e85d2-cdfa-674c-3de8-000000002400}</Data><Data Name='ProcessId'>7884</Data><Data Name='Image'>C:\Users\tcolby\AppData\Local\Microsoft\OneDrive\24.216.1027.0003\FileCoAuth.exe</Data><Data Name='ImageLoaded'>C:\Users\tcolby\AppData\Local\Microsoft\OneDrive\24.216.1027.0003\adal.dll</Data><Data Name='FileVersion'>2.3.2.18301</Data><Data Name='Description'>ADAL.Native</Data><Data Name='Product'>Microsoft© ADAL</Data><Data Name='Company'>Microsoft</Data><Data Name='OriginalFileName'>adal.dll</Data><Data Name='Hashes'>SHA1=D2B9A5A4694784DB186D8F59F17764BE2597D119,MD5=586DA18DAE2674C75F90BD645CF2E960,SHA256=820D654C46D7F7B10E6621E9F5929B22E3C0FEBE32AC55E6A66027F963A3FF61,IMPHASH=DFE10357CDA24DAD96A0785D6ED8BD39</Data><Data Name='Signed'>true</Data><Data Name='Signature'>Microsoft Corporation</Data><Data Name='SignatureStatus'>Valid</Data><Data Name='User'>ECORP\tcolby</Data></EventData></Event>","2024-