12-01T15:46:23.122-0500",allowed,,,,,,,20,1,46,december,23,sunday,2024,0,,"wrk-colby.Ecorp.local",,,,,"wrk-colby.Ecorp.local",,"WRK-COLBY",240625,"endpoint_services_processes ms-sysmon-process windows_event_signature",,,,,,,0x101411,"WRK-COLBY",,,240625,main,1,,,,,,,,,"Microsoft Windows",,"OneDrive.exe","{fc7e85d2-7dc4-674c-4102-000000002400}",8356,"OneDrive.exe","C:\Users\tcolby\AppData\Local\Microsoft\OneDrive\OneDrive.exe",,,,"msedge.exe","{fc7e85d2-c421-674c-9ccb-000000002400}",,5700,,"msedge.exe","C:\Program Files (x86)\Microsoft\Edge\Application\msedge.exe",,,"<_='://../////'><><_='--'_='{----}'/><></><></><><",,,,,,,,,,,,,,,,,,,,,informational,4,ProcessAccess,10,"XmlWinEventLog:Microsoft-Windows-Sysmon/Operational",XmlWinEventLog,"wrk-colby",,,,,,,,,,,,"process
report
track_event_signatures",,"process
report
track_event_signatures",712,689,,,,,,,tcolby,,"'S-1-5-18'",,"Microsoft Sysmon"
,"C:\Windows\SYSTEM32\ntdll.dll+9d9b4|C:\Windows\System32\KERNELBASE.dll+338ae|C:\Users\tcolby\AppData\Local\Microsoft\OneDrive\24.216.1027.0003\FileSyncClient.dll+5e7821|C:\Users\tcolby\AppData\Local\Microsoft\OneDrive\24.216.1027.0003\FileSyncClient.dll+89a76|C:\Users\tcolby\AppData\Local\Microsoft\OneDrive\24.216.1027.0003\FileSyncClient.dll+897f7|C:\Users\tcolby\AppData\Local\Microsoft\OneDrive\24.216.1027.0003\FileSyncClient.dll+896e6|C:\Users\tcolby\AppData\Local\Microsoft\OneDrive\24.216.1027.0003\FileSyncEvents.dll+edb1|C:\Users\tcolby\AppData\Local\Microsoft\OneDrive\24.216.1027.0003\FileSyncHost.DLL+ce95|C:\Users\tcolby\AppData\Local\Microsoft\OneDrive\24.216.1027.0003\FileSyncHost.DLL+f665|C:\Windows\System32\ucrtbase.dll+21bb2|C:\Windows\System32\KERNEL32.DLL+17374|C:\Windows\SYSTEM32\ntdll.dll+4cc91",,"Microsoft-Windows-Sysmon/Operational",,,,"wrk-colby.Ecorp.local",,,,,,,,,,,,"Microsoft-Windows-Sysmon/Operational",10,"<Data Name='RuleName'>technique_id=T1036,technique_name=Masquerading</Data><Data Name='UtcTime'>2024-12-01 20:46:23.122</Data><Data Name='SourceProcessGUID'>{fc7e85d2-7dc4-674c-4102-000000002400}</Data><Data Name='SourceProcessId'>8356</Data><Data Name='SourceThreadId'>5044</Data><Data Name='SourceImage'>C:\Users\tcolby\AppData\Local\Microsoft\OneDrive\OneDrive.exe</Data><Data Name='TargetProcessGUID'>{fc7e85d2-c420-674c-9bcb-000000002400}</Data><Data Name='TargetProcessId'>5616</Data><Data Name='TargetImage'>C:\Program Files (x86)\Microsoft\Edge\Application\msedge.exe</Data><Data Name='GrantedAccess'>0x101411</Data><Data Name='CallTrace'>C:\Windows\SYSTEM32\ntdll.dll+9d9b4|C:\Windows\System32\KERNELBASE.dll+338ae|C:\Users\tcolby\AppData\Local\Microsoft\OneDrive\24.216.1027.0003\FileSyncClient.dll+5e7821|C:\Users\tcolby\AppData\Local\Microsoft\OneDrive\24.216.1027.0003\FileSyncClient.dll+89a76|C:\Users\tcolby\AppData\Local\Microsoft\OneDrive\24.216.1027.0003\FileSyncClient.dll+897f7|C:\Users\tcolby\AppData\Local\Microsoft\OneDrive\24.216.1027.0003\FileSyncClient.dll+896e6|C:\Users\tcolby\AppData\Local\Microsoft\OneDrive\24.216.1027.0003\FileSyncEvents.dll+edb1|C:\Users\tcolby\AppData\Local\Microsoft\OneDrive\24.216.1027.0003\FileSyncHost.DLL+ce95|C:\Users\tcolby\AppData\Local\Microsoft\OneDrive\24.216.1027.0003\FileSyncHost.DLL+f665|C:\Windows\System32\ucrtbase.dll+21bb2|C:\Windows\System32\KERNEL32.DLL+17374|C:\Windows\SYSTEM32\ntdll.dll+4cc91</Data><Data Name='SourceUser'>ECORP\tcolby</Data><Data Name='TargetUser'>ECORP\tcolby</Data>",ProcessAccess,10,240624,,,,0x101411,"'{5770385f-c22a-43e0-bf4c-06f5698ffbd9}'",,,,,,,,,0x8000000000000000,4,,,,"'Microsoft-Windows-Sysmon'",0,,,,,,,,,"'3144'",,,,,,,240624,240624,,"technique_id=T1036,technique_name=Masquerading",,,"S-1-5-18",,,,,"C:\Users\tcolby\AppData\Local\Microsoft\OneDrive\OneDrive.exe",,,,,"{fc7e85d2-7dc4-674c-4102-000000002400}",8356,5044,"ECORP\tcolby",,"'2024-12-01T20:46:23.1228853Z'","<Provider Name='Microsoft-Windows-Sysmon' Guid='{5770385f-c22a-43e0-bf4c-06f5698ffbd9}'/><EventID>10</EventID><Version>3</Version><Level>4</Level><Task>10</Task><Opcode>0</Opcode><Keywords>0x8000000000000000</Keywords><TimeCreated SystemTime='2024-12-01T20:46:23.1228853Z'/><EventRecordID>240624</EventRecordID><Correlation/><Execution ProcessID='3144' ThreadID='4456'/><Channel>Microsoft-Windows-Sysmon/Operational</Channel><Computer>wrk-colby.Ecorp.local</Computer><Security UserID='S-1-5-18'/>",,"C:\Program Files (x86)\Microsoft\Edge\Application\msedge.exe",,"{fc7e85d2-c420-674c-9bcb-000000002400}",5616,"ECORP\tcolby",10,,"'4456'","2024-12-01T20:46:23.1228853Z",,"'S-1-5-18'","2024-12-01 20:46:23.122",3,"<Event xmlns='http://schemas.microsoft.com/win/2004/08/events/event'><System><Provider Name='Microsoft-Windows-Sysmon' Guid='{5770385f-c22a-43e0-bf4c-06f5698ffbd9}'/><EventID>10</EventID><Version>3</Version><Level>4</Level><Task>10</Task><Opcode>0</Opcode><Keywords>0x8000000000000000</Keywords><TimeCreated SystemTime='2024-12-01T20:46:23.1228853Z'/><EventRecordID>240624</EventRecordID><Correlation/><Execution ProcessID='3144' ThreadID='4456'/><Channel>Microsoft-Windows-Sysmon/Operational</Channel><Computer>wrk-colby.Ecorp.local</Computer><Security UserID='S-1-5-18'/></System><EventData><Data Name='RuleName'>technique_id=T1036,technique_name=Masquerading</Data><Data Name='UtcTime'>2024-12-01 20:46:23.122</Data><Data Name='SourceProcessGUID'>{fc7e85d2-7dc4-674c-4102-000000002400}</Data><Data Name='SourceProcessId'>8356</Data><Data Name='SourceThreadId'>5044</Data><Data Name='SourceImage'>C:\Users\tcolby\AppData\Local\Microsoft\OneDrive\OneDrive.exe</Data><Data Name='TargetProcessGUID'>{fc7e85d2-c420-674c-9bcb-000000002400}</Data><Data Name='TargetProcessId'>5616</Data><Data Name='TargetImage'>C:\Program Files (x86)\Microsoft\Edge\Application\msedge.exe</Data><Data Name='GrantedAccess'>0x101411</Data><Data Name='CallTrace'>C:\Windows\SYSTEM32\ntdll.dll+9d9b4|C:\Windows\System32\KERNELBASE.dll+338ae|C:\Users\tcolby\AppData\Local\Microsoft\OneDrive\24.216.1027.0003\FileSyncClient.dll+5e7821|C:\Users\tcolby\AppData\Local\Microsoft\OneDrive\24.216.1027.0003\FileSyncClient.dll+89a76|C:\Users\tcolby\AppData\Local\Microsoft\OneDrive\24.216.1027.0003\FileSyncClient.dll+897f7|C:\Users\tcolby\AppData\Local\Microsoft\OneDrive\24.216.1027.0003\FileSyncClient.dll+896e6|C:\Users\tcolby\AppData\Local\Microsoft\OneDrive\24.216.1027.0003\FileSyncEvents.dll+edb1|C:\Users\tcolby\AppData\Local\Microsoft\OneDrive\24.216.1027.0003\FileSyncHost.DLL+ce95|C:\Users\tcolby\AppData\Local\Microsoft\OneDrive\24.216.1027.0003\FileSyncHost.DLL+f665|C:\Windows\System32\ucrtbase.dll+21bb2|C:\Windows\System32\KERNEL32.DLL+17374|C:\Windows\SYSTEM32\ntdll.dll+4cc91</Data><Data Name='SourceUser'>ECORP\tcolby</Data><Data Name='TargetUser'>ECORP\tcolby</Data></EventData></Event>","2024-12-01T15:46:23.122-0500",allowed,,,,,,,20,1,46,december,23,sunday,2024,0,,"wrk-colby.Ecorp.local",,,,,"wrk-colby.Ecorp.local",,"WRK-COLBY",240624,"endpoint_services_processes ms-sysmon-process windows_event_signature",,,,,,,0x101411,"WRK-COLBY",,,240624,main,1,,,,,,,,,"Microsoft Windows",,"OneDrive.exe","{fc7e85d2-7dc4-674c-4102-000000002400}",8356,"OneDrive.exe","C:\Users\tcolby\AppData\Local\Microsoft\OneDrive\OneDrive.exe",,,,"msedge.exe","{fc7e85d2-c420-674c-9bcb-000000002400}",,5616,,"msedge.exe","C:\Program Files (x86)\Microsoft\Edge\Application\msedge.exe",,,"<_='://../////'><><_='--'_='{----}'/><></><></><><",,,,,,,,,,,,,,,,,,,,,informational,4,ProcessAccess,10,"XmlWinEventLog:Microsoft-Windows-Sysmon/Operational",XmlWinEventLog,"wrk-colby",,,,,,,,,,,,"process
report
track_event_signatures",,"process
report
track_event_signatures",712,689,,,,,,,tcolby,,"'S-1-5-18'",,"Microsoft Sysmon"
,"C:\Windows\SYSTEM32\ntdll.dll+9d9b4|C:\Windows\System32\KERNELBASE.dll+338ae|C:\Users\tcolby\AppData\Local\Microsoft\OneDrive\24.216.1027.0003\FileSyncClient.dll+5e7821|C:\Users\tcolby\AppData\Local\Microsoft\OneDrive\24.216.1027.0003\FileSyncClient.dll+89a76|C:\Users\tcolby\AppData\Local\Microsoft\OneDrive\24.216.1027.0003\FileSyncClient.dll+897f7|C:\Users\tcolby\AppData\Local\Microsoft\OneDrive\24.216.1027.0003\FileSyncClient.dll+896e6|C:\Users\tcolby\AppData\Local\Microsoft\OneDrive\24.216.1027.0003\FileSyncEvents.dll+edb1|C:\Users\tcolby\AppData\Local\Microsoft\OneDrive\24.216.1027.0003\FileSyncHost.DLL+ce95|C:\Users\tcolby\AppData\Local\Microsoft\OneDrive\24.216.1027.0003\FileSyncHost.DLL+f665|C:\Windows\System32\ucrtbase.dll+21bb2|C:\Windows\System32\KERNEL32.DLL+17374|C:\Windows\SYSTEM32\ntdll.dll+4cc91",,"Microsoft-Windows-Sysmon/Operational",,,,"wrk-colby.Ecorp.local",,,,,,,,,,,,"Microsoft-Windows-Sysmon/Operational",10,"<Data Name='RuleName'>technique_id=T1036,technique_name=Masquerading</Data><Data Name='UtcTime'>2024-12-01 20:46:23.122</Data><Data Name='SourceProcessGUID'>{fc7e85d2-7dc4-674c-4102-000000002400}</Data><Data Name='SourceProcessId'>8356</Data><Data Name='SourceThreadId'>5044</Data><Data Name='SourceImage'>C:\Users\tcolby\AppData\Local\Microsoft\OneDrive\OneDrive.exe</Data><Data Name='TargetProcessGUID'>{fc7e85d2-815e-674c-2a0d-000000002400}</Data><Data Name='TargetProcessId'>6596</Data><Data Name='TargetImage'>C:\Windows\System32\RuntimeBroker.exe</Data><Data Name='GrantedAccess'>0x101411</Data><Data Name='CallTrace'>C:\Windows\SYSTEM32\ntdll.dll+9d9b4|C:\Windows\System32\KERNELBASE.dll+338ae|C:\Users\tcolby\AppData\Local\Microsoft\OneDrive\24.216.1027.0003\FileSyncClient.dll+5e7821|C:\Users\tcolby\AppData\Local\Microsoft\OneDrive\24.216.1027.0003\FileSyncClient.dll+89a76|C:\Users\tcolby\AppData\Local\Microsoft\OneDrive\24.216.1027.0003\FileSyncClient.dll+897f7|C:\Users\tcolby\AppData\Local\Microsoft\OneDrive\24.216.1027.0003\FileSyncClient.dll+896e6|C:\Users\tcolby\AppData\Local\Microsoft\OneDrive\24.216.1027.0003\FileSyncEvents.dll+edb1|C:\Users\tcolby\AppData\Local\Microsoft\OneDrive\24.216.1027.0003\FileSyncHost.DLL+ce95|C:\Users\tcolby\AppData\Local\Microsoft\OneDrive\24.216.1027.0003\FileSyncHost.DLL+f665|C:\Windows\System32\ucrtbase.dll+21bb2|C:\Windows\System32\KERNEL32.DLL+17374|C:\Windows\SYSTEM32\ntdll.dll+4cc91</Data><Data Name='SourceUser'>ECORP\tcolby</Data><Data Name='TargetUser'>ECORP\tcolby</Data>",ProcessAccess,10,240623,,,,0x101411,"'{5770385f-c22a-43e0-bf4c-06f5698ffbd9}'",,,,,,,,,0x8000000000000000,4,,,,"'Microsoft-Windows-Sysmon'",0,,,,,,,,,"'3144'",,,,,,,240623,240623,,"technique_id=T1036,technique_name=Masquerading",,,"S-1-5-18",,,,,"C:\Users\tcolby\AppData\Local\Microsoft\OneDrive\OneDrive.exe",,,,,"{fc7e85d2-7dc4-674c-4102-000000002400}",8356,5044,"ECORP\tcolby",,"'2024-12-01T20:46:23.1228449Z'","<Provider Name='Microsoft-Windows-Sysmon' Guid='{5770385f-c22a-43e0-bf4c-06f5698ffbd9}'/><EventID>10</EventID><Version>3</Version><Level>4</Level><Task>10</Task><Opcode>0</Opcode><Keywords>0x8000000000000000</Keywords><TimeCreated SystemTime='2024-12-01T20:46:23.1228449Z'/><EventRecordID>240623</EventRecordID><Correlation/><Execution ProcessID='3144' ThreadID='4456'/><Channel>Microsoft-Windows-Sysmon/Operational</Channel><Computer>wrk-colby.Ecorp.local</Computer><Security UserID='S-1-5-18'/>",,"C:\Windows\System32\RuntimeBroker.exe",,"{fc7e85d2-815e-674c-2a0d-000000002400}",6596,"ECORP\tcolby",10,,"'4456'","2024-12-01T20:46:23.1228449Z",,"'S-1-5-18'","2024-12-01 20:46:23.122",3,"<Event xmlns='http://schemas.microsoft.com/win/2004/08/events/event'><System><Provider Name='Microsoft-Windows-Sysmon' Guid='{5770385f-c22a-43e0-bf4c-06f5698ffbd9}'/><EventID>10</EventID><Version>3</Version><Level>4</Level><Task>10</Task><Opcode>0</Opcode><Keywords>0x8000000000000000</Keywords><TimeCreated SystemTime='2024-12-01T20:46:23.1228449Z'/><EventRecordID>240623</EventRecordID><Correlation/><Execution ProcessID='3144' ThreadID='4456'/><Channel>Microsoft-Windows-Sysmon/Operational</Channel><Computer>wrk-colby.Ecorp.local</Computer><Security UserID='S-1-5-18'/></System><EventData><Data Name='RuleName'>technique_id=T1036,technique_name=Masquerading</Data><Data Name='UtcTime'>2024-12-01 20:46:23.122</Data><Data Name='SourceProcessGUID'>{fc7e85d2-7dc4-674c-4102-000000002400}</Data><Data Name='SourceProcessId'>8356</Data><Data Name='SourceThreadId'>5044</Data><Data Name='SourceImage'>C:\Users\tcolby\AppData\Local\Microsoft\OneDrive\OneDrive.exe</Data><Data Name='TargetProcessGUID'>{fc7e85d2-815e-674c-2a0d-000000002400}</Data><Data Name='TargetProcessId'>6596</Data><Data Name='TargetImage'>C:\Windows\System32\RuntimeBroker.exe</Data><Data Name='GrantedAccess'>0x101411</Data><Data Name='CallTrace'>C:\Windows\SYSTEM32\ntdll.dll+9d9b4|C:\Windows\System32\KERNELBASE.dll+338ae|C:\Users\tcolby\AppData\Local\Microsoft\OneDrive\24.216.1027.0003\FileSyncClient.dll+5e7821|C:\Users\tcolby\AppData\Local\Microsoft\OneDrive\24.216.1027.0003\FileSyncClient.dll+89a76|C:\Users\tcolby\AppData\Local\Microsoft\OneDrive\24.216.1027.0003\FileSyncClient.dll+897f7|C:\Users\tcolby\AppData\Local\Microsoft\OneDrive\24.216.1027.0003\FileSyncClient.dll+896e6|C:\Users\tcolby\AppData\Local\Microsoft\OneDrive\24.216.1027.0003\FileSyncEvents.dll+edb1|C:\Users\tcolby\AppData\Local\Microsoft\OneDrive\24.216.1027.0003\FileSyncHost.DLL+ce95|C:\Users\tcolby\AppData\Local\Microsoft\OneDrive\24.216.1027.0003\FileSyncHost.DLL+f665|C:\Windows\System32\ucrtbase.dll+21bb2|C:\Windows\System32\KERNEL32.DLL+17374|C:\Windows\SYSTEM32\ntdll.dll+4cc91</Data><Data Name='SourceUser'>ECORP\tcolby</Data><Data Name='TargetUser'>ECORP\tcolby</Data></EventData></Event>","2024-12-01T15:46:23.122-0500",allowed,,,,,,,20,1,46,december,23,sunday,2024,0,,"wrk-colby.Ecorp.local",,,,,"wrk-colby.Ecorp.local",,"WRK-COLBY",240623,"endpoint_services_processes ms-sysmon-process windows_event_signature",,,,,,,0x101411,"WRK-COLBY",,,240623,main,1,,,,,,,,,"Microsoft Windows",,"OneDrive.exe","{fc7e85d2-7dc4-674c-4102-000000002400}",8356,"OneDrive.exe","C:\Users\tcolby\AppData\Local\Microsoft\OneDrive\OneDrive.exe",,,,"RuntimeBroker.exe","{fc7e85d2-815e-674c-2a0d-000000002400}",,6596,,"RuntimeBroker.exe","C:\Windows\System32\RuntimeBroker.exe",,,"<_='://../////'><><_='--'_='{----}'/><></><></><><",,,,,,,,,,,,,,,,,,,,,informational,4,ProcessAccess,10,"XmlWinEventLog:Microsoft-Windows-Sysmon/Operational",XmlWinEventLog,"wrk-colby",,,,,,,,,,,,"process
report
track_event_signatures",,"process
report
track_event_signatures",712,689,,,,,,,tcolby,,"'S-1-5-18'",,"Microsoft Sysmon"
,"C:\Windows\SYSTEM32\ntdll.dll+9d9b4|C:\Windows\System32\KERNELBASE.dll+338ae|C:\Users\tcolby\AppData\Local\Microsoft\OneDrive\24.216.1027.0003\FileSyncClient.dll+5e7821|C:\Users\tcolby\AppData\Local\Microsoft\OneDrive\24.216.1027.0003\FileSyncClient.dll+89a76|C:\Users\tcolby\AppData\Local\Microsoft\OneDrive\24.216.1027.0003\FileSyncClient.dll+897f7|C:\Users\tcolby\AppData\Local\Microsoft\OneDrive\24.216.1027.0003\FileSyncClient.dll+896e6|C:\Users\tcolby\AppData\Local\Microsoft\OneDrive\24.216.1027.0003\FileSyncEvents.dll+edb1|C:\Users\tcolby\AppData\Local\Microsoft\OneDrive\24.216.1027.0003\FileSyncHost.DLL+ce95|C:\Users\tcolby\AppData\Local\Microsoft\OneDrive\24.216.1027.0003\FileSyncHost.DLL+f665|C:\Windows\System32\ucrtbase.dll+21bb2|C:\Windows\System32\KERNEL32.DLL+17374|C:\Windows\SYSTEM32\ntdll.dll+4cc91",,"Microsoft-Windows-Sysmon/Operational",,,,"wrk-colby.Ecorp.local",,,,,,,,,,,,"Microsoft-Windows-Sysmon/Operational",10,"<Data Name='RuleName'>technique_id=T1036,technique_name=Masquerading</Data><Data Name='UtcTime'>2024-12-01 20:46:23.122</Data><Data Name='SourceProcessGUID'>{fc7e85d2-7dc4-674c-4102-000000002400}</Data><Data Name='SourceProcessId'>8356</Data><Data Name='SourceThreadId'>5044</Data><Data Name='SourceImage'>C:\Users\tcolby\AppData\Local\Microsoft\OneDrive\OneDrive.exe</Data><Data Name='TargetProcessGUID'>{fc7e85d2-815e-674c-290d-000000002400}</Data><Data Name='TargetProcessId'>5904</Data><Data Name='TargetImage'>C:\Windows\SystemApps\Microsoft.LockApp_cw5n1h2txyewy\LockApp.exe</Data><Data Name='GrantedAccess'>0x101411</Data><Data Name='CallTrace'>C:\Windows\SYSTEM32\ntdll.dll+9d9b4|C:\Windows\System32\KERNELBASE.dll+338ae|C:\Users\tcolby\AppData\Local\Microsoft\OneDrive\24.216.1027.0003\FileSyncClient.dll+5e7821|C:\Users\tcolby\AppData\Local\Microsoft\OneDrive\24.216.1027.0003\FileSyncClient.dll+89a76|C:\Users\tcolby\AppData\Local\Microsoft\OneDrive\24.216.1027.0003\FileSyncClient.dll+897f7|C:\Users\tcolby\AppData\Local\Microsoft\OneDrive\24.216.1027.0003\FileSyncClient.dll+896e6|C:\Users\tcolby\AppData\Local\Microsoft\OneDrive\24.216.1027.0003\FileSyncEvents.dll+edb1|C:\Users\tcolby\AppData\Local\Microsoft\OneDrive\24.216.1027.0003\FileSyncHost.DLL+ce95|C:\Users\tcolby\AppData\Local\Microsoft\OneDrive\24.216.1027.0003\FileSyncHost.DLL+f665|C:\Windows\System32\ucrtbase.dll+21bb2|C:\Windows\System32\KERNEL32.DLL+17374|C:\Windows\SYSTEM32\ntdll.dll+4cc91</Data><Data Name='SourceUser'>ECORP\tcolby</Data><Data Name='TargetUser'>ECORP\tcolby</Data>",ProcessAccess,10,240622,,,,0x101411,"'{5770385f-c22a-43e0-bf4c-06f5698ffbd9}'",,,,,,,,,0x8000000000000000,4,,,,"'Microsoft-Windows-Sysmon'",0,,,,,,,,,"'3144'",,,,,,,240622,240622,,"technique_id=T1036,technique_name=Masquerading",,,"S-1-5-18",,,,,"C:\Users\tcolby\AppData\Local\Microsoft\OneDrive\OneDrive.exe",,,,,"{fc7e85d2-7dc4-674c-4102-000000002400}",8356,5044,"ECORP\tcolby",,"'2024-12-01T20:46:23.1224429Z'","<Provider Name='Microsoft-Windows-Sysmon' Guid='{5770385f-c22a-43e0-bf4c-06f5698ffbd9}'/><EventID>10</EventID><Version>3</Version><Level>4</Level><Task>10</Task><Opcode>0</Opcode><Keywords>0x8000000000000000</Keywords><TimeCreated SystemTime='2024-12-01T20:46:23.1224429Z'/><EventRecordID>240622</EventRecordID><Correlation/><Execution ProcessID='3144' ThreadID='4456'/><Channel>Microsoft-Windows-Sysmon/Operational</Channel><Computer>wrk-colby.Ecorp.local</Computer><Security UserID='S-1-5-18'/>",,"C:\Windows\SystemApps\Microsoft.LockApp_cw5n1h2txyewy\LockApp.exe",,"{fc7e85d2-815e-674c-290d-000000002400}",5904,"ECORP\tcolby",10,,"'4456'","2024-12-01T20:46:23.1224429Z",,"'S-1-5-18'","2024-12-01 20:46:23.122",3,"<Event xmlns='http://schemas.microsoft.com/win/2004/08/events/event'><System><Provider Name='Microsoft-Windows-Sysmon' Guid='{5770385f-c22a-43e0-bf4c-06f5698ffbd9}'/><EventID>10</EventID><Version>3</Version><Level>4</Level><Task>10</Task><Opcode>0</Opcode><Keywords>0x8000000000000000</Keywords><TimeCreated SystemTime='2024-12-01T20:46:23.1224429Z'/><EventRecordID>240622</EventRecordID><Correlation/><Execution ProcessID='3144' ThreadID='4456'/><Channel>Microsoft-Windows-Sysmon/Operational</Channel><Computer>wrk-colby.Ecorp.local</Computer><Security UserID='S-1-5-18'/></System><EventData><Data Name='RuleName'>technique_id=T1036,technique_name=Masquerading</Data><Data Name='UtcTime'>2024-12-01 20:46:23.122</Data><Data Name='SourceProcessGUID'>{fc7e85d2-7dc4-674c-4102-000000002400}</Data><Data Name='SourceProcessId'>8356</Data><Data Name='SourceThreadId'>5044</Data><Data Name='SourceImage'>C:\Users\tcolby\AppData\Local\Microsoft\OneDrive\OneDrive.exe</Data><Data Name='TargetProcessGUID'>{fc7e85d2-815e-674c-290d-000000002400}</Data><Data Name='TargetProcessId'>5904</Data><Data Name='TargetImage'>C:\Windows\SystemApps\Microsoft.LockApp_cw5n1h2txyewy\LockApp.exe</Data><Data Name='GrantedAccess'>0x101411</Data><Data Name='CallTrace'>C:\Windows\SYSTEM32\ntdll.dll+9d9b4|C:\Windows\System32\KERNELBASE.dll+338ae|C:\Users\tcolby\AppData\Local\Microsoft\OneDrive\24.216.1027.0003\FileSyncClient.dll+5e7821|C:\Users\tcolby\AppData\Local\Microsoft\OneDrive\24.216.1027.0003\FileSyncClient.dll+89a76|C:\Users\tcolby\AppData\Local\Microsoft\OneDrive\24.216.1027.0003\FileSyncClient.dll+897f7|C:\Users\tcolby\AppData\Local\Microsoft\OneDrive\24.216.1027.0003\FileSyncClient.dll+896e6|C:\Users\tcolby\AppData\Local\Microsoft\OneDrive\24.216.1027.0003\FileSyncEvents.dll+edb1|C:\Users\tcolby\AppData\Local\Microsoft\OneDrive\24.216.1027.0003\FileSyncHost.DLL+ce95|C:\Users\tcolby\AppData\Local\Microsoft\OneDrive\24.216.1027.0003\FileSyncHost.DLL+f665|C:\Windows\System32\ucrtbase.dll+21bb2|C:\Windows\System32\KERNEL32.DLL+17374|C:\Windows\SYSTEM32\ntdll.dll+4cc91</Data><Data Name='SourceUser'>ECORP\tcolby</Data><Data Name='TargetUser'>ECORP\tcolby</Data></EventData></Event>","2024-12-01T15:46:23.122-0500",allowed,,,,,,,20,1,46,december,23,sunday,2024,0,,"wrk-colby.Ecorp.local",,,,,"wrk-colby.Ecorp.local",,"WRK-COLBY",240622,"endpoint_services_processes ms-sysmon-process windows_event_signature",,,,,,,0x101411,"WRK-COLBY",,,240622,main,1,,,,,,,,,"Microsoft Windows",,"OneDrive.exe","{fc7e85d2-7dc4-674c-4102-000000002400}",8356,"OneDrive.exe","C:\Users\tcolby\AppData\Local\Microsoft\OneDrive\OneDrive.exe",,,,"LockApp.exe","{fc7e85d2-815e-674c-290d-000000002400}",,5904,,"LockApp.exe","C:\Windows\SystemApps\Microsoft.LockApp_cw5n1h2txyewy\LockApp.exe",,,"<_='://../////'><><_='--'_='{----}'/><></><></><><",,,,,,,,,,,,,,,,,,,,,informational,4,ProcessAccess,10,"XmlWinEventLog:Microsoft-Windows-Sysmon/Operational",XmlWinEventLog,"wrk-colby",,,,,,,,,,,,"process
report
track_event_signatures",,"process
report
track_event_signatures",712,689,,,,,,,tcolby,,"'S-1-5-18'",,"Microsoft Sysmon"
,"C:\Windows\SYSTEM32\ntdll.dll+9d9b4|C:\Windows\System32\KERNELBASE.dll+338ae|C:\Users\tcolby\AppData\Local\Microsoft\OneDrive\24.216.1027.0003\FileSyncClient.dll+5e7821|C:\Users\tcolby\AppData\Local\Microsoft\OneDrive\24.216.1027.0003\FileSyncClient.dll+89a76|C:\Users\tcolby\AppData\Local\Microsoft\OneDrive\24.216.1027.0003\FileSyncClient.dll+897f7|C:\Users\tcolby\AppData\Local\Microsoft\OneDrive\24.216.1027.0003\FileSyncClient.dll+896e6|C:\Users\tcolby\AppData\Local\Microsoft\OneDrive\24.216.1027.0003\FileSyncEvents.dll+edb1|C:\Users\tcolby\AppData\Local\Microsoft\OneDrive\24.216.1027.0003\FileSyncHost.DLL+ce95|C:\Users\tcolby\AppData\Local\Microsoft\OneDrive\24.216.1027.0003\FileSyncHost.DLL+f665|C:\Windows\System32\ucrtbase.dll+21bb2|C:\Windows\System32\KERNEL32.DLL+17374|C:\Windows\SYSTEM32\ntdll.dll+4cc91",,"Microsoft-Windows-Sysmon/Operational",,,,"wrk-colby.Ecorp.local",,,,,,,,,,,,"Microsoft-Windows-Sysmon/Operational",10,"<Data Name='RuleName'>technique_id=T1036,technique_name=Masquerading</Data><Data Name='UtcTime'>2024-12-01 20:46:23.122</Data><Data Name='SourceProcessGUID'>{fc7e85d2-7dc4-674c-4102-000000002400}</Data><Data Name='SourceProcessId'>8356</Data><Data Name='SourceThreadId'>5044</Data><Data Name='SourceImage'>C:\Users\tcolby\AppData\Local\Microsoft\OneDrive\OneDrive.exe</Data><Data Name='TargetProcessGUID'>{fc7e85d2-7ec7-674c-8c05-000000002400}</Data><Data Name='TargetProcessId'>10144</Data><Data Name='TargetImage'>C:\Windows\System32\RuntimeBroker.exe</Data><Data Name='GrantedAccess'>0x101411</Data><Data Name='CallTrace'>C:\Windows\SYSTEM32\ntdll.dll+9d9b4|C:\Windows\System32\KERNELBASE.dll+338ae|C:\Users\tcolby\AppData\Local\Microsoft\OneDrive\24.216.1027.0003\FileSyncClient.dll+5e7821|C:\Users\tcolby\AppData\Local\Microsoft\OneDrive\24.216.1027.0003\FileSyncClient.dll+89a76|C:\Users\tcolby\AppData\Local\Microsoft\OneDrive\24.216.1027.0003\FileSyncClient.dll+897f7|C:\Users\tcolby\AppData\Local\Microsoft\OneDrive\24.216.1027.0003\FileSyncClient.dll+896e6|C:\Users\tcolby\AppData\Local\Microsoft\OneDrive\24.216.1027.0003\FileSyncEvents.dll+edb1|C:\Users\tcolby\AppData\Local\Microsoft\OneDrive\24.216.1027.0003\FileSyncHost.DLL+ce95|C:\Users\tcolby\AppData\Local\Microsoft\OneDrive\24.216.1027.0003\FileSyncHost.DLL+f665|C:\Windows\System32\ucrtbase.dll+21bb2|C:\Windows\System32\KERNEL32.DLL+17374|C:\Windows\SYSTEM32\ntdll.dll+4cc91</Data><Data Name='SourceUser'>ECORP\tcolby</Data><Data Name='TargetUser'>ECORP\tcolby</Data>",ProcessAccess,10,240621,,,,0x101411,"'{5770385f-c22a-43e0-bf4c-06f5698ffbd9}'",,,,,,,,,0x8000000000000000,4,,,,"'Microsoft-Windows-Sysmon'",0,,,,,,,,,"'3144'",,,,,,,240621,240621,,"technique_id=T1036,technique_name=Masquerading",,,"S-1-5-18",,,,,"C:\Users\tcolby\AppData\Local\Microsoft\OneDrive\OneDrive.exe",,,,,"{fc7e85d2-7dc4-674c-4102-000000002400}",8356,5044,"ECORP\tcolby",,"'2024-12-01T20:46:23.1223997Z'","<Provider Name='Microsoft-Windows-Sysmon' Guid='{5770385f-c22a-43e0-bf4c-06f5698ffbd9}'/><EventID>10</EventID><Version>3</Version><Level>4</Level><Task>10</Task><Opcode>0</Opcode><Keywords>0x8000000000000000</Keywords><TimeCreated SystemTime='2024-12-01T20:46:23.1223997Z'/><EventRecordID>240621</EventRecordID><Correlation/><Execution ProcessID='3144' ThreadID='4456'/><Channel>Microsoft-Windows-Sysmon/Operational</Channel><Computer>wrk-colby.Ecorp.local</Computer><Security UserID='S-1-5-18'/>",,"C:\Windows\System32\RuntimeBroker.exe",,"{fc7e85d2-7ec7-674c-8c05-000000002400}",10144,"ECORP\tcolby",10,,"'4456'","2024-12-01T20:46:23.1223997Z",,"'S-1-5-18'","2024-12-01 20:46:23.122",3,"<Event xmlns='http://schemas.microsoft.com/win/2004/08/events/event'><System><Provider Name='Microsoft-Windows-Sysmon' Guid='{5770385f-c22a-43e0-bf4c-06f5698ffbd9}'/><EventID>10</EventID><Version>3</Version><Level>4</Level><Task>10</Task><Opcode>0</Opcode><Keywords>0x8000000000000000</Keywords><TimeCreated SystemTime='2024-12-01T20:46:23.1223997Z'/><EventRecordID>240621</EventRecordID><Correlation/><Execution ProcessID='3144' ThreadID='4456'/><Channel>Microsoft-Windows-Sysmon/Operational</Channel><Computer>wrk-colby.Ecorp.local</Computer><Security UserID='S-1-5-18'/></System><EventData><Data Name='RuleName'>technique_id=T1036,technique_name=Masquerading</Data><Data Name='UtcTime'>2024-12-01 20:46:23.122</Data><Data Name='SourceProcessGUID'>{fc7e85d2-7dc4-674c-4102-000000002400}</Data><Data Name='SourceProcessId'>8356</Data><Data Name='SourceThreadId'>5044</Data><Data Name='SourceImage'>C:\Users\tcolby\AppData\Local\Microsoft\OneDrive\OneDrive.exe</Data><Data Name='TargetProcessGUID'>{fc7e85d2-7ec7-674c-8c05-000000002400}</Data><Data Name='TargetProcessId'>10144</Data><Data Name='TargetImage'>C:\Windows\System32\RuntimeBroker.exe</Data><Data Name='GrantedAccess'>0x101411</Data><Data Name='CallTrace'>C:\Windows\SYSTEM32\ntdll.dll+9d9b4|C:\Windows\System32\KERNELBASE.dll+338ae|C:\Users\tcolby\AppData\Local\Microsoft\OneDrive\24.216.1027.0003\FileSyncClient.dll+5e7821|C:\Users\tcolby\AppData\Local\Microsoft\OneDrive\24.216.1027.0003\FileSyncClient.dll+89a76|C:\Users\tcolby\AppData\Local\Microsoft\OneDrive\24.216.1027.0003\FileSyncClient.dll+897f7|C:\Users\tcolby\AppData\Local\Microsoft\OneDrive\24.216.1027.0003\FileSyncClient.dll+896e6|C:\Users\tcolby\AppData\Local\Microsoft\OneDrive\24.216.1027.0003\FileSyncEvents.dll+edb1|C:\Users\tcolby\AppData\Local\Microsoft\OneDrive\24.216.1027.0003\FileSyncHost.DLL+ce95|C:\Users\tcolby\AppData\Local\Microsoft\OneDrive\24.216.1027.0003\FileSyncHost.DLL+f665|C:\Windows\System32\ucrtbase.dll+21bb2|C:\Windows\System32\KERNEL32.DLL+17374|C:\Windows\SYSTEM32\ntdll.dll+4cc91</Data><Data Name='SourceUser'>ECORP\tcolby</Data><Data Name='TargetUser'>ECORP\tcolby</Data></EventData></Event>","2024-12-01T15:46:23.122-0500",allowed,,,,,,,20,1,46,december,23,sunday,2024,0,,"wrk-colby.Ecorp.local",,,,,"wrk-colby.Ecorp.local",,"WRK-COLBY",240621,"endpoint_services_processes ms-sysmon-process windows_event_signature",,,,,,,0x101411,"WRK-COLBY",,,240621,main,1,,,,,,,,,"Microsoft Windows",,"OneDrive.exe","{fc7e85d2-7dc4-674c-4102-000000002400}",8356,"OneDrive.exe","C:\Users\tcolby\AppData\Local\Microsoft\OneDrive\OneDrive.exe",,,,"RuntimeBroker.exe","{fc7e85d2-7ec7-674c-8c05-000000002400}",,10144,,"RuntimeBroker.exe","C:\Windows\System32\RuntimeBroker.exe",,,"<_='://../////'><><_='--'_='{----}'/><></><></><><",,,,,,,,,,,,,,,,,,,,,informational,4,ProcessAccess,10,"XmlWinEventLog:Microsoft-Windows-Sysmon/Operational",XmlWinEventLog,"wrk-colby",,,,,,,,,,,,"process
report
track_event_signatures",,"process
report
track_event_signatures",712,689,,,,,,,tcolby,,"'S-1-5-18'",,"Microsoft Sysmon"
,"C:\Windows\SYSTEM32\ntdll.dll+9d9b4|C:\Windows\System32\KERNELBASE.dll+338ae|C:\Users\tcolby\AppData\Local\Microsoft\OneDrive\24.216.1027.0003\FileSyncClient.dll+5e7821|C:\Users\tcolby\AppData\Local\Microsoft\OneDrive\24.216.1027.0003\FileSyncClient.dll+89a76|C:\Users\tcolby\AppData\Local\Microsoft\OneDrive\24.216.1027.0003\FileSyncClient.dll+897f7|C:\Users\tcolby\AppData\Local\Microsoft\OneDrive\24.216.1027.0003\FileSyncClient.dll+896e6|C:\Users\tcolby\AppData\Local\Microsoft\OneDrive\24.216.1027.0003\FileSyncEvents.dll+edb1|C:\Users\tcolby\AppData\Local\Microsoft\OneDrive\24.216.1027.0003\FileSyncHost.DLL+ce95|C:\Users\tcolby\AppData\Local\Microsoft\OneDrive\24.216.1027.0003\FileSyncHost.DLL+f665|C:\Windows\System32\ucrtbase.dll+21bb2|C:\Windows\System32\KERNEL32.DLL+17374|C:\Windows\SYSTEM32\ntdll.dll+4cc91",,"Microsoft-Windows-Sysmon/Operational",,,,"wrk-colby.Ecorp.local",,,,,,,,,,,,"Microsoft-Windows-Sysmon/Operational",10,"<Data Name='RuleName'>technique_id=T1036,technique_name=Masquerading</Data><Data Name='UtcTime'>2024-12-01 20:46:23.121</Data><Data Name='SourceProcessGUID'>{fc7e85d2-7dc4-674c-4102-000000002400}</Data><Data Name='SourceProcessId'>8356</Data><Data Name='SourceThreadId'>5044</Data><Data Name='SourceImage'>C:\Users\tcolby\AppData\Local\Microsoft\OneDrive\OneDrive.exe</Data><Data Name='TargetProcessGUID'>{fc7e85d2-7ec6-674c-8b05-000000002400}</Data><Data Name='TargetProcessId'>2920</Data><Data Name='TargetImage'>C:\Windows\SystemApps\ShellExperienceHost_cw5n1h2txyewy\ShellExperienceHost.exe</Data><Data Name='GrantedAccess'>0x101411</Data><Data Name='CallTrace'>C:\Windows\SYSTEM32\ntdll.dll+9d9b4|C:\Windows\System32\KERNELBASE.dll+338ae|C:\Users\tcolby\AppData\Local\Microsoft\OneDrive\24.216.1027.0003\FileSyncClient.dll+5e7821|C:\Users\tcolby\AppData\Local\Microsoft\OneDrive\24.216.1027.0003\FileSyncClient.dll+89a76|C:\Users\tcolby\AppData\Local\Microsoft\OneDrive\24.216.1027.0003\FileSyncClient.dll+897f7|C:\Users\tcolby\AppData\Local\Microsoft\OneDrive\24.216.1027.0003\FileSyncClient.dll+896e6|C:\Users\tcolby\AppData\Local\Microsoft\OneDrive\24.216.1027.0003\FileSyncEvents.dll+edb1|C:\Users\tcolby\AppData\Local\Microsoft\OneDrive\24.216.1027.0003\FileSyncHost.DLL+ce95|C:\Users\tcolby\AppData\Local\Microsoft\OneDrive\24.216.1027.0003\FileSyncHost.DLL+f665|C:\Windows\System32\ucrtbase.dll+21bb2|C:\Windows\System32\KERNEL32.DLL+17374|C:\Windows\SYSTEM32\ntdll.dll+4cc91</Data><Data Name='SourceUser'>ECORP\tcolby</Data><Data Name='TargetUser'>ECORP\tcolby</Data>",ProcessAccess,10,240620,,,,0x101411,"'{5770385f-c22a-43e0-bf4c-06f5698ffbd9}'",,,,,,,,,0x8000000000000000,4,,,,"'Microsoft-Windows-Sysmon'",0,,,,,,,,,"'3144'",,,,,,,240620,240620,,"technique_id=T1036,technique_name=Masquerading",,,"S-1-5-18",,,,,"C:\Users\tcolby\AppData\Local\Microsoft\OneDrive\OneDrive.exe",,,,,"{fc7e85d2-7dc4-674c-4102-000000002400}",8356,5044,"ECORP\tcolby",,"'2024-12-01T20:46:23.1222737Z'","<Provider Name='Microsoft-Windows-Sysmon' Guid='{5770385f-c22a-43e0-bf4c-06f5698ffbd9}'/><EventID>10</EventID><Version>3</Version><Level>4</Level><Task>10</Task><Opcode>0</Opcode><Keywords>0x8000000000000000</Keywords><TimeCreated SystemTime='2024-12-01T20:46:23.1222737Z'/><EventRecordID>240620</EventRecordID><Correlation/><Execution ProcessID='3144' ThreadID='4456'/><Channel>Microsoft-Windows-Sysmon/Operational</Channel><Computer>wrk-colby.Ecorp.local</Computer><Security UserID='S-1-5-18'/>",,"C:\Windows\SystemApps\ShellExperienceHost_cw5n1h2txyewy\ShellExperienceHost.exe",,"{fc7e85d2-7ec6-674c-8b05-000000002400}",2920,"ECORP\tcolby",10,,"'4456'","2024-12-01T20:46:23.1222737Z",,"'S-1-5-18'","2024-12-01 20:46:23.121",3,"<Event xmlns='http://schemas.microsoft.com/win/2004/08/events/event'><System><Provider Name='Microsoft-Windows-Sysmon' Guid='{5770385f-c22a-43e0-bf4c-06f5698ffbd9}'/><EventID>10</EventID><Version>3</Version><Level>4</Level><Task>10</Task><Opcode>0</Opcode><Keywords>0x8000000000000000</Keywords><TimeCreated SystemTime='2024-12-01T20:46:23.1222737Z'/><EventRecordID>240620</EventRecordID><Correlation/><Execution ProcessID='3144' ThreadID='4456'/><Channel>Microsoft-Windows-Sysmon/Operational</Channel><Computer>wrk-colby.Ecorp.local</Computer><Security UserID='S-1-5-18'/></System><EventData><Data Name='RuleName'>technique_id=T1036,technique_name=Masquerading</Data><Data Name='UtcTime'>2024-12-01 20:46:23.121</Data><Data Name='SourceProcessGUID'>{fc7e85d2-7dc4-674c-4102-000000002400}</Data><Data Name='SourceProcessId'>8356</Data><Data Name='SourceThreadId'>5044</Data><Data Name='SourceImage'>C:\Users\tcolby\AppData\Local\Microsoft\OneDrive\OneDrive.exe</Data><Data Name='TargetProcessGUID'>{fc7e85d2-7ec6-674c-8b05-000000002400}</Data><Data Name='TargetProcessId'>2920</Data><Data Name='TargetImage'>C:\Windows\SystemApps\ShellExperienceHost_cw5n1h2txyewy\ShellExperienceHost.exe</Data><Data Name='GrantedAccess'>0x101411</Data><Data Name='CallTrace'>C:\Windows\SYSTEM32\ntdll.dll+9d9b4|C:\Windows\System32\KERNELBASE.dll+338ae|C:\Users\tcolby\AppData\Local\Microsoft\OneDrive\24.216.1027.0003\FileSyncClient.dll+5e7821|C:\Users\tcolby\AppData\Local\Microsoft\OneDrive\24.216.1027.0003\FileSyncClient.dll+89a76|C:\Users\tcolby\AppData\Local\Microsoft\OneDrive\24.216.1027.0003\FileSyncClient.dll+897f7|C:\Users\tcolby\AppData\Local\Microsoft\OneDrive\24.216.1027.0003\FileSyncClient.dll+896e6|C:\Users\tcolby\AppData\Local\Microsoft\OneDrive\24.216.1027.0003\FileSyncEvents.dll+edb1|C:\Users\tcolby\AppData\Local\Microsoft\OneDrive\24.216.1027.0003\FileSyncHost.DLL+ce95|C:\Users\tcolby\AppData\Local\Microsoft\OneDrive\24.216.1027.0003\FileSyncHost.DLL+f665|C:\Windows\System32\ucrtbase.dll+21bb2|C:\Windows\System32\KERNEL32.DLL+17374|C:\Windows\SYSTEM32\ntdll.dll+4cc91</Data><Data Name='SourceUser'>ECORP\tcolby</Data><Data Name='TargetUser'>ECORP\tcolby</Data></EventData></Event>","2024-12-01T15:46:23.121-0500",allowed,,,,,,,20,1,46,december,23,sunday,2024,0,,"wrk-colby.Ecorp.local",,,,,"wrk-colby.Ecorp.local",,"WRK-COLBY",240620,"endpoint_services_processes ms-sysmon-process windows_event_signature",,,,,,,0x101411,"WRK-COLBY",,,240620,main,1,,,,,,,,,"Microsoft Windows",,"OneDrive.exe","{fc7e85d2-7dc4-674c-4102-000000002400}",8356,"OneDrive.exe","C:\Users\tcolby\AppData\Local\Microsoft\OneDrive\OneDrive.exe",,,,"ShellExperienceHost.exe","{fc7e85d2-7ec6-674c-8b05-000000002400}",,2920,,"ShellExperienceHost.exe","C:\Windows\SystemApps\ShellExperienceHost_cw5n1h2txyewy\ShellExperienceHost.exe",,,"<_='://../////'><><_='--'_='{----}'/><></><></><><",,,,,,,,,,,,,,,,,,,,,informational,4,ProcessAccess,10,"XmlWinEventLog:Microsoft-Windows-Sysmon/Operational",XmlWinEventLog,"wrk-colby",,,,,,,,,,,,"process
report
track_event_signatures",,"process
report
track_event_signatures",712,689,,,,,,,tcolby,,"'S-1-5-18'",,"Microsoft Sysmon"
,"C:\Windows\SYSTEM32\ntdll.dll+9d9b4|C:\Windows\System32\KERNELBASE.dll+338ae|C:\Users\tcolby\AppData\Local\Microsoft\OneDrive\24.216.1027.0003\FileSyncClient.dll+5e7821|C:\Users\tcolby\AppData\Local\Microsoft\OneDrive\24.216.1027.0003\FileSyncClient.dll+89a76|C:\Users\tcolby\AppData\Local\Microsoft\OneDrive\24.216.1027.0003\FileSyncClient.dll+897f7|C:\Users\tcolby\AppData\Local\Microsoft\OneDrive\24.216.1027.0003\FileSyncClient.dll+896e6|C:\Users\tcolby\AppData\Local\Microsoft\OneDrive\24.216.1027.0003\FileSyncEvents.dll+edb1|C:\Users\tcolby\AppData\Local\Microsoft\OneDrive\24.216.1027.0003\FileSyncHost.DLL+ce95|C:\Users\tcolby\AppData\Local\Microsoft\OneDrive\24.216.1027.0003\FileSyncHost.DLL+f665|C:\Windows\System32\ucrtbase.dll+21bb2|C:\Windows\System32\KERNEL32.DLL+17374|C:\Windows\SYSTEM32\ntdll.dll+4cc91",,"Microsoft-Windows-Sysmon/Operational",,,,"wrk-colby.Ecorp.local",,,,,,,,,,,,"Microsoft-Windows-Sysmon/Operational",10,"<Data Name='RuleName'>technique_id=T1036,technique_name=Masquerading</Data><Data Name='UtcTime'>2024-12-01 20:46:23.121</Data><Data Name='SourceProcessGUID'>{fc7e85d2-7dc4-674c-4102-000000002400}</Data><Data Name='SourceProcessId'>8356</Data><Data Name='SourceThreadId'>5044</Data><Data Name='SourceImage'>C:\Users\tcolby\AppData\Local\Microsoft\OneDrive\OneDrive.exe</Data><Data Name='TargetProcessGUID'>{fc7e85d2-7e88-674c-d304-000000002400}</Data><Data Name='TargetProcessId'>4064</Data><Data Name='TargetImage'>C:\Windows\System32\RuntimeBroker.exe</Data><Data Name='GrantedAccess'>0x101411</Data><Data Name='CallTrace'>C:\Windows\SYSTEM32\ntdll.dll+9d9b4|C:\Windows\System32\KERNELBASE.dll+338ae|C:\Users\tcolby\AppData\Local\Microsoft\OneDrive\24.216.1027.0003\FileSyncClient.dll+5e7821|C:\Users\tcolby\AppData\Local\Microsoft\OneDrive\24.216.1027.0003\FileSyncClient.dll+89a76|C:\Users\tcolby\AppData\Local\Microsoft\OneDrive\24.216.1027.0003\FileSyncClient.dll+897f7|C:\Users\tcolby\AppData\Local\Microsoft\OneDrive\24.216.1027.0003\FileSyncClient.dll+896e6|C:\Users\tcolby\AppData\Local\Microsoft\OneDrive\24.216.1027.0003\FileSyncEvents.dll+edb1|C:\Users\tcolby\AppData\Local\Microsoft\OneDrive\24.216.1027.0003\FileSyncHost.DLL+ce95|C:\Users\tcolby\AppData\Local\Microsoft\OneDrive\24.216.1027.0003\FileSyncHost.DLL+f665|C:\Windows\System32\ucrtbase.dll+21bb2|C:\Windows\System32\KERNEL32.DLL+17374|C:\Windows\SYSTEM32\ntdll.dll+4cc91</Data><Data Name='SourceUser'>ECORP\tcolby</Data><Data Name='TargetUser'>ECORP\tcolby</Data>",ProcessAccess,10,240619,,,,0x101411,"'{5770385f-c22a-43e0-bf4c-06f5698ffbd9}'",,,,,,,,,0x8000000000000000,4,,,,"'Microsoft-Windows-Sysmon'",0,,,,,,,,,"'3144'",,,,,,,240619,240619,,"technique_id=T1036,technique_name=Masquerading",,,"S-1-5-18",,,,,"C:\Users\tcolby\AppData\Local\Microsoft\OneDrive\OneDrive.exe",,,,,"{fc7e85d2-7dc4-674c-4102-000000002400}",8356,5044,"ECORP\tcolby",,"'2024-12-01T20:46:23.1222232Z'","<Provider Name='Microsoft-Windows-Sysmon' Guid='{5770385f-c22a-43e0-bf4c-06f5698ffbd9}'/><EventID>10</EventID><Version>3</Version><Level>4</Level><Task>10</Task><Opcode>0</Opcode><Keywords>0x8000000000000000</Keywords><TimeCreated SystemTime='2024-12-01T20:46:23.1222232Z'/><EventRecordID>240619</EventRecordID><Correlation/><Execution ProcessID='3144' ThreadID='4456'/><Channel>Microsoft-Windows-Sysmon/Operational</Channel><Computer>wrk-colby.Ecorp.local</Computer><Security UserID='S-1-5-18'/>",,"C:\Windows\System32\RuntimeBroker.exe",,"{fc7e85d2-7e88-674c-d304-000000002400}",4064,"ECORP\tcolby",10,,"'4456'","2024-12-01T20:46:23.1222232Z",,"'S-1-5-18'","2024-12-01 20:46:23.121",3,"<Event xmlns='http://schemas.microsoft.com/win/2004/08/events/event'><System><Provider Name='Microsoft-Windows-Sysmon' Guid='{5770385f-c22a-43e0-bf4c-06f5698ffbd9}'/><EventID>10</EventID><Version>3</Version><Level>4</Level><Task>10</Task><Opcode>0</Opcode><Keywords>0x8000000000000000</Keywords><TimeCreated SystemTime='2024-12-01T20:46:23.1222232Z'/><EventRecordID>240619</EventRecordID><Correlation/><Execution ProcessID='3144' ThreadID='4456'/><Channel>Microsoft-Windows-Sysmon/Operational</Channel><Computer>wrk-colby.Ecorp.local</Computer><Security UserID='S-1-5-18'/></System><EventData><Data Name='RuleName'>technique_id=T1036,technique_name=Masquerading</Data><Data Name='UtcTime'>2024-12-01 20:46:23.121</Data><Data Name='SourceProcessGUID'>{fc7e85d2-7dc4-674c-4102-000000002400}</Data><Data Name='SourceProcessId'>8356</Data><Data Name='SourceThreadId'>5044</Data><Data Name='SourceImage'>C:\Users\tcolby\AppData\Local\Microsoft\OneDrive\OneDrive.exe</Data><Data Name='TargetProcessGUID'>{fc7e85d2-7e88-674c-d304-000000002400}</Data><Data Name='TargetProcessId'>4064</Data><Data Name='TargetImage'>C:\Windows\System32\RuntimeBroker.exe</Data><Data Name='GrantedAccess'>0x101411</Data><Data Name='CallTrace'>C:\Windows\SYSTEM32\ntdll.dll+9d9b4|C:\Windows\System32\KERNELBASE.dll+338ae|C:\Users\tcolby\AppData\Local\Microsoft\OneDrive\24.216.1027.0003\FileSyncClient.dll+5e7821|C:\Users\tcolby\AppData\Local\Microsoft\OneDrive\24.216.1027.0003\FileSyncClient.dll+89a76|C:\Users\tcolby\AppData\Local\Microsoft\OneDrive\24.216.1027.0003\FileSyncClient.dll+897f7|C:\Users\tcolby\AppData\Local\Microsoft\OneDrive\24.216.1027.0003\FileSyncClient.dll+896e6|C:\Users\tcolby\AppData\Local\Microsoft\OneDrive\24.216.1027.0003\FileSyncEvents.dll+edb1|C:\Users\tcolby\AppData\Local\Microsoft\OneDrive\24.216.1027.0003\FileSyncHost.DLL+ce95|C:\Users\tcolby\AppData\Local\Microsoft\OneDrive\24.216.1027.0003\FileSyncHost.DLL+f665|C:\Windows\System32\ucrtbase.dll+21bb2|C:\Windows\System32\KERNEL32.DLL+17374|C:\Windows\SYSTEM32\ntdll.dll+4cc91</Data><Data Name='SourceUser'>ECORP\tcolby</Data><Data Name='TargetUser'>ECORP\tcolby</Data></EventData></Event>","2024-12-01T15:46:23.121-0500",allowed,,,,,,,20,1,46,december,23,sunday,2024,0,,"wrk-colby.Ecorp.local",,,,,"wrk-colby.Ecorp.local",,"WRK-COLBY",240619,"endpoint_services_processes ms-sysmon-process windows_event_signature",,,,,,,0x101411,"WRK-COLBY",,,240619,main,1,,,,,,,,,"Microsoft Windows",,"OneDrive.exe","{fc7e85d2-7dc4-674c-4102-000000002400}",8356,"OneDrive.exe","C:\Users\tcolby\AppData\Local\Microsoft\OneDrive\OneDrive.exe",,,,"RuntimeBroker.exe","{fc7e85d2-7e88-674c-d304-000000002400}",,4064,,"RuntimeBroker.exe","C:\Windows\System32\RuntimeBroker.exe",,,"<_='://../////'><><_='--'_='{----}'/><></><></><><",,,,,,,,,,,,,,,,,,,,,informational,4,ProcessAccess,10,"XmlWinEventLog:Microsoft-Windows-Sysmon/Operational",XmlWinEventLog,"wrk-colby",,,,,,,,,,,,"process
report
track_event_signatures",,"process
report
track_event_signatures",712,689,,,,,,,tcolby,,"'S-1-5-18'",,"Microsoft Sysmon"
,"C:\Windows\SYSTEM32\ntdll.dll+9d9b4|C:\Windows\System32\KERNELBASE.dll+338ae|C:\Users\tcolby\AppData\Local\Microsoft\OneDrive\24.216.1027.0003\FileSyncClient.dll+5e7821|C:\Users\tcolby\AppData\Local\Microsoft\OneDrive\24.216.1027.0003\FileSyncClient.dll+89a76|C:\Users\tcolby\AppData\Local\Microsoft\OneDrive\24.216.1027.0003\FileSyncClient.dll+897f7|C:\Users\tcolby\AppData\Local\Microsoft\OneDrive\24.216.1027.0003\FileSyncClient.dll+896e6|C:\Users\tcolby\AppData\Local\Microsoft\OneDrive\24.216.1027.0003\FileSyncEvents.dll+edb1|C:\Users\tcolby\AppData\Local\Microsoft\OneDrive\24.216.1027.0003\FileSyncHost.DLL+ce95|C:\Users\tcolby\AppData\Local\Microsoft\OneDrive\24.216.1027.0003\FileSyncHost.DLL+f665|C:\Windows\System32\ucrtbase.dll+21bb2|C:\Windows\System32\KERNEL32.DLL+17374|C:\Windows\SYSTEM32\ntdll.dll+4cc91",,"Microsoft-Windows-Sysmon/Operational",,,,"wrk-colby.Ecorp.local",,,,,,,,,,,,"Microsoft-Windows-Sysmon/Operational",10,"<Data Name='RuleName'>technique_id=T1036,technique_name=Masquerading</Data><Data Name='UtcTime'>2024-12-01 20:46:23.121</Data><Data Name='SourceProcessGUID'>{fc7e85d2-7dc4-674c-4102-000000002400}</Data><Data Name='SourceProcessId'>8356</Data><Data Name='SourceThreadId'>5044</Data><Data Name='SourceImage'>C:\Users\tcolby\AppData\Local\Microsoft\OneDrive\OneDrive.exe</Data><Data Name='TargetProcessGUID'>{fc7e85d2-7e86-674c-cb04-000000002400}</Data><Data Name='TargetProcessId'>3680</Data><Data Name='TargetImage'>C:\Windows\system32\DllHost.exe</Data><Data Name='GrantedAccess'>0x101411</Data><Data Name='CallTrace'>C:\Windows\SYSTEM32\ntdll.dll+9d9b4|C:\Windows\System32\KERNELBASE.dll+338ae|C:\Users\tcolby\AppData\Local\Microsoft\OneDrive\24.216.1027.0003\FileSyncClient.dll+5e7821|C:\Users\tcolby\AppData\Local\Microsoft\OneDrive\24.216.1027.0003\FileSyncClient.dll+89a76|C:\Users\tcolby\AppData\Local\Microsoft\OneDrive\24.216.1027.0003\FileSyncClient.dll+897f7|C:\Users\tcolby\AppData\Local\Microsoft\OneDrive\24.216.1027.0003\FileSyncClient.dll+896e6|C:\Users\tcolby\AppData\Local\Microsoft\OneDrive\24.216.1027.0003\FileSyncEvents.dll+edb1|C:\Users\tcolby\AppData\Local\Microsoft\OneDrive\24.216.1027.0003\FileSyncHost.DLL+ce95|C:\Users\tcolby\AppData\Local\Microsoft\OneDrive\24.216.1027.0003\FileSyncHost.DLL+f665|C:\Windows\System32\ucrtbase.dll+21bb2|C:\Windows\System32\KERNEL32.DLL+17374|C:\Windows\SYSTEM32\ntdll.dll+4cc91</Data><Data Name='SourceUser'>ECORP\tcolby</Data><Data Name='TargetUser'>ECORP\tcolby</Data>",ProcessAccess,10,240618,,,,0x101411,"'{5770385f-c22a-43e0-bf4c-06f5698ffbd9}'",,,,,,,,,0x8000000000000000,4,,,,"'Microsoft-Windows-Sysmon'",0,,,,,,,,,"'3144'",,,,,,,240618,240618,,"technique_id=T1036,technique_name=Masquerading",,,"S-1-5-18",,,,,"C:\Users\tcolby\AppData\Local\Microsoft\OneDrive\OneDrive.exe",,,,,"{fc7e85d2-7dc4-674c-4102-000000002400}",8356,5044,"ECORP\tcolby",,"'2024-12-01T20:46:23.1221200Z'","<Provider Name='Microsoft-Windows-Sysmon' Guid='{5770385f-c22a-43e0-bf4c-06f5698ffbd9}'/><EventID>10</EventID><Version>3</Version><Level>4</Level><Task>10</Task><Opcode>0</Opcode><Keywords>0x8000000000000000</Keywords><TimeCreated SystemTime='2024-12-01T20:46:23.1221200Z'/><EventRecordID>240618</EventRecordID><Correlation/><Execution ProcessID='3144' ThreadID='4456'/><Channel>Microsoft-Windows-Sysmon/Operational</Channel><Computer>wrk-colby.Ecorp.local</Computer><Security UserID='S-1-5-18'/>",,"C:\Windows\system32\DllHost.exe",,"{fc7e85d2-7e86-674c-cb04-000000002400}",3680,"ECORP\tcolby",10,,"'4456'","2024-12-01T20:46:23.1221200Z",,"'S-1-5-18'","2024-12-01 20:46:23.121",3,"<Event xmlns='http://schemas.microsoft.com/win/2004/08/events/event'><System><Provider Name='Microsoft-Windows-Sysmon' Guid='{5770385f-c22a-43e0-bf4c-06f5698ffbd9}'/><EventID>10</EventID><Version>3</Version><Level>4</Level><Task>10</Task><Opcode>0</Opcode><Keywords>0x8000000000000000</Keywords><TimeCreated SystemTime='2024-12-01T20:46:23.1221200Z'/><EventRecordID>240618</EventRecordID><Correlation/><Execution ProcessID='3144' ThreadID='4456'/><Channel>Microsoft-Windows-Sysmon/Operational</Channel><Computer>wrk-colby.Ecorp.local</Computer><Security UserID='S-1-5-18'/></System><EventData><Data Name='RuleName'>technique_id=T1036,technique_name=Masquerading</Data><Data Name='UtcTime'>2024-12-01 20:46:23.121</Data><Data Name='SourceProcessGUID'>{fc7e85d2-7dc4-674c-4102-000000002400}</Data><Data Name='SourceProcessId'>8356</Data><Data Name='SourceThreadId'>5044</Data><Data Name='SourceImage'>C:\Users\tcolby\AppData\Local\Microsoft\OneDrive\OneDrive.exe</Data><Data Name='TargetProcessGUID'>{fc7e85d2-7e86-674c-cb04-000000002400}</Data><Data Name='TargetProcessId'>3680</Data><Data Name='TargetImage'>C:\Windows\system32\DllHost.exe</Data><Data Name='GrantedAccess'>0x101411</Data><Data Name='CallTrace'>C:\Windows\SYSTEM32\ntdll.dll+9d9b4|C:\Windows\System32\KERNELBASE.dll+338ae|C:\Users\tcolby\AppData\Local\Microsoft\OneDrive\24.216.1027.0003\FileSyncClient.dll+5e7821|C:\Users\tcolby\AppData\Local\Microsoft\OneDrive\24.216.1027.0003\FileSyncClient.dll+89a76|C:\Users\tcolby\AppData\Local\Microsoft\OneDrive\24.216.1027.0003\FileSyncClient.dll+897f7|C:\Users\tcolby\AppData\Local\Microsoft\OneDrive\24.216.1027.0003\FileSyncClient.dll+896e6|C:\Users\tcolby\AppData\Local\Microsoft\OneDrive\24.216.1027.0003\FileSyncEvents.dll+edb1|C:\Users\tcolby\AppData\Local\Microsoft\OneDrive\24.216.1027.0003\FileSyncHost.DLL+ce95|C:\Users\tcolby\AppData\Local\Microsoft\OneDrive\24.216.1027.0003\FileSyncHost.DLL+f665|C:\Windows\System32\ucrtbase.dll+21bb2|C:\Windows\System32\KERNEL32.DLL+17374|C:\Windows\SYSTEM32\ntdll.dll+4cc91</Data><Data Name='SourceUser'>ECORP\tcolby</Data><Data Name='TargetUser'>ECORP\tcolby</Data></EventData></Event>","2024-